[ 2019-11-07T09:50:08+08:00 ][ info ] [ BEHAVIOR ] Run Closure @app_init [ RunTime:0.000254s ]
[ info ] [ LOG ] INIT File
[ 2019-11-07T09:50:08+08:00 ][ info ] [ CACHE ] INIT File
[ 2019-11-07T09:50:08+08:00 ][ info ] [ BEHAVIOR ] Run Closure @app_init [ RunTime:0.005542s ]
[ 2019-11-07T09:51:26+08:00 ][ info ] [ BEHAVIOR ] Run Closure @app_init [ RunTime:0.000363s ]
[ info ] [ LOG ] INIT File
[ 2019-11-07T09:51:26+08:00 ][ info ] [ CACHE ] INIT File
[ 2019-11-07T09:51:26+08:00 ][ info ] [ BEHAVIOR ] Run Closure @app_init [ RunTime:0.006279s ]
[ 2019-11-07T09:51:26+08:00 ][ info ] [ DB ] INIT mysql
[ 2019-11-07T09:51:26+08:00 ][ sql ] [ DB ] CONNECT:[ UseTime:0.004056s ] mysql:host=127.0.0.1;port=3306;dbname=fastadmin;charset=utf8
[ 2019-11-07T09:51:26+08:00 ][ sql ] [ SQL ] SHOW TABLE STATUS LIKE 'service' [ RunTime:0.001806s ]
[ 2019-11-07T09:51:26+08:00 ][ sql ] [ SQL ] SHOW TABLE STATUS LIKE 'la_service' [ RunTime:0.001852s ]
[ 2019-11-07T09:51:26+08:00 ][ sql ] [ SQL ] SELECT * FROM `information_schema`.`columns` WHERE TABLE_SCHEMA = 'fastadmin' AND table_name = 'la_service' ORDER BY ORDINAL_POSITION [ RunTime:0.001859s ]
[ 2019-11-07T09:57:50+08:00 ][ info ] [ BEHAVIOR ] Run Closure @app_init [ RunTime:0.000359s ]
[ info ] [ LOG ] INIT File
[ 2019-11-07T09:57:50+08:00 ][ info ] [ CACHE ] INIT File
[ 2019-11-07T09:57:50+08:00 ][ info ] [ BEHAVIOR ] Run Closure @app_init [ RunTime:0.006114s ]
[ 2019-11-07T09:57:50+08:00 ][ info ] [ DB ] INIT mysql
[ 2019-11-07T09:57:50+08:00 ][ sql ] [ DB ] CONNECT:[ UseTime:0.003646s ] mysql:host=127.0.0.1;port=3306;dbname=fastadmin;charset=utf8
[ 2019-11-07T09:57:50+08:00 ][ sql ] [ SQL ] SHOW TABLE STATUS LIKE 'service' [ RunTime:0.001752s ]
[ 2019-11-07T09:57:50+08:00 ][ sql ] [ SQL ] SHOW TABLE STATUS LIKE 'la_service' [ RunTime:0.002321s ]
[ 2019-11-07T09:58:13+08:00 ][ info ] [ BEHAVIOR ] Run Closure @app_init [ RunTime:0.000244s ]
[ info ] [ LOG ] INIT File
[ 2019-11-07T09:58:13+08:00 ][ info ] [ CACHE ] INIT File
[ 2019-11-07T09:58:13+08:00 ][ info ] [ BEHAVIOR ] Run Closure @app_init [ RunTime:0.005869s ]
[ 2019-11-07T09:58:13+08:00 ][ info ] [ DB ] INIT mysql
[ 2019-11-07T09:58:13+08:00 ][ sql ] [ DB ] CONNECT:[ UseTime:0.003894s ] mysql:host=127.0.0.1;port=3306;dbname=fastadmin;charset=utf8
[ 2019-11-07T09:58:13+08:00 ][ sql ] [ SQL ] SHOW TABLE STATUS LIKE 'service' [ RunTime:0.001576s ]
[ 2019-11-07T09:58:13+08:00 ][ sql ] [ SQL ] SHOW TABLE STATUS LIKE 'la_service' [ RunTime:0.001718s ]
[ 2019-11-07T09:58:13+08:00 ][ sql ] [ SQL ] SELECT * FROM `information_schema`.`columns` WHERE TABLE_SCHEMA = 'fastadmin' AND table_name = 'la_service' ORDER BY ORDINAL_POSITION [ RunTime:0.001833s ]
[ 2019-11-07T09:59:24+08:00 ][ info ] [ BEHAVIOR ] Run Closure @app_init [ RunTime:0.000235s ]
[ info ] [ LOG ] INIT File
[ 2019-11-07T09:59:24+08:00 ][ info ] [ CACHE ] INIT File
[ 2019-11-07T09:59:24+08:00 ][ info ] [ BEHAVIOR ] Run Closure @app_init [ RunTime:0.006034s ]
[ 2019-11-07T09:59:24+08:00 ][ info ] [ DB ] INIT mysql
[ 2019-11-07T09:59:24+08:00 ][ sql ] [ DB ] CONNECT:[ UseTime:0.004835s ] mysql:host=127.0.0.1;port=3306;dbname=fastadmin;charset=utf8
[ 2019-11-07T09:59:24+08:00 ][ sql ] [ SQL ] SHOW TABLE STATUS LIKE 'service' [ RunTime:0.001463s ]
[ 2019-11-07T09:59:24+08:00 ][ sql ] [ SQL ] SHOW TABLE STATUS LIKE 'la_service' [ RunTime:0.002089s ]
[ 2019-11-07T09:59:24+08:00 ][ sql ] [ SQL ] SELECT * FROM `information_schema`.`columns` WHERE TABLE_SCHEMA = 'fastadmin' AND table_name = 'la_service' ORDER BY ORDINAL_POSITION [ RunTime:0.002171s ]
[ 2019-11-07T10:00:01+08:00 ][ info ] [ BEHAVIOR ] Run Closure @app_init [ RunTime:0.000302s ]
[ info ] [ LOG ] INIT File
[ 2019-11-07T10:00:01+08:00 ][ info ] [ CACHE ] INIT File
[ 2019-11-07T10:00:01+08:00 ][ info ] [ BEHAVIOR ] Run Closure @app_init [ RunTime:0.006900s ]
[ 2019-11-07T10:00:01+08:00 ][ info ] [ DB ] INIT mysql
[ 2019-11-07T10:00:01+08:00 ][ sql ] [ DB ] CONNECT:[ UseTime:0.003933s ] mysql:host=127.0.0.1;port=3306;dbname=fastadmin;charset=utf8
[ 2019-11-07T10:00:01+08:00 ][ sql ] [ SQL ] SHOW TABLE STATUS LIKE 'service_cat' [ RunTime:0.001952s ]
[ 2019-11-07T10:00:01+08:00 ][ sql ] [ SQL ] SHOW TABLE STATUS LIKE 'la_service_cat' [ RunTime:0.002024s ]
[ 2019-11-07T10:00:02+08:00 ][ sql ] [ SQL ] SELECT * FROM `information_schema`.`columns` WHERE TABLE_SCHEMA = 'fastadmin' AND table_name = 'la_service_cat' ORDER BY ORDINAL_POSITION [ RunTime:0.002063s ]
[ 2019-11-07T11:53:51+08:00 ][ info ] [ BEHAVIOR ] Run Closure @app_init [ RunTime:0.000254s ]
[ info ] [ LOG ] INIT File
[ 2019-11-07T11:53:51+08:00 ][ info ] [ CACHE ] INIT File
[ 2019-11-07T11:53:51+08:00 ][ info ] [ BEHAVIOR ] Run Closure @app_init [ RunTime:0.006447s ]
[ 2019-11-07T11:53:51+08:00 ][ info ] [ DB ] INIT mysql
[ 2019-11-07T11:53:51+08:00 ][ sql ] [ DB ] CONNECT:[ UseTime:0.003929s ] mysql:host=127.0.0.1;port=3306;dbname=fastadmin;charset=utf8
[ 2019-11-07T11:53:51+08:00 ][ sql ] [ SQL ] SHOW TABLE STATUS LIKE 'technician' [ RunTime:0.001493s ]
[ 2019-11-07T11:53:51+08:00 ][ sql ] [ SQL ] SHOW TABLE STATUS LIKE 'la_technician' [ RunTime:0.002348s ]
[ 2019-11-07T11:53:51+08:00 ][ sql ] [ SQL ] SELECT * FROM `information_schema`.`columns` WHERE TABLE_SCHEMA = 'fastadmin' AND table_name = 'la_technician' ORDER BY ORDINAL_POSITION [ RunTime:0.002236s ]
[ 2019-11-07T15:54:50+08:00 ][ info ] [ BEHAVIOR ] Run Closure @app_init [ RunTime:0.000472s ]
[ info ] [ LOG ] INIT File
[ 2019-11-07T15:54:50+08:00 ][ info ] [ CACHE ] INIT File
[ 2019-11-07T15:54:50+08:00 ][ info ] [ BEHAVIOR ] Run Closure @app_init [ RunTime:0.006269s ]
[ 2019-11-07T15:54:50+08:00 ][ info ] [ DB ] INIT mysql
[ 2019-11-07T15:54:50+08:00 ][ sql ] [ DB ] CONNECT:[ UseTime:0.004219s ] mysql:host=127.0.0.1;port=3306;dbname=fastadmin;charset=utf8
[ 2019-11-07T15:54:50+08:00 ][ sql ] [ SQL ] SHOW TABLE STATUS LIKE 'product' [ RunTime:0.001584s ]
[ 2019-11-07T15:54:50+08:00 ][ sql ] [ SQL ] SHOW TABLE STATUS LIKE 'la_product' [ RunTime:0.002271s ]
[ 2019-11-07T15:54:50+08:00 ][ sql ] [ SQL ] SELECT * FROM `information_schema`.`columns` WHERE TABLE_SCHEMA = 'fastadmin' AND table_name = 'la_product' ORDER BY ORDINAL_POSITION [ RunTime:0.001955s ]
[ 2019-11-07T15:55:12+08:00 ][ info ] [ BEHAVIOR ] Run Closure @app_init [ RunTime:0.000248s ]
[ info ] [ LOG ] INIT File
[ 2019-11-07T15:55:12+08:00 ][ info ] [ CACHE ] INIT File
[ 2019-11-07T15:55:12+08:00 ][ info ] [ BEHAVIOR ] Run Closure @app_init [ RunTime:0.005897s ]
[ 2019-11-07T15:55:12+08:00 ][ info ] [ DB ] INIT mysql
[ 2019-11-07T15:55:12+08:00 ][ sql ] [ DB ] CONNECT:[ UseTime:0.004567s ] mysql:host=127.0.0.1;port=3306;dbname=fastadmin;charset=utf8
[ 2019-11-07T15:55:12+08:00 ][ sql ] [ SQL ] SHOW TABLE STATUS LIKE 'product_cat' [ RunTime:0.001886s ]
[ 2019-11-07T15:55:12+08:00 ][ sql ] [ SQL ] SHOW TABLE STATUS LIKE 'la_product_cat' [ RunTime:0.002164s ]
[ 2019-11-07T15:55:12+08:00 ][ sql ] [ SQL ] SELECT * FROM `information_schema`.`columns` WHERE TABLE_SCHEMA = 'fastadmin' AND table_name = 'la_product_cat' ORDER BY ORDINAL_POSITION [ RunTime:0.001953s ]
[ 2019-11-07T16:03:37+08:00 ][ info ] [ BEHAVIOR ] Run Closure @app_init [ RunTime:0.000253s ]
[ info ] [ LOG ] INIT File
[ 2019-11-07T16:03:37+08:00 ][ info ] [ CACHE ] INIT File
[ 2019-11-07T16:03:37+08:00 ][ info ] [ BEHAVIOR ] Run Closure @app_init [ RunTime:0.006408s ]
[ 2019-11-07T16:03:37+08:00 ][ info ] [ DB ] INIT mysql
[ 2019-11-07T16:03:37+08:00 ][ sql ] [ DB ] CONNECT:[ UseTime:0.004334s ] mysql:host=127.0.0.1;port=3306;dbname=fastadmin;charset=utf8
[ 2019-11-07T16:03:37+08:00 ][ sql ] [ SQL ] SHOW TABLE STATUS LIKE 'product_cat' [ RunTime:0.001832s ]
[ 2019-11-07T16:03:37+08:00 ][ sql ] [ SQL ] SHOW TABLE STATUS LIKE 'la_product_cat' [ RunTime:0.002255s ]
[ 2019-11-07T16:19:53+08:00 ][ info ] [ BEHAVIOR ] Run Closure @app_init [ RunTime:0.000308s ]
[ info ] [ LOG ] INIT File
[ 2019-11-07T16:19:53+08:00 ][ info ] [ CACHE ] INIT File
[ 2019-11-07T16:19:53+08:00 ][ info ] [ BEHAVIOR ] Run Closure @app_init [ RunTime:0.006042s ]
[ 2019-11-07T16:19:53+08:00 ][ info ] [ DB ] INIT mysql
[ 2019-11-07T16:19:53+08:00 ][ sql ] [ DB ] CONNECT:[ UseTime:0.004342s ] mysql:host=127.0.0.1;port=3306;dbname=fastadmin;charset=utf8
[ 2019-11-07T16:19:53+08:00 ][ sql ] [ SQL ] SHOW TABLE STATUS LIKE 'product_cat' [ RunTime:0.010443s ]
[ 2019-11-07T16:19:53+08:00 ][ sql ] [ SQL ] SHOW TABLE STATUS LIKE 'la_product_cat' [ RunTime:0.001950s ]
[ 2019-11-07T16:19:53+08:00 ][ sql ] [ SQL ] SELECT * FROM `information_schema`.`columns` WHERE TABLE_SCHEMA = 'fastadmin' AND table_name = 'la_product_cat' ORDER BY ORDINAL_POSITION [ RunTime:0.001833s ]
