---------------------------------------------------------------
[ 2019-11-12T23:51:49+08:00 ] 182.119.128.182 GET lanxi.yz360.com.cn/
[运行时间：0.046875s] [吞吐率：21.33req/s] [内存消耗：1,564.58kb] [文件加载：106]
[ info ] [ BEHAVIOR ] Run Closure @app_init [ RunTime:0.000000s ]
[ info ] [ CACHE ] INIT File
[ info ] [ BEHAVIOR ] Run Closure @app_init [ RunTime:0.015625s ]
[ info ] [ LANG ] C:\wwwroot\lanxi.yz360.com.cn\thinkphp\lang\zh-cn.php
[ info ] [ ROUTE ] array (
  'type' => 'module',
  'module' => 
  array (
    0 => '',
    1 => NULL,
    2 => NULL,
  ),
)
[ info ] [ HEADER ] array (
  'content-type' => '',
  'content-length' => '0',
  'sec-fetch-site' => 'cross-site',
  'sec-fetch-user' => '?F',
  'sec-fetch-dest' => 'image',
  'user-agent' => 'Mozilla/5.0 (iPhone; CPU iPhone OS 10_3_1 like Mac OS X) AppleWebKit/603.1.3 (KHTML, like Gecko) Version/10.0 Mobile/14E304 Safari/602.1 wechatdevtools/1.02.1910120 MicroMessenger/7.0.4 Language/zh_CN webview/14 miniprogram port/52592 token/b36227475edf54d772f2df8d1e6d5379',
  'referer' => 'https://servicewechat.com/wxff51a687db71d678/devtools/page-frame.html',
  'host' => 'lanxi.yz360.com.cn',
  'accept-encoding' => 'gzip, deflate, br',
  'accept' => 'image/webp,image/apng,image/*,*/*;q=0.8',
  'connection' => 'keep-alive',
)
[ info ] [ PARAM ] array (
)
[ info ] [ LOG ] INIT File
---------------------------------------------------------------
[ 2019-11-12T23:51:57+08:00 ] 182.119.128.182 POST lanxi.yz360.com.cn/index.php/api/index/product
[运行时间：0.078126s] [吞吐率：12.80req/s] [内存消耗：2,748.09kb] [文件加载：123]
[ info ] [ BEHAVIOR ] Run Closure @app_init [ RunTime:0.000000s ]
[ info ] [ CACHE ] INIT File
[ info ] [ BEHAVIOR ] Run Closure @app_init [ RunTime:0.000000s ]
[ info ] [ LANG ] C:\wwwroot\lanxi.yz360.com.cn\thinkphp\lang\zh-cn.php
[ info ] [ ROUTE ] array (
  'type' => 'module',
  'module' => 
  array (
    0 => 'api',
    1 => 'index',
    2 => 'product',
  ),
)
[ info ] [ HEADER ] array (
  'content-type' => 'application/x-www-form-urlencoded',
  'content-length' => '0',
  'sec-fetch-dest' => 'empty',
  'sec-fetch-site' => 'cross-site',
  'sec-fetch-user' => '?F',
  'origin' => 'http://127.0.0.1:37034',
  'user-agent' => 'Mozilla/5.0 (iPhone; CPU iPhone OS 10_3_1 like Mac OS X) AppleWebKit/603.1.3 (KHTML, like Gecko) Version/10.0 Mobile/14E304 Safari/602.1 wechatdevtools/1.02.1910120 MicroMessenger/7.0.4 Language/zh_CN webview/',
  'referer' => 'https://servicewechat.com/wxff51a687db71d678/devtools/page-frame.html',
  'host' => 'lanxi.yz360.com.cn',
  'accept-encoding' => 'gzip, deflate, br',
  'accept' => '*/*',
  'pragma' => 'no-cache',
  'connection' => 'keep-alive',
  'cache-control' => 'no-cache',
)
[ info ] [ PARAM ] array (
)
[ info ] [ LANG ] C:\wwwroot\lanxi.yz360.com.cn\public/../application/api\lang\zh-cn.php
[ info ] [ BEHAVIOR ] Run app\common\behavior\Common @module_init [ RunTime:0.000000s ]
[ info ] [ RUN ] app\api\controller\Index->product[ C:\wwwroot\lanxi.yz360.com.cn\application\api\controller\Index.php ]
[ info ] [ DB ] INIT mysql
[ info ] [ LOG ] INIT File
[ sql ] [ DB ] CONNECT:[ UseTime:0.015625s ] mysql:host=149.129.73.191;port=3306;dbname=lanxi_yz360;charset=utf8
[ sql ] [ SQL ] SHOW COLUMNS FROM `la_product` [ RunTime:0.000000s ]
[ sql ] [ SQL ] SELECT `id`,`name`,`img`,`introduce` FROM `la_product` WHERE  `status` = 1  AND `is_del` = 0  AND `is_index` = 1 ORDER BY `id` DESC LIMIT 4 [ RunTime:0.000000s ]
---------------------------------------------------------------
[ 2019-11-12T23:51:57+08:00 ] 182.119.128.182 POST lanxi.yz360.com.cn/index.php/api/index/lunbo
[运行时间：0.140626s] [吞吐率：7.11req/s] [内存消耗：2,747.05kb] [文件加载：123]
[ info ] [ BEHAVIOR ] Run Closure @app_init [ RunTime:0.000000s ]
[ info ] [ CACHE ] INIT File
[ info ] [ BEHAVIOR ] Run Closure @app_init [ RunTime:0.015626s ]
[ info ] [ LANG ] C:\wwwroot\lanxi.yz360.com.cn\thinkphp\lang\zh-cn.php
[ info ] [ ROUTE ] array (
  'type' => 'module',
  'module' => 
  array (
    0 => 'api',
    1 => 'index',
    2 => 'lunbo',
  ),
)
[ info ] [ HEADER ] array (
  'content-type' => 'application/json',
  'content-length' => '10',
  'sec-fetch-dest' => 'empty',
  'sec-fetch-site' => 'cross-site',
  'sec-fetch-user' => '?F',
  'origin' => 'http://127.0.0.1:37034',
  'user-agent' => 'Mozilla/5.0 (iPhone; CPU iPhone OS 10_3_1 like Mac OS X) AppleWebKit/603.1.3 (KHTML, like Gecko) Version/10.0 Mobile/14E304 Safari/602.1 wechatdevtools/1.02.1910120 MicroMessenger/7.0.4 Language/zh_CN webview/',
  'referer' => 'https://servicewechat.com/wxff51a687db71d678/devtools/page-frame.html',
  'host' => 'lanxi.yz360.com.cn',
  'accept-encoding' => 'gzip, deflate, br',
  'accept' => '*/*',
  'pragma' => 'no-cache',
  'connection' => 'keep-alive',
  'cache-control' => 'no-cache',
)
[ info ] [ PARAM ] array (
  'type' => 1,
)
[ info ] [ LANG ] C:\wwwroot\lanxi.yz360.com.cn\public/../application/api\lang\zh-cn.php
[ info ] [ BEHAVIOR ] Run app\common\behavior\Common @module_init [ RunTime:0.000000s ]
[ info ] [ RUN ] app\api\controller\Index->lunbo[ C:\wwwroot\lanxi.yz360.com.cn\application\api\controller\Index.php ]
[ info ] [ DB ] INIT mysql
[ info ] [ LOG ] INIT File
[ sql ] [ DB ] CONNECT:[ UseTime:0.031250s ] mysql:host=149.129.73.191;port=3306;dbname=lanxi_yz360;charset=utf8
[ sql ] [ SQL ] SHOW COLUMNS FROM `la_lunbo` [ RunTime:0.015625s ]
[ sql ] [ SQL ] SELECT `id`,`title`,`url`,`img` FROM `la_lunbo` WHERE  `status` = 1  AND `is_del` = 0  AND `type` = 2 ORDER BY `id` DESC [ RunTime:0.031250s ]
---------------------------------------------------------------
[ 2019-11-12T23:51:57+08:00 ] 182.119.128.182 POST lanxi.yz360.com.cn/index.php/api/index/lunbo
[运行时间：0.093750s] [吞吐率：10.67req/s] [内存消耗：2,747.02kb] [文件加载：123]
[ info ] [ BEHAVIOR ] Run Closure @app_init [ RunTime:0.000000s ]
[ info ] [ CACHE ] INIT File
[ info ] [ BEHAVIOR ] Run Closure @app_init [ RunTime:0.015625s ]
[ info ] [ LANG ] C:\wwwroot\lanxi.yz360.com.cn\thinkphp\lang\zh-cn.php
[ info ] [ ROUTE ] array (
  'type' => 'module',
  'module' => 
  array (
    0 => 'api',
    1 => 'index',
    2 => 'lunbo',
  ),
)
[ info ] [ HEADER ] array (
  'content-type' => 'application/x-www-form-urlencoded',
  'content-length' => '6',
  'sec-fetch-dest' => 'empty',
  'sec-fetch-site' => 'cross-site',
  'sec-fetch-user' => '?F',
  'origin' => 'http://127.0.0.1:37034',
  'user-agent' => 'Mozilla/5.0 (iPhone; CPU iPhone OS 10_3_1 like Mac OS X) AppleWebKit/603.1.3 (KHTML, like Gecko) Version/10.0 Mobile/14E304 Safari/602.1 wechatdevtools/1.02.1910120 MicroMessenger/7.0.4 Language/zh_CN webview/',
  'referer' => 'https://servicewechat.com/wxff51a687db71d678/devtools/page-frame.html',
  'host' => 'lanxi.yz360.com.cn',
  'accept-encoding' => 'gzip, deflate, br',
  'accept' => '*/*',
  'pragma' => 'no-cache',
  'connection' => 'keep-alive',
  'cache-control' => 'no-cache',
)
[ info ] [ PARAM ] array (
  'type' => '2',
)
[ info ] [ LANG ] C:\wwwroot\lanxi.yz360.com.cn\public/../application/api\lang\zh-cn.php
[ info ] [ BEHAVIOR ] Run app\common\behavior\Common @module_init [ RunTime:0.015625s ]
[ info ] [ RUN ] app\api\controller\Index->lunbo[ C:\wwwroot\lanxi.yz360.com.cn\application\api\controller\Index.php ]
[ info ] [ DB ] INIT mysql
[ info ] [ LOG ] INIT File
[ sql ] [ DB ] CONNECT:[ UseTime:0.015625s ] mysql:host=149.129.73.191;port=3306;dbname=lanxi_yz360;charset=utf8
[ sql ] [ SQL ] SHOW COLUMNS FROM `la_lunbo` [ RunTime:0.000000s ]
[ sql ] [ SQL ] SELECT `id`,`title`,`url`,`img` FROM `la_lunbo` WHERE  `status` = 1  AND `is_del` = 0  AND `type` = 2 ORDER BY `id` DESC [ RunTime:0.000000s ]
---------------------------------------------------------------
[ 2019-11-12T23:51:57+08:00 ] 182.119.128.182 GET lanxi.yz360.com.cn/
[运行时间：0.062500s] [吞吐率：16.00req/s] [内存消耗：1,564.64kb] [文件加载：106]
[ info ] [ BEHAVIOR ] Run Closure @app_init [ RunTime:0.000000s ]
[ info ] [ CACHE ] INIT File
[ info ] [ BEHAVIOR ] Run Closure @app_init [ RunTime:0.000000s ]
[ info ] [ LANG ] C:\wwwroot\lanxi.yz360.com.cn\thinkphp\lang\zh-cn.php
[ info ] [ ROUTE ] array (
  'type' => 'module',
  'module' => 
  array (
    0 => '',
    1 => NULL,
    2 => NULL,
  ),
)
[ info ] [ HEADER ] array (
  'content-type' => '',
  'content-length' => '0',
  'sec-fetch-site' => 'cross-site',
  'sec-fetch-user' => '?F',
  'sec-fetch-dest' => 'image',
  'user-agent' => 'Mozilla/5.0 (iPhone; CPU iPhone OS 10_3_1 like Mac OS X) AppleWebKit/603.1.3 (KHTML, like Gecko) Version/10.0 Mobile/14E304 Safari/602.1 wechatdevtools/1.02.1910120 MicroMessenger/7.0.4 Language/zh_CN webview/15 miniprogram port/52592 token/b36227475edf54d772f2df8d1e6d5379',
  'referer' => 'https://servicewechat.com/wxff51a687db71d678/devtools/page-frame.html',
  'host' => 'lanxi.yz360.com.cn',
  'accept-encoding' => 'gzip, deflate, br',
  'accept' => 'image/webp,image/apng,image/*,*/*;q=0.8',
  'connection' => 'keep-alive',
)
[ info ] [ PARAM ] array (
)
[ info ] [ LOG ] INIT File
---------------------------------------------------------------
[ 2019-11-12T23:51:57+08:00 ] 182.119.128.182 POST lanxi.yz360.com.cn/index.php/api/index/news
[运行时间：0.062501s] [吞吐率：16.00req/s] [内存消耗：2,745.85kb] [文件加载：123]
[ info ] [ BEHAVIOR ] Run Closure @app_init [ RunTime:0.000000s ]
[ info ] [ CACHE ] INIT File
[ info ] [ BEHAVIOR ] Run Closure @app_init [ RunTime:0.000000s ]
[ info ] [ LANG ] C:\wwwroot\lanxi.yz360.com.cn\thinkphp\lang\zh-cn.php
[ info ] [ ROUTE ] array (
  'type' => 'module',
  'module' => 
  array (
    0 => 'api',
    1 => 'index',
    2 => 'news',
  ),
)
[ info ] [ HEADER ] array (
  'content-type' => 'application/x-www-form-urlencoded',
  'content-length' => '0',
  'sec-fetch-dest' => 'empty',
  'sec-fetch-site' => 'cross-site',
  'sec-fetch-user' => '?F',
  'origin' => 'http://127.0.0.1:37034',
  'user-agent' => 'Mozilla/5.0 (iPhone; CPU iPhone OS 10_3_1 like Mac OS X) AppleWebKit/603.1.3 (KHTML, like Gecko) Version/10.0 Mobile/14E304 Safari/602.1 wechatdevtools/1.02.1910120 MicroMessenger/7.0.4 Language/zh_CN webview/',
  'referer' => 'https://servicewechat.com/wxff51a687db71d678/devtools/page-frame.html',
  'host' => 'lanxi.yz360.com.cn',
  'accept-encoding' => 'gzip, deflate, br',
  'accept' => '*/*',
  'pragma' => 'no-cache',
  'connection' => 'keep-alive',
  'cache-control' => 'no-cache',
)
[ info ] [ PARAM ] array (
)
[ info ] [ LANG ] C:\wwwroot\lanxi.yz360.com.cn\public/../application/api\lang\zh-cn.php
[ info ] [ BEHAVIOR ] Run app\common\behavior\Common @module_init [ RunTime:0.000000s ]
[ info ] [ RUN ] app\api\controller\Index->news[ C:\wwwroot\lanxi.yz360.com.cn\application\api\controller\Index.php ]
[ info ] [ DB ] INIT mysql
[ info ] [ LOG ] INIT File
[ sql ] [ DB ] CONNECT:[ UseTime:0.000000s ] mysql:host=149.129.73.191;port=3306;dbname=lanxi_yz360;charset=utf8
[ sql ] [ SQL ] SHOW COLUMNS FROM `la_msg` [ RunTime:0.000000s ]
[ sql ] [ SQL ] SELECT `id`,`title`,`img`,`content`,`ctime` FROM `la_msg` WHERE  `status` = 1  AND `is_del` = 0 ORDER BY `id` DESC LIMIT 3 [ RunTime:0.000000s ]
---------------------------------------------------------------
[ 2019-11-12T23:52:28+08:00 ] 182.119.128.182 POST lanxi.yz360.com.cn/index.php/api/index/lunbo
[运行时间：0.140626s] [吞吐率：7.11req/s] [内存消耗：2,746.71kb] [文件加载：123]
[ info ] [ BEHAVIOR ] Run Closure @app_init [ RunTime:0.000000s ]
[ info ] [ CACHE ] INIT File
[ info ] [ BEHAVIOR ] Run Closure @app_init [ RunTime:0.000000s ]
[ info ] [ LANG ] C:\wwwroot\lanxi.yz360.com.cn\thinkphp\lang\zh-cn.php
[ info ] [ ROUTE ] array (
  'type' => 'module',
  'module' => 
  array (
    0 => 'api',
    1 => 'index',
    2 => 'lunbo',
  ),
)
[ info ] [ HEADER ] array (
  'content-type' => 'application/x-www-form-urlencoded',
  'content-length' => '6',
  'sec-fetch-dest' => 'empty',
  'sec-fetch-site' => 'cross-site',
  'sec-fetch-user' => '?F',
  'origin' => 'http://127.0.0.1:37034',
  'user-agent' => 'Mozilla/5.0 (iPhone; CPU iPhone OS 10_3_1 like Mac OS X) AppleWebKit/603.1.3 (KHTML, like Gecko) Version/10.0 Mobile/14E304 Safari/602.1 wechatdevtools/1.02.1910120 MicroMessenger/7.0.4 Language/zh_CN webview/',
  'referer' => 'https://servicewechat.com/wxff51a687db71d678/devtools/page-frame.html',
  'host' => 'lanxi.yz360.com.cn',
  'accept-encoding' => 'gzip, deflate, br',
  'accept' => '*/*',
  'pragma' => 'no-cache',
  'connection' => 'keep-alive',
  'cache-control' => 'no-cache',
)
[ info ] [ PARAM ] array (
  'type' => '1',
)
[ info ] [ LANG ] C:\wwwroot\lanxi.yz360.com.cn\public/../application/api\lang\zh-cn.php
[ info ] [ BEHAVIOR ] Run app\common\behavior\Common @module_init [ RunTime:0.000000s ]
[ info ] [ RUN ] app\api\controller\Index->lunbo[ C:\wwwroot\lanxi.yz360.com.cn\application\api\controller\Index.php ]
[ info ] [ DB ] INIT mysql
[ info ] [ LOG ] INIT File
[ sql ] [ DB ] CONNECT:[ UseTime:0.015625s ] mysql:host=149.129.73.191;port=3306;dbname=lanxi_yz360;charset=utf8
[ sql ] [ SQL ] SHOW COLUMNS FROM `la_lunbo` [ RunTime:0.015625s ]
[ sql ] [ SQL ] SELECT `id`,`title`,`url`,`img` FROM `la_lunbo` WHERE  `status` = 1  AND `is_del` = 0  AND `type` = 1 ORDER BY `id` DESC [ RunTime:0.031250s ]
---------------------------------------------------------------
[ 2019-11-12T23:52:28+08:00 ] 182.119.128.182 POST lanxi.yz360.com.cn/index.php/api/index/product
[运行时间：0.156251s] [吞吐率：6.40req/s] [内存消耗：2,748.09kb] [文件加载：123]
[ info ] [ BEHAVIOR ] Run Closure @app_init [ RunTime:0.000000s ]
[ info ] [ CACHE ] INIT File
[ info ] [ BEHAVIOR ] Run Closure @app_init [ RunTime:0.000000s ]
[ info ] [ LANG ] C:\wwwroot\lanxi.yz360.com.cn\thinkphp\lang\zh-cn.php
[ info ] [ ROUTE ] array (
  'type' => 'module',
  'module' => 
  array (
    0 => 'api',
    1 => 'index',
    2 => 'product',
  ),
)
[ info ] [ HEADER ] array (
  'content-type' => 'application/x-www-form-urlencoded',
  'content-length' => '0',
  'sec-fetch-dest' => 'empty',
  'sec-fetch-site' => 'cross-site',
  'sec-fetch-user' => '?F',
  'origin' => 'http://127.0.0.1:37034',
  'user-agent' => 'Mozilla/5.0 (iPhone; CPU iPhone OS 10_3_1 like Mac OS X) AppleWebKit/603.1.3 (KHTML, like Gecko) Version/10.0 Mobile/14E304 Safari/602.1 wechatdevtools/1.02.1910120 MicroMessenger/7.0.4 Language/zh_CN webview/',
  'referer' => 'https://servicewechat.com/wxff51a687db71d678/devtools/page-frame.html',
  'host' => 'lanxi.yz360.com.cn',
  'accept-encoding' => 'gzip, deflate, br',
  'accept' => '*/*',
  'pragma' => 'no-cache',
  'connection' => 'keep-alive',
  'cache-control' => 'no-cache',
)
[ info ] [ PARAM ] array (
)
[ info ] [ LANG ] C:\wwwroot\lanxi.yz360.com.cn\public/../application/api\lang\zh-cn.php
[ info ] [ BEHAVIOR ] Run app\common\behavior\Common @module_init [ RunTime:0.000000s ]
[ info ] [ RUN ] app\api\controller\Index->product[ C:\wwwroot\lanxi.yz360.com.cn\application\api\controller\Index.php ]
[ info ] [ DB ] INIT mysql
[ info ] [ LOG ] INIT File
[ sql ] [ DB ] CONNECT:[ UseTime:0.078125s ] mysql:host=149.129.73.191;port=3306;dbname=lanxi_yz360;charset=utf8
[ sql ] [ SQL ] SHOW COLUMNS FROM `la_product` [ RunTime:0.000000s ]
[ sql ] [ SQL ] SELECT `id`,`name`,`img`,`introduce` FROM `la_product` WHERE  `status` = 1  AND `is_del` = 0  AND `is_index` = 1 ORDER BY `id` DESC LIMIT 4 [ RunTime:0.015626s ]
---------------------------------------------------------------
[ 2019-11-12T23:52:28+08:00 ] 182.119.128.182 GET lanxi.yz360.com.cn/
[运行时间：0.046876s] [吞吐率：21.33req/s] [内存消耗：1,564.64kb] [文件加载：106]
[ info ] [ BEHAVIOR ] Run Closure @app_init [ RunTime:0.000000s ]
[ info ] [ CACHE ] INIT File
[ info ] [ BEHAVIOR ] Run Closure @app_init [ RunTime:0.000000s ]
[ info ] [ LANG ] C:\wwwroot\lanxi.yz360.com.cn\thinkphp\lang\zh-cn.php
[ info ] [ ROUTE ] array (
  'type' => 'module',
  'module' => 
  array (
    0 => '',
    1 => NULL,
    2 => NULL,
  ),
)
[ info ] [ HEADER ] array (
  'content-type' => '',
  'content-length' => '0',
  'sec-fetch-site' => 'cross-site',
  'sec-fetch-user' => '?F',
  'sec-fetch-dest' => 'image',
  'user-agent' => 'Mozilla/5.0 (iPhone; CPU iPhone OS 10_3_1 like Mac OS X) AppleWebKit/603.1.3 (KHTML, like Gecko) Version/10.0 Mobile/14E304 Safari/602.1 wechatdevtools/1.02.1910120 MicroMessenger/7.0.4 Language/zh_CN webview/16 miniprogram port/52592 token/b36227475edf54d772f2df8d1e6d5379',
  'referer' => 'https://servicewechat.com/wxff51a687db71d678/devtools/page-frame.html',
  'host' => 'lanxi.yz360.com.cn',
  'accept-encoding' => 'gzip, deflate, br',
  'accept' => 'image/webp,image/apng,image/*,*/*;q=0.8',
  'connection' => 'keep-alive',
)
[ info ] [ PARAM ] array (
)
[ info ] [ LOG ] INIT File
---------------------------------------------------------------
[ 2019-11-12T23:52:28+08:00 ] 182.119.128.182 POST lanxi.yz360.com.cn/index.php/api/index/news
[运行时间：0.156251s] [吞吐率：6.40req/s] [内存消耗：2,745.85kb] [文件加载：123]
[ info ] [ BEHAVIOR ] Run Closure @app_init [ RunTime:0.000000s ]
[ info ] [ CACHE ] INIT File
[ info ] [ BEHAVIOR ] Run Closure @app_init [ RunTime:0.000000s ]
[ info ] [ LANG ] C:\wwwroot\lanxi.yz360.com.cn\thinkphp\lang\zh-cn.php
[ info ] [ ROUTE ] array (
  'type' => 'module',
  'module' => 
  array (
    0 => 'api',
    1 => 'index',
    2 => 'news',
  ),
)
[ info ] [ HEADER ] array (
  'content-type' => 'application/x-www-form-urlencoded',
  'content-length' => '0',
  'sec-fetch-dest' => 'empty',
  'sec-fetch-site' => 'cross-site',
  'sec-fetch-user' => '?F',
  'origin' => 'http://127.0.0.1:37034',
  'user-agent' => 'Mozilla/5.0 (iPhone; CPU iPhone OS 10_3_1 like Mac OS X) AppleWebKit/603.1.3 (KHTML, like Gecko) Version/10.0 Mobile/14E304 Safari/602.1 wechatdevtools/1.02.1910120 MicroMessenger/7.0.4 Language/zh_CN webview/',
  'referer' => 'https://servicewechat.com/wxff51a687db71d678/devtools/page-frame.html',
  'host' => 'lanxi.yz360.com.cn',
  'accept-encoding' => 'gzip, deflate, br',
  'accept' => '*/*',
  'pragma' => 'no-cache',
  'connection' => 'keep-alive',
  'cache-control' => 'no-cache',
)
[ info ] [ PARAM ] array (
)
[ info ] [ LANG ] C:\wwwroot\lanxi.yz360.com.cn\public/../application/api\lang\zh-cn.php
[ info ] [ BEHAVIOR ] Run app\common\behavior\Common @module_init [ RunTime:0.000000s ]
[ info ] [ RUN ] app\api\controller\Index->news[ C:\wwwroot\lanxi.yz360.com.cn\application\api\controller\Index.php ]
[ info ] [ DB ] INIT mysql
[ info ] [ LOG ] INIT File
[ sql ] [ DB ] CONNECT:[ UseTime:0.046875s ] mysql:host=149.129.73.191;port=3306;dbname=lanxi_yz360;charset=utf8
[ sql ] [ SQL ] SHOW COLUMNS FROM `la_msg` [ RunTime:0.015626s ]
[ sql ] [ SQL ] SELECT `id`,`title`,`img`,`content`,`ctime` FROM `la_msg` WHERE  `status` = 1  AND `is_del` = 0 ORDER BY `id` DESC LIMIT 3 [ RunTime:0.000000s ]
---------------------------------------------------------------
[ 2019-11-12T23:52:28+08:00 ] 182.119.128.182 POST lanxi.yz360.com.cn/index.php/api/index/lunbo
[运行时间：0.109376s] [吞吐率：9.14req/s] [内存消耗：2,747.02kb] [文件加载：123]
[ info ] [ BEHAVIOR ] Run Closure @app_init [ RunTime:0.000000s ]
[ info ] [ CACHE ] INIT File
[ info ] [ BEHAVIOR ] Run Closure @app_init [ RunTime:0.000000s ]
[ info ] [ LANG ] C:\wwwroot\lanxi.yz360.com.cn\thinkphp\lang\zh-cn.php
[ info ] [ ROUTE ] array (
  'type' => 'module',
  'module' => 
  array (
    0 => 'api',
    1 => 'index',
    2 => 'lunbo',
  ),
)
[ info ] [ HEADER ] array (
  'content-type' => 'application/x-www-form-urlencoded',
  'content-length' => '6',
  'sec-fetch-dest' => 'empty',
  'sec-fetch-site' => 'cross-site',
  'sec-fetch-user' => '?F',
  'origin' => 'http://127.0.0.1:37034',
  'user-agent' => 'Mozilla/5.0 (iPhone; CPU iPhone OS 10_3_1 like Mac OS X) AppleWebKit/603.1.3 (KHTML, like Gecko) Version/10.0 Mobile/14E304 Safari/602.1 wechatdevtools/1.02.1910120 MicroMessenger/7.0.4 Language/zh_CN webview/',
  'referer' => 'https://servicewechat.com/wxff51a687db71d678/devtools/page-frame.html',
  'host' => 'lanxi.yz360.com.cn',
  'accept-encoding' => 'gzip, deflate, br',
  'accept' => '*/*',
  'pragma' => 'no-cache',
  'connection' => 'keep-alive',
  'cache-control' => 'no-cache',
)
[ info ] [ PARAM ] array (
  'type' => '2',
)
[ info ] [ LANG ] C:\wwwroot\lanxi.yz360.com.cn\public/../application/api\lang\zh-cn.php
[ info ] [ BEHAVIOR ] Run app\common\behavior\Common @module_init [ RunTime:0.000000s ]
[ info ] [ RUN ] app\api\controller\Index->lunbo[ C:\wwwroot\lanxi.yz360.com.cn\application\api\controller\Index.php ]
[ info ] [ DB ] INIT mysql
[ info ] [ LOG ] INIT File
[ sql ] [ DB ] CONNECT:[ UseTime:0.015626s ] mysql:host=149.129.73.191;port=3306;dbname=lanxi_yz360;charset=utf8
[ sql ] [ SQL ] SHOW COLUMNS FROM `la_lunbo` [ RunTime:0.015625s ]
[ sql ] [ SQL ] SELECT `id`,`title`,`url`,`img` FROM `la_lunbo` WHERE  `status` = 1  AND `is_del` = 0  AND `type` = 2 ORDER BY `id` DESC [ RunTime:0.000000s ]
---------------------------------------------------------------
[ 2019-11-12T23:52:45+08:00 ] 182.119.128.182 POST lanxi.yz360.com.cn/index.php/api/index/lunbo
[运行时间：0.093751s] [吞吐率：10.67req/s] [内存消耗：2,747.02kb] [文件加载：123]
[ info ] [ BEHAVIOR ] Run Closure @app_init [ RunTime:0.000000s ]
[ info ] [ CACHE ] INIT File
[ info ] [ BEHAVIOR ] Run Closure @app_init [ RunTime:0.000000s ]
[ info ] [ LANG ] C:\wwwroot\lanxi.yz360.com.cn\thinkphp\lang\zh-cn.php
[ info ] [ ROUTE ] array (
  'type' => 'module',
  'module' => 
  array (
    0 => 'api',
    1 => 'index',
    2 => 'lunbo',
  ),
)
[ info ] [ HEADER ] array (
  'content-type' => 'application/x-www-form-urlencoded',
  'content-length' => '6',
  'sec-fetch-dest' => 'empty',
  'sec-fetch-site' => 'cross-site',
  'sec-fetch-user' => '?F',
  'origin' => 'http://127.0.0.1:37034',
  'user-agent' => 'Mozilla/5.0 (iPhone; CPU iPhone OS 10_3_1 like Mac OS X) AppleWebKit/603.1.3 (KHTML, like Gecko) Version/10.0 Mobile/14E304 Safari/602.1 wechatdevtools/1.02.1910120 MicroMessenger/7.0.4 Language/zh_CN webview/',
  'referer' => 'https://servicewechat.com/wxff51a687db71d678/devtools/page-frame.html',
  'host' => 'lanxi.yz360.com.cn',
  'accept-encoding' => 'gzip, deflate, br',
  'accept' => '*/*',
  'pragma' => 'no-cache',
  'connection' => 'keep-alive',
  'cache-control' => 'no-cache',
)
[ info ] [ PARAM ] array (
  'type' => '2',
)
[ info ] [ LANG ] C:\wwwroot\lanxi.yz360.com.cn\public/../application/api\lang\zh-cn.php
[ info ] [ BEHAVIOR ] Run app\common\behavior\Common @module_init [ RunTime:0.000000s ]
[ info ] [ RUN ] app\api\controller\Index->lunbo[ C:\wwwroot\lanxi.yz360.com.cn\application\api\controller\Index.php ]
[ info ] [ DB ] INIT mysql
[ info ] [ LOG ] INIT File
[ sql ] [ DB ] CONNECT:[ UseTime:0.015625s ] mysql:host=149.129.73.191;port=3306;dbname=lanxi_yz360;charset=utf8
[ sql ] [ SQL ] SHOW COLUMNS FROM `la_lunbo` [ RunTime:0.000000s ]
[ sql ] [ SQL ] SELECT `id`,`title`,`url`,`img` FROM `la_lunbo` WHERE  `status` = 1  AND `is_del` = 0  AND `type` = 2 ORDER BY `id` DESC [ RunTime:0.000000s ]
---------------------------------------------------------------
[ 2019-11-12T23:52:45+08:00 ] 182.119.128.182 POST lanxi.yz360.com.cn/index.php/api/index/news
[运行时间：0.078126s] [吞吐率：12.80req/s] [内存消耗：2,745.85kb] [文件加载：123]
[ info ] [ BEHAVIOR ] Run Closure @app_init [ RunTime:0.000000s ]
[ info ] [ CACHE ] INIT File
[ info ] [ BEHAVIOR ] Run Closure @app_init [ RunTime:0.000000s ]
[ info ] [ LANG ] C:\wwwroot\lanxi.yz360.com.cn\thinkphp\lang\zh-cn.php
[ info ] [ ROUTE ] array (
  'type' => 'module',
  'module' => 
  array (
    0 => 'api',
    1 => 'index',
    2 => 'news',
  ),
)
[ info ] [ HEADER ] array (
  'content-type' => 'application/x-www-form-urlencoded',
  'content-length' => '0',
  'sec-fetch-dest' => 'empty',
  'sec-fetch-site' => 'cross-site',
  'sec-fetch-user' => '?F',
  'origin' => 'http://127.0.0.1:37034',
  'user-agent' => 'Mozilla/5.0 (iPhone; CPU iPhone OS 10_3_1 like Mac OS X) AppleWebKit/603.1.3 (KHTML, like Gecko) Version/10.0 Mobile/14E304 Safari/602.1 wechatdevtools/1.02.1910120 MicroMessenger/7.0.4 Language/zh_CN webview/',
  'referer' => 'https://servicewechat.com/wxff51a687db71d678/devtools/page-frame.html',
  'host' => 'lanxi.yz360.com.cn',
  'accept-encoding' => 'gzip, deflate, br',
  'accept' => '*/*',
  'pragma' => 'no-cache',
  'connection' => 'keep-alive',
  'cache-control' => 'no-cache',
)
[ info ] [ PARAM ] array (
)
[ info ] [ LANG ] C:\wwwroot\lanxi.yz360.com.cn\public/../application/api\lang\zh-cn.php
[ info ] [ BEHAVIOR ] Run app\common\behavior\Common @module_init [ RunTime:0.000000s ]
[ info ] [ RUN ] app\api\controller\Index->news[ C:\wwwroot\lanxi.yz360.com.cn\application\api\controller\Index.php ]
[ info ] [ DB ] INIT mysql
[ info ] [ LOG ] INIT File
[ sql ] [ DB ] CONNECT:[ UseTime:0.015625s ] mysql:host=149.129.73.191;port=3306;dbname=lanxi_yz360;charset=utf8
[ sql ] [ SQL ] SHOW COLUMNS FROM `la_msg` [ RunTime:0.000000s ]
[ sql ] [ SQL ] SELECT `id`,`title`,`img`,`content`,`ctime` FROM `la_msg` WHERE  `status` = 1  AND `is_del` = 0 ORDER BY `id` DESC LIMIT 3 [ RunTime:0.000000s ]
---------------------------------------------------------------
[ 2019-11-12T23:52:45+08:00 ] 182.119.128.182 POST lanxi.yz360.com.cn/index.php/api/index/lunbo
[运行时间：0.156251s] [吞吐率：6.40req/s] [内存消耗：2,746.71kb] [文件加载：123]
[ info ] [ BEHAVIOR ] Run Closure @app_init [ RunTime:0.000000s ]
[ info ] [ CACHE ] INIT File
[ info ] [ BEHAVIOR ] Run Closure @app_init [ RunTime:0.015625s ]
[ info ] [ LANG ] C:\wwwroot\lanxi.yz360.com.cn\thinkphp\lang\zh-cn.php
[ info ] [ ROUTE ] array (
  'type' => 'module',
  'module' => 
  array (
    0 => 'api',
    1 => 'index',
    2 => 'lunbo',
  ),
)
[ info ] [ HEADER ] array (
  'content-type' => 'application/x-www-form-urlencoded',
  'content-length' => '6',
  'sec-fetch-dest' => 'empty',
  'sec-fetch-site' => 'cross-site',
  'sec-fetch-user' => '?F',
  'origin' => 'http://127.0.0.1:37034',
  'user-agent' => 'Mozilla/5.0 (iPhone; CPU iPhone OS 10_3_1 like Mac OS X) AppleWebKit/603.1.3 (KHTML, like Gecko) Version/10.0 Mobile/14E304 Safari/602.1 wechatdevtools/1.02.1910120 MicroMessenger/7.0.4 Language/zh_CN webview/',
  'referer' => 'https://servicewechat.com/wxff51a687db71d678/devtools/page-frame.html',
  'host' => 'lanxi.yz360.com.cn',
  'accept-encoding' => 'gzip, deflate, br',
  'accept' => '*/*',
  'pragma' => 'no-cache',
  'connection' => 'keep-alive',
  'cache-control' => 'no-cache',
)
[ info ] [ PARAM ] array (
  'type' => '1',
)
[ info ] [ LANG ] C:\wwwroot\lanxi.yz360.com.cn\public/../application/api\lang\zh-cn.php
[ info ] [ BEHAVIOR ] Run app\common\behavior\Common @module_init [ RunTime:0.000000s ]
[ info ] [ RUN ] app\api\controller\Index->lunbo[ C:\wwwroot\lanxi.yz360.com.cn\application\api\controller\Index.php ]
[ info ] [ DB ] INIT mysql
[ info ] [ LOG ] INIT File
[ sql ] [ DB ] CONNECT:[ UseTime:0.078126s ] mysql:host=149.129.73.191;port=3306;dbname=lanxi_yz360;charset=utf8
[ sql ] [ SQL ] SHOW COLUMNS FROM `la_lunbo` [ RunTime:0.015625s ]
[ sql ] [ SQL ] SELECT `id`,`title`,`url`,`img` FROM `la_lunbo` WHERE  `status` = 1  AND `is_del` = 0  AND `type` = 1 ORDER BY `id` DESC [ RunTime:0.000000s ]
---------------------------------------------------------------
[ 2019-11-12T23:52:45+08:00 ] 182.119.128.182 POST lanxi.yz360.com.cn/index.php/api/index/product
[运行时间：0.140626s] [吞吐率：7.11req/s] [内存消耗：2,748.09kb] [文件加载：123]
[ info ] [ BEHAVIOR ] Run Closure @app_init [ RunTime:0.000000s ]
[ info ] [ CACHE ] INIT File
[ info ] [ BEHAVIOR ] Run Closure @app_init [ RunTime:0.000000s ]
[ info ] [ LANG ] C:\wwwroot\lanxi.yz360.com.cn\thinkphp\lang\zh-cn.php
[ info ] [ ROUTE ] array (
  'type' => 'module',
  'module' => 
  array (
    0 => 'api',
    1 => 'index',
    2 => 'product',
  ),
)
[ info ] [ HEADER ] array (
  'content-type' => 'application/x-www-form-urlencoded',
  'content-length' => '0',
  'sec-fetch-dest' => 'empty',
  'sec-fetch-site' => 'cross-site',
  'sec-fetch-user' => '?F',
  'origin' => 'http://127.0.0.1:37034',
  'user-agent' => 'Mozilla/5.0 (iPhone; CPU iPhone OS 10_3_1 like Mac OS X) AppleWebKit/603.1.3 (KHTML, like Gecko) Version/10.0 Mobile/14E304 Safari/602.1 wechatdevtools/1.02.1910120 MicroMessenger/7.0.4 Language/zh_CN webview/',
  'referer' => 'https://servicewechat.com/wxff51a687db71d678/devtools/page-frame.html',
  'host' => 'lanxi.yz360.com.cn',
  'accept-encoding' => 'gzip, deflate, br',
  'accept' => '*/*',
  'pragma' => 'no-cache',
  'connection' => 'keep-alive',
  'cache-control' => 'no-cache',
)
[ info ] [ PARAM ] array (
)
[ info ] [ LANG ] C:\wwwroot\lanxi.yz360.com.cn\public/../application/api\lang\zh-cn.php
[ info ] [ BEHAVIOR ] Run app\common\behavior\Common @module_init [ RunTime:0.000000s ]
[ info ] [ RUN ] app\api\controller\Index->product[ C:\wwwroot\lanxi.yz360.com.cn\application\api\controller\Index.php ]
[ info ] [ DB ] INIT mysql
[ info ] [ LOG ] INIT File
[ sql ] [ DB ] CONNECT:[ UseTime:0.000000s ] mysql:host=149.129.73.191;port=3306;dbname=lanxi_yz360;charset=utf8
[ sql ] [ SQL ] SHOW COLUMNS FROM `la_product` [ RunTime:0.015625s ]
[ sql ] [ SQL ] SELECT `id`,`name`,`img`,`introduce` FROM `la_product` WHERE  `status` = 1  AND `is_del` = 0  AND `is_index` = 1 ORDER BY `id` DESC LIMIT 4 [ RunTime:0.000000s ]
---------------------------------------------------------------
[ 2019-11-12T23:52:45+08:00 ] 182.119.128.182 GET lanxi.yz360.com.cn/
[运行时间：0.046876s] [吞吐率：21.33req/s] [内存消耗：1,564.71kb] [文件加载：106]
[ info ] [ BEHAVIOR ] Run Closure @app_init [ RunTime:0.000000s ]
[ info ] [ CACHE ] INIT File
[ info ] [ BEHAVIOR ] Run Closure @app_init [ RunTime:0.000000s ]
[ info ] [ LANG ] C:\wwwroot\lanxi.yz360.com.cn\thinkphp\lang\zh-cn.php
[ info ] [ ROUTE ] array (
  'type' => 'module',
  'module' => 
  array (
    0 => '',
    1 => NULL,
    2 => NULL,
  ),
)
[ info ] [ HEADER ] array (
  'content-type' => '',
  'content-length' => '0',
  'sec-fetch-site' => 'cross-site',
  'sec-fetch-user' => '?F',
  'sec-fetch-dest' => 'image',
  'user-agent' => 'Mozilla/5.0 (iPhone; CPU iPhone OS 10_3_1 like Mac OS X) AppleWebKit/603.1.3 (KHTML, like Gecko) Version/10.0 Mobile/14E304 Safari/602.1 wechatdevtools/1.02.1910120 MicroMessenger/7.0.4 Language/zh_CN webview/17 miniprogram port/52592 token/b36227475edf54d772f2df8d1e6d5379',
  'referer' => 'https://servicewechat.com/wxff51a687db71d678/devtools/page-frame.html',
  'host' => 'lanxi.yz360.com.cn',
  'accept-encoding' => 'gzip, deflate, br',
  'accept' => 'image/webp,image/apng,image/*,*/*;q=0.8',
  'connection' => 'keep-alive',
)
[ info ] [ PARAM ] array (
)
[ info ] [ LOG ] INIT File
---------------------------------------------------------------
[ 2019-11-12T23:55:07+08:00 ] 182.119.128.182 POST lanxi.yz360.com.cn/index.php/api/index/lunbo
[运行时间：0.109376s] [吞吐率：9.14req/s] [内存消耗：2,747.02kb] [文件加载：123]
[ info ] [ BEHAVIOR ] Run Closure @app_init [ RunTime:0.000000s ]
[ info ] [ CACHE ] INIT File
[ info ] [ BEHAVIOR ] Run Closure @app_init [ RunTime:0.000000s ]
[ info ] [ LANG ] C:\wwwroot\lanxi.yz360.com.cn\thinkphp\lang\zh-cn.php
[ info ] [ ROUTE ] array (
  'type' => 'module',
  'module' => 
  array (
    0 => 'api',
    1 => 'index',
    2 => 'lunbo',
  ),
)
[ info ] [ HEADER ] array (
  'content-type' => 'application/x-www-form-urlencoded',
  'content-length' => '6',
  'sec-fetch-dest' => 'empty',
  'sec-fetch-site' => 'cross-site',
  'sec-fetch-user' => '?F',
  'origin' => 'http://127.0.0.1:54473',
  'user-agent' => 'Mozilla/5.0 (iPhone; CPU iPhone OS 10_3_1 like Mac OS X) AppleWebKit/603.1.3 (KHTML, like Gecko) Version/10.0 Mobile/14E304 Safari/602.1 wechatdevtools/1.02.1910120 MicroMessenger/7.0.4 Language/zh_CN webview/',
  'referer' => 'https://servicewechat.com/wxff51a687db71d678/devtools/page-frame.html',
  'host' => 'lanxi.yz360.com.cn',
  'accept-encoding' => 'gzip, deflate, br',
  'accept' => '*/*',
  'pragma' => 'no-cache',
  'connection' => 'keep-alive',
  'cache-control' => 'no-cache',
)
[ info ] [ PARAM ] array (
  'type' => '2',
)
[ info ] [ LANG ] C:\wwwroot\lanxi.yz360.com.cn\public/../application/api\lang\zh-cn.php
[ info ] [ BEHAVIOR ] Run app\common\behavior\Common @module_init [ RunTime:0.000000s ]
[ info ] [ RUN ] app\api\controller\Index->lunbo[ C:\wwwroot\lanxi.yz360.com.cn\application\api\controller\Index.php ]
[ info ] [ DB ] INIT mysql
[ info ] [ LOG ] INIT File
[ sql ] [ DB ] CONNECT:[ UseTime:0.015625s ] mysql:host=149.129.73.191;port=3306;dbname=lanxi_yz360;charset=utf8
[ sql ] [ SQL ] SHOW COLUMNS FROM `la_lunbo` [ RunTime:0.000000s ]
[ sql ] [ SQL ] SELECT `id`,`title`,`url`,`img` FROM `la_lunbo` WHERE  `status` = 1  AND `is_del` = 0  AND `type` = 2 ORDER BY `id` DESC [ RunTime:0.000000s ]
---------------------------------------------------------------
[ 2019-11-12T23:55:07+08:00 ] 182.119.128.182 POST lanxi.yz360.com.cn/index.php/api/index/lunbo
[运行时间：0.187501s] [吞吐率：5.33req/s] [内存消耗：2,746.71kb] [文件加载：123]
[ info ] [ BEHAVIOR ] Run Closure @app_init [ RunTime:0.000000s ]
[ info ] [ CACHE ] INIT File
[ info ] [ BEHAVIOR ] Run Closure @app_init [ RunTime:0.000000s ]
[ info ] [ LANG ] C:\wwwroot\lanxi.yz360.com.cn\thinkphp\lang\zh-cn.php
[ info ] [ ROUTE ] array (
  'type' => 'module',
  'module' => 
  array (
    0 => 'api',
    1 => 'index',
    2 => 'lunbo',
  ),
)
[ info ] [ HEADER ] array (
  'content-type' => 'application/x-www-form-urlencoded',
  'content-length' => '6',
  'sec-fetch-dest' => 'empty',
  'sec-fetch-site' => 'cross-site',
  'sec-fetch-user' => '?F',
  'origin' => 'http://127.0.0.1:54473',
  'user-agent' => 'Mozilla/5.0 (iPhone; CPU iPhone OS 10_3_1 like Mac OS X) AppleWebKit/603.1.3 (KHTML, like Gecko) Version/10.0 Mobile/14E304 Safari/602.1 wechatdevtools/1.02.1910120 MicroMessenger/7.0.4 Language/zh_CN webview/',
  'referer' => 'https://servicewechat.com/wxff51a687db71d678/devtools/page-frame.html',
  'host' => 'lanxi.yz360.com.cn',
  'accept-encoding' => 'gzip, deflate, br',
  'accept' => '*/*',
  'pragma' => 'no-cache',
  'connection' => 'keep-alive',
  'cache-control' => 'no-cache',
)
[ info ] [ PARAM ] array (
  'type' => '1',
)
[ info ] [ LANG ] C:\wwwroot\lanxi.yz360.com.cn\public/../application/api\lang\zh-cn.php
[ info ] [ BEHAVIOR ] Run app\common\behavior\Common @module_init [ RunTime:0.015626s ]
[ info ] [ RUN ] app\api\controller\Index->lunbo[ C:\wwwroot\lanxi.yz360.com.cn\application\api\controller\Index.php ]
[ info ] [ DB ] INIT mysql
[ info ] [ LOG ] INIT File
[ sql ] [ DB ] CONNECT:[ UseTime:0.000000s ] mysql:host=149.129.73.191;port=3306;dbname=lanxi_yz360;charset=utf8
[ sql ] [ SQL ] SHOW COLUMNS FROM `la_lunbo` [ RunTime:0.015625s ]
[ sql ] [ SQL ] SELECT `id`,`title`,`url`,`img` FROM `la_lunbo` WHERE  `status` = 1  AND `is_del` = 0  AND `type` = 1 ORDER BY `id` DESC [ RunTime:0.046875s ]
---------------------------------------------------------------
[ 2019-11-12T23:55:07+08:00 ] 182.119.128.182 POST lanxi.yz360.com.cn/index.php/api/index/product
[运行时间：0.078125s] [吞吐率：12.80req/s] [内存消耗：2,748.09kb] [文件加载：123]
[ info ] [ BEHAVIOR ] Run Closure @app_init [ RunTime:0.000000s ]
[ info ] [ CACHE ] INIT File
[ info ] [ BEHAVIOR ] Run Closure @app_init [ RunTime:0.000000s ]
[ info ] [ LANG ] C:\wwwroot\lanxi.yz360.com.cn\thinkphp\lang\zh-cn.php
[ info ] [ ROUTE ] array (
  'type' => 'module',
  'module' => 
  array (
    0 => 'api',
    1 => 'index',
    2 => 'product',
  ),
)
[ info ] [ HEADER ] array (
  'content-type' => 'application/x-www-form-urlencoded',
  'content-length' => '0',
  'sec-fetch-dest' => 'empty',
  'sec-fetch-site' => 'cross-site',
  'sec-fetch-user' => '?F',
  'origin' => 'http://127.0.0.1:54473',
  'user-agent' => 'Mozilla/5.0 (iPhone; CPU iPhone OS 10_3_1 like Mac OS X) AppleWebKit/603.1.3 (KHTML, like Gecko) Version/10.0 Mobile/14E304 Safari/602.1 wechatdevtools/1.02.1910120 MicroMessenger/7.0.4 Language/zh_CN webview/',
  'referer' => 'https://servicewechat.com/wxff51a687db71d678/devtools/page-frame.html',
  'host' => 'lanxi.yz360.com.cn',
  'accept-encoding' => 'gzip, deflate, br',
  'accept' => '*/*',
  'pragma' => 'no-cache',
  'connection' => 'keep-alive',
  'cache-control' => 'no-cache',
)
[ info ] [ PARAM ] array (
)
[ info ] [ LANG ] C:\wwwroot\lanxi.yz360.com.cn\public/../application/api\lang\zh-cn.php
[ info ] [ BEHAVIOR ] Run app\common\behavior\Common @module_init [ RunTime:0.000000s ]
[ info ] [ RUN ] app\api\controller\Index->product[ C:\wwwroot\lanxi.yz360.com.cn\application\api\controller\Index.php ]
[ info ] [ DB ] INIT mysql
[ info ] [ LOG ] INIT File
[ sql ] [ DB ] CONNECT:[ UseTime:0.015625s ] mysql:host=149.129.73.191;port=3306;dbname=lanxi_yz360;charset=utf8
[ sql ] [ SQL ] SHOW COLUMNS FROM `la_product` [ RunTime:0.000000s ]
[ sql ] [ SQL ] SELECT `id`,`name`,`img`,`introduce` FROM `la_product` WHERE  `status` = 1  AND `is_del` = 0  AND `is_index` = 1 ORDER BY `id` DESC LIMIT 4 [ RunTime:0.000000s ]
---------------------------------------------------------------
[ 2019-11-12T23:55:07+08:00 ] 182.119.128.182 POST lanxi.yz360.com.cn/index.php/api/index/news
[运行时间：0.078126s] [吞吐率：12.80req/s] [内存消耗：2,745.85kb] [文件加载：123]
[ info ] [ BEHAVIOR ] Run Closure @app_init [ RunTime:0.000000s ]
[ info ] [ CACHE ] INIT File
[ info ] [ BEHAVIOR ] Run Closure @app_init [ RunTime:0.000000s ]
[ info ] [ LANG ] C:\wwwroot\lanxi.yz360.com.cn\thinkphp\lang\zh-cn.php
[ info ] [ ROUTE ] array (
  'type' => 'module',
  'module' => 
  array (
    0 => 'api',
    1 => 'index',
    2 => 'news',
  ),
)
[ info ] [ HEADER ] array (
  'content-type' => 'application/x-www-form-urlencoded',
  'content-length' => '0',
  'sec-fetch-dest' => 'empty',
  'sec-fetch-site' => 'cross-site',
  'sec-fetch-user' => '?F',
  'origin' => 'http://127.0.0.1:54473',
  'user-agent' => 'Mozilla/5.0 (iPhone; CPU iPhone OS 10_3_1 like Mac OS X) AppleWebKit/603.1.3 (KHTML, like Gecko) Version/10.0 Mobile/14E304 Safari/602.1 wechatdevtools/1.02.1910120 MicroMessenger/7.0.4 Language/zh_CN webview/',
  'referer' => 'https://servicewechat.com/wxff51a687db71d678/devtools/page-frame.html',
  'host' => 'lanxi.yz360.com.cn',
  'accept-encoding' => 'gzip, deflate, br',
  'accept' => '*/*',
  'pragma' => 'no-cache',
  'connection' => 'keep-alive',
  'cache-control' => 'no-cache',
)
[ info ] [ PARAM ] array (
)
[ info ] [ LANG ] C:\wwwroot\lanxi.yz360.com.cn\public/../application/api\lang\zh-cn.php
[ info ] [ BEHAVIOR ] Run app\common\behavior\Common @module_init [ RunTime:0.000000s ]
[ info ] [ RUN ] app\api\controller\Index->news[ C:\wwwroot\lanxi.yz360.com.cn\application\api\controller\Index.php ]
[ info ] [ DB ] INIT mysql
[ info ] [ LOG ] INIT File
[ sql ] [ DB ] CONNECT:[ UseTime:0.015626s ] mysql:host=149.129.73.191;port=3306;dbname=lanxi_yz360;charset=utf8
[ sql ] [ SQL ] SHOW COLUMNS FROM `la_msg` [ RunTime:0.000000s ]
[ sql ] [ SQL ] SELECT `id`,`title`,`img`,`content`,`ctime` FROM `la_msg` WHERE  `status` = 1  AND `is_del` = 0 ORDER BY `id` DESC LIMIT 3 [ RunTime:0.000000s ]
---------------------------------------------------------------
[ 2019-11-12T23:55:07+08:00 ] 182.119.128.182 GET lanxi.yz360.com.cn/
[运行时间：0.046875s] [吞吐率：21.33req/s] [内存消耗：1,564.64kb] [文件加载：106]
[ info ] [ BEHAVIOR ] Run Closure @app_init [ RunTime:0.000000s ]
[ info ] [ CACHE ] INIT File
[ info ] [ BEHAVIOR ] Run Closure @app_init [ RunTime:0.000000s ]
[ info ] [ LANG ] C:\wwwroot\lanxi.yz360.com.cn\thinkphp\lang\zh-cn.php
[ info ] [ ROUTE ] array (
  'type' => 'module',
  'module' => 
  array (
    0 => '',
    1 => NULL,
    2 => NULL,
  ),
)
[ info ] [ HEADER ] array (
  'content-type' => '',
  'content-length' => '0',
  'sec-fetch-site' => 'cross-site',
  'sec-fetch-user' => '?F',
  'sec-fetch-dest' => 'image',
  'user-agent' => 'Mozilla/5.0 (iPhone; CPU iPhone OS 10_3_1 like Mac OS X) AppleWebKit/603.1.3 (KHTML, like Gecko) Version/10.0 Mobile/14E304 Safari/602.1 wechatdevtools/1.02.1910120 MicroMessenger/7.0.4 Language/zh_CN webview/0 miniprogram port/13241 token/15854ea0697c1074ca184ff274ecfa25',
  'referer' => 'https://servicewechat.com/wxff51a687db71d678/devtools/page-frame.html',
  'host' => 'lanxi.yz360.com.cn',
  'accept-encoding' => 'gzip, deflate, br',
  'accept' => 'image/webp,image/apng,image/*,*/*;q=0.8',
  'connection' => 'keep-alive',
)
[ info ] [ PARAM ] array (
)
[ info ] [ LOG ] INIT File
