---------------------------------------------------------------
[ 2019-11-24T03:11:14+08:00 ] 185.173.35.37 GET 149.129.73.191:443/
[运行时间：0.234375s] [吞吐率：4.27req/s] [内存消耗：1,562.05kb] [文件加载：106]
[ info ] [ BEHAVIOR ] Run Closure @app_init [ RunTime:0.015625s ]
[ info ] [ CACHE ] INIT File
[ info ] [ BEHAVIOR ] Run Closure @app_init [ RunTime:0.015625s ]
[ info ] [ LANG ] C:\wwwroot\lanxi.yz360.com.cn\thinkphp\lang\zh-cn.php
[ info ] [ ROUTE ] array (
  'type' => 'module',
  'module' => 
  array (
    0 => '',
    1 => NULL,
    2 => NULL,
  ),
)
[ info ] [ HEADER ] array (
  'content-type' => '',
  'content-length' => '0',
  'user-agent' => 'NetSystemsResearch studies the availability of various services across the internet. Our website is netsystemsresearch.com',
  'host' => '149.129.73.191:443',
)
[ info ] [ PARAM ] array (
)
[ info ] [ LOG ] INIT File
---------------------------------------------------------------
[ 2019-11-24T03:44:00+08:00 ] 221.232.206.219 HEAD nyxmbexy.com/
[运行时间：0.187500s] [吞吐率：5.33req/s] [内存消耗：1,561.87kb] [文件加载：106]
[ info ] [ BEHAVIOR ] Run Closure @app_init [ RunTime:0.000000s ]
[ info ] [ CACHE ] INIT File
[ info ] [ BEHAVIOR ] Run Closure @app_init [ RunTime:0.000000s ]
[ info ] [ LANG ] C:\wwwroot\lanxi.yz360.com.cn\thinkphp\lang\zh-cn.php
[ info ] [ ROUTE ] array (
  'type' => 'module',
  'module' => 
  array (
    0 => '',
    1 => NULL,
    2 => NULL,
  ),
)
[ info ] [ HEADER ] array (
  'content-type' => '',
  'content-length' => '0',
  'user-agent' => 'curl/7.29.0',
  'host' => 'nyxmbexy.com',
  'accept' => '*/*',
)
[ info ] [ PARAM ] array (
)
[ info ] [ LOG ] INIT File
---------------------------------------------------------------
[ 2019-11-24T03:52:33+08:00 ] 47.100.27.207 GET pa.yz360.cc/
[运行时间：0.046875s] [吞吐率：21.33req/s] [内存消耗：1,562.40kb] [文件加载：106]
[ info ] [ BEHAVIOR ] Run Closure @app_init [ RunTime:0.000000s ]
[ info ] [ CACHE ] INIT File
[ info ] [ BEHAVIOR ] Run Closure @app_init [ RunTime:0.000000s ]
[ info ] [ LANG ] C:\wwwroot\lanxi.yz360.com.cn\thinkphp\lang\zh-cn.php
[ info ] [ ROUTE ] array (
  'type' => 'module',
  'module' => 
  array (
    0 => '',
    1 => NULL,
    2 => NULL,
  ),
)
[ info ] [ HEADER ] array (
  'content-type' => '',
  'content-length' => '0',
  'user-agent' => 'Mozilla/5.0 (X11; Ubuntu; Linux x86_64; rv:36.0) Gecko/20100101 Firefox/36.0',
  'host' => 'pa.yz360.cc',
  'accept-encoding' => 'gzip',
  'connection' => 'Keep-Alive',
)
[ info ] [ PARAM ] array (
)
[ info ] [ LOG ] INIT File
---------------------------------------------------------------
[ 2019-11-24T07:47:13+08:00 ] 223.166.222.108 POST lanxi.yz360.com.cn/index.php/api/index/product
[运行时间：0.328125s] [吞吐率：3.05req/s] [内存消耗：2,750.79kb] [文件加载：123]
[ info ] [ BEHAVIOR ] Run Closure @app_init [ RunTime:0.000000s ]
[ info ] [ CACHE ] INIT File
[ info ] [ BEHAVIOR ] Run Closure @app_init [ RunTime:0.015625s ]
[ info ] [ LANG ] C:\wwwroot\lanxi.yz360.com.cn\thinkphp\lang\zh-cn.php
[ info ] [ ROUTE ] array (
  'type' => 'module',
  'module' => 
  array (
    0 => 'api',
    1 => 'index',
    2 => 'product',
  ),
)
[ info ] [ HEADER ] array (
  'content-type' => 'application/x-www-form-urlencoded',
  'content-length' => '0',
  'x-wx-cascade-timeout' => '40000',
  'server-port' => '18569',
  'remote-addr' => '100.112.160.33:47835',
  'user-agent' => 'Mozilla/5.0 (iPhone; CPU iPhone OS 11_0 like Mac OS X) AppleWebKit/604.1.38 (KHTML, like Gecko) Version/11.0 Mobile/15A372 Safari/604.1 MicroMessenger/6.5 mpcrawler',
  'referer' => 'https://servicewechat.com/wxff51a687db71d678/5/page-frame.html',
  'host' => 'lanxi.yz360.com.cn',
  'accept-encoding' => 'gzip, deflate',
  'accept' => 'application/json',
  'connection' => 'keep-alive',
)
[ info ] [ PARAM ] array (
)
[ info ] [ LANG ] C:\wwwroot\lanxi.yz360.com.cn\public/../application/api\lang\zh-cn.php
[ info ] [ BEHAVIOR ] Run app\common\behavior\Common @module_init [ RunTime:0.015625s ]
[ info ] [ RUN ] app\api\controller\Index->product[ C:\wwwroot\lanxi.yz360.com.cn\application\api\controller\Index.php ]
[ info ] [ DB ] INIT mysql
[ info ] [ LOG ] INIT File
[ sql ] [ DB ] CONNECT:[ UseTime:0.000000s ] mysql:host=149.129.73.191;port=3306;dbname=lanxi_yz360;charset=utf8
[ sql ] [ SQL ] SHOW COLUMNS FROM `la_product` [ RunTime:0.000000s ]
[ sql ] [ SQL ] SELECT `id`,`name`,`img`,`introduce` FROM `la_product` WHERE  `status` = 1  AND `is_del` = 0  AND `is_index` = 1 ORDER BY `id` DESC LIMIT 4 [ RunTime:0.000000s ]
---------------------------------------------------------------
[ 2019-11-24T07:47:13+08:00 ] 223.166.222.105 POST lanxi.yz360.com.cn/index.php/api/index/lunbo
[运行时间：0.359375s] [吞吐率：2.78req/s] [内存消耗：2,783.41kb] [文件加载：127]
[ info ] [ BEHAVIOR ] Run Closure @app_init [ RunTime:0.000000s ]
[ info ] [ CACHE ] INIT File
[ info ] [ BEHAVIOR ] Run Closure @app_init [ RunTime:0.015625s ]
[ info ] [ LANG ] C:\wwwroot\lanxi.yz360.com.cn\thinkphp\lang\zh-cn.php
[ info ] [ ROUTE ] array (
  'type' => 'module',
  'module' => 
  array (
    0 => 'api',
    1 => 'index',
    2 => 'lunbo',
  ),
)
[ info ] [ HEADER ] array (
  'content-type' => 'application/x-www-form-urlencoded',
  'content-length' => '6',
  'x-wx-cascade-timeout' => '40000',
  'server-port' => '18569',
  'remote-addr' => '100.112.160.33:47829',
  'user-agent' => 'Mozilla/5.0 (iPhone; CPU iPhone OS 11_0 like Mac OS X) AppleWebKit/604.1.38 (KHTML, like Gecko) Version/11.0 Mobile/15A372 Safari/604.1 MicroMessenger/6.5 mpcrawler',
  'referer' => 'https://servicewechat.com/wxff51a687db71d678/5/page-frame.html',
  'host' => 'lanxi.yz360.com.cn',
  'accept-encoding' => 'gzip, deflate',
  'accept' => 'application/json',
  'connection' => 'keep-alive',
)
[ info ] [ PARAM ] array (
  'type' => '2',
)
[ info ] [ LANG ] C:\wwwroot\lanxi.yz360.com.cn\public/../application/api\lang\zh-cn.php
[ info ] [ BEHAVIOR ] Run app\common\behavior\Common @module_init [ RunTime:0.000000s ]
[ info ] [ RUN ] app\api\controller\Index->lunbo[ C:\wwwroot\lanxi.yz360.com.cn\application\api\controller\Index.php ]
[ info ] [ DB ] INIT mysql
[ info ] [ LOG ] INIT File
[ sql ] [ DB ] CONNECT:[ UseTime:0.015625s ] mysql:host=149.129.73.191;port=3306;dbname=lanxi_yz360;charset=utf8
[ sql ] [ SQL ] SHOW COLUMNS FROM `la_lunbo` [ RunTime:0.000000s ]
[ error ] [10501]SQLSTATE[42S22]: Column not found: 1054 Unknown column 'desc' in 'field list'[C:\wwwroot\lanxi.yz360.com.cn\thinkphp\library\think\db\Connection.php:385]
---------------------------------------------------------------
[ 2019-11-24T07:47:13+08:00 ] 223.166.222.108 POST lanxi.yz360.com.cn/index.php/api/index/news
[运行时间：0.343750s] [吞吐率：2.91req/s] [内存消耗：2,749.66kb] [文件加载：123]
[ info ] [ BEHAVIOR ] Run Closure @app_init [ RunTime:0.000000s ]
[ info ] [ CACHE ] INIT File
[ info ] [ BEHAVIOR ] Run Closure @app_init [ RunTime:0.000000s ]
[ info ] [ LANG ] C:\wwwroot\lanxi.yz360.com.cn\thinkphp\lang\zh-cn.php
[ info ] [ ROUTE ] array (
  'type' => 'module',
  'module' => 
  array (
    0 => 'api',
    1 => 'index',
    2 => 'news',
  ),
)
[ info ] [ HEADER ] array (
  'content-type' => 'application/x-www-form-urlencoded',
  'content-length' => '0',
  'x-wx-cascade-timeout' => '40000',
  'server-port' => '18569',
  'remote-addr' => '100.112.160.33:47832',
  'user-agent' => 'Mozilla/5.0 (iPhone; CPU iPhone OS 11_0 like Mac OS X) AppleWebKit/604.1.38 (KHTML, like Gecko) Version/11.0 Mobile/15A372 Safari/604.1 MicroMessenger/6.5 mpcrawler',
  'referer' => 'https://servicewechat.com/wxff51a687db71d678/5/page-frame.html',
  'host' => 'lanxi.yz360.com.cn',
  'accept-encoding' => 'gzip, deflate',
  'accept' => 'application/json',
  'connection' => 'keep-alive',
)
[ info ] [ PARAM ] array (
)
[ info ] [ LANG ] C:\wwwroot\lanxi.yz360.com.cn\public/../application/api\lang\zh-cn.php
[ info ] [ BEHAVIOR ] Run app\common\behavior\Common @module_init [ RunTime:0.015625s ]
[ info ] [ RUN ] app\api\controller\Index->news[ C:\wwwroot\lanxi.yz360.com.cn\application\api\controller\Index.php ]
[ info ] [ DB ] INIT mysql
[ info ] [ LOG ] INIT File
[ sql ] [ DB ] CONNECT:[ UseTime:0.015625s ] mysql:host=149.129.73.191;port=3306;dbname=lanxi_yz360;charset=utf8
[ sql ] [ SQL ] SHOW COLUMNS FROM `la_msg` [ RunTime:0.000000s ]
[ sql ] [ SQL ] SELECT `id`,`title`,`img`,`ctime`,`des` FROM `la_msg` WHERE  `status` = 1  AND `is_del` = 0 ORDER BY `id` DESC LIMIT 3 [ RunTime:0.015625s ]
---------------------------------------------------------------
[ 2019-11-24T07:47:14+08:00 ] 223.166.222.105 POST lanxi.yz360.com.cn/index.php/api/index/lunbo
[运行时间：0.375000s] [吞吐率：2.67req/s] [内存消耗：2,783.41kb] [文件加载：127]
[ info ] [ BEHAVIOR ] Run Closure @app_init [ RunTime:0.000000s ]
[ info ] [ CACHE ] INIT File
[ info ] [ BEHAVIOR ] Run Closure @app_init [ RunTime:0.015625s ]
[ info ] [ LANG ] C:\wwwroot\lanxi.yz360.com.cn\thinkphp\lang\zh-cn.php
[ info ] [ ROUTE ] array (
  'type' => 'module',
  'module' => 
  array (
    0 => 'api',
    1 => 'index',
    2 => 'lunbo',
  ),
)
[ info ] [ HEADER ] array (
  'content-type' => 'application/x-www-form-urlencoded',
  'content-length' => '6',
  'x-wx-cascade-timeout' => '40000',
  'server-port' => '18569',
  'remote-addr' => '100.112.160.33:47831',
  'user-agent' => 'Mozilla/5.0 (iPhone; CPU iPhone OS 11_0 like Mac OS X) AppleWebKit/604.1.38 (KHTML, like Gecko) Version/11.0 Mobile/15A372 Safari/604.1 MicroMessenger/6.5 mpcrawler',
  'referer' => 'https://servicewechat.com/wxff51a687db71d678/5/page-frame.html',
  'host' => 'lanxi.yz360.com.cn',
  'accept-encoding' => 'gzip, deflate',
  'accept' => 'application/json',
  'connection' => 'keep-alive',
)
[ info ] [ PARAM ] array (
  'type' => '1',
)
[ info ] [ LANG ] C:\wwwroot\lanxi.yz360.com.cn\public/../application/api\lang\zh-cn.php
[ info ] [ BEHAVIOR ] Run app\common\behavior\Common @module_init [ RunTime:0.015625s ]
[ info ] [ RUN ] app\api\controller\Index->lunbo[ C:\wwwroot\lanxi.yz360.com.cn\application\api\controller\Index.php ]
[ info ] [ DB ] INIT mysql
[ info ] [ LOG ] INIT File
[ sql ] [ DB ] CONNECT:[ UseTime:0.000000s ] mysql:host=149.129.73.191;port=3306;dbname=lanxi_yz360;charset=utf8
[ sql ] [ SQL ] SHOW COLUMNS FROM `la_lunbo` [ RunTime:0.015625s ]
[ error ] [10501]SQLSTATE[42S22]: Column not found: 1054 Unknown column 'desc' in 'field list'[C:\wwwroot\lanxi.yz360.com.cn\thinkphp\library\think\db\Connection.php:385]
---------------------------------------------------------------
[ 2019-11-24T07:47:14+08:00 ] 223.166.222.105 POST lanxi.yz360.com.cn/index.php/api/index/detail
[运行时间：0.046875s] [吞吐率：21.33req/s] [内存消耗：2,106.66kb] [文件加载：116]
[ info ] [ BEHAVIOR ] Run Closure @app_init [ RunTime:0.000000s ]
[ info ] [ CACHE ] INIT File
[ info ] [ BEHAVIOR ] Run Closure @app_init [ RunTime:0.000000s ]
[ info ] [ LANG ] C:\wwwroot\lanxi.yz360.com.cn\thinkphp\lang\zh-cn.php
[ info ] [ ROUTE ] array (
  'type' => 'module',
  'module' => 
  array (
    0 => 'api',
    1 => 'index',
    2 => 'detail',
  ),
)
[ info ] [ HEADER ] array (
  'content-type' => 'application/x-www-form-urlencoded',
  'content-length' => '0',
  'x-wx-cascade-timeout' => '40000',
  'server-port' => '18569',
  'remote-addr' => '100.112.160.33:47832',
  'user-agent' => 'Mozilla/5.0 (iPhone; CPU iPhone OS 11_0 like Mac OS X) AppleWebKit/604.1.38 (KHTML, like Gecko) Version/11.0 Mobile/15A372 Safari/604.1 MicroMessenger/6.5 mpcrawler',
  'referer' => 'https://servicewechat.com/wxff51a687db71d678/5/page-frame.html',
  'host' => 'lanxi.yz360.com.cn',
  'accept-encoding' => 'gzip, deflate',
  'accept' => 'application/json',
  'connection' => 'keep-alive',
)
[ info ] [ PARAM ] array (
)
[ info ] [ LANG ] C:\wwwroot\lanxi.yz360.com.cn\public/../application/api\lang\zh-cn.php
[ info ] [ BEHAVIOR ] Run app\common\behavior\Common @module_init [ RunTime:0.000000s ]
[ info ] [ RUN ] app\api\controller\Index->detail[ C:\wwwroot\lanxi.yz360.com.cn\application\api\controller\Index.php ]
[ info ] [ LOG ] INIT File
---------------------------------------------------------------
[ 2019-11-24T07:47:14+08:00 ] 223.166.222.102 POST lanxi.yz360.com.cn/index.php/api/index/technician
[运行时间：0.078125s] [吞吐率：12.80req/s] [内存消耗：2,748.73kb] [文件加载：123]
[ info ] [ BEHAVIOR ] Run Closure @app_init [ RunTime:0.000000s ]
[ info ] [ CACHE ] INIT File
[ info ] [ BEHAVIOR ] Run Closure @app_init [ RunTime:0.000000s ]
[ info ] [ LANG ] C:\wwwroot\lanxi.yz360.com.cn\thinkphp\lang\zh-cn.php
[ info ] [ ROUTE ] array (
  'type' => 'module',
  'module' => 
  array (
    0 => 'api',
    1 => 'index',
    2 => 'technician',
  ),
)
[ info ] [ HEADER ] array (
  'content-type' => 'application/x-www-form-urlencoded',
  'content-length' => '0',
  'x-wx-cascade-timeout' => '40000',
  'server-port' => '18569',
  'remote-addr' => '100.112.160.33:47831',
  'user-agent' => 'Mozilla/5.0 (iPhone; CPU iPhone OS 11_0 like Mac OS X) AppleWebKit/604.1.38 (KHTML, like Gecko) Version/11.0 Mobile/15A372 Safari/604.1 MicroMessenger/6.5 mpcrawler',
  'referer' => 'https://servicewechat.com/wxff51a687db71d678/5/page-frame.html',
  'host' => 'lanxi.yz360.com.cn',
  'accept-encoding' => 'gzip, deflate',
  'accept' => 'application/json',
  'connection' => 'keep-alive',
)
[ info ] [ PARAM ] array (
)
[ info ] [ LANG ] C:\wwwroot\lanxi.yz360.com.cn\public/../application/api\lang\zh-cn.php
[ info ] [ BEHAVIOR ] Run app\common\behavior\Common @module_init [ RunTime:0.015625s ]
[ info ] [ RUN ] app\api\controller\Index->technician[ C:\wwwroot\lanxi.yz360.com.cn\application\api\controller\Index.php ]
[ info ] [ DB ] INIT mysql
[ info ] [ LOG ] INIT File
[ sql ] [ DB ] CONNECT:[ UseTime:0.015625s ] mysql:host=149.129.73.191;port=3306;dbname=lanxi_yz360;charset=utf8
[ sql ] [ SQL ] SHOW COLUMNS FROM `la_technician` [ RunTime:0.000000s ]
[ sql ] [ SQL ] SELECT `id`,`name`,`img` FROM `la_technician` WHERE  `status` = 1  AND `is_del` = 0 ORDER BY `onclicks` DESC LIMIT 4 [ RunTime:0.000000s ]
---------------------------------------------------------------
[ 2019-11-24T07:47:18+08:00 ] 223.166.222.105 POST lanxi.yz360.com.cn/index.php/api/index/servicecat
[运行时间：0.078125s] [吞吐率：12.80req/s] [内存消耗：2,748.53kb] [文件加载：123]
[ info ] [ BEHAVIOR ] Run Closure @app_init [ RunTime:0.000000s ]
[ info ] [ CACHE ] INIT File
[ info ] [ BEHAVIOR ] Run Closure @app_init [ RunTime:0.000000s ]
[ info ] [ LANG ] C:\wwwroot\lanxi.yz360.com.cn\thinkphp\lang\zh-cn.php
[ info ] [ ROUTE ] array (
  'type' => 'module',
  'module' => 
  array (
    0 => 'api',
    1 => 'index',
    2 => 'servicecat',
  ),
)
[ info ] [ HEADER ] array (
  'content-type' => 'application/x-www-form-urlencoded',
  'content-length' => '0',
  'x-wx-cascade-timeout' => '10000',
  'server-port' => '18569',
  'remote-addr' => '100.112.160.33:47835',
  'user-agent' => 'Mozilla/5.0 (iPhone; CPU iPhone OS 11_0 like Mac OS X) AppleWebKit/604.1.38 (KHTML, like Gecko) Version/11.0 Mobile/15A372 Safari/604.1 MicroMessenger/6.5 mpcrawler',
  'referer' => 'https://servicewechat.com/wxff51a687db71d678/5/page-frame.html',
  'host' => 'lanxi.yz360.com.cn',
  'accept-encoding' => 'gzip, deflate',
  'accept' => 'application/json',
  'connection' => 'keep-alive',
)
[ info ] [ PARAM ] array (
)
[ info ] [ LANG ] C:\wwwroot\lanxi.yz360.com.cn\public/../application/api\lang\zh-cn.php
[ info ] [ BEHAVIOR ] Run app\common\behavior\Common @module_init [ RunTime:0.000000s ]
[ info ] [ RUN ] app\api\controller\Index->servicecat[ C:\wwwroot\lanxi.yz360.com.cn\application\api\controller\Index.php ]
[ info ] [ DB ] INIT mysql
[ info ] [ LOG ] INIT File
[ sql ] [ DB ] CONNECT:[ UseTime:0.015625s ] mysql:host=149.129.73.191;port=3306;dbname=lanxi_yz360;charset=utf8
[ sql ] [ SQL ] SHOW COLUMNS FROM `la_service_cat` [ RunTime:0.000000s ]
[ sql ] [ SQL ] SELECT `id`,`name`,`img` FROM `la_service_cat` WHERE  `status` = 1  AND `is_del` = 0 ORDER BY `id` DESC [ RunTime:0.000000s ]
---------------------------------------------------------------
[ 2019-11-24T07:54:14+08:00 ] 213.32.122.82 GET 149.129.73.191/
[运行时间：0.062500s] [吞吐率：16.00req/s] [内存消耗：1,562.23kb] [文件加载：106]
[ info ] [ BEHAVIOR ] Run Closure @app_init [ RunTime:0.000000s ]
[ info ] [ CACHE ] INIT File
[ info ] [ BEHAVIOR ] Run Closure @app_init [ RunTime:0.000000s ]
[ info ] [ LANG ] C:\wwwroot\lanxi.yz360.com.cn\thinkphp\lang\zh-cn.php
[ info ] [ ROUTE ] array (
  'type' => 'module',
  'module' => 
  array (
    0 => '',
    1 => NULL,
    2 => NULL,
  ),
)
[ info ] [ HEADER ] array (
  'content-type' => '',
  'content-length' => '0',
  'user-agent' => 'Mozilla/5.0 (Windows NT 6.1) AppleWebKit/537.36 (KHTML, like Gecko) Chrome/41.0.2228.0 Safari/537.36',
  'host' => '149.129.73.191',
  'connection' => 'close',
)
[ info ] [ PARAM ] array (
)
[ info ] [ LOG ] INIT File
---------------------------------------------------------------
[ 2019-11-24T09:53:47+08:00 ] 61.158.146.159 POST lanxi.yz360.com.cn/index.php/api/index/product
[运行时间：0.171875s] [吞吐率：5.82req/s] [内存消耗：2,750.56kb] [文件加载：123]
[ info ] [ BEHAVIOR ] Run Closure @app_init [ RunTime:0.000000s ]
[ info ] [ CACHE ] INIT File
[ info ] [ BEHAVIOR ] Run Closure @app_init [ RunTime:0.015625s ]
[ info ] [ LANG ] C:\wwwroot\lanxi.yz360.com.cn\thinkphp\lang\zh-cn.php
[ info ] [ ROUTE ] array (
  'type' => 'module',
  'module' => 
  array (
    0 => 'api',
    1 => 'index',
    2 => 'product',
  ),
)
[ info ] [ HEADER ] array (
  'content-type' => 'application/x-www-form-urlencoded',
  'content-length' => '0',
  'user-agent' => 'Mozilla/5.0 (iPhone; CPU iPhone OS 13_2 like Mac OS X) AppleWebKit/605.1.15 (KHTML, like Gecko) Mobile/15E148 MicroMessenger/7.0.3(0x17000321) NetType/4G Language/zh_CN',
  'referer' => 'https://servicewechat.com/wxff51a687db71d678/5/page-frame.html',
  'host' => 'lanxi.yz360.com.cn',
  'accept-language' => 'zh-cn',
  'accept-encoding' => 'gzip, deflate, br',
  'accept' => 'application/json',
  'connection' => 'keep-alive',
)
[ info ] [ PARAM ] array (
)
[ info ] [ LANG ] C:\wwwroot\lanxi.yz360.com.cn\public/../application/api\lang\zh-cn.php
[ info ] [ BEHAVIOR ] Run app\common\behavior\Common @module_init [ RunTime:0.000000s ]
[ info ] [ RUN ] app\api\controller\Index->product[ C:\wwwroot\lanxi.yz360.com.cn\application\api\controller\Index.php ]
[ info ] [ DB ] INIT mysql
[ info ] [ LOG ] INIT File
[ sql ] [ DB ] CONNECT:[ UseTime:0.015625s ] mysql:host=149.129.73.191;port=3306;dbname=lanxi_yz360;charset=utf8
[ sql ] [ SQL ] SHOW COLUMNS FROM `la_product` [ RunTime:0.015625s ]
[ sql ] [ SQL ] SELECT `id`,`name`,`img`,`introduce` FROM `la_product` WHERE  `status` = 1  AND `is_del` = 0  AND `is_index` = 1 ORDER BY `id` DESC LIMIT 4 [ RunTime:0.000000s ]
---------------------------------------------------------------
[ 2019-11-24T09:53:47+08:00 ] 61.158.146.159 POST lanxi.yz360.com.cn/index.php/api/index/news
[运行时间：0.187500s] [吞吐率：5.33req/s] [内存消耗：2,749.48kb] [文件加载：123]
[ info ] [ BEHAVIOR ] Run Closure @app_init [ RunTime:0.000000s ]
[ info ] [ CACHE ] INIT File
[ info ] [ BEHAVIOR ] Run Closure @app_init [ RunTime:0.015625s ]
[ info ] [ LANG ] C:\wwwroot\lanxi.yz360.com.cn\thinkphp\lang\zh-cn.php
[ info ] [ ROUTE ] array (
  'type' => 'module',
  'module' => 
  array (
    0 => 'api',
    1 => 'index',
    2 => 'news',
  ),
)
[ info ] [ HEADER ] array (
  'content-type' => 'application/x-www-form-urlencoded',
  'content-length' => '0',
  'user-agent' => 'Mozilla/5.0 (iPhone; CPU iPhone OS 13_2 like Mac OS X) AppleWebKit/605.1.15 (KHTML, like Gecko) Mobile/15E148 MicroMessenger/7.0.3(0x17000321) NetType/4G Language/zh_CN',
  'referer' => 'https://servicewechat.com/wxff51a687db71d678/5/page-frame.html',
  'host' => 'lanxi.yz360.com.cn',
  'accept-language' => 'zh-cn',
  'accept-encoding' => 'gzip, deflate, br',
  'accept' => 'application/json',
  'connection' => 'keep-alive',
)
[ info ] [ PARAM ] array (
)
[ info ] [ LANG ] C:\wwwroot\lanxi.yz360.com.cn\public/../application/api\lang\zh-cn.php
[ info ] [ BEHAVIOR ] Run app\common\behavior\Common @module_init [ RunTime:0.000000s ]
[ info ] [ RUN ] app\api\controller\Index->news[ C:\wwwroot\lanxi.yz360.com.cn\application\api\controller\Index.php ]
[ info ] [ DB ] INIT mysql
[ info ] [ LOG ] INIT File
[ sql ] [ DB ] CONNECT:[ UseTime:0.000000s ] mysql:host=149.129.73.191;port=3306;dbname=lanxi_yz360;charset=utf8
[ sql ] [ SQL ] SHOW COLUMNS FROM `la_msg` [ RunTime:0.015625s ]
[ sql ] [ SQL ] SELECT `id`,`title`,`img`,`ctime`,`des` FROM `la_msg` WHERE  `status` = 1  AND `is_del` = 0 ORDER BY `id` DESC LIMIT 3 [ RunTime:0.000000s ]
brary\think\db\Connection.php:385]
---------------------------------------------------------------
[ 2019-11-24T09:53:47+08:00 ] 61.158.146.159 POST lanxi.yz360.com.cn/index.php/api/index/lunbo
[运行时间：0.343750s] [吞吐率：2.91req/s] [内存消耗：2,782.91kb] [文件加载：127]
[ info ] [ BEHAVIOR ] Run Closure @app_init [ RunTime:0.000000s ]
[ info ] [ CACHE ] INIT File
[ info ] [ BEHAVIOR ] Run Closure @app_init [ RunTime:0.015625s ]
[ info ] [ LANG ] C:\wwwroot\lanxi.yz360.com.cn\thinkphp\lang\zh-cn.php
[ info ] [ ROUTE ] array (
  'type' => 'module',
  'module' => 
  array (
    0 => 'api',
    1 => 'index',
    2 => 'lunbo',
  ),
)
[ info ] [ HEADER ] array (
  'content-type' => 'application/x-www-form-urlencoded',
  'content-length' => '6',
  'user-agent' => 'Mozilla/5.0 (iPhone; CPU iPhone OS 13_2 like Mac OS X) AppleWebKit/605.1.15 (KHTML, like Gecko) Mobile/15E148 MicroMessenger/7.0.3(0x17000321) NetType/4G Language/zh_CN',
  'referer' => 'https://servicewechat.com/wxff51a687db71d678/5/page-frame.html',
  'host' => 'lanxi.yz360.com.cn',
  'accept-language' => 'zh-cn',
  'accept-encoding' => 'gzip, deflate, br',
  'accept' => 'application/json',
  'connection' => 'keep-alive',
)
[ info ] [ PARAM ] array (
  'type' => '1',
)
[ info ] [ LANG ] C:\wwwroot\lanxi.yz360.com.cn\public/../application/api\lang\zh-cn.php
[ info ] [ BEHAVIOR ] Run app\common\behavior\Common @module_init [ RunTime:0.015625s ]
[ info ] [ RUN ] app\api\controller\Index->lunbo[ C:\wwwroot\lanxi.yz360.com.cn\application\api\controller\Index.php ]
[ info ] [ DB ] INIT mysql
[ info ] [ LOG ] INIT File
[ sql ] [ DB ] CONNECT:[ UseTime:0.000000s ] mysql:host=149.129.73.191;port=3306;dbname=lanxi_yz360;charset=utf8
[ sql ] [ SQL ] SHOW COLUMNS FROM `la_lunbo` [ RunTime:0.015625s ]
[ error ] [10501]SQLSTATE[42S22]: Column not found: 1054 Unknown column 'desc' in 'field list'[C:\wwwroot\lanxi.yz360.com.cn\thinkphp\library\think\db\Connection.php:385]
---------------------------------------------------------------
[ 2019-11-24T09:53:47+08:00 ] 61.158.146.159 POST lanxi.yz360.com.cn/index.php/api/index/detail
[运行时间：0.046875s] [吞吐率：21.33req/s] [内存消耗：2,106.38kb] [文件加载：116]
[ info ] [ BEHAVIOR ] Run Closure @app_init [ RunTime:0.000000s ]
[ info ] [ CACHE ] INIT File
[ info ] [ BEHAVIOR ] Run Closure @app_init [ RunTime:0.000000s ]
[ info ] [ LANG ] C:\wwwroot\lanxi.yz360.com.cn\thinkphp\lang\zh-cn.php
[ info ] [ ROUTE ] array (
  'type' => 'module',
  'module' => 
  array (
    0 => 'api',
    1 => 'index',
    2 => 'detail',
  ),
)
[ info ] [ HEADER ] array (
  'content-type' => 'application/x-www-form-urlencoded',
  'content-length' => '0',
  'user-agent' => 'Mozilla/5.0 (iPhone; CPU iPhone OS 13_2 like Mac OS X) AppleWebKit/605.1.15 (KHTML, like Gecko) Mobile/15E148 MicroMessenger/7.0.3(0x17000321) NetType/4G Language/zh_CN',
  'referer' => 'https://servicewechat.com/wxff51a687db71d678/5/page-frame.html',
  'host' => 'lanxi.yz360.com.cn',
  'accept-language' => 'zh-cn',
  'accept-encoding' => 'gzip, deflate, br',
  'accept' => 'application/json',
  'connection' => 'keep-alive',
)
[ info ] [ PARAM ] array (
)
[ info ] [ LANG ] C:\wwwroot\lanxi.yz360.com.cn\public/../application/api\lang\zh-cn.php
[ info ] [ BEHAVIOR ] Run app\common\behavior\Common @module_init [ RunTime:0.015625s ]
[ info ] [ RUN ] app\api\controller\Index->detail[ C:\wwwroot\lanxi.yz360.com.cn\application\api\controller\Index.php ]
[ info ] [ LOG ] INIT File
---------------------------------------------------------------
[ 2019-11-24T09:53:47+08:00 ] 61.158.146.159 POST lanxi.yz360.com.cn/index.php/api/index/servicecat
[运行时间：0.062500s] [吞吐率：16.00req/s] [内存消耗：2,748.18kb] [文件加载：123]
[ info ] [ BEHAVIOR ] Run Closure @app_init [ RunTime:0.000000s ]
[ info ] [ CACHE ] INIT File
[ info ] [ BEHAVIOR ] Run Closure @app_init [ RunTime:0.000000s ]
[ info ] [ LANG ] C:\wwwroot\lanxi.yz360.com.cn\thinkphp\lang\zh-cn.php
[ info ] [ ROUTE ] array (
  'type' => 'module',
  'module' => 
  array (
    0 => 'api',
    1 => 'index',
    2 => 'servicecat',
  ),
)
[ info ] [ HEADER ] array (
  'content-type' => 'application/x-www-form-urlencoded',
  'content-length' => '0',
  'user-agent' => 'Mozilla/5.0 (iPhone; CPU iPhone OS 13_2 like Mac OS X) AppleWebKit/605.1.15 (KHTML, like Gecko) Mobile/15E148 MicroMessenger/7.0.3(0x17000321) NetType/4G Language/zh_CN',
  'referer' => 'https://servicewechat.com/wxff51a687db71d678/5/page-frame.html',
  'host' => 'lanxi.yz360.com.cn',
  'accept-language' => 'zh-cn',
  'accept-encoding' => 'gzip, deflate, br',
  'accept' => 'application/json',
  'connection' => 'keep-alive',
)
[ info ] [ PARAM ] array (
)
[ info ] [ LANG ] C:\wwwroot\lanxi.yz360.com.cn\public/../application/api\lang\zh-cn.php
[ info ] [ BEHAVIOR ] Run app\common\behavior\Common @module_init [ RunTime:0.000000s ]
[ info ] [ RUN ] app\api\controller\Index->servicecat[ C:\wwwroot\lanxi.yz360.com.cn\application\api\controller\Index.php ]
[ info ] [ DB ] INIT mysql
[ info ] [ LOG ] INIT File
[ sql ] [ DB ] CONNECT:[ UseTime:0.015625s ] mysql:host=149.129.73.191;port=3306;dbname=lanxi_yz360;charset=utf8
[ sql ] [ SQL ] SHOW COLUMNS FROM `la_service_cat` [ RunTime:0.000000s ]
[ sql ] [ SQL ] SELECT `id`,`name`,`img` FROM `la_service_cat` WHERE  `status` = 1  AND `is_del` = 0 ORDER BY `id` DESC [ RunTime:0.000000s ]
---------------------------------------------------------------
[ 2019-11-24T09:53:47+08:00 ] 61.158.146.159 POST lanxi.yz360.com.cn/index.php/api/index/technician
[运行时间：0.078125s] [吞吐率：12.80req/s] [内存消耗：2,748.45kb] [文件加载：123]
[ info ] [ BEHAVIOR ] Run Closure @app_init [ RunTime:0.000000s ]
[ info ] [ CACHE ] INIT File
[ info ] [ BEHAVIOR ] Run Closure @app_init [ RunTime:0.000000s ]
[ info ] [ LANG ] C:\wwwroot\lanxi.yz360.com.cn\thinkphp\lang\zh-cn.php
[ info ] [ ROUTE ] array (
  'type' => 'module',
  'module' => 
  array (
    0 => 'api',
    1 => 'index',
    2 => 'technician',
  ),
)
[ info ] [ HEADER ] array (
  'content-type' => 'application/x-www-form-urlencoded',
  'content-length' => '0',
  'user-agent' => 'Mozilla/5.0 (iPhone; CPU iPhone OS 13_2 like Mac OS X) AppleWebKit/605.1.15 (KHTML, like Gecko) Mobile/15E148 MicroMessenger/7.0.3(0x17000321) NetType/4G Language/zh_CN',
  'referer' => 'https://servicewechat.com/wxff51a687db71d678/5/page-frame.html',
  'host' => 'lanxi.yz360.com.cn',
  'accept-language' => 'zh-cn',
  'accept-encoding' => 'gzip, deflate, br',
  'accept' => 'application/json',
  'connection' => 'keep-alive',
)
[ info ] [ PARAM ] array (
)
[ info ] [ LANG ] C:\wwwroot\lanxi.yz360.com.cn\public/../application/api\lang\zh-cn.php
[ info ] [ BEHAVIOR ] Run app\common\behavior\Common @module_init [ RunTime:0.000000s ]
[ info ] [ RUN ] app\api\controller\Index->technician[ C:\wwwroot\lanxi.yz360.com.cn\application\api\controller\Index.php ]
[ info ] [ DB ] INIT mysql
[ info ] [ LOG ] INIT File
[ sql ] [ DB ] CONNECT:[ UseTime:0.000000s ] mysql:host=149.129.73.191;port=3306;dbname=lanxi_yz360;charset=utf8
[ sql ] [ SQL ] SHOW COLUMNS FROM `la_technician` [ RunTime:0.015625s ]
[ sql ] [ SQL ] SELECT `id`,`name`,`img` FROM `la_technician` WHERE  `status` = 1  AND `is_del` = 0 ORDER BY `onclicks` DESC LIMIT 4 [ RunTime:0.000000s ]
---------------------------------------------------------------
[ 2019-11-24T09:53:58+08:00 ] 61.158.146.159 POST lanxi.yz360.com.cn/index.php/api/service/cat
[运行时间：0.078125s] [吞吐率：12.80req/s] [内存消耗：2,748.23kb] [文件加载：123]
[ info ] [ BEHAVIOR ] Run Closure @app_init [ RunTime:0.000000s ]
[ info ] [ CACHE ] INIT File
[ info ] [ BEHAVIOR ] Run Closure @app_init [ RunTime:0.000000s ]
[ info ] [ LANG ] C:\wwwroot\lanxi.yz360.com.cn\thinkphp\lang\zh-cn.php
[ info ] [ ROUTE ] array (
  'type' => 'module',
  'module' => 
  array (
    0 => 'api',
    1 => 'service',
    2 => 'cat',
  ),
)
[ info ] [ HEADER ] array (
  'content-type' => 'application/x-www-form-urlencoded',
  'content-length' => '0',
  'user-agent' => 'Mozilla/5.0 (iPhone; CPU iPhone OS 13_2 like Mac OS X) AppleWebKit/605.1.15 (KHTML, like Gecko) Mobile/15E148 MicroMessenger/7.0.3(0x17000321) NetType/4G Language/zh_CN',
  'referer' => 'https://servicewechat.com/wxff51a687db71d678/5/page-frame.html',
  'host' => 'lanxi.yz360.com.cn',
  'accept-language' => 'zh-cn',
  'accept-encoding' => 'gzip, deflate, br',
  'accept' => 'application/json',
  'connection' => 'keep-alive',
)
[ info ] [ PARAM ] array (
)
[ info ] [ LANG ] C:\wwwroot\lanxi.yz360.com.cn\public/../application/api\lang\zh-cn.php
[ info ] [ BEHAVIOR ] Run app\common\behavior\Common @module_init [ RunTime:0.015625s ]
[ info ] [ RUN ] app\api\controller\Service->cat[ C:\wwwroot\lanxi.yz360.com.cn\application\api\controller\Service.php ]
[ info ] [ DB ] INIT mysql
[ info ] [ LOG ] INIT File
[ sql ] [ DB ] CONNECT:[ UseTime:0.000000s ] mysql:host=149.129.73.191;port=3306;dbname=lanxi_yz360;charset=utf8
[ sql ] [ SQL ] SHOW COLUMNS FROM `la_service_cat` [ RunTime:0.000000s ]
[ sql ] [ SQL ] SELECT `id`,`name` FROM `la_service_cat` WHERE  `status` = 1  AND `is_del` = 0 [ RunTime:0.015625s ]
---------------------------------------------------------------
[ 2019-11-24T09:53:58+08:00 ] 61.158.146.159 POST lanxi.yz360.com.cn/index.php/api/service/productCat
[运行时间：0.078125s] [吞吐率：12.80req/s] [内存消耗：2,747.94kb] [文件加载：123]
[ info ] [ BEHAVIOR ] Run Closure @app_init [ RunTime:0.000000s ]
[ info ] [ CACHE ] INIT File
[ info ] [ BEHAVIOR ] Run Closure @app_init [ RunTime:0.000000s ]
[ info ] [ LANG ] C:\wwwroot\lanxi.yz360.com.cn\thinkphp\lang\zh-cn.php
[ info ] [ ROUTE ] array (
  'type' => 'module',
  'module' => 
  array (
    0 => 'api',
    1 => 'service',
    2 => 'productCat',
  ),
)
[ info ] [ HEADER ] array (
  'content-type' => 'application/x-www-form-urlencoded',
  'content-length' => '0',
  'user-agent' => 'Mozilla/5.0 (iPhone; CPU iPhone OS 13_2 like Mac OS X) AppleWebKit/605.1.15 (KHTML, like Gecko) Mobile/15E148 MicroMessenger/7.0.3(0x17000321) NetType/4G Language/zh_CN',
  'referer' => 'https://servicewechat.com/wxff51a687db71d678/5/page-frame.html',
  'host' => 'lanxi.yz360.com.cn',
  'accept-language' => 'zh-cn',
  'accept-encoding' => 'gzip, deflate, br',
  'accept' => 'application/json',
  'connection' => 'keep-alive',
)
[ info ] [ PARAM ] array (
)
[ info ] [ LANG ] C:\wwwroot\lanxi.yz360.com.cn\public/../application/api\lang\zh-cn.php
[ info ] [ BEHAVIOR ] Run app\common\behavior\Common @module_init [ RunTime:0.000000s ]
[ info ] [ RUN ] app\api\controller\Service->productCat[ C:\wwwroot\lanxi.yz360.com.cn\application\api\controller\Service.php ]
[ info ] [ DB ] INIT mysql
[ info ] [ LOG ] INIT File
[ sql ] [ DB ] CONNECT:[ UseTime:0.000000s ] mysql:host=149.129.73.191;port=3306;dbname=lanxi_yz360;charset=utf8
[ sql ] [ SQL ] SHOW COLUMNS FROM `la_product_cat` [ RunTime:0.000000s ]
[ sql ] [ SQL ] SELECT `id`,`name` FROM `la_product_cat` WHERE  `status` = 1  AND `is_del` = 0 ORDER BY `id` DESC [ RunTime:0.000000s ]
---------------------------------------------------------------
[ 2019-11-24T09:53:58+08:00 ] 61.158.146.159 POST lanxi.yz360.com.cn/index.php/api/service/serviceDetail
[运行时间：0.078125s] [吞吐率：12.80req/s] [内存消耗：2,754.33kb] [文件加载：123]
[ info ] [ BEHAVIOR ] Run Closure @app_init [ RunTime:0.000000s ]
[ info ] [ CACHE ] INIT File
[ info ] [ BEHAVIOR ] Run Closure @app_init [ RunTime:0.015625s ]
[ info ] [ LANG ] C:\wwwroot\lanxi.yz360.com.cn\thinkphp\lang\zh-cn.php
[ info ] [ ROUTE ] array (
  'type' => 'module',
  'module' => 
  array (
    0 => 'api',
    1 => 'service',
    2 => 'serviceDetail',
  ),
)
[ info ] [ HEADER ] array (
  'content-type' => 'application/x-www-form-urlencoded',
  'content-length' => '4',
  'user-agent' => 'Mozilla/5.0 (iPhone; CPU iPhone OS 13_2 like Mac OS X) AppleWebKit/605.1.15 (KHTML, like Gecko) Mobile/15E148 MicroMessenger/7.0.3(0x17000321) NetType/4G Language/zh_CN',
  'referer' => 'https://servicewechat.com/wxff51a687db71d678/5/page-frame.html',
  'host' => 'lanxi.yz360.com.cn',
  'accept-language' => 'zh-cn',
  'accept-encoding' => 'gzip, deflate, br',
  'accept' => 'application/json',
  'connection' => 'keep-alive',
)
[ info ] [ PARAM ] array (
  'id' => '1',
)
[ info ] [ LANG ] C:\wwwroot\lanxi.yz360.com.cn\public/../application/api\lang\zh-cn.php
[ info ] [ BEHAVIOR ] Run app\common\behavior\Common @module_init [ RunTime:0.000000s ]
[ info ] [ RUN ] app\api\controller\Service->serviceDetail[ C:\wwwroot\lanxi.yz360.com.cn\application\api\controller\Service.php ]
[ info ] [ DB ] INIT mysql
[ info ] [ LOG ] INIT File
[ sql ] [ DB ] CONNECT:[ UseTime:0.000000s ] mysql:host=149.129.73.191;port=3306;dbname=lanxi_yz360;charset=utf8
[ sql ] [ SQL ] SHOW COLUMNS FROM `la_service` [ RunTime:0.000000s ]
[ sql ] [ SQL ] SELECT `id`,`name`,`img`,`times`,`price` FROM `la_service` WHERE  `status` = 1  AND `is_del` = 0  AND `cat_id` = 1 ORDER BY `id` DESC [ RunTime:0.000000s ]
---------------------------------------------------------------
[ 2019-11-24T09:53:58+08:00 ] 61.158.146.159 POST lanxi.yz360.com.cn/index.php/api/service/productList
[运行时间：0.078125s] [吞吐率：12.80req/s] [内存消耗：2,752.80kb] [文件加载：123]
[ info ] [ BEHAVIOR ] Run Closure @app_init [ RunTime:0.000000s ]
[ info ] [ CACHE ] INIT File
[ info ] [ BEHAVIOR ] Run Closure @app_init [ RunTime:0.015625s ]
[ info ] [ LANG ] C:\wwwroot\lanxi.yz360.com.cn\thinkphp\lang\zh-cn.php
[ info ] [ ROUTE ] array (
  'type' => 'module',
  'module' => 
  array (
    0 => 'api',
    1 => 'service',
    2 => 'productList',
  ),
)
[ info ] [ HEADER ] array (
  'content-type' => 'application/x-www-form-urlencoded',
  'content-length' => '11',
  'user-agent' => 'Mozilla/5.0 (iPhone; CPU iPhone OS 13_2 like Mac OS X) AppleWebKit/605.1.15 (KHTML, like Gecko) Mobile/15E148 MicroMessenger/7.0.3(0x17000321) NetType/4G Language/zh_CN',
  'referer' => 'https://servicewechat.com/wxff51a687db71d678/5/page-frame.html',
  'host' => 'lanxi.yz360.com.cn',
  'accept-language' => 'zh-cn',
  'accept-encoding' => 'gzip, deflate, br',
  'accept' => 'application/json',
  'connection' => 'keep-alive',
)
[ info ] [ PARAM ] array (
  'id' => '0',
  'page' => '1',
)
[ info ] [ LANG ] C:\wwwroot\lanxi.yz360.com.cn\public/../application/api\lang\zh-cn.php
[ info ] [ BEHAVIOR ] Run app\common\behavior\Common @module_init [ RunTime:0.000000s ]
[ info ] [ RUN ] app\api\controller\Service->productList[ C:\wwwroot\lanxi.yz360.com.cn\application\api\controller\Service.php ]
[ info ] [ DB ] INIT mysql
[ info ] [ LOG ] INIT File
[ sql ] [ DB ] CONNECT:[ UseTime:0.000000s ] mysql:host=149.129.73.191;port=3306;dbname=lanxi_yz360;charset=utf8
[ sql ] [ SQL ] SHOW COLUMNS FROM `la_product` [ RunTime:0.015625s ]
[ sql ] [ SQL ] SELECT `id`,`name`,`img`,`price` FROM `la_product` WHERE  `status` = 1  AND `is_del` = 0 ORDER BY `id` DESC LIMIT 0,10 [ RunTime:0.000000s ]
---------------------------------------------------------------
[ 2019-11-24T09:53:58+08:00 ] 61.158.146.159 POST lanxi.yz360.com.cn/index.php/api/service/cardList
[运行时间：0.078125s] [吞吐率：12.80req/s] [内存消耗：2,751.18kb] [文件加载：123]
[ info ] [ BEHAVIOR ] Run Closure @app_init [ RunTime:0.000000s ]
[ info ] [ CACHE ] INIT File
[ info ] [ BEHAVIOR ] Run Closure @app_init [ RunTime:0.000000s ]
[ info ] [ LANG ] C:\wwwroot\lanxi.yz360.com.cn\thinkphp\lang\zh-cn.php
[ info ] [ ROUTE ] array (
  'type' => 'module',
  'module' => 
  array (
    0 => 'api',
    1 => 'service',
    2 => 'cardList',
  ),
)
[ info ] [ HEADER ] array (
  'content-type' => 'application/x-www-form-urlencoded',
  'content-length' => '4',
  'user-agent' => 'Mozilla/5.0 (iPhone; CPU iPhone OS 13_2 like Mac OS X) AppleWebKit/605.1.15 (KHTML, like Gecko) Mobile/15E148 MicroMessenger/7.0.3(0x17000321) NetType/4G Language/zh_CN',
  'referer' => 'https://servicewechat.com/wxff51a687db71d678/5/page-frame.html',
  'host' => 'lanxi.yz360.com.cn',
  'accept-language' => 'zh-cn',
  'accept-encoding' => 'gzip, deflate, br',
  'accept' => 'application/json',
  'connection' => 'keep-alive',
)
[ info ] [ PARAM ] array (
  'id' => '0',
)
[ info ] [ LANG ] C:\wwwroot\lanxi.yz360.com.cn\public/../application/api\lang\zh-cn.php
[ info ] [ BEHAVIOR ] Run app\common\behavior\Common @module_init [ RunTime:0.015625s ]
[ info ] [ RUN ] app\api\controller\Service->cardList[ C:\wwwroot\lanxi.yz360.com.cn\application\api\controller\Service.php ]
[ info ] [ DB ] INIT mysql
[ info ] [ LOG ] INIT File
[ sql ] [ DB ] CONNECT:[ UseTime:0.000000s ] mysql:host=149.129.73.191;port=3306;dbname=lanxi_yz360;charset=utf8
[ sql ] [ SQL ] SHOW COLUMNS FROM `la_card` [ RunTime:0.000000s ]
[ sql ] [ SQL ] SELECT `id`,`name`,`img`,`price` FROM `la_card` WHERE  `status` = 1  AND `is_del` = 0 ORDER BY `price` ASC [ RunTime:0.000000s ]
---------------------------------------------------------------
[ 2019-11-24T09:53:58+08:00 ] 61.158.146.159 POST lanxi.yz360.com.cn/index.php/api/service/cardCat
[运行时间：0.078125s] [吞吐率：12.80req/s] [内存消耗：2,747.90kb] [文件加载：123]
[ info ] [ BEHAVIOR ] Run Closure @app_init [ RunTime:0.000000s ]
[ info ] [ CACHE ] INIT File
[ info ] [ BEHAVIOR ] Run Closure @app_init [ RunTime:0.000000s ]
[ info ] [ LANG ] C:\wwwroot\lanxi.yz360.com.cn\thinkphp\lang\zh-cn.php
[ info ] [ ROUTE ] array (
  'type' => 'module',
  'module' => 
  array (
    0 => 'api',
    1 => 'service',
    2 => 'cardCat',
  ),
)
[ info ] [ HEADER ] array (
  'content-type' => 'application/x-www-form-urlencoded',
  'content-length' => '0',
  'user-agent' => 'Mozilla/5.0 (iPhone; CPU iPhone OS 13_2 like Mac OS X) AppleWebKit/605.1.15 (KHTML, like Gecko) Mobile/15E148 MicroMessenger/7.0.3(0x17000321) NetType/4G Language/zh_CN',
  'referer' => 'https://servicewechat.com/wxff51a687db71d678/5/page-frame.html',
  'host' => 'lanxi.yz360.com.cn',
  'accept-language' => 'zh-cn',
  'accept-encoding' => 'gzip, deflate, br',
  'accept' => 'application/json',
  'connection' => 'keep-alive',
)
[ info ] [ PARAM ] array (
)
[ info ] [ LANG ] C:\wwwroot\lanxi.yz360.com.cn\public/../application/api\lang\zh-cn.php
[ info ] [ BEHAVIOR ] Run app\common\behavior\Common @module_init [ RunTime:0.000000s ]
[ info ] [ RUN ] app\api\controller\Service->cardCat[ C:\wwwroot\lanxi.yz360.com.cn\application\api\controller\Service.php ]
[ info ] [ DB ] INIT mysql
[ info ] [ LOG ] INIT File
[ sql ] [ DB ] CONNECT:[ UseTime:0.015625s ] mysql:host=149.129.73.191;port=3306;dbname=lanxi_yz360;charset=utf8
[ sql ] [ SQL ] SHOW COLUMNS FROM `la_card_cat` [ RunTime:0.000000s ]
[ sql ] [ SQL ] SELECT `id`,`name` FROM `la_card_cat` WHERE  `status` = 1  AND `is_del` = 0 ORDER BY `id` DESC [ RunTime:0.000000s ]
---------------------------------------------------------------
[ 2019-11-24T09:53:59+08:00 ] 61.158.146.159 POST lanxi.yz360.com.cn/index.php/api/order/technician
[运行时间：0.125000s] [吞吐率：8.00req/s] [内存消耗：2,832.88kb] [文件加载：127]
[ info ] [ BEHAVIOR ] Run Closure @app_init [ RunTime:0.000000s ]
[ info ] [ CACHE ] INIT File
[ info ] [ BEHAVIOR ] Run Closure @app_init [ RunTime:0.000000s ]
[ info ] [ LANG ] C:\wwwroot\lanxi.yz360.com.cn\thinkphp\lang\zh-cn.php
[ info ] [ ROUTE ] array (
  'type' => 'module',
  'module' => 
  array (
    0 => 'api',
    1 => 'order',
    2 => 'technician',
  ),
)
[ info ] [ HEADER ] array (
  'content-type' => 'application/x-www-form-urlencoded',
  'content-length' => '42',
  'user-agent' => 'Mozilla/5.0 (iPhone; CPU iPhone OS 13_2 like Mac OS X) AppleWebKit/605.1.15 (KHTML, like Gecko) Mobile/15E148 MicroMessenger/7.0.3(0x17000321) NetType/4G Language/zh_CN',
  'referer' => 'https://servicewechat.com/wxff51a687db71d678/5/page-frame.html',
  'host' => 'lanxi.yz360.com.cn',
  'accept-language' => 'zh-cn',
  'accept-encoding' => 'gzip, deflate, br',
  'accept' => 'application/json',
  'connection' => 'keep-alive',
)
[ info ] [ PARAM ] array (
  'token' => 'bad9c00e-6f3e-4bbf-831f-0a38823e3ea3',
)
[ info ] [ LANG ] C:\wwwroot\lanxi.yz360.com.cn\public/../application/api\lang\zh-cn.php
[ info ] [ BEHAVIOR ] Run app\common\behavior\Common @module_init [ RunTime:0.015625s ]
[ info ] [ TOKEN ] INIT Mysql
[ info ] [ DB ] INIT mysql
[ info ] [ RUN ] app\api\controller\Order->technician[ C:\wwwroot\lanxi.yz360.com.cn\application\api\controller\Order.php ]
[ info ] [ LOG ] INIT File
[ sql ] [ DB ] CONNECT:[ UseTime:0.015625s ] mysql:host=149.129.73.191;port=3306;dbname=lanxi_yz360;charset=utf8
[ sql ] [ SQL ] SHOW COLUMNS FROM `la_user_token` [ RunTime:0.000000s ]
[ sql ] [ SQL ] SELECT * FROM `la_user_token` WHERE  `token` = 'cf1ada0d0387496e617329a6f28f14ec363f39ad' LIMIT 1 [ RunTime:0.015625s ]
[ sql ] [ SQL ] SHOW COLUMNS FROM `la_user` [ RunTime:0.000000s ]
[ sql ] [ SQL ] SELECT * FROM `la_user` WHERE  `id` = 47 LIMIT 1 [ RunTime:0.015625s ]
[ sql ] [ SQL ] SHOW COLUMNS FROM `la_technician` [ RunTime:0.000000s ]
[ sql ] [ SQL ] SELECT `id`,`name`,`img` FROM `la_technician` WHERE  `status` = 1  AND `is_del` = 0 [ RunTime:0.000000s ]
---------------------------------------------------------------
[ 2019-11-24T09:53:59+08:00 ] 61.158.146.159 POST lanxi.yz360.com.cn/index.php/api/user/islogin
[运行时间：0.156250s] [吞吐率：6.40req/s] [内存消耗：2,835.49kb] [文件加载：127]
[ info ] [ BEHAVIOR ] Run Closure @app_init [ RunTime:0.000000s ]
[ info ] [ CACHE ] INIT File
[ info ] [ BEHAVIOR ] Run Closure @app_init [ RunTime:0.015625s ]
[ info ] [ LANG ] C:\wwwroot\lanxi.yz360.com.cn\thinkphp\lang\zh-cn.php
[ info ] [ ROUTE ] array (
  'type' => 'module',
  'module' => 
  array (
    0 => 'api',
    1 => 'user',
    2 => 'islogin',
  ),
)
[ info ] [ HEADER ] array (
  'content-type' => 'application/x-www-form-urlencoded',
  'content-length' => '42',
  'user-agent' => 'Mozilla/5.0 (iPhone; CPU iPhone OS 13_2 like Mac OS X) AppleWebKit/605.1.15 (KHTML, like Gecko) Mobile/15E148 MicroMessenger/7.0.3(0x17000321) NetType/4G Language/zh_CN',
  'referer' => 'https://servicewechat.com/wxff51a687db71d678/5/page-frame.html',
  'host' => 'lanxi.yz360.com.cn',
  'accept-language' => 'zh-cn',
  'accept-encoding' => 'gzip, deflate, br',
  'accept' => 'application/json',
  'connection' => 'keep-alive',
)
[ info ] [ PARAM ] array (
  'token' => 'bad9c00e-6f3e-4bbf-831f-0a38823e3ea3',
)
[ info ] [ LANG ] C:\wwwroot\lanxi.yz360.com.cn\public/../application/api\lang\zh-cn.php
[ info ] [ BEHAVIOR ] Run app\common\behavior\Common @module_init [ RunTime:0.000000s ]
[ info ] [ TOKEN ] INIT Mysql
[ info ] [ DB ] INIT mysql
[ info ] [ LANG ] C:\wwwroot\lanxi.yz360.com.cn\public/../application/api/lang/zh-cn/user.php
[ info ] [ RUN ] app\api\controller\User->islogin[ C:\wwwroot\lanxi.yz360.com.cn\application\api\controller\User.php ]
[ info ] [ LOG ] INIT File
[ sql ] [ DB ] CONNECT:[ UseTime:0.000000s ] mysql:host=149.129.73.191;port=3306;dbname=lanxi_yz360;charset=utf8
[ sql ] [ SQL ] SHOW COLUMNS FROM `la_user_token` [ RunTime:0.015625s ]
[ sql ] [ SQL ] SELECT * FROM `la_user_token` WHERE  `token` = 'cf1ada0d0387496e617329a6f28f14ec363f39ad' LIMIT 1 [ RunTime:0.015625s ]
[ sql ] [ SQL ] SHOW COLUMNS FROM `la_user` [ RunTime:0.015625s ]
[ sql ] [ SQL ] SELECT * FROM `la_user` WHERE  `id` = 47 LIMIT 1 [ RunTime:0.000000s ]
[ sql ] [ SQL ] SELECT * FROM `la_user_token` WHERE  `token` = 'cf1ada0d0387496e617329a6f28f14ec363f39ad' LIMIT 1 [ RunTime:0.000000s ]
---------------------------------------------------------------
[ 2019-11-24T09:53:59+08:00 ] 61.158.146.159 POST lanxi.yz360.com.cn/index.php/api/order/service
[运行时间：0.109375s] [吞吐率：9.14req/s] [内存消耗：2,834.07kb] [文件加载：127]
[ info ] [ BEHAVIOR ] Run Closure @app_init [ RunTime:0.000000s ]
[ info ] [ CACHE ] INIT File
[ info ] [ BEHAVIOR ] Run Closure @app_init [ RunTime:0.000000s ]
[ info ] [ LANG ] C:\wwwroot\lanxi.yz360.com.cn\thinkphp\lang\zh-cn.php
[ info ] [ ROUTE ] array (
  'type' => 'module',
  'module' => 
  array (
    0 => 'api',
    1 => 'order',
    2 => 'service',
  ),
)
[ info ] [ HEADER ] array (
  'content-type' => 'application/x-www-form-urlencoded',
  'content-length' => '42',
  'user-agent' => 'Mozilla/5.0 (iPhone; CPU iPhone OS 13_2 like Mac OS X) AppleWebKit/605.1.15 (KHTML, like Gecko) Mobile/15E148 MicroMessenger/7.0.3(0x17000321) NetType/4G Language/zh_CN',
  'referer' => 'https://servicewechat.com/wxff51a687db71d678/5/page-frame.html',
  'host' => 'lanxi.yz360.com.cn',
  'accept-language' => 'zh-cn',
  'accept-encoding' => 'gzip, deflate, br',
  'accept' => 'application/json',
  'connection' => 'keep-alive',
)
[ info ] [ PARAM ] array (
  'token' => 'bad9c00e-6f3e-4bbf-831f-0a38823e3ea3',
)
[ info ] [ LANG ] C:\wwwroot\lanxi.yz360.com.cn\public/../application/api\lang\zh-cn.php
[ info ] [ BEHAVIOR ] Run app\common\behavior\Common @module_init [ RunTime:0.000000s ]
[ info ] [ TOKEN ] INIT Mysql
[ info ] [ DB ] INIT mysql
[ info ] [ RUN ] app\api\controller\Order->service[ C:\wwwroot\lanxi.yz360.com.cn\application\api\controller\Order.php ]
[ info ] [ LOG ] INIT File
[ sql ] [ DB ] CONNECT:[ UseTime:0.015625s ] mysql:host=149.129.73.191;port=3306;dbname=lanxi_yz360;charset=utf8
[ sql ] [ SQL ] SHOW COLUMNS FROM `la_user_token` [ RunTime:0.000000s ]
[ sql ] [ SQL ] SELECT * FROM `la_user_token` WHERE  `token` = 'cf1ada0d0387496e617329a6f28f14ec363f39ad' LIMIT 1 [ RunTime:0.000000s ]
[ sql ] [ SQL ] SHOW COLUMNS FROM `la_user` [ RunTime:0.015625s ]
[ sql ] [ SQL ] SELECT * FROM `la_user` WHERE  `id` = 47 LIMIT 1 [ RunTime:0.000000s ]
[ sql ] [ SQL ] SHOW COLUMNS FROM `la_service` [ RunTime:0.000000s ]
[ sql ] [ SQL ] SELECT `id`,`name` FROM `la_service` WHERE  `status` = 1  AND `is_del` = 0 ORDER BY `id` DESC [ RunTime:0.000000s ]
---------------------------------------------------------------
[ 2019-11-24T09:54:00+08:00 ] 61.158.146.159 POST lanxi.yz360.com.cn/index.php/api/user/islogin
[运行时间：0.093750s] [吞吐率：10.67req/s] [内存消耗：2,835.49kb] [文件加载：127]
[ info ] [ BEHAVIOR ] Run Closure @app_init [ RunTime:0.000000s ]
[ info ] [ CACHE ] INIT File
[ info ] [ BEHAVIOR ] Run Closure @app_init [ RunTime:0.000000s ]
[ info ] [ LANG ] C:\wwwroot\lanxi.yz360.com.cn\thinkphp\lang\zh-cn.php
[ info ] [ ROUTE ] array (
  'type' => 'module',
  'module' => 
  array (
    0 => 'api',
    1 => 'user',
    2 => 'islogin',
  ),
)
[ info ] [ HEADER ] array (
  'content-type' => 'application/x-www-form-urlencoded',
  'content-length' => '42',
  'user-agent' => 'Mozilla/5.0 (iPhone; CPU iPhone OS 13_2 like Mac OS X) AppleWebKit/605.1.15 (KHTML, like Gecko) Mobile/15E148 MicroMessenger/7.0.3(0x17000321) NetType/4G Language/zh_CN',
  'referer' => 'https://servicewechat.com/wxff51a687db71d678/5/page-frame.html',
  'host' => 'lanxi.yz360.com.cn',
  'accept-language' => 'zh-cn',
  'accept-encoding' => 'gzip, deflate, br',
  'accept' => 'application/json',
  'connection' => 'keep-alive',
)
[ info ] [ PARAM ] array (
  'token' => 'bad9c00e-6f3e-4bbf-831f-0a38823e3ea3',
)
[ info ] [ LANG ] C:\wwwroot\lanxi.yz360.com.cn\public/../application/api\lang\zh-cn.php
[ info ] [ BEHAVIOR ] Run app\common\behavior\Common @module_init [ RunTime:0.000000s ]
[ info ] [ TOKEN ] INIT Mysql
[ info ] [ DB ] INIT mysql
[ info ] [ LANG ] C:\wwwroot\lanxi.yz360.com.cn\public/../application/api/lang/zh-cn/user.php
[ info ] [ RUN ] app\api\controller\User->islogin[ C:\wwwroot\lanxi.yz360.com.cn\application\api\controller\User.php ]
[ info ] [ LOG ] INIT File
[ sql ] [ DB ] CONNECT:[ UseTime:0.015625s ] mysql:host=149.129.73.191;port=3306;dbname=lanxi_yz360;charset=utf8
[ sql ] [ SQL ] SHOW COLUMNS FROM `la_user_token` [ RunTime:0.000000s ]
[ sql ] [ SQL ] SELECT * FROM `la_user_token` WHERE  `token` = 'cf1ada0d0387496e617329a6f28f14ec363f39ad' LIMIT 1 [ RunTime:0.000000s ]
[ sql ] [ SQL ] SHOW COLUMNS FROM `la_user` [ RunTime:0.015625s ]
[ sql ] [ SQL ] SELECT * FROM `la_user` WHERE  `id` = 47 LIMIT 1 [ RunTime:0.000000s ]
[ sql ] [ SQL ] SELECT * FROM `la_user_token` WHERE  `token` = 'cf1ada0d0387496e617329a6f28f14ec363f39ad' LIMIT 1 [ RunTime:0.000000s ]
---------------------------------------------------------------
[ 2019-11-24T09:54:00+08:00 ] 61.158.146.159 POST lanxi.yz360.com.cn/index.php/api/user/allyList
[运行时间：0.109375s] [吞吐率：9.14req/s] [内存消耗：2,839.55kb] [文件加载：128]
[ info ] [ BEHAVIOR ] Run Closure @app_init [ RunTime:0.000000s ]
[ info ] [ CACHE ] INIT File
[ info ] [ BEHAVIOR ] Run Closure @app_init [ RunTime:0.000000s ]
[ info ] [ LANG ] C:\wwwroot\lanxi.yz360.com.cn\thinkphp\lang\zh-cn.php
[ info ] [ ROUTE ] array (
  'type' => 'module',
  'module' => 
  array (
    0 => 'api',
    1 => 'user',
    2 => 'allyList',
  ),
)
[ info ] [ HEADER ] array (
  'content-type' => 'application/x-www-form-urlencoded',
  'content-length' => '49',
  'user-agent' => 'Mozilla/5.0 (iPhone; CPU iPhone OS 13_2 like Mac OS X) AppleWebKit/605.1.15 (KHTML, like Gecko) Mobile/15E148 MicroMessenger/7.0.3(0x17000321) NetType/4G Language/zh_CN',
  'referer' => 'https://servicewechat.com/wxff51a687db71d678/5/page-frame.html',
  'host' => 'lanxi.yz360.com.cn',
  'accept-language' => 'zh-cn',
  'accept-encoding' => 'gzip, deflate, br',
  'accept' => 'application/json',
  'connection' => 'keep-alive',
)
[ info ] [ PARAM ] array (
  'token' => 'bad9c00e-6f3e-4bbf-831f-0a38823e3ea3',
  'type' => '1',
)
[ info ] [ LANG ] C:\wwwroot\lanxi.yz360.com.cn\public/../application/api\lang\zh-cn.php
[ info ] [ BEHAVIOR ] Run app\common\behavior\Common @module_init [ RunTime:0.000000s ]
[ info ] [ TOKEN ] INIT Mysql
[ info ] [ DB ] INIT mysql
[ info ] [ LANG ] C:\wwwroot\lanxi.yz360.com.cn\public/../application/api/lang/zh-cn/user.php
[ info ] [ RUN ] app\api\controller\User->allyList[ C:\wwwroot\lanxi.yz360.com.cn\application\api\controller\User.php ]
[ info ] [ LOG ] INIT File
[ sql ] [ DB ] CONNECT:[ UseTime:0.000000s ] mysql:host=149.129.73.191;port=3306;dbname=lanxi_yz360;charset=utf8
[ sql ] [ SQL ] SHOW COLUMNS FROM `la_user_token` [ RunTime:0.015625s ]
[ sql ] [ SQL ] SELECT * FROM `la_user_token` WHERE  `token` = 'cf1ada0d0387496e617329a6f28f14ec363f39ad' LIMIT 1 [ RunTime:0.015625s ]
[ sql ] [ SQL ] SHOW COLUMNS FROM `la_user` [ RunTime:0.015625s ]
[ sql ] [ SQL ] SELECT * FROM `la_user` WHERE  `id` = 47 LIMIT 1 [ RunTime:0.000000s ]
[ sql ] [ SQL ] SELECT * FROM `la_user_token` WHERE  `token` = 'cf1ada0d0387496e617329a6f28f14ec363f39ad' LIMIT 1 [ RunTime:0.000000s ]
[ sql ] [ SQL ] SELECT COUNT(*) AS tp_count FROM `la_user` WHERE  `first_leader` = 47 LIMIT 1 [ RunTime:0.000000s ]
[ sql ] [ SQL ] SELECT `id`,`username`,`avatar` FROM `la_user` WHERE  `first_leader` = 47 [ RunTime:0.000000s ]
---------------------------------------------------------------
[ 2019-11-24T09:54:00+08:00 ] 61.158.146.159 POST lanxi.yz360.com.cn/index.php/api/user/allyNum
[运行时间：0.109375s] [吞吐率：9.14req/s] [内存消耗：2,839.47kb] [文件加载：128]
[ info ] [ BEHAVIOR ] Run Closure @app_init [ RunTime:0.000000s ]
[ info ] [ CACHE ] INIT File
[ info ] [ BEHAVIOR ] Run Closure @app_init [ RunTime:0.000000s ]
[ info ] [ LANG ] C:\wwwroot\lanxi.yz360.com.cn\thinkphp\lang\zh-cn.php
[ info ] [ ROUTE ] array (
  'type' => 'module',
  'module' => 
  array (
    0 => 'api',
    1 => 'user',
    2 => 'allyNum',
  ),
)
[ info ] [ HEADER ] array (
  'content-type' => 'application/x-www-form-urlencoded',
  'content-length' => '42',
  'user-agent' => 'Mozilla/5.0 (iPhone; CPU iPhone OS 13_2 like Mac OS X) AppleWebKit/605.1.15 (KHTML, like Gecko) Mobile/15E148 MicroMessenger/7.0.3(0x17000321) NetType/4G Language/zh_CN',
  'referer' => 'https://servicewechat.com/wxff51a687db71d678/5/page-frame.html',
  'host' => 'lanxi.yz360.com.cn',
  'accept-language' => 'zh-cn',
  'accept-encoding' => 'gzip, deflate, br',
  'accept' => 'application/json',
  'connection' => 'keep-alive',
)
[ info ] [ PARAM ] array (
  'token' => 'bad9c00e-6f3e-4bbf-831f-0a38823e3ea3',
)
[ info ] [ LANG ] C:\wwwroot\lanxi.yz360.com.cn\public/../application/api\lang\zh-cn.php
[ info ] [ BEHAVIOR ] Run app\common\behavior\Common @module_init [ RunTime:0.000000s ]
[ info ] [ TOKEN ] INIT Mysql
[ info ] [ DB ] INIT mysql
[ info ] [ LANG ] C:\wwwroot\lanxi.yz360.com.cn\public/../application/api/lang/zh-cn/user.php
[ info ] [ RUN ] app\api\controller\User->allyNum[ C:\wwwroot\lanxi.yz360.com.cn\application\api\controller\User.php ]
[ info ] [ LOG ] INIT File
[ sql ] [ DB ] CONNECT:[ UseTime:0.015625s ] mysql:host=149.129.73.191;port=3306;dbname=lanxi_yz360;charset=utf8
[ sql ] [ SQL ] SHOW COLUMNS FROM `la_user_token` [ RunTime:0.000000s ]
[ sql ] [ SQL ] SELECT * FROM `la_user_token` WHERE  `token` = 'cf1ada0d0387496e617329a6f28f14ec363f39ad' LIMIT 1 [ RunTime:0.000000s ]
[ sql ] [ SQL ] SHOW COLUMNS FROM `la_user` [ RunTime:0.000000s ]
[ sql ] [ SQL ] SELECT * FROM `la_user` WHERE  `id` = 47 LIMIT 1 [ RunTime:0.000000s ]
[ sql ] [ SQL ] SELECT * FROM `la_user_token` WHERE  `token` = 'cf1ada0d0387496e617329a6f28f14ec363f39ad' LIMIT 1 [ RunTime:0.000000s ]
[ sql ] [ SQL ] SELECT COUNT(*) AS tp_count FROM `la_user` WHERE  `first_leader` = 47 OR `second_leader` = 47  OR `third_leader` = 47 LIMIT 1 [ RunTime:0.000000s ]
[ sql ] [ SQL ] SELECT COUNT(*) AS tp_count FROM `la_user` WHERE  `first_leader` = 47 LIMIT 1 [ RunTime:0.000000s ]
[ sql ] [ SQL ] SELECT COUNT(*) AS tp_count FROM `la_user` WHERE  `second_leader` = 47 LIMIT 1 [ RunTime:0.000000s ]
[ sql ] [ SQL ] SELECT COUNT(*) AS tp_count FROM `la_user` WHERE  `third_leader` = 47 LIMIT 1 [ RunTime:0.000000s ]
---------------------------------------------------------------
[ 2019-11-24T09:54:00+08:00 ] 61.158.146.159 POST lanxi.yz360.com.cn/index.php/api/user/myOrder
[运行时间：0.109375s] [吞吐率：9.14req/s] [内存消耗：2,871.44kb] [文件加载：129]
[ info ] [ BEHAVIOR ] Run Closure @app_init [ RunTime:0.000000s ]
[ info ] [ CACHE ] INIT File
[ info ] [ BEHAVIOR ] Run Closure @app_init [ RunTime:0.000000s ]
[ info ] [ LANG ] C:\wwwroot\lanxi.yz360.com.cn\thinkphp\lang\zh-cn.php
[ info ] [ ROUTE ] array (
  'type' => 'module',
  'module' => 
  array (
    0 => 'api',
    1 => 'user',
    2 => 'myOrder',
  ),
)
[ info ] [ HEADER ] array (
  'content-type' => 'application/x-www-form-urlencoded',
  'content-length' => '49',
  'user-agent' => 'Mozilla/5.0 (iPhone; CPU iPhone OS 13_2 like Mac OS X) AppleWebKit/605.1.15 (KHTML, like Gecko) Mobile/15E148 MicroMessenger/7.0.3(0x17000321) NetType/4G Language/zh_CN',
  'referer' => 'https://servicewechat.com/wxff51a687db71d678/5/page-frame.html',
  'host' => 'lanxi.yz360.com.cn',
  'accept-language' => 'zh-cn',
  'accept-encoding' => 'gzip, deflate, br',
  'accept' => 'application/json',
  'connection' => 'keep-alive',
)
[ info ] [ PARAM ] array (
  'token' => 'bad9c00e-6f3e-4bbf-831f-0a38823e3ea3',
  'page' => '1',
)
[ info ] [ LANG ] C:\wwwroot\lanxi.yz360.com.cn\public/../application/api\lang\zh-cn.php
[ info ] [ BEHAVIOR ] Run app\common\behavior\Common @module_init [ RunTime:0.000000s ]
[ info ] [ TOKEN ] INIT Mysql
[ info ] [ DB ] INIT mysql
[ info ] [ LANG ] C:\wwwroot\lanxi.yz360.com.cn\public/../application/api/lang/zh-cn/user.php
[ info ] [ RUN ] app\api\controller\User->myOrder[ C:\wwwroot\lanxi.yz360.com.cn\application\api\controller\User.php ]
[ info ] [ LOG ] INIT File
[ sql ] [ DB ] CONNECT:[ UseTime:0.015625s ] mysql:host=149.129.73.191;port=3306;dbname=lanxi_yz360;charset=utf8
[ sql ] [ SQL ] SHOW COLUMNS FROM `la_user_token` [ RunTime:0.000000s ]
[ sql ] [ SQL ] SELECT * FROM `la_user_token` WHERE  `token` = 'cf1ada0d0387496e617329a6f28f14ec363f39ad' LIMIT 1 [ RunTime:0.000000s ]
[ sql ] [ SQL ] SHOW COLUMNS FROM `la_user` [ RunTime:0.015625s ]
[ sql ] [ SQL ] SELECT * FROM `la_user` WHERE  `id` = 47 LIMIT 1 [ RunTime:0.000000s ]
[ sql ] [ SQL ] SELECT * FROM `la_user_token` WHERE  `token` = 'cf1ada0d0387496e617329a6f28f14ec363f39ad' LIMIT 1 [ RunTime:0.000000s ]
[ sql ] [ SQL ] SHOW COLUMNS FROM `la_order` [ RunTime:0.000000s ]
[ sql ] [ SQL ] SELECT * FROM `la_order` WHERE  `uid` = 47 LIMIT 0,10 [ RunTime:0.000000s ]
[ sql ] [ SQL ] SELECT COUNT(*) AS tp_count FROM `la_order` WHERE  `uid` = 47 LIMIT 1 [ RunTime:0.015625s ]
---------------------------------------------------------------
[ 2019-11-24T09:54:02+08:00 ] 61.158.146.159 POST lanxi.yz360.com.cn/index.php/api/user/islogin
[运行时间：0.093750s] [吞吐率：10.67req/s] [内存消耗：2,835.49kb] [文件加载：127]
[ info ] [ BEHAVIOR ] Run Closure @app_init [ RunTime:0.000000s ]
[ info ] [ CACHE ] INIT File
[ info ] [ BEHAVIOR ] Run Closure @app_init [ RunTime:0.000000s ]
[ info ] [ LANG ] C:\wwwroot\lanxi.yz360.com.cn\thinkphp\lang\zh-cn.php
[ info ] [ ROUTE ] array (
  'type' => 'module',
  'module' => 
  array (
    0 => 'api',
    1 => 'user',
    2 => 'islogin',
  ),
)
[ info ] [ HEADER ] array (
  'content-type' => 'application/x-www-form-urlencoded',
  'content-length' => '42',
  'user-agent' => 'Mozilla/5.0 (iPhone; CPU iPhone OS 13_2 like Mac OS X) AppleWebKit/605.1.15 (KHTML, like Gecko) Mobile/15E148 MicroMessenger/7.0.3(0x17000321) NetType/4G Language/zh_CN',
  'referer' => 'https://servicewechat.com/wxff51a687db71d678/5/page-frame.html',
  'host' => 'lanxi.yz360.com.cn',
  'accept-language' => 'zh-cn',
  'accept-encoding' => 'gzip, deflate, br',
  'accept' => 'application/json',
  'connection' => 'keep-alive',
)
[ info ] [ PARAM ] array (
  'token' => 'bad9c00e-6f3e-4bbf-831f-0a38823e3ea3',
)
[ info ] [ LANG ] C:\wwwroot\lanxi.yz360.com.cn\public/../application/api\lang\zh-cn.php
[ info ] [ BEHAVIOR ] Run app\common\behavior\Common @module_init [ RunTime:0.000000s ]
[ info ] [ TOKEN ] INIT Mysql
[ info ] [ DB ] INIT mysql
[ info ] [ LANG ] C:\wwwroot\lanxi.yz360.com.cn\public/../application/api/lang/zh-cn/user.php
[ info ] [ RUN ] app\api\controller\User->islogin[ C:\wwwroot\lanxi.yz360.com.cn\application\api\controller\User.php ]
[ info ] [ LOG ] INIT File
[ sql ] [ DB ] CONNECT:[ UseTime:0.015625s ] mysql:host=149.129.73.191;port=3306;dbname=lanxi_yz360;charset=utf8
[ sql ] [ SQL ] SHOW COLUMNS FROM `la_user_token` [ RunTime:0.000000s ]
[ sql ] [ SQL ] SELECT * FROM `la_user_token` WHERE  `token` = 'cf1ada0d0387496e617329a6f28f14ec363f39ad' LIMIT 1 [ RunTime:0.000000s ]
[ sql ] [ SQL ] SHOW COLUMNS FROM `la_user` [ RunTime:0.015625s ]
[ sql ] [ SQL ] SELECT * FROM `la_user` WHERE  `id` = 47 LIMIT 1 [ RunTime:0.000000s ]
[ sql ] [ SQL ] SELECT * FROM `la_user_token` WHERE  `token` = 'cf1ada0d0387496e617329a6f28f14ec363f39ad' LIMIT 1 [ RunTime:0.000000s ]
---------------------------------------------------------------
[ 2019-11-24T09:54:02+08:00 ] 61.158.146.159 POST lanxi.yz360.com.cn/index.php/api/user/allyList
[运行时间：0.093750s] [吞吐率：10.67req/s] [内存消耗：2,839.55kb] [文件加载：128]
[ info ] [ BEHAVIOR ] Run Closure @app_init [ RunTime:0.000000s ]
[ info ] [ CACHE ] INIT File
[ info ] [ BEHAVIOR ] Run Closure @app_init [ RunTime:0.000000s ]
[ info ] [ LANG ] C:\wwwroot\lanxi.yz360.com.cn\thinkphp\lang\zh-cn.php
[ info ] [ ROUTE ] array (
  'type' => 'module',
  'module' => 
  array (
    0 => 'api',
    1 => 'user',
    2 => 'allyList',
  ),
)
[ info ] [ HEADER ] array (
  'content-type' => 'application/x-www-form-urlencoded',
  'content-length' => '49',
  'user-agent' => 'Mozilla/5.0 (iPhone; CPU iPhone OS 13_2 like Mac OS X) AppleWebKit/605.1.15 (KHTML, like Gecko) Mobile/15E148 MicroMessenger/7.0.3(0x17000321) NetType/4G Language/zh_CN',
  'referer' => 'https://servicewechat.com/wxff51a687db71d678/5/page-frame.html',
  'host' => 'lanxi.yz360.com.cn',
  'accept-language' => 'zh-cn',
  'accept-encoding' => 'gzip, deflate, br',
  'accept' => 'application/json',
  'connection' => 'keep-alive',
)
[ info ] [ PARAM ] array (
  'token' => 'bad9c00e-6f3e-4bbf-831f-0a38823e3ea3',
  'type' => '1',
)
[ info ] [ LANG ] C:\wwwroot\lanxi.yz360.com.cn\public/../application/api\lang\zh-cn.php
[ info ] [ BEHAVIOR ] Run app\common\behavior\Common @module_init [ RunTime:0.000000s ]
[ info ] [ TOKEN ] INIT Mysql
[ info ] [ DB ] INIT mysql
[ info ] [ LANG ] C:\wwwroot\lanxi.yz360.com.cn\public/../application/api/lang/zh-cn/user.php
[ info ] [ RUN ] app\api\controller\User->allyList[ C:\wwwroot\lanxi.yz360.com.cn\application\api\controller\User.php ]
[ info ] [ LOG ] INIT File
[ sql ] [ DB ] CONNECT:[ UseTime:0.000000s ] mysql:host=149.129.73.191;port=3306;dbname=lanxi_yz360;charset=utf8
[ sql ] [ SQL ] SHOW COLUMNS FROM `la_user_token` [ RunTime:0.000000s ]
[ sql ] [ SQL ] SELECT * FROM `la_user_token` WHERE  `token` = 'cf1ada0d0387496e617329a6f28f14ec363f39ad' LIMIT 1 [ RunTime:0.000000s ]
[ sql ] [ SQL ] SHOW COLUMNS FROM `la_user` [ RunTime:0.000000s ]
[ sql ] [ SQL ] SELECT * FROM `la_user` WHERE  `id` = 47 LIMIT 1 [ RunTime:0.000000s ]
[ sql ] [ SQL ] SELECT * FROM `la_user_token` WHERE  `token` = 'cf1ada0d0387496e617329a6f28f14ec363f39ad' LIMIT 1 [ RunTime:0.000000s ]
[ sql ] [ SQL ] SELECT COUNT(*) AS tp_count FROM `la_user` WHERE  `first_leader` = 47 LIMIT 1 [ RunTime:0.000000s ]
[ sql ] [ SQL ] SELECT `id`,`username`,`avatar` FROM `la_user` WHERE  `first_leader` = 47 [ RunTime:0.015625s ]
---------------------------------------------------------------
[ 2019-11-24T09:54:03+08:00 ] 61.158.146.159 POST lanxi.yz360.com.cn/index.php/api/user/myOrder
[运行时间：0.125000s] [吞吐率：8.00req/s] [内存消耗：2,871.44kb] [文件加载：129]
[ info ] [ BEHAVIOR ] Run Closure @app_init [ RunTime:0.000000s ]
[ info ] [ CACHE ] INIT File
[ info ] [ BEHAVIOR ] Run Closure @app_init [ RunTime:0.000000s ]
[ info ] [ LANG ] C:\wwwroot\lanxi.yz360.com.cn\thinkphp\lang\zh-cn.php
[ info ] [ ROUTE ] array (
  'type' => 'module',
  'module' => 
  array (
    0 => 'api',
    1 => 'user',
    2 => 'myOrder',
  ),
)
[ info ] [ HEADER ] array (
  'content-type' => 'application/x-www-form-urlencoded',
  'content-length' => '49',
  'user-agent' => 'Mozilla/5.0 (iPhone; CPU iPhone OS 13_2 like Mac OS X) AppleWebKit/605.1.15 (KHTML, like Gecko) Mobile/15E148 MicroMessenger/7.0.3(0x17000321) NetType/4G Language/zh_CN',
  'referer' => 'https://servicewechat.com/wxff51a687db71d678/5/page-frame.html',
  'host' => 'lanxi.yz360.com.cn',
  'accept-language' => 'zh-cn',
  'accept-encoding' => 'gzip, deflate, br',
  'accept' => 'application/json',
  'connection' => 'keep-alive',
)
[ info ] [ PARAM ] array (
  'token' => 'bad9c00e-6f3e-4bbf-831f-0a38823e3ea3',
  'page' => '1',
)
[ info ] [ LANG ] C:\wwwroot\lanxi.yz360.com.cn\public/../application/api\lang\zh-cn.php
[ info ] [ BEHAVIOR ] Run app\common\behavior\Common @module_init [ RunTime:0.000000s ]
[ info ] [ TOKEN ] INIT Mysql
[ info ] [ DB ] INIT mysql
[ info ] [ LANG ] C:\wwwroot\lanxi.yz360.com.cn\public/../application/api/lang/zh-cn/user.php
[ info ] [ RUN ] app\api\controller\User->myOrder[ C:\wwwroot\lanxi.yz360.com.cn\application\api\controller\User.php ]
[ info ] [ LOG ] INIT File
[ sql ] [ DB ] CONNECT:[ UseTime:0.000000s ] mysql:host=149.129.73.191;port=3306;dbname=lanxi_yz360;charset=utf8
[ sql ] [ SQL ] SHOW COLUMNS FROM `la_user_token` [ RunTime:0.046875s ]
[ sql ] [ SQL ] SELECT * FROM `la_user_token` WHERE  `token` = 'cf1ada0d0387496e617329a6f28f14ec363f39ad' LIMIT 1 [ RunTime:0.000000s ]
[ sql ] [ SQL ] SHOW COLUMNS FROM `la_user` [ RunTime:0.000000s ]
[ sql ] [ SQL ] SELECT * FROM `la_user` WHERE  `id` = 47 LIMIT 1 [ RunTime:0.015625s ]
[ sql ] [ SQL ] SELECT * FROM `la_user_token` WHERE  `token` = 'cf1ada0d0387496e617329a6f28f14ec363f39ad' LIMIT 1 [ RunTime:0.000000s ]
[ sql ] [ SQL ] SHOW COLUMNS FROM `la_order` [ RunTime:0.000000s ]
[ sql ] [ SQL ] SELECT * FROM `la_order` WHERE  `uid` = 47 LIMIT 0,10 [ RunTime:0.000000s ]
[ sql ] [ SQL ] SELECT COUNT(*) AS tp_count FROM `la_order` WHERE  `uid` = 47 LIMIT 1 [ RunTime:0.000000s ]
---------------------------------------------------------------
[ 2019-11-24T09:54:03+08:00 ] 61.158.146.159 POST lanxi.yz360.com.cn/index.php/api/user/allyNum
[运行时间：0.109375s] [吞吐率：9.14req/s] [内存消耗：2,839.47kb] [文件加载：128]
[ info ] [ BEHAVIOR ] Run Closure @app_init [ RunTime:0.000000s ]
[ info ] [ CACHE ] INIT File
[ info ] [ BEHAVIOR ] Run Closure @app_init [ RunTime:0.015625s ]
[ info ] [ LANG ] C:\wwwroot\lanxi.yz360.com.cn\thinkphp\lang\zh-cn.php
[ info ] [ ROUTE ] array (
  'type' => 'module',
  'module' => 
  array (
    0 => 'api',
    1 => 'user',
    2 => 'allyNum',
  ),
)
[ info ] [ HEADER ] array (
  'content-type' => 'application/x-www-form-urlencoded',
  'content-length' => '42',
  'user-agent' => 'Mozilla/5.0 (iPhone; CPU iPhone OS 13_2 like Mac OS X) AppleWebKit/605.1.15 (KHTML, like Gecko) Mobile/15E148 MicroMessenger/7.0.3(0x17000321) NetType/4G Language/zh_CN',
  'referer' => 'https://servicewechat.com/wxff51a687db71d678/5/page-frame.html',
  'host' => 'lanxi.yz360.com.cn',
  'accept-language' => 'zh-cn',
  'accept-encoding' => 'gzip, deflate, br',
  'accept' => 'application/json',
  'connection' => 'keep-alive',
)
[ info ] [ PARAM ] array (
  'token' => 'bad9c00e-6f3e-4bbf-831f-0a38823e3ea3',
)
[ info ] [ LANG ] C:\wwwroot\lanxi.yz360.com.cn\public/../application/api\lang\zh-cn.php
[ info ] [ BEHAVIOR ] Run app\common\behavior\Common @module_init [ RunTime:0.000000s ]
[ info ] [ TOKEN ] INIT Mysql
[ info ] [ DB ] INIT mysql
[ info ] [ LANG ] C:\wwwroot\lanxi.yz360.com.cn\public/../application/api/lang/zh-cn/user.php
[ info ] [ RUN ] app\api\controller\User->allyNum[ C:\wwwroot\lanxi.yz360.com.cn\application\api\controller\User.php ]
[ info ] [ LOG ] INIT File
[ sql ] [ DB ] CONNECT:[ UseTime:0.000000s ] mysql:host=149.129.73.191;port=3306;dbname=lanxi_yz360;charset=utf8
[ sql ] [ SQL ] SHOW COLUMNS FROM `la_user_token` [ RunTime:0.015625s ]
[ sql ] [ SQL ] SELECT * FROM `la_user_token` WHERE  `token` = 'cf1ada0d0387496e617329a6f28f14ec363f39ad' LIMIT 1 [ RunTime:0.000000s ]
[ sql ] [ SQL ] SHOW COLUMNS FROM `la_user` [ RunTime:0.000000s ]
[ sql ] [ SQL ] SELECT * FROM `la_user` WHERE  `id` = 47 LIMIT 1 [ RunTime:0.000000s ]
[ sql ] [ SQL ] SELECT * FROM `la_user_token` WHERE  `token` = 'cf1ada0d0387496e617329a6f28f14ec363f39ad' LIMIT 1 [ RunTime:0.000000s ]
[ sql ] [ SQL ] SELECT COUNT(*) AS tp_count FROM `la_user` WHERE  `first_leader` = 47 OR `second_leader` = 47  OR `third_leader` = 47 LIMIT 1 [ RunTime:0.000000s ]
[ sql ] [ SQL ] SELECT COUNT(*) AS tp_count FROM `la_user` WHERE  `first_leader` = 47 LIMIT 1 [ RunTime:0.000000s ]
[ sql ] [ SQL ] SELECT COUNT(*) AS tp_count FROM `la_user` WHERE  `second_leader` = 47 LIMIT 1 [ RunTime:0.000000s ]
[ sql ] [ SQL ] SELECT COUNT(*) AS tp_count FROM `la_user` WHERE  `third_leader` = 47 LIMIT 1 [ RunTime:0.000000s ]
---------------------------------------------------------------
[ 2019-11-24T09:54:04+08:00 ] 61.158.146.159 POST lanxi.yz360.com.cn/index.php/api/user/login
[运行时间：1.468750s] [吞吐率：0.68req/s] [内存消耗：2,855.41kb] [文件加载：128]
[ info ] [ BEHAVIOR ] Run Closure @app_init [ RunTime:0.000000s ]
[ info ] [ CACHE ] INIT File
[ info ] [ BEHAVIOR ] Run Closure @app_init [ RunTime:0.000000s ]
[ info ] [ LANG ] C:\wwwroot\lanxi.yz360.com.cn\thinkphp\lang\zh-cn.php
[ info ] [ ROUTE ] array (
  'type' => 'module',
  'module' => 
  array (
    0 => 'api',
    1 => 'user',
    2 => 'login',
  ),
)
[ info ] [ HEADER ] array (
  'content-type' => 'application/x-www-form-urlencoded',
  'content-length' => '37',
  'user-agent' => 'Mozilla/5.0 (iPhone; CPU iPhone OS 13_2 like Mac OS X) AppleWebKit/605.1.15 (KHTML, like Gecko) Mobile/15E148 MicroMessenger/7.0.3(0x17000321) NetType/4G Language/zh_CN',
  'referer' => 'https://servicewechat.com/wxff51a687db71d678/5/page-frame.html',
  'host' => 'lanxi.yz360.com.cn',
  'accept-language' => 'zh-cn',
  'accept-encoding' => 'gzip, deflate, br',
  'accept' => 'application/json',
  'connection' => 'keep-alive',
)
[ info ] [ PARAM ] array (
  'code' => '043ZAWFc234HPG0QSqIc2LwRFc2ZAWFU',
)
[ info ] [ LANG ] C:\wwwroot\lanxi.yz360.com.cn\public/../application/api\lang\zh-cn.php
[ info ] [ BEHAVIOR ] Run app\common\behavior\Common @module_init [ RunTime:0.000000s ]
[ info ] [ LANG ] C:\wwwroot\lanxi.yz360.com.cn\public/../application/api/lang/zh-cn/user.php
[ info ] [ RUN ] app\api\controller\User->login[ C:\wwwroot\lanxi.yz360.com.cn\application\api\controller\User.php ]
[ info ] [ DB ] INIT mysql
[ info ] [ TOKEN ] INIT Mysql
[ info ] [ LOG ] INIT File
[ sql ] [ DB ] CONNECT:[ UseTime:0.015625s ] mysql:host=149.129.73.191;port=3306;dbname=lanxi_yz360;charset=utf8
[ sql ] [ SQL ] SHOW COLUMNS FROM `la_user` [ RunTime:0.000000s ]
[ sql ] [ SQL ] SELECT * FROM `la_user` WHERE  `wxopenid` = 'otClL5Mg78NNAet1p3c8-UQm9LAo' LIMIT 1 [ RunTime:0.000000s ]
[ sql ] [ SQL ] SELECT * FROM `la_user` WHERE  `id` = 47 LIMIT 1 [ RunTime:0.000000s ]
[ sql ] [ SQL ] SHOW COLUMNS FROM `la_user_token` [ RunTime:0.015625s ]
[ sql ] [ SQL ] INSERT INTO `la_user_token` (`token` , `user_id` , `createtime` , `expiretime`) VALUES ('f10fac6f26ecf6407888b4e35b791b8c0abbbe6a' , 47 , 1574560444 , 1577152444) [ RunTime:0.000000s ]
[ sql ] [ SQL ] SELECT * FROM `la_user_token` WHERE  `token` = 'f10fac6f26ecf6407888b4e35b791b8c0abbbe6a' LIMIT 1 [ RunTime:0.000000s ]
---------------------------------------------------------------
[ 2019-11-24T10:21:35+08:00 ] 101.132.156.172 GET lanxi.yz360.com.cn/
[运行时间：0.171875s] [吞吐率：5.82req/s] [内存消耗：1,562.34kb] [文件加载：106]
[ info ] [ BEHAVIOR ] Run Closure @app_init [ RunTime:0.000000s ]
[ info ] [ CACHE ] INIT File
[ info ] [ BEHAVIOR ] Run Closure @app_init [ RunTime:0.000000s ]
[ info ] [ LANG ] C:\wwwroot\lanxi.yz360.com.cn\thinkphp\lang\zh-cn.php
[ info ] [ ROUTE ] array (
  'type' => 'module',
  'module' => 
  array (
    0 => '',
    1 => NULL,
    2 => NULL,
  ),
)
[ info ] [ HEADER ] array (
  'content-type' => '',
  'content-length' => '0',
  'user-agent' => 'Mozilla/5.0 (Linux; Android 4.1.1; Nexus 7 Build/JRO03D)',
  'host' => 'lanxi.yz360.com.cn',
  'accept-encoding' => 'gzip',
  'connection' => 'Keep-Alive',
)
[ info ] [ PARAM ] array (
)
[ info ] [ LOG ] INIT File
---------------------------------------------------------------
[ 2019-11-24T10:23:04+08:00 ] 137.226.113.28 GET www.shihuirensheng.com/
[运行时间：0.046875s] [吞吐率：21.33req/s] [内存消耗：1,562.52kb] [文件加载：106]
[ info ] [ BEHAVIOR ] Run Closure @app_init [ RunTime:0.000000s ]
[ info ] [ CACHE ] INIT File
[ info ] [ BEHAVIOR ] Run Closure @app_init [ RunTime:0.015625s ]
[ info ] [ LANG ] C:\wwwroot\lanxi.yz360.com.cn\thinkphp\lang\zh-cn.php
[ info ] [ ROUTE ] array (
  'type' => 'module',
  'module' => 
  array (
    0 => '',
    1 => NULL,
    2 => NULL,
  ),
)
[ info ] [ HEADER ] array (
  'content-type' => '',
  'content-length' => '0',
  'user-agent' => 'Mozilla/5.0 zgrab/0.x (compatible; Researchscan/t12ca; +http://researchscan.comsys.rwth-aachen.de)',
  'host' => 'www.shihuirensheng.com',
  'accept-encoding' => 'gzip',
  'accept' => '*/*',
)
[ info ] [ PARAM ] array (
)
[ info ] [ LOG ] INIT File
---------------------------------------------------------------
[ 2019-11-24T10:37:57+08:00 ] 34.220.55.82 GET sx13ehr.com/
[运行时间：0.046875s] [吞吐率：21.33req/s] [内存消耗：1,561.77kb] [文件加载：106]
[ info ] [ BEHAVIOR ] Run Closure @app_init [ RunTime:0.000000s ]
[ info ] [ CACHE ] INIT File
[ info ] [ BEHAVIOR ] Run Closure @app_init [ RunTime:0.000000s ]
[ info ] [ LANG ] C:\wwwroot\lanxi.yz360.com.cn\thinkphp\lang\zh-cn.php
[ info ] [ ROUTE ] array (
  'type' => 'module',
  'module' => 
  array (
    0 => '',
    1 => NULL,
    2 => NULL,
  ),
)
[ info ] [ HEADER ] array (
  'content-type' => '',
  'content-length' => '0',
  'user-agent' => 'Go-http-client/1.1',
  'host' => 'sx13ehr.com',
  'accept-encoding' => 'gzip',
)
[ info ] [ PARAM ] array (
)
[ info ] [ LOG ] INIT File
---------------------------------------------------------------
[ 2019-11-24T10:47:14+08:00 ] 207.46.13.16 GET www.kairuitek.com/
[运行时间：0.062500s] [吞吐率：16.00req/s] [内存消耗：1,563.51kb] [文件加载：106]
[ info ] [ BEHAVIOR ] Run Closure @app_init [ RunTime:0.000000s ]
[ info ] [ CACHE ] INIT File
[ info ] [ BEHAVIOR ] Run Closure @app_init [ RunTime:0.000000s ]
[ info ] [ LANG ] C:\wwwroot\lanxi.yz360.com.cn\thinkphp\lang\zh-cn.php
[ info ] [ ROUTE ] array (
  'type' => 'module',
  'module' => 
  array (
    0 => '',
    1 => NULL,
    2 => NULL,
  ),
)
[ info ] [ HEADER ] array (
  'content-type' => '',
  'content-length' => '0',
  'user-agent' => 'Mozilla/5.0 (compatible; bingbot/2.0; +http://www.bing.com/bingbot.htm)',
  'host' => 'www.kairuitek.com',
  'from' => 'bingbot(at)microsoft.com',
  'accept-encoding' => 'gzip, deflate',
  'accept' => '*/*',
  'pragma' => 'no-cache',
  'connection' => 'Keep-Alive',
  'cache-control' => 'no-cache',
)
[ info ] [ PARAM ] array (
)
[ info ] [ LOG ] INIT File
---------------------------------------------------------------
[ 2019-11-24T10:53:08+08:00 ] 47.101.187.231 GET www.tobro.cn/
[运行时间：0.062500s] [吞吐率：16.00req/s] [内存消耗：1,562.24kb] [文件加载：106]
[ info ] [ BEHAVIOR ] Run Closure @app_init [ RunTime:0.000000s ]
[ info ] [ CACHE ] INIT File
[ info ] [ BEHAVIOR ] Run Closure @app_init [ RunTime:0.000000s ]
[ info ] [ LANG ] C:\wwwroot\lanxi.yz360.com.cn\thinkphp\lang\zh-cn.php
[ info ] [ ROUTE ] array (
  'type' => 'module',
  'module' => 
  array (
    0 => '',
    1 => NULL,
    2 => NULL,
  ),
)
[ info ] [ HEADER ] array (
  'content-type' => '',
  'content-length' => '0',
  'user-agent' => 'Mozilla/5.0 (Linux; Android 4.1.1; Nexus 7 Build/JRO03D)',
  'host' => 'www.tobro.cn',
  'accept-encoding' => 'gzip',
  'connection' => 'Keep-Alive',
)
[ info ] [ PARAM ] array (
)
[ info ] [ LOG ] INIT File
---------------------------------------------------------------
[ 2019-11-24T10:53:29+08:00 ] 35.164.173.137 GET nynep.com/
[运行时间：0.046875s] [吞吐率：21.33req/s] [内存消耗：1,561.86kb] [文件加载：106]
[ info ] [ BEHAVIOR ] Run Closure @app_init [ RunTime:0.000000s ]
[ info ] [ CACHE ] INIT File
[ info ] [ BEHAVIOR ] Run Closure @app_init [ RunTime:0.000000s ]
[ info ] [ LANG ] C:\wwwroot\lanxi.yz360.com.cn\thinkphp\lang\zh-cn.php
[ info ] [ ROUTE ] array (
  'type' => 'module',
  'module' => 
  array (
    0 => '',
    1 => NULL,
    2 => NULL,
  ),
)
[ info ] [ HEADER ] array (
  'content-type' => '',
  'content-length' => '0',
  'user-agent' => 'Go-http-client/1.1',
  'host' => 'nynep.com',
  'accept-encoding' => 'gzip',
)
[ info ] [ PARAM ] array (
)
[ info ] [ LOG ] INIT File
---------------------------------------------------------------
[ 2019-11-24T10:54:29+08:00 ] 47.101.177.228 GET nyzxjy.com/
[运行时间：0.046875s] [吞吐率：21.33req/s] [内存消耗：1,562.35kb] [文件加载：106]
[ info ] [ BEHAVIOR ] Run Closure @app_init [ RunTime:0.000000s ]
[ info ] [ CACHE ] INIT File
[ info ] [ BEHAVIOR ] Run Closure @app_init [ RunTime:0.015625s ]
[ info ] [ LANG ] C:\wwwroot\lanxi.yz360.com.cn\thinkphp\lang\zh-cn.php
[ info ] [ ROUTE ] array (
  'type' => 'module',
  'module' => 
  array (
    0 => '',
    1 => NULL,
    2 => NULL,
  ),
)
[ info ] [ HEADER ] array (
  'content-type' => '',
  'content-length' => '0',
  'user-agent' => 'Mozilla/5.0 (Linux; Android 4.1.1; Nexus 7 Build/JRO03D)',
  'host' => 'nyzxjy.com',
  'accept-encoding' => 'gzip',
  'connection' => 'Keep-Alive',
)
[ info ] [ PARAM ] array (
)
[ info ] [ LOG ] INIT File
---------------------------------------------------------------
[ 2019-11-24T11:45:19+08:00 ] 52.89.180.181 GET yjzp1.com/
[运行时间：0.046875s] [吞吐率：21.33req/s] [内存消耗：1,561.76kb] [文件加载：106]
[ info ] [ BEHAVIOR ] Run Closure @app_init [ RunTime:0.000000s ]
[ info ] [ CACHE ] INIT File
[ info ] [ BEHAVIOR ] Run Closure @app_init [ RunTime:0.000000s ]
[ info ] [ LANG ] C:\wwwroot\lanxi.yz360.com.cn\thinkphp\lang\zh-cn.php
[ info ] [ ROUTE ] array (
  'type' => 'module',
  'module' => 
  array (
    0 => '',
    1 => NULL,
    2 => NULL,
  ),
)
[ info ] [ HEADER ] array (
  'content-type' => '',
  'content-length' => '0',
  'user-agent' => 'Go-http-client/1.1',
  'host' => 'yjzp1.com',
  'accept-encoding' => 'gzip',
)
[ info ] [ PARAM ] array (
)
[ info ] [ LOG ] INIT File
---------------------------------------------------------------
[ 2019-11-24T11:57:29+08:00 ] 184.105.139.70 GET 149.129.73.191/
[运行时间：0.062500s] [吞吐率：16.00req/s] [内存消耗：1,561.38kb] [文件加载：106]
[ info ] [ BEHAVIOR ] Run Closure @app_init [ RunTime:0.000000s ]
[ info ] [ CACHE ] INIT File
[ info ] [ BEHAVIOR ] Run Closure @app_init [ RunTime:0.000000s ]
[ info ] [ LANG ] C:\wwwroot\lanxi.yz360.com.cn\thinkphp\lang\zh-cn.php
[ info ] [ ROUTE ] array (
  'type' => 'module',
  'module' => 
  array (
    0 => '',
    1 => NULL,
    2 => NULL,
  ),
)
[ info ] [ HEADER ] array (
  'content-type' => '',
  'content-length' => '0',
  'host' => '149.129.73.191',
)
[ info ] [ PARAM ] array (
)
[ info ] [ LOG ] INIT File
---------------------------------------------------------------
[ 2019-11-24T11:59:25+08:00 ] 207.46.13.31 GET www.nyytyy.com/
[运行时间：0.046875s] [吞吐率：21.33req/s] [内存消耗：1,563.55kb] [文件加载：106]
[ info ] [ BEHAVIOR ] Run Closure @app_init [ RunTime:0.000000s ]
[ info ] [ CACHE ] INIT File
[ info ] [ BEHAVIOR ] Run Closure @app_init [ RunTime:0.000000s ]
[ info ] [ LANG ] C:\wwwroot\lanxi.yz360.com.cn\thinkphp\lang\zh-cn.php
[ info ] [ ROUTE ] array (
  'type' => 'module',
  'module' => 
  array (
    0 => '',
    1 => NULL,
    2 => NULL,
  ),
)
[ info ] [ HEADER ] array (
  'content-type' => '',
  'content-length' => '0',
  'user-agent' => 'Mozilla/5.0 (compatible; bingbot/2.0; +http://www.bing.com/bingbot.htm)',
  'host' => 'www.nyytyy.com',
  'from' => 'bingbot(at)microsoft.com',
  'accept-encoding' => 'gzip, deflate',
  'accept' => '*/*',
  'pragma' => 'no-cache',
  'connection' => 'Keep-Alive',
  'cache-control' => 'no-cache',
)
[ info ] [ PARAM ] array (
)
[ info ] [ LOG ] INIT File
---------------------------------------------------------------
[ 2019-11-24T13:20:17+08:00 ] 137.226.113.27 GET www.shihuirensheng.com/
[运行时间：0.062500s] [吞吐率：16.00req/s] [内存消耗：1,562.49kb] [文件加载：106]
[ info ] [ BEHAVIOR ] Run Closure @app_init [ RunTime:0.000000s ]
[ info ] [ CACHE ] INIT File
[ info ] [ BEHAVIOR ] Run Closure @app_init [ RunTime:0.000000s ]
[ info ] [ LANG ] C:\wwwroot\lanxi.yz360.com.cn\thinkphp\lang\zh-cn.php
[ info ] [ ROUTE ] array (
  'type' => 'module',
  'module' => 
  array (
    0 => '',
    1 => NULL,
    2 => NULL,
  ),
)
[ info ] [ HEADER ] array (
  'content-type' => '',
  'content-length' => '0',
  'user-agent' => 'Mozilla/5.0 zgrab/0.x (compatible; Researchscan/t12sns; +http://researchscan.comsys.rwth-aachen.de)',
  'host' => 'www.shihuirensheng.com',
  'accept-encoding' => 'gzip',
  'accept' => '*/*',
)
[ info ] [ PARAM ] array (
)
[ info ] [ LOG ] INIT File
---------------------------------------------------------------
[ 2019-11-24T15:46:09+08:00 ] 207.46.13.16 GET www.kairuitek.com/
[运行时间：0.203125s] [吞吐率：4.92req/s] [内存消耗：1,563.51kb] [文件加载：106]
[ info ] [ BEHAVIOR ] Run Closure @app_init [ RunTime:0.000000s ]
[ info ] [ CACHE ] INIT File
[ info ] [ BEHAVIOR ] Run Closure @app_init [ RunTime:0.015625s ]
[ info ] [ LANG ] C:\wwwroot\lanxi.yz360.com.cn\thinkphp\lang\zh-cn.php
[ info ] [ ROUTE ] array (
  'type' => 'module',
  'module' => 
  array (
    0 => '',
    1 => NULL,
    2 => NULL,
  ),
)
[ info ] [ HEADER ] array (
  'content-type' => '',
  'content-length' => '0',
  'user-agent' => 'Mozilla/5.0 (compatible; bingbot/2.0; +http://www.bing.com/bingbot.htm)',
  'host' => 'www.kairuitek.com',
  'from' => 'bingbot(at)microsoft.com',
  'accept-encoding' => 'gzip, deflate',
  'accept' => '*/*',
  'pragma' => 'no-cache',
  'connection' => 'Keep-Alive',
  'cache-control' => 'no-cache',
)
[ info ] [ PARAM ] array (
)
[ info ] [ LOG ] INIT File
---------------------------------------------------------------
[ 2019-11-24T16:07:46+08:00 ] 52.33.215.144 GET nyxmbexy.com/
[运行时间：0.046875s] [吞吐率：21.33req/s] [内存消耗：1,561.77kb] [文件加载：106]
[ info ] [ BEHAVIOR ] Run Closure @app_init [ RunTime:0.000000s ]
[ info ] [ CACHE ] INIT File
[ info ] [ BEHAVIOR ] Run Closure @app_init [ RunTime:0.000000s ]
[ info ] [ LANG ] C:\wwwroot\lanxi.yz360.com.cn\thinkphp\lang\zh-cn.php
[ info ] [ ROUTE ] array (
  'type' => 'module',
  'module' => 
  array (
    0 => '',
    1 => NULL,
    2 => NULL,
  ),
)
[ info ] [ HEADER ] array (
  'content-type' => '',
  'content-length' => '0',
  'user-agent' => 'Go-http-client/1.1',
  'host' => 'nyxmbexy.com',
  'accept-encoding' => 'gzip',
)
[ info ] [ PARAM ] array (
)
[ info ] [ LOG ] INIT File
---------------------------------------------------------------
[ 2019-11-24T17:13:46+08:00 ] 137.226.113.28 GET www.furuijiayigui.com/
[运行时间：0.046875s] [吞吐率：21.33req/s] [内存消耗：1,562.49kb] [文件加载：106]
[ info ] [ BEHAVIOR ] Run Closure @app_init [ RunTime:0.000000s ]
[ info ] [ CACHE ] INIT File
[ info ] [ BEHAVIOR ] Run Closure @app_init [ RunTime:0.000000s ]
[ info ] [ LANG ] C:\wwwroot\lanxi.yz360.com.cn\thinkphp\lang\zh-cn.php
[ info ] [ ROUTE ] array (
  'type' => 'module',
  'module' => 
  array (
    0 => '',
    1 => NULL,
    2 => NULL,
  ),
)
[ info ] [ HEADER ] array (
  'content-type' => '',
  'content-length' => '0',
  'user-agent' => 'Mozilla/5.0 zgrab/0.x (compatible; Researchscan/t12ca; +http://researchscan.comsys.rwth-aachen.de)',
  'host' => 'www.furuijiayigui.com',
  'accept-encoding' => 'gzip',
  'accept' => '*/*',
)
[ info ] [ PARAM ] array (
)
[ info ] [ LOG ] INIT File
---------------------------------------------------------------
[ 2019-11-24T17:15:26+08:00 ] 157.55.39.11 GET www.nyytyy.com/
[运行时间：0.046875s] [吞吐率：21.33req/s] [内存消耗：1,563.55kb] [文件加载：106]
[ info ] [ BEHAVIOR ] Run Closure @app_init [ RunTime:0.000000s ]
[ info ] [ CACHE ] INIT File
[ info ] [ BEHAVIOR ] Run Closure @app_init [ RunTime:0.015625s ]
[ info ] [ LANG ] C:\wwwroot\lanxi.yz360.com.cn\thinkphp\lang\zh-cn.php
[ info ] [ ROUTE ] array (
  'type' => 'module',
  'module' => 
  array (
    0 => '',
    1 => NULL,
    2 => NULL,
  ),
)
[ info ] [ HEADER ] array (
  'content-type' => '',
  'content-length' => '0',
  'user-agent' => 'Mozilla/5.0 (compatible; bingbot/2.0; +http://www.bing.com/bingbot.htm)',
  'host' => 'www.nyytyy.com',
  'from' => 'bingbot(at)microsoft.com',
  'accept-encoding' => 'gzip, deflate',
  'accept' => '*/*',
  'pragma' => 'no-cache',
  'connection' => 'Keep-Alive',
  'cache-control' => 'no-cache',
)
[ info ] [ PARAM ] array (
)
[ info ] [ LOG ] INIT File
---------------------------------------------------------------
[ 2019-11-24T17:33:33+08:00 ] 137.226.113.27 GET www.nyyiren.com/
[运行时间：0.046875s] [吞吐率：21.33req/s] [内存消耗：1,562.57kb] [文件加载：106]
[ info ] [ BEHAVIOR ] Run Closure @app_init [ RunTime:0.000000s ]
[ info ] [ CACHE ] INIT File
[ info ] [ BEHAVIOR ] Run Closure @app_init [ RunTime:0.000000s ]
[ info ] [ LANG ] C:\wwwroot\lanxi.yz360.com.cn\thinkphp\lang\zh-cn.php
[ info ] [ ROUTE ] array (
  'type' => 'module',
  'module' => 
  array (
    0 => '',
    1 => NULL,
    2 => NULL,
  ),
)
[ info ] [ HEADER ] array (
  'content-type' => '',
  'content-length' => '0',
  'user-agent' => 'Mozilla/5.0 zgrab/0.x (compatible; Researchscan/t12ca; +http://researchscan.comsys.rwth-aachen.de)',
  'host' => 'www.nyyiren.com',
  'accept-encoding' => 'gzip',
  'accept' => '*/*',
)
[ info ] [ PARAM ] array (
)
[ info ] [ LOG ] INIT File
---------------------------------------------------------------
[ 2019-11-24T17:47:41+08:00 ] 137.226.113.27 GET www.nyytyy.com/
[运行时间：0.046875s] [吞吐率：21.33req/s] [内存消耗：1,562.57kb] [文件加载：106]
[ info ] [ BEHAVIOR ] Run Closure @app_init [ RunTime:0.000000s ]
[ info ] [ CACHE ] INIT File
[ info ] [ BEHAVIOR ] Run Closure @app_init [ RunTime:0.000000s ]
[ info ] [ LANG ] C:\wwwroot\lanxi.yz360.com.cn\thinkphp\lang\zh-cn.php
[ info ] [ ROUTE ] array (
  'type' => 'module',
  'module' => 
  array (
    0 => '',
    1 => NULL,
    2 => NULL,
  ),
)
[ info ] [ HEADER ] array (
  'content-type' => '',
  'content-length' => '0',
  'user-agent' => 'Mozilla/5.0 zgrab/0.x (compatible; Researchscan/t12ca; +http://researchscan.comsys.rwth-aachen.de)',
  'host' => 'www.nyytyy.com',
  'accept-encoding' => 'gzip',
  'accept' => '*/*',
)
[ info ] [ PARAM ] array (
)
[ info ] [ LOG ] INIT File
---------------------------------------------------------------
[ 2019-11-24T18:53:09+08:00 ] 69.164.220.111 GET 149.129.73.191/
[运行时间：0.062500s] [吞吐率：16.00req/s] [内存消耗：1,562.18kb] [文件加载：106]
[ info ] [ BEHAVIOR ] Run Closure @app_init [ RunTime:0.000000s ]
[ info ] [ CACHE ] INIT File
[ info ] [ BEHAVIOR ] Run Closure @app_init [ RunTime:0.000000s ]
[ info ] [ LANG ] C:\wwwroot\lanxi.yz360.com.cn\thinkphp\lang\zh-cn.php
[ info ] [ ROUTE ] array (
  'type' => 'module',
  'module' => 
  array (
    0 => '',
    1 => NULL,
    2 => NULL,
  ),
)
[ info ] [ HEADER ] array (
  'content-type' => '',
  'content-length' => '0',
  'user-agent' => 'Mozilla/5.0 zgrab/0.x',
  'host' => '149.129.73.191',
  'accept-encoding' => 'gzip',
  'accept' => '*/*',
)
[ info ] [ PARAM ] array (
)
[ info ] [ LOG ] INIT File
---------------------------------------------------------------
[ 2019-11-24T20:50:21+08:00 ] 137.226.113.28 GET www.yjzp1.com/
[运行时间：0.046875s] [吞吐率：21.33req/s] [内存消耗：1,562.57kb] [文件加载：106]
[ info ] [ BEHAVIOR ] Run Closure @app_init [ RunTime:0.000000s ]
[ info ] [ CACHE ] INIT File
[ info ] [ BEHAVIOR ] Run Closure @app_init [ RunTime:0.000000s ]
[ info ] [ LANG ] C:\wwwroot\lanxi.yz360.com.cn\thinkphp\lang\zh-cn.php
[ info ] [ ROUTE ] array (
  'type' => 'module',
  'module' => 
  array (
    0 => '',
    1 => NULL,
    2 => NULL,
  ),
)
[ info ] [ HEADER ] array (
  'content-type' => '',
  'content-length' => '0',
  'user-agent' => 'Mozilla/5.0 zgrab/0.x (compatible; Researchscan/t12ca; +http://researchscan.comsys.rwth-aachen.de)',
  'host' => 'www.yjzp1.com',
  'accept-encoding' => 'gzip',
  'accept' => '*/*',
)
[ info ] [ PARAM ] array (
)
[ info ] [ LOG ] INIT File
---------------------------------------------------------------
[ 2019-11-24T20:59:50+08:00 ] 34.215.176.136 GET kairuitek.com/
[运行时间：0.062500s] [吞吐率：16.00req/s] [内存消耗：1,561.77kb] [文件加载：106]
[ info ] [ BEHAVIOR ] Run Closure @app_init [ RunTime:0.000000s ]
[ info ] [ CACHE ] INIT File
[ info ] [ BEHAVIOR ] Run Closure @app_init [ RunTime:0.000000s ]
[ info ] [ LANG ] C:\wwwroot\lanxi.yz360.com.cn\thinkphp\lang\zh-cn.php
[ info ] [ ROUTE ] array (
  'type' => 'module',
  'module' => 
  array (
    0 => '',
    1 => NULL,
    2 => NULL,
  ),
)
[ info ] [ HEADER ] array (
  'content-type' => '',
  'content-length' => '0',
  'user-agent' => 'Go-http-client/1.1',
  'host' => 'kairuitek.com',
  'accept-encoding' => 'gzip',
)
[ info ] [ PARAM ] array (
)
[ info ] [ LOG ] INIT File
---------------------------------------------------------------
[ 2019-11-24T21:41:44+08:00 ] 47.98.103.147 GET www.yjzp1.com/
[运行时间：0.046875s] [吞吐率：21.33req/s] [内存消耗：1,562.41kb] [文件加载：106]
[ info ] [ BEHAVIOR ] Run Closure @app_init [ RunTime:0.000000s ]
[ info ] [ CACHE ] INIT File
[ info ] [ BEHAVIOR ] Run Closure @app_init [ RunTime:0.000000s ]
[ info ] [ LANG ] C:\wwwroot\lanxi.yz360.com.cn\thinkphp\lang\zh-cn.php
[ info ] [ ROUTE ] array (
  'type' => 'module',
  'module' => 
  array (
    0 => '',
    1 => NULL,
    2 => NULL,
  ),
)
[ info ] [ HEADER ] array (
  'content-type' => '',
  'content-length' => '0',
  'user-agent' => 'Mozilla/5.0 (X11; Ubuntu; Linux x86_64; rv:36.0) Gecko/20100101 Firefox/36.0',
  'host' => 'www.yjzp1.com',
  'accept-encoding' => 'gzip',
  'connection' => 'Keep-Alive',
)
[ info ] [ PARAM ] array (
)
[ info ] [ LOG ] INIT File
---------------------------------------------------------------
[ 2019-11-24T22:11:15+08:00 ] 137.226.113.28 GET www.nyyiren.com/
[运行时间：0.062500s] [吞吐率：16.00req/s] [内存消耗：1,562.57kb] [文件加载：106]
[ info ] [ BEHAVIOR ] Run Closure @app_init [ RunTime:0.000000s ]
[ info ] [ CACHE ] INIT File
[ info ] [ BEHAVIOR ] Run Closure @app_init [ RunTime:0.000000s ]
[ info ] [ LANG ] C:\wwwroot\lanxi.yz360.com.cn\thinkphp\lang\zh-cn.php
[ info ] [ ROUTE ] array (
  'type' => 'module',
  'module' => 
  array (
    0 => '',
    1 => NULL,
    2 => NULL,
  ),
)
[ info ] [ HEADER ] array (
  'content-type' => '',
  'content-length' => '0',
  'user-agent' => 'Mozilla/5.0 zgrab/0.x (compatible; Researchscan/t12sns; +http://researchscan.comsys.rwth-aachen.de)',
  'host' => 'www.nyyiren.com',
  'accept-encoding' => 'gzip',
  'accept' => '*/*',
)
[ info ] [ PARAM ] array (
)
[ info ] [ LOG ] INIT File
---------------------------------------------------------------
[ 2019-11-24T22:31:21+08:00 ] 137.226.113.28 GET www.nyytyy.com/
[运行时间：0.046875s] [吞吐率：21.33req/s] [内存消耗：1,562.57kb] [文件加载：106]
[ info ] [ BEHAVIOR ] Run Closure @app_init [ RunTime:0.000000s ]
[ info ] [ CACHE ] INIT File
[ info ] [ BEHAVIOR ] Run Closure @app_init [ RunTime:0.015625s ]
[ info ] [ LANG ] C:\wwwroot\lanxi.yz360.com.cn\thinkphp\lang\zh-cn.php
[ info ] [ ROUTE ] array (
  'type' => 'module',
  'module' => 
  array (
    0 => '',
    1 => NULL,
    2 => NULL,
  ),
)
[ info ] [ HEADER ] array (
  'content-type' => '',
  'content-length' => '0',
  'user-agent' => 'Mozilla/5.0 zgrab/0.x (compatible; Researchscan/t12sns; +http://researchscan.comsys.rwth-aachen.de)',
  'host' => 'www.nyytyy.com',
  'accept-encoding' => 'gzip',
  'accept' => '*/*',
)
[ info ] [ PARAM ] array (
)
[ info ] [ LOG ] INIT File
---------------------------------------------------------------
[ 2019-11-24T23:45:03+08:00 ] 101.132.154.84 GET www.nyyiren.com/
[运行时间：0.046875s] [吞吐率：21.33req/s] [内存消耗：1,562.40kb] [文件加载：106]
[ info ] [ BEHAVIOR ] Run Closure @app_init [ RunTime:0.000000s ]
[ info ] [ CACHE ] INIT File
[ info ] [ BEHAVIOR ] Run Closure @app_init [ RunTime:0.000000s ]
[ info ] [ LANG ] C:\wwwroot\lanxi.yz360.com.cn\thinkphp\lang\zh-cn.php
[ info ] [ ROUTE ] array (
  'type' => 'module',
  'module' => 
  array (
    0 => '',
    1 => NULL,
    2 => NULL,
  ),
)
[ info ] [ HEADER ] array (
  'content-type' => '',
  'content-length' => '0',
  'user-agent' => 'Mozilla/5.0 (X11; Ubuntu; Linux x86_64; rv:36.0) Gecko/20100101 Firefox/36.0',
  'host' => 'www.nyyiren.com',
  'accept-encoding' => 'gzip',
  'connection' => 'Keep-Alive',
)
[ info ] [ PARAM ] array (
)
[ info ] [ LOG ] INIT File
