---------------------------------------------------------------
[ 2019-11-30T01:00:35+08:00 ] 52.41.211.72 HEAD musicexmination.com/
[运行时间：0.046875s] [吞吐率：21.33req/s] [内存消耗：1,561.56kb] [文件加载：106]
[ info ] [ BEHAVIOR ] Run Closure @app_init [ RunTime:0.000000s ]
[ info ] [ CACHE ] INIT File
[ info ] [ BEHAVIOR ] Run Closure @app_init [ RunTime:0.000000s ]
[ info ] [ LANG ] C:\wwwroot\lanxi.yz360.com.cn\thinkphp\lang\zh-cn.php
[ info ] [ ROUTE ] array (
  'type' => 'module',
  'module' => 
  array (
    0 => '',
    1 => NULL,
    2 => NULL,
  ),
)
[ info ] [ HEADER ] array (
  'content-type' => '',
  'content-length' => '0',
  'user-agent' => 'Go-http-client/1.1',
  'host' => 'musicexmination.com',
)
[ info ] [ PARAM ] array (
)
[ info ] [ LOG ] INIT File
---------------------------------------------------------------
[ 2019-11-30T01:13:53+08:00 ] 18.224.169.139 GET nyzxjy.com/
[运行时间：0.062500s] [吞吐率：16.00req/s] [内存消耗：1,550.07kb] [文件加载：105]
[ info ] [ BEHAVIOR ] Run Closure @app_init [ RunTime:0.000000s ]
[ info ] [ CACHE ] INIT File
[ info ] [ BEHAVIOR ] Run Closure @app_init [ RunTime:0.000000s ]
[ info ] [ ROUTE ] array (
  'type' => 'module',
  'module' => 
  array (
    0 => '',
    1 => NULL,
    2 => NULL,
  ),
)
[ info ] [ HEADER ] array (
  'content-type' => '',
  'content-length' => '0',
  'user-agent' => 'Mozilla/5.0 (X11; Linux x86_64) AppleWebKit/537.36 (KHTML, like Gecko) Chrome/75.0.3770.142 Safari/537.36',
  'host' => 'nyzxjy.com',
  'accept-language' => 'en',
  'accept-encoding' => 'gzip, deflate',
  'accept' => 'text/html',
  'connection' => 'keep-alive',
)
[ info ] [ PARAM ] array (
)
[ info ] [ LOG ] INIT File
---------------------------------------------------------------
[ 2019-11-30T01:13:53+08:00 ] 18.224.169.139 GET www.nyzxjy.com/
[运行时间：0.062500s] [吞吐率：16.00req/s] [内存消耗：1,550.07kb] [文件加载：105]
[ info ] [ BEHAVIOR ] Run Closure @app_init [ RunTime:0.000000s ]
[ info ] [ CACHE ] INIT File
[ info ] [ BEHAVIOR ] Run Closure @app_init [ RunTime:0.000000s ]
[ info ] [ ROUTE ] array (
  'type' => 'module',
  'module' => 
  array (
    0 => '',
    1 => NULL,
    2 => NULL,
  ),
)
[ info ] [ HEADER ] array (
  'content-type' => '',
  'content-length' => '0',
  'user-agent' => 'Mozilla/5.0 (X11; Linux x86_64) AppleWebKit/537.36 (KHTML, like Gecko) Chrome/75.0.3770.142 Safari/537.36',
  'host' => 'www.nyzxjy.com',
  'accept-language' => 'en',
  'accept-encoding' => 'gzip, deflate',
  'accept' => 'text/html',
  'connection' => 'keep-alive',
)
[ info ] [ PARAM ] array (
)
[ info ] [ LOG ] INIT File
---------------------------------------------------------------
[ 2019-11-30T01:13:54+08:00 ] 18.224.169.139 GET nyzxjy.com/
[运行时间：0.046875s] [吞吐率：21.33req/s] [内存消耗：1,564.29kb] [文件加载：106]
[ info ] [ BEHAVIOR ] Run Closure @app_init [ RunTime:0.000000s ]
[ info ] [ CACHE ] INIT File
[ info ] [ BEHAVIOR ] Run Closure @app_init [ RunTime:0.000000s ]
[ info ] [ LANG ] C:\wwwroot\lanxi.yz360.com.cn\thinkphp\lang\zh-cn.php
[ info ] [ ROUTE ] array (
  'type' => 'module',
  'module' => 
  array (
    0 => '',
    1 => NULL,
    2 => NULL,
  ),
)
[ info ] [ HEADER ] array (
  'content-type' => '',
  'content-length' => '0',
  'sec-fetch-mode' => 'navigate',
  'sec-fetch-site' => 'none',
  'sec-fetch-user' => '?1',
  'upgrade-insecure-requests' => '1',
  'user-agent' => 'Mozilla/5.0 (X11; Linux x86_64) AppleWebKit/537.36 (KHTML, like Gecko) Chrome/75.0.3770.142 Safari/537.36',
  'host' => 'nyzxjy.com',
  'accept-encoding' => 'gzip, deflate, br',
  'accept' => 'text/html,application/xhtml+xml,application/xml;q=0.9,image/webp,image/apng,*/*;q=0.8,application/signed-exchange;v=b3',
  'connection' => 'keep-alive',
)
[ info ] [ PARAM ] array (
)
[ info ] [ LOG ] INIT File
---------------------------------------------------------------
[ 2019-11-30T01:40:25+08:00 ] 207.46.13.219 GET www.kairuitek.com/
[运行时间：0.046875s] [吞吐率：21.33req/s] [内存消耗：1,563.51kb] [文件加载：106]
[ info ] [ BEHAVIOR ] Run Closure @app_init [ RunTime:0.000000s ]
[ info ] [ CACHE ] INIT File
[ info ] [ BEHAVIOR ] Run Closure @app_init [ RunTime:0.000000s ]
[ info ] [ LANG ] C:\wwwroot\lanxi.yz360.com.cn\thinkphp\lang\zh-cn.php
[ info ] [ ROUTE ] array (
  'type' => 'module',
  'module' => 
  array (
    0 => '',
    1 => NULL,
    2 => NULL,
  ),
)
[ info ] [ HEADER ] array (
  'content-type' => '',
  'content-length' => '0',
  'user-agent' => 'Mozilla/5.0 (compatible; bingbot/2.0; +http://www.bing.com/bingbot.htm)',
  'host' => 'www.kairuitek.com',
  'from' => 'bingbot(at)microsoft.com',
  'accept-encoding' => 'gzip, deflate',
  'accept' => '*/*',
  'pragma' => 'no-cache',
  'connection' => 'Keep-Alive',
  'cache-control' => 'no-cache',
)
[ info ] [ PARAM ] array (
)
[ info ] [ LOG ] INIT File
---------------------------------------------------------------
[ 2019-11-30T01:48:17+08:00 ] 209.17.96.242 GET hnhzlhhr.com/
[运行时间：0.046875s] [吞吐率：21.33req/s] [内存消耗：1,561.82kb] [文件加载：106]
[ info ] [ BEHAVIOR ] Run Closure @app_init [ RunTime:0.000000s ]
[ info ] [ CACHE ] INIT File
[ info ] [ BEHAVIOR ] Run Closure @app_init [ RunTime:0.000000s ]
[ info ] [ LANG ] C:\wwwroot\lanxi.yz360.com.cn\thinkphp\lang\zh-cn.php
[ info ] [ ROUTE ] array (
  'type' => 'module',
  'module' => 
  array (
    0 => '',
    1 => NULL,
    2 => NULL,
  ),
)
[ info ] [ HEADER ] array (
  'content-type' => '',
  'content-length' => '0',
  'user-agent' => 'Mozilla/5.0 (compatible; Nimbostratus-Bot/v1.3.2; http://cloudsystemnetworks.com)',
  'host' => 'hnhzlhhr.com',
)
[ info ] [ PARAM ] array (
)
[ info ] [ LOG ] INIT File
---------------------------------------------------------------
[ 2019-11-30T02:00:27+08:00 ] 209.17.96.18 GET duandajun.cn/
[运行时间：0.046875s] [吞吐率：21.33req/s] [内存消耗：1,561.82kb] [文件加载：106]
[ info ] [ BEHAVIOR ] Run Closure @app_init [ RunTime:0.000000s ]
[ info ] [ CACHE ] INIT File
[ info ] [ BEHAVIOR ] Run Closure @app_init [ RunTime:0.000000s ]
[ info ] [ LANG ] C:\wwwroot\lanxi.yz360.com.cn\thinkphp\lang\zh-cn.php
[ info ] [ ROUTE ] array (
  'type' => 'module',
  'module' => 
  array (
    0 => '',
    1 => NULL,
    2 => NULL,
  ),
)
[ info ] [ HEADER ] array (
  'content-type' => '',
  'content-length' => '0',
  'user-agent' => 'Mozilla/5.0 (compatible; Nimbostratus-Bot/v1.3.2; http://cloudsystemnetworks.com)',
  'host' => 'duandajun.cn',
)
[ info ] [ PARAM ] array (
)
[ info ] [ LOG ] INIT File
---------------------------------------------------------------
[ 2019-11-30T02:48:00+08:00 ] 207.46.13.78 GET www.nyytyy.com/
[运行时间：0.062500s] [吞吐率：16.00req/s] [内存消耗：1,563.48kb] [文件加载：106]
[ info ] [ BEHAVIOR ] Run Closure @app_init [ RunTime:0.000000s ]
[ info ] [ CACHE ] INIT File
[ info ] [ BEHAVIOR ] Run Closure @app_init [ RunTime:0.000000s ]
[ info ] [ LANG ] C:\wwwroot\lanxi.yz360.com.cn\thinkphp\lang\zh-cn.php
[ info ] [ ROUTE ] array (
  'type' => 'module',
  'module' => 
  array (
    0 => '',
    1 => NULL,
    2 => NULL,
  ),
)
[ info ] [ HEADER ] array (
  'content-type' => '',
  'content-length' => '0',
  'user-agent' => 'Mozilla/5.0 (compatible; bingbot/2.0; +http://www.bing.com/bingbot.htm)',
  'host' => 'www.nyytyy.com',
  'from' => 'bingbot(at)microsoft.com',
  'accept-encoding' => 'gzip, deflate',
  'accept' => '*/*',
  'pragma' => 'no-cache',
  'connection' => 'Keep-Alive',
  'cache-control' => 'no-cache',
)
[ info ] [ PARAM ] array (
)
[ info ] [ LOG ] INIT File
---------------------------------------------------------------
[ 2019-11-30T02:52:14+08:00 ] 47.97.216.82 GET www.nyzxjy.com/
[运行时间：0.046875s] [吞吐率：21.33req/s] [内存消耗：1,562.30kb] [文件加载：106]
[ info ] [ BEHAVIOR ] Run Closure @app_init [ RunTime:0.000000s ]
[ info ] [ CACHE ] INIT File
[ info ] [ BEHAVIOR ] Run Closure @app_init [ RunTime:0.000000s ]
[ info ] [ LANG ] C:\wwwroot\lanxi.yz360.com.cn\thinkphp\lang\zh-cn.php
[ info ] [ ROUTE ] array (
  'type' => 'module',
  'module' => 
  array (
    0 => '',
    1 => NULL,
    2 => NULL,
  ),
)
[ info ] [ HEADER ] array (
  'content-type' => '',
  'content-length' => '0',
  'user-agent' => 'Mozilla/5.0 (X11; Ubuntu; Linux x86_64; rv:36.0) Gecko/20100101 Firefox/36.0',
  'host' => 'www.nyzxjy.com',
  'accept-encoding' => 'gzip',
  'connection' => 'Keep-Alive',
)
[ info ] [ PARAM ] array (
)
[ info ] [ LOG ] INIT File
---------------------------------------------------------------
[ 2019-11-30T03:03:04+08:00 ] 159.203.201.103 GET 149.129.73.191/
[运行时间：0.062500s] [吞吐率：16.00req/s] [内存消耗：1,562.18kb] [文件加载：106]
[ info ] [ BEHAVIOR ] Run Closure @app_init [ RunTime:0.000000s ]
[ info ] [ CACHE ] INIT File
[ info ] [ BEHAVIOR ] Run Closure @app_init [ RunTime:0.000000s ]
[ info ] [ LANG ] C:\wwwroot\lanxi.yz360.com.cn\thinkphp\lang\zh-cn.php
[ info ] [ ROUTE ] array (
  'type' => 'module',
  'module' => 
  array (
    0 => '',
    1 => NULL,
    2 => NULL,
  ),
)
[ info ] [ HEADER ] array (
  'content-type' => '',
  'content-length' => '0',
  'user-agent' => 'Mozilla/5.0 zgrab/0.x',
  'host' => '149.129.73.191',
  'accept-encoding' => 'gzip',
  'accept' => '*/*',
)
[ info ] [ PARAM ] array (
)
[ info ] [ LOG ] INIT File
---------------------------------------------------------------
[ 2019-11-30T04:10:39+08:00 ] 47.100.8.254 GET pa.yz360.cc/
[运行时间：0.062500s] [吞吐率：16.00req/s] [内存消耗：1,562.40kb] [文件加载：106]
[ info ] [ BEHAVIOR ] Run Closure @app_init [ RunTime:0.000000s ]
[ info ] [ CACHE ] INIT File
[ info ] [ BEHAVIOR ] Run Closure @app_init [ RunTime:0.000000s ]
[ info ] [ LANG ] C:\wwwroot\lanxi.yz360.com.cn\thinkphp\lang\zh-cn.php
[ info ] [ ROUTE ] array (
  'type' => 'module',
  'module' => 
  array (
    0 => '',
    1 => NULL,
    2 => NULL,
  ),
)
[ info ] [ HEADER ] array (
  'content-type' => '',
  'content-length' => '0',
  'user-agent' => 'Mozilla/5.0 (X11; Ubuntu; Linux x86_64; rv:36.0) Gecko/20100101 Firefox/36.0',
  'host' => 'pa.yz360.cc',
  'accept-encoding' => 'gzip',
  'connection' => 'Keep-Alive',
)
[ info ] [ PARAM ] array (
)
[ info ] [ LOG ] INIT File
---------------------------------------------------------------
[ 2019-11-30T05:02:36+08:00 ] 183.60.141.184 GET 149.129.73.191/
[运行时间：0.046875s] [吞吐率：21.33req/s] [内存消耗：1,561.91kb] [文件加载：106]
[ info ] [ BEHAVIOR ] Run Closure @app_init [ RunTime:0.000000s ]
[ info ] [ CACHE ] INIT File
[ info ] [ BEHAVIOR ] Run Closure @app_init [ RunTime:0.000000s ]
[ info ] [ LANG ] C:\wwwroot\lanxi.yz360.com.cn\thinkphp\lang\zh-cn.php
[ info ] [ ROUTE ] array (
  'type' => 'module',
  'module' => 
  array (
    0 => '',
    1 => NULL,
    2 => NULL,
  ),
)
[ info ] [ HEADER ] array (
  'content-type' => '',
  'content-length' => '0',
  'user-agent' => 'Mozilla/5.0',
  'host' => '149.129.73.191',
  'accept-encoding' => 'gzip',
)
[ info ] [ PARAM ] array (
)
[ info ] [ LOG ] INIT File
---------------------------------------------------------------
[ 2019-11-30T05:38:38+08:00 ] 128.14.134.134 GET 149.129.73.191/
[运行时间：0.062500s] [吞吐率：16.00req/s] [内存消耗：1,562.45kb] [文件加载：106]
[ info ] [ BEHAVIOR ] Run Closure @app_init [ RunTime:0.000000s ]
[ info ] [ CACHE ] INIT File
[ info ] [ BEHAVIOR ] Run Closure @app_init [ RunTime:0.000000s ]
[ info ] [ LANG ] C:\wwwroot\lanxi.yz360.com.cn\thinkphp\lang\zh-cn.php
[ info ] [ ROUTE ] array (
  'type' => 'module',
  'module' => 
  array (
    0 => '',
    1 => NULL,
    2 => NULL,
  ),
)
[ info ] [ HEADER ] array (
  'content-type' => '',
  'content-length' => '0',
  'user-agent' => 'Mozilla/5.0 (Windows NT 10.0; Win64; x64) AppleWebKit/537.36 (KHTML, like Gecko) Chrome/60.0.3112.113 Safari/537.36',
  'host' => '149.129.73.191',
  'accept-encoding' => 'gzip',
  'accept' => '*/*',
)
[ info ] [ PARAM ] array (
)
[ info ] [ LOG ] INIT File
---------------------------------------------------------------
[ 2019-11-30T05:58:21+08:00 ] 137.226.113.26 GET www.nyytyy.com/
[运行时间：0.046875s] [吞吐率：21.33req/s] [内存消耗：1,562.57kb] [文件加载：106]
[ info ] [ BEHAVIOR ] Run Closure @app_init [ RunTime:0.000000s ]
[ info ] [ CACHE ] INIT File
[ info ] [ BEHAVIOR ] Run Closure @app_init [ RunTime:0.015625s ]
[ info ] [ LANG ] C:\wwwroot\lanxi.yz360.com.cn\thinkphp\lang\zh-cn.php
[ info ] [ ROUTE ] array (
  'type' => 'module',
  'module' => 
  array (
    0 => '',
    1 => NULL,
    2 => NULL,
  ),
)
[ info ] [ HEADER ] array (
  'content-type' => '',
  'content-length' => '0',
  'user-agent' => 'Mozilla/5.0 zgrab/0.x (compatible; Researchscan/t12sns; +http://researchscan.comsys.rwth-aachen.de)',
  'host' => 'www.nyytyy.com',
  'accept-encoding' => 'gzip',
  'accept' => '*/*',
)
[ info ] [ PARAM ] array (
)
[ info ] [ LOG ] INIT File
---------------------------------------------------------------
[ 2019-11-30T06:00:20+08:00 ] 137.226.113.27 GET www.nyytyy.com/
[运行时间：0.046875s] [吞吐率：21.33req/s] [内存消耗：1,562.34kb] [文件加载：106]
[ info ] [ BEHAVIOR ] Run Closure @app_init [ RunTime:0.000000s ]
[ info ] [ CACHE ] INIT File
[ info ] [ BEHAVIOR ] Run Closure @app_init [ RunTime:0.015625s ]
[ info ] [ LANG ] C:\wwwroot\lanxi.yz360.com.cn\thinkphp\lang\zh-cn.php
[ info ] [ ROUTE ] array (
  'type' => 'module',
  'module' => 
  array (
    0 => '',
    1 => NULL,
    2 => NULL,
  ),
)
[ info ] [ HEADER ] array (
  'content-type' => '',
  'content-length' => '0',
  'user-agent' => 'Mozilla/5.0 zgrab/0.x (compatible; Researchscan/t12ca; +http://researchscan.comsys.rwth-aachen.de)',
  'host' => 'www.nyytyy.com',
  'accept-encoding' => 'gzip',
  'accept' => '*/*',
)
[ info ] [ PARAM ] array (
)
[ info ] [ LOG ] INIT File
---------------------------------------------------------------
[ 2019-11-30T06:04:52+08:00 ] 137.226.113.26 GET www.nyxmbexy.com/
[运行时间：0.046875s] [吞吐率：21.33req/s] [内存消耗：1,562.50kb] [文件加载：106]
[ info ] [ BEHAVIOR ] Run Closure @app_init [ RunTime:0.000000s ]
[ info ] [ CACHE ] INIT File
[ info ] [ BEHAVIOR ] Run Closure @app_init [ RunTime:0.000000s ]
[ info ] [ LANG ] C:\wwwroot\lanxi.yz360.com.cn\thinkphp\lang\zh-cn.php
[ info ] [ ROUTE ] array (
  'type' => 'module',
  'module' => 
  array (
    0 => '',
    1 => NULL,
    2 => NULL,
  ),
)
[ info ] [ HEADER ] array (
  'content-type' => '',
  'content-length' => '0',
  'user-agent' => 'Mozilla/5.0 zgrab/0.x (compatible; Researchscan/t12sns; +http://researchscan.comsys.rwth-aachen.de)',
  'host' => 'www.nyxmbexy.com',
  'accept-encoding' => 'gzip',
  'accept' => '*/*',
)
[ info ] [ PARAM ] array (
)
[ info ] [ LOG ] INIT File
---------------------------------------------------------------
[ 2019-11-30T06:09:04+08:00 ] 137.226.113.27 GET www.nyxmbexy.com/
[运行时间：0.046875s] [吞吐率：21.33req/s] [内存消耗：1,562.50kb] [文件加载：106]
[ info ] [ BEHAVIOR ] Run Closure @app_init [ RunTime:0.000000s ]
[ info ] [ CACHE ] INIT File
[ info ] [ BEHAVIOR ] Run Closure @app_init [ RunTime:0.000000s ]
[ info ] [ LANG ] C:\wwwroot\lanxi.yz360.com.cn\thinkphp\lang\zh-cn.php
[ info ] [ ROUTE ] array (
  'type' => 'module',
  'module' => 
  array (
    0 => '',
    1 => NULL,
    2 => NULL,
  ),
)
[ info ] [ HEADER ] array (
  'content-type' => '',
  'content-length' => '0',
  'user-agent' => 'Mozilla/5.0 zgrab/0.x (compatible; Researchscan/t12ca; +http://researchscan.comsys.rwth-aachen.de)',
  'host' => 'www.nyxmbexy.com',
  'accept-encoding' => 'gzip',
  'accept' => '*/*',
)
[ info ] [ PARAM ] array (
)
[ info ] [ LOG ] INIT File
---------------------------------------------------------------
[ 2019-11-30T06:59:48+08:00 ] 209.17.96.122 GET dingshangwenhua.com/
[运行时间：0.046875s] [吞吐率：21.33req/s] [内存消耗：1,561.84kb] [文件加载：106]
[ info ] [ BEHAVIOR ] Run Closure @app_init [ RunTime:0.000000s ]
[ info ] [ CACHE ] INIT File
[ info ] [ BEHAVIOR ] Run Closure @app_init [ RunTime:0.000000s ]
[ info ] [ LANG ] C:\wwwroot\lanxi.yz360.com.cn\thinkphp\lang\zh-cn.php
[ info ] [ ROUTE ] array (
  'type' => 'module',
  'module' => 
  array (
    0 => '',
    1 => NULL,
    2 => NULL,
  ),
)
[ info ] [ HEADER ] array (
  'content-type' => '',
  'content-length' => '0',
  'user-agent' => 'Mozilla/5.0 (compatible; Nimbostratus-Bot/v1.3.2; http://cloudsystemnetworks.com)',
  'host' => 'dingshangwenhua.com',
)
[ info ] [ PARAM ] array (
)
[ info ] [ LOG ] INIT File
---------------------------------------------------------------
[ 2019-11-30T07:10:07+08:00 ] 209.17.97.74 GET nyzxjy.com/
[运行时间：0.046875s] [吞吐率：21.33req/s] [内存消耗：1,561.84kb] [文件加载：106]
[ info ] [ BEHAVIOR ] Run Closure @app_init [ RunTime:0.000000s ]
[ info ] [ CACHE ] INIT File
[ info ] [ BEHAVIOR ] Run Closure @app_init [ RunTime:0.015625s ]
[ info ] [ LANG ] C:\wwwroot\lanxi.yz360.com.cn\thinkphp\lang\zh-cn.php
[ info ] [ ROUTE ] array (
  'type' => 'module',
  'module' => 
  array (
    0 => '',
    1 => NULL,
    2 => NULL,
  ),
)
[ info ] [ HEADER ] array (
  'content-type' => '',
  'content-length' => '0',
  'user-agent' => 'Mozilla/5.0 (compatible; Nimbostratus-Bot/v1.3.2; http://cloudsystemnetworks.com)',
  'host' => 'nyzxjy.com',
)
[ info ] [ PARAM ] array (
)
[ info ] [ LOG ] INIT File
---------------------------------------------------------------
[ 2019-11-30T07:55:35+08:00 ] 47.98.104.239 GET www.nyxmbexy.com/
[运行时间：0.046875s] [吞吐率：21.33req/s] [内存消耗：1,562.41kb] [文件加载：106]
[ info ] [ BEHAVIOR ] Run Closure @app_init [ RunTime:0.000000s ]
[ info ] [ CACHE ] INIT File
[ info ] [ BEHAVIOR ] Run Closure @app_init [ RunTime:0.000000s ]
[ info ] [ LANG ] C:\wwwroot\lanxi.yz360.com.cn\thinkphp\lang\zh-cn.php
[ info ] [ ROUTE ] array (
  'type' => 'module',
  'module' => 
  array (
    0 => '',
    1 => NULL,
    2 => NULL,
  ),
)
[ info ] [ HEADER ] array (
  'content-type' => '',
  'content-length' => '0',
  'user-agent' => 'Mozilla/5.0 (X11; Ubuntu; Linux x86_64; rv:36.0) Gecko/20100101 Firefox/36.0',
  'host' => 'www.nyxmbexy.com',
  'accept-encoding' => 'gzip',
  'connection' => 'Keep-Alive',
)
[ info ] [ PARAM ] array (
)
[ info ] [ LOG ] INIT File
---------------------------------------------------------------
[ 2019-11-30T08:52:37+08:00 ] 106.14.115.254 GET dingshangwenhua.com/
[运行时间：0.046875s] [吞吐率：21.33req/s] [内存消耗：1,562.41kb] [文件加载：106]
[ info ] [ BEHAVIOR ] Run Closure @app_init [ RunTime:0.000000s ]
[ info ] [ CACHE ] INIT File
[ info ] [ BEHAVIOR ] Run Closure @app_init [ RunTime:0.000000s ]
[ info ] [ LANG ] C:\wwwroot\lanxi.yz360.com.cn\thinkphp\lang\zh-cn.php
[ info ] [ ROUTE ] array (
  'type' => 'module',
  'module' => 
  array (
    0 => '',
    1 => NULL,
    2 => NULL,
  ),
)
[ info ] [ HEADER ] array (
  'content-type' => '',
  'content-length' => '0',
  'user-agent' => 'Mozilla/5.0 (X11; Ubuntu; Linux x86_64; rv:36.0) Gecko/20100101 Firefox/36.0',
  'host' => 'dingshangwenhua.com',
  'accept-encoding' => 'gzip',
  'connection' => 'Keep-Alive',
)
[ info ] [ PARAM ] array (
)
[ info ] [ LOG ] INIT File
---------------------------------------------------------------
[ 2019-11-30T09:37:35+08:00 ] 209.17.96.42 GET musicexmination.com/
[运行时间：0.046875s] [吞吐率：21.33req/s] [内存消耗：1,561.84kb] [文件加载：106]
[ info ] [ BEHAVIOR ] Run Closure @app_init [ RunTime:0.000000s ]
[ info ] [ CACHE ] INIT File
[ info ] [ BEHAVIOR ] Run Closure @app_init [ RunTime:0.000000s ]
[ info ] [ LANG ] C:\wwwroot\lanxi.yz360.com.cn\thinkphp\lang\zh-cn.php
[ info ] [ ROUTE ] array (
  'type' => 'module',
  'module' => 
  array (
    0 => '',
    1 => NULL,
    2 => NULL,
  ),
)
[ info ] [ HEADER ] array (
  'content-type' => '',
  'content-length' => '0',
  'user-agent' => 'Mozilla/5.0 (compatible; Nimbostratus-Bot/v1.3.2; http://cloudsystemnetworks.com)',
  'host' => 'musicexmination.com',
)
[ info ] [ PARAM ] array (
)
[ info ] [ LOG ] INIT File
---------------------------------------------------------------
[ 2019-11-30T09:38:40+08:00 ] 137.226.113.26 GET www.nytyqc.com/
[运行时间：0.046875s] [吞吐率：21.33req/s] [内存消耗：1,562.34kb] [文件加载：106]
[ info ] [ BEHAVIOR ] Run Closure @app_init [ RunTime:0.000000s ]
[ info ] [ CACHE ] INIT File
[ info ] [ BEHAVIOR ] Run Closure @app_init [ RunTime:0.000000s ]
[ info ] [ LANG ] C:\wwwroot\lanxi.yz360.com.cn\thinkphp\lang\zh-cn.php
[ info ] [ ROUTE ] array (
  'type' => 'module',
  'module' => 
  array (
    0 => '',
    1 => NULL,
    2 => NULL,
  ),
)
[ info ] [ HEADER ] array (
  'content-type' => '',
  'content-length' => '0',
  'user-agent' => 'Mozilla/5.0 zgrab/0.x (compatible; Researchscan/t12ca; +http://researchscan.comsys.rwth-aachen.de)',
  'host' => 'www.nytyqc.com',
  'accept-encoding' => 'gzip',
  'accept' => '*/*',
)
[ info ] [ PARAM ] array (
)
[ info ] [ LOG ] INIT File
---------------------------------------------------------------
[ 2019-11-30T09:50:18+08:00 ] 137.226.113.27 GET www.nytyqc.com/
[运行时间：0.046875s] [吞吐率：21.33req/s] [内存消耗：1,562.57kb] [文件加载：106]
[ info ] [ BEHAVIOR ] Run Closure @app_init [ RunTime:0.000000s ]
[ info ] [ CACHE ] INIT File
[ info ] [ BEHAVIOR ] Run Closure @app_init [ RunTime:0.000000s ]
[ info ] [ LANG ] C:\wwwroot\lanxi.yz360.com.cn\thinkphp\lang\zh-cn.php
[ info ] [ ROUTE ] array (
  'type' => 'module',
  'module' => 
  array (
    0 => '',
    1 => NULL,
    2 => NULL,
  ),
)
[ info ] [ HEADER ] array (
  'content-type' => '',
  'content-length' => '0',
  'user-agent' => 'Mozilla/5.0 zgrab/0.x (compatible; Researchscan/t12sns; +http://researchscan.comsys.rwth-aachen.de)',
  'host' => 'www.nytyqc.com',
  'accept-encoding' => 'gzip',
  'accept' => '*/*',
)
[ info ] [ PARAM ] array (
)
[ info ] [ LOG ] INIT File
---------------------------------------------------------------
[ 2019-11-30T10:18:37+08:00 ] 142.11.239.69 GET 149.129.73.191:443/
[运行时间：0.046875s] [吞吐率：21.33req/s] [内存消耗：1,562.09kb] [文件加载：106]
[ info ] [ BEHAVIOR ] Run Closure @app_init [ RunTime:0.000000s ]
[ info ] [ CACHE ] INIT File
[ info ] [ BEHAVIOR ] Run Closure @app_init [ RunTime:0.000000s ]
[ info ] [ LANG ] C:\wwwroot\lanxi.yz360.com.cn\thinkphp\lang\zh-cn.php
[ info ] [ ROUTE ] array (
  'type' => 'module',
  'module' => 
  array (
    0 => '',
    1 => NULL,
    2 => NULL,
  ),
)
[ info ] [ HEADER ] array (
  'content-type' => '',
  'content-length' => '0',
  'user-agent' => 'libwww-perl/6.05',
  'te' => 'deflate,gzip;q=0.3',
  'host' => '149.129.73.191:443',
  'connection' => 'TE, close',
)
[ info ] [ PARAM ] array (
)
[ info ] [ LOG ] INIT File
---------------------------------------------------------------
[ 2019-11-30T11:19:04+08:00 ] 209.17.96.42 GET furuijiayigui.com/
[运行时间：0.046875s] [吞吐率：21.33req/s] [内存消耗：1,561.83kb] [文件加载：106]
[ info ] [ BEHAVIOR ] Run Closure @app_init [ RunTime:0.000000s ]
[ info ] [ CACHE ] INIT File
[ info ] [ BEHAVIOR ] Run Closure @app_init [ RunTime:0.000000s ]
[ info ] [ LANG ] C:\wwwroot\lanxi.yz360.com.cn\thinkphp\lang\zh-cn.php
[ info ] [ ROUTE ] array (
  'type' => 'module',
  'module' => 
  array (
    0 => '',
    1 => NULL,
    2 => NULL,
  ),
)
[ info ] [ HEADER ] array (
  'content-type' => '',
  'content-length' => '0',
  'user-agent' => 'Mozilla/5.0 (compatible; Nimbostratus-Bot/v1.3.2; http://cloudsystemnetworks.com)',
  'host' => 'furuijiayigui.com',
)
[ info ] [ PARAM ] array (
)
[ info ] [ LOG ] INIT File
---------------------------------------------------------------
[ 2019-11-30T11:59:35+08:00 ] 113.204.227.124 GET www.nyyiren.com/
[运行时间：0.046875s] [吞吐率：21.33req/s] [内存消耗：1,563.62kb] [文件加载：106]
[ info ] [ BEHAVIOR ] Run Closure @app_init [ RunTime:0.000000s ]
[ info ] [ CACHE ] INIT File
[ info ] [ BEHAVIOR ] Run Closure @app_init [ RunTime:0.000000s ]
[ info ] [ LANG ] C:\wwwroot\lanxi.yz360.com.cn\thinkphp\lang\zh-cn.php
[ info ] [ ROUTE ] array (
  'type' => 'module',
  'module' => 
  array (
    0 => '',
    1 => NULL,
    2 => NULL,
  ),
)
[ info ] [ HEADER ] array (
  'content-type' => '',
  'content-length' => '0',
  'user-agent' => 'Mozilla/5.0(Linux;U;Android 5.1.1;zh-CN;OPPO A33 Build/LMY47V) AppleWebKit/537.36(KHTML,like Gecko) Version/4.0 Chrome/40.0.2214.89 UCBrowser/11.7.0.953 Mobile Safari/537.36',
  'host' => 'www.nyyiren.com',
  'accept-language' => 'zh-CN,zh;q=0.9',
  'accept-encoding' => 'gzip,deflate',
  'accept' => 'text/html,application/xhtml+xml,application/xml;q=0.9,*/*;q=0.8',
  'connection' => 'Close',
)
[ info ] [ PARAM ] array (
)
[ info ] [ LOG ] INIT File
---------------------------------------------------------------
[ 2019-11-30T12:11:16+08:00 ] 209.17.96.234 GET 518xueche.com/
[运行时间：0.062500s] [吞吐率：16.00req/s] [内存消耗：1,561.82kb] [文件加载：106]
[ info ] [ BEHAVIOR ] Run Closure @app_init [ RunTime:0.000000s ]
[ info ] [ CACHE ] INIT File
[ info ] [ BEHAVIOR ] Run Closure @app_init [ RunTime:0.000000s ]
[ info ] [ LANG ] C:\wwwroot\lanxi.yz360.com.cn\thinkphp\lang\zh-cn.php
[ info ] [ ROUTE ] array (
  'type' => 'module',
  'module' => 
  array (
    0 => '',
    1 => NULL,
    2 => NULL,
  ),
)
[ info ] [ HEADER ] array (
  'content-type' => '',
  'content-length' => '0',
  'user-agent' => 'Mozilla/5.0 (compatible; Nimbostratus-Bot/v1.3.2; http://cloudsystemnetworks.com)',
  'host' => '518xueche.com',
)
[ info ] [ PARAM ] array (
)
[ info ] [ LOG ] INIT File
---------------------------------------------------------------
[ 2019-11-30T13:00:31+08:00 ] 207.46.13.219 GET www.kairuitek.com/
[运行时间：0.046875s] [吞吐率：21.33req/s] [内存消耗：1,563.51kb] [文件加载：106]
[ info ] [ BEHAVIOR ] Run Closure @app_init [ RunTime:0.000000s ]
[ info ] [ CACHE ] INIT File
[ info ] [ BEHAVIOR ] Run Closure @app_init [ RunTime:0.000000s ]
[ info ] [ LANG ] C:\wwwroot\lanxi.yz360.com.cn\thinkphp\lang\zh-cn.php
[ info ] [ ROUTE ] array (
  'type' => 'module',
  'module' => 
  array (
    0 => '',
    1 => NULL,
    2 => NULL,
  ),
)
[ info ] [ HEADER ] array (
  'content-type' => '',
  'content-length' => '0',
  'user-agent' => 'Mozilla/5.0 (compatible; bingbot/2.0; +http://www.bing.com/bingbot.htm)',
  'host' => 'www.kairuitek.com',
  'from' => 'bingbot(at)microsoft.com',
  'accept-encoding' => 'gzip, deflate',
  'accept' => '*/*',
  'pragma' => 'no-cache',
  'connection' => 'Keep-Alive',
  'cache-control' => 'no-cache',
)
[ info ] [ PARAM ] array (
)
[ info ] [ LOG ] INIT File
---------------------------------------------------------------
[ 2019-11-30T13:40:44+08:00 ] 137.226.113.28 GET www.nynep.com/
[运行时间：0.062500s] [吞吐率：16.00req/s] [内存消耗：1,562.57kb] [文件加载：106]
[ info ] [ BEHAVIOR ] Run Closure @app_init [ RunTime:0.000000s ]
[ info ] [ CACHE ] INIT File
[ info ] [ BEHAVIOR ] Run Closure @app_init [ RunTime:0.000000s ]
[ info ] [ LANG ] C:\wwwroot\lanxi.yz360.com.cn\thinkphp\lang\zh-cn.php
[ info ] [ ROUTE ] array (
  'type' => 'module',
  'module' => 
  array (
    0 => '',
    1 => NULL,
    2 => NULL,
  ),
)
[ info ] [ HEADER ] array (
  'content-type' => '',
  'content-length' => '0',
  'user-agent' => 'Mozilla/5.0 zgrab/0.x (compatible; Researchscan/t12ca; +http://researchscan.comsys.rwth-aachen.de)',
  'host' => 'www.nynep.com',
  'accept-encoding' => 'gzip',
  'accept' => '*/*',
)
[ info ] [ PARAM ] array (
)
[ info ] [ LOG ] INIT File
---------------------------------------------------------------
[ 2019-11-30T14:12:34+08:00 ] 40.77.167.39 GET www.nyytyy.com/
[运行时间：0.062500s] [吞吐率：16.00req/s] [内存消耗：1,563.48kb] [文件加载：106]
[ info ] [ BEHAVIOR ] Run Closure @app_init [ RunTime:0.000000s ]
[ info ] [ CACHE ] INIT File
[ info ] [ BEHAVIOR ] Run Closure @app_init [ RunTime:0.000000s ]
[ info ] [ LANG ] C:\wwwroot\lanxi.yz360.com.cn\thinkphp\lang\zh-cn.php
[ info ] [ ROUTE ] array (
  'type' => 'module',
  'module' => 
  array (
    0 => '',
    1 => NULL,
    2 => NULL,
  ),
)
[ info ] [ HEADER ] array (
  'content-type' => '',
  'content-length' => '0',
  'user-agent' => 'Mozilla/5.0 (compatible; bingbot/2.0; +http://www.bing.com/bingbot.htm)',
  'host' => 'www.nyytyy.com',
  'from' => 'bingbot(at)microsoft.com',
  'accept-encoding' => 'gzip, deflate',
  'accept' => '*/*',
  'pragma' => 'no-cache',
  'connection' => 'Keep-Alive',
  'cache-control' => 'no-cache',
)
[ info ] [ PARAM ] array (
)
[ info ] [ LOG ] INIT File
---------------------------------------------------------------
[ 2019-11-30T14:34:55+08:00 ] 137.226.113.27 GET www.nynep.com/
[运行时间：0.046875s] [吞吐率：21.33req/s] [内存消耗：1,562.57kb] [文件加载：106]
[ info ] [ BEHAVIOR ] Run Closure @app_init [ RunTime:0.000000s ]
[ info ] [ CACHE ] INIT File
[ info ] [ BEHAVIOR ] Run Closure @app_init [ RunTime:0.000000s ]
[ info ] [ LANG ] C:\wwwroot\lanxi.yz360.com.cn\thinkphp\lang\zh-cn.php
[ info ] [ ROUTE ] array (
  'type' => 'module',
  'module' => 
  array (
    0 => '',
    1 => NULL,
    2 => NULL,
  ),
)
[ info ] [ HEADER ] array (
  'content-type' => '',
  'content-length' => '0',
  'user-agent' => 'Mozilla/5.0 zgrab/0.x (compatible; Researchscan/t12sns; +http://researchscan.comsys.rwth-aachen.de)',
  'host' => 'www.nynep.com',
  'accept-encoding' => 'gzip',
  'accept' => '*/*',
)
[ info ] [ PARAM ] array (
)
[ info ] [ LOG ] INIT File
---------------------------------------------------------------
[ 2019-11-30T14:44:47+08:00 ] 5.196.87.172 GET nyyiren.com/
[运行时间：0.062500s] [吞吐率：16.00req/s] [内存消耗：1,562.25kb] [文件加载：106]
[ info ] [ BEHAVIOR ] Run Closure @app_init [ RunTime:0.000000s ]
[ info ] [ CACHE ] INIT File
[ info ] [ BEHAVIOR ] Run Closure @app_init [ RunTime:0.000000s ]
[ info ] [ LANG ] C:\wwwroot\lanxi.yz360.com.cn\thinkphp\lang\zh-cn.php
[ info ] [ ROUTE ] array (
  'type' => 'module',
  'module' => 
  array (
    0 => '',
    1 => NULL,
    2 => NULL,
  ),
)
[ info ] [ HEADER ] array (
  'content-type' => '',
  'content-length' => '0',
  'user-agent' => 'Mozilla/5.0 (compatible; AhrefsBot/6.1; +http://ahrefs.com/robot/)',
  'host' => 'nyyiren.com',
  'accept-encoding' => 'deflate, gzip',
  'accept' => '*/*',
)
[ info ] [ PARAM ] array (
)
[ info ] [ LOG ] INIT File
---------------------------------------------------------------
[ 2019-11-30T14:56:18+08:00 ] 47.101.157.170 GET www.kairuitek.com/
[运行时间：0.046875s] [吞吐率：21.33req/s] [内存消耗：1,562.41kb] [文件加载：106]
[ info ] [ BEHAVIOR ] Run Closure @app_init [ RunTime:0.000000s ]
[ info ] [ CACHE ] INIT File
[ info ] [ BEHAVIOR ] Run Closure @app_init [ RunTime:0.015625s ]
[ info ] [ LANG ] C:\wwwroot\lanxi.yz360.com.cn\thinkphp\lang\zh-cn.php
[ info ] [ ROUTE ] array (
  'type' => 'module',
  'module' => 
  array (
    0 => '',
    1 => NULL,
    2 => NULL,
  ),
)
[ info ] [ HEADER ] array (
  'content-type' => '',
  'content-length' => '0',
  'user-agent' => 'Mozilla/5.0 (X11; Ubuntu; Linux x86_64; rv:36.0) Gecko/20100101 Firefox/36.0',
  'host' => 'www.kairuitek.com',
  'accept-encoding' => 'gzip',
  'connection' => 'Keep-Alive',
)
[ info ] [ PARAM ] array (
)
[ info ] [ LOG ] INIT File
---------------------------------------------------------------
[ 2019-11-30T15:06:33+08:00 ] 54.187.52.42 GET addaojia.com/
[运行时间：0.062500s] [吞吐率：16.00req/s] [内存消耗：1,561.77kb] [文件加载：106]
[ info ] [ BEHAVIOR ] Run Closure @app_init [ RunTime:0.000000s ]
[ info ] [ CACHE ] INIT File
[ info ] [ BEHAVIOR ] Run Closure @app_init [ RunTime:0.000000s ]
[ info ] [ LANG ] C:\wwwroot\lanxi.yz360.com.cn\thinkphp\lang\zh-cn.php
[ info ] [ ROUTE ] array (
  'type' => 'module',
  'module' => 
  array (
    0 => '',
    1 => NULL,
    2 => NULL,
  ),
)
[ info ] [ HEADER ] array (
  'content-type' => '',
  'content-length' => '0',
  'user-agent' => 'Go-http-client/1.1',
  'host' => 'addaojia.com',
  'accept-encoding' => 'gzip',
)
[ info ] [ PARAM ] array (
)
[ info ] [ LOG ] INIT File
---------------------------------------------------------------
[ 2019-11-30T16:26:22+08:00 ] 60.191.38.77 GET www.nyzxjy.com/
[运行时间：0.046875s] [吞吐率：21.33req/s] [内存消耗：1,562.28kb] [文件加载：106]
[ info ] [ BEHAVIOR ] Run Closure @app_init [ RunTime:0.000000s ]
[ info ] [ CACHE ] INIT File
[ info ] [ BEHAVIOR ] Run Closure @app_init [ RunTime:0.000000s ]
[ info ] [ LANG ] C:\wwwroot\lanxi.yz360.com.cn\thinkphp\lang\zh-cn.php
[ info ] [ ROUTE ] array (
  'type' => 'module',
  'module' => 
  array (
    0 => '',
    1 => NULL,
    2 => NULL,
  ),
)
[ info ] [ HEADER ] array (
  'content-type' => '',
  'content-length' => '0',
  'user-agent' => 'Mozilla/5.0 (Macintosh; Intel Mac OS X 10.11; rv:47.0) Gecko/20100101 Firefox/47.0',
  'host' => 'www.nyzxjy.com',
  'accept' => '*/*',
  'connection' => 'keep-alive',
)
[ info ] [ PARAM ] array (
)
[ info ] [ LOG ] INIT File
---------------------------------------------------------------
[ 2019-11-30T16:54:37+08:00 ] 92.118.160.13 GET 149.129.73.191:443/
[运行时间：0.046875s] [吞吐率：21.33req/s] [内存消耗：1,562.05kb] [文件加载：106]
[ info ] [ BEHAVIOR ] Run Closure @app_init [ RunTime:0.000000s ]
[ info ] [ CACHE ] INIT File
[ info ] [ BEHAVIOR ] Run Closure @app_init [ RunTime:0.000000s ]
[ info ] [ LANG ] C:\wwwroot\lanxi.yz360.com.cn\thinkphp\lang\zh-cn.php
[ info ] [ ROUTE ] array (
  'type' => 'module',
  'module' => 
  array (
    0 => '',
    1 => NULL,
    2 => NULL,
  ),
)
[ info ] [ HEADER ] array (
  'content-type' => '',
  'content-length' => '0',
  'user-agent' => 'NetSystemsResearch studies the availability of various services across the internet. Our website is netsystemsresearch.com',
  'host' => '149.129.73.191:443',
)
[ info ] [ PARAM ] array (
)
[ info ] [ LOG ] INIT File
---------------------------------------------------------------
[ 2019-11-30T17:22:26+08:00 ] 209.17.97.2 GET duandajun.net/
[运行时间：0.046875s] [吞吐率：21.33req/s] [内存消耗：1,561.82kb] [文件加载：106]
[ info ] [ BEHAVIOR ] Run Closure @app_init [ RunTime:0.000000s ]
[ info ] [ CACHE ] INIT File
[ info ] [ BEHAVIOR ] Run Closure @app_init [ RunTime:0.015625s ]
[ info ] [ LANG ] C:\wwwroot\lanxi.yz360.com.cn\thinkphp\lang\zh-cn.php
[ info ] [ ROUTE ] array (
  'type' => 'module',
  'module' => 
  array (
    0 => '',
    1 => NULL,
    2 => NULL,
  ),
)
[ info ] [ HEADER ] array (
  'content-type' => '',
  'content-length' => '0',
  'user-agent' => 'Mozilla/5.0 (compatible; Nimbostratus-Bot/v1.3.2; http://cloudsystemnetworks.com)',
  'host' => 'duandajun.net',
)
[ info ] [ PARAM ] array (
)
[ info ] [ LOG ] INIT File
---------------------------------------------------------------
[ 2019-11-30T17:29:43+08:00 ] 209.17.96.242 GET sx13ehr.com/
[运行时间：0.046875s] [吞吐率：21.33req/s] [内存消耗：1,561.84kb] [文件加载：106]
[ info ] [ BEHAVIOR ] Run Closure @app_init [ RunTime:0.000000s ]
[ info ] [ CACHE ] INIT File
[ info ] [ BEHAVIOR ] Run Closure @app_init [ RunTime:0.000000s ]
[ info ] [ LANG ] C:\wwwroot\lanxi.yz360.com.cn\thinkphp\lang\zh-cn.php
[ info ] [ ROUTE ] array (
  'type' => 'module',
  'module' => 
  array (
    0 => '',
    1 => NULL,
    2 => NULL,
  ),
)
[ info ] [ HEADER ] array (
  'content-type' => '',
  'content-length' => '0',
  'user-agent' => 'Mozilla/5.0 (compatible; Nimbostratus-Bot/v1.3.2; http://cloudsystemnetworks.com)',
  'host' => 'sx13ehr.com',
)
[ info ] [ PARAM ] array (
)
[ info ] [ LOG ] INIT File
---------------------------------------------------------------
[ 2019-11-30T17:31:00+08:00 ] 209.17.96.10 GET nytyqc.com/
[运行时间：0.031250s] [吞吐率：32.00req/s] [内存消耗：1,561.89kb] [文件加载：106]
[ info ] [ BEHAVIOR ] Run Closure @app_init [ RunTime:0.000000s ]
[ info ] [ CACHE ] INIT File
[ info ] [ BEHAVIOR ] Run Closure @app_init [ RunTime:0.000000s ]
[ info ] [ LANG ] C:\wwwroot\lanxi.yz360.com.cn\thinkphp\lang\zh-cn.php
[ info ] [ ROUTE ] array (
  'type' => 'module',
  'module' => 
  array (
    0 => '',
    1 => NULL,
    2 => NULL,
  ),
)
[ info ] [ HEADER ] array (
  'content-type' => '',
  'content-length' => '0',
  'user-agent' => 'Mozilla/5.0 (compatible; Nimbostratus-Bot/v1.3.2; http://cloudsystemnetworks.com)',
  'host' => 'nytyqc.com',
)
[ info ] [ PARAM ] array (
)
[ info ] [ LOG ] INIT File
---------------------------------------------------------------
[ 2019-11-30T17:33:01+08:00 ] 34.214.117.189 GET 518xueche.com/
[运行时间：0.062500s] [吞吐率：16.00req/s] [内存消耗：1,561.88kb] [文件加载：106]
[ info ] [ BEHAVIOR ] Run Closure @app_init [ RunTime:0.000000s ]
[ info ] [ CACHE ] INIT File
[ info ] [ BEHAVIOR ] Run Closure @app_init [ RunTime:0.000000s ]
[ info ] [ LANG ] C:\wwwroot\lanxi.yz360.com.cn\thinkphp\lang\zh-cn.php
[ info ] [ ROUTE ] array (
  'type' => 'module',
  'module' => 
  array (
    0 => '',
    1 => NULL,
    2 => NULL,
  ),
)
[ info ] [ HEADER ] array (
  'content-type' => '',
  'content-length' => '0',
  'user-agent' => 'Go-http-client/1.1',
  'host' => '518xueche.com',
  'accept-encoding' => 'gzip',
)
[ info ] [ PARAM ] array (
)
[ info ] [ LOG ] INIT File
---------------------------------------------------------------
[ 2019-11-30T18:57:12+08:00 ] 209.17.96.186 GET kairuitek.com/
[运行时间：0.046875s] [吞吐率：21.33req/s] [内存消耗：1,561.82kb] [文件加载：106]
[ info ] [ BEHAVIOR ] Run Closure @app_init [ RunTime:0.000000s ]
[ info ] [ CACHE ] INIT File
[ info ] [ BEHAVIOR ] Run Closure @app_init [ RunTime:0.000000s ]
[ info ] [ LANG ] C:\wwwroot\lanxi.yz360.com.cn\thinkphp\lang\zh-cn.php
[ info ] [ ROUTE ] array (
  'type' => 'module',
  'module' => 
  array (
    0 => '',
    1 => NULL,
    2 => NULL,
  ),
)
[ info ] [ HEADER ] array (
  'content-type' => '',
  'content-length' => '0',
  'user-agent' => 'Mozilla/5.0 (compatible; Nimbostratus-Bot/v1.3.2; http://cloudsystemnetworks.com)',
  'host' => 'kairuitek.com',
)
[ info ] [ PARAM ] array (
)
[ info ] [ LOG ] INIT File
---------------------------------------------------------------
[ 2019-11-30T23:30:14+08:00 ] 157.55.39.35 GET www.kairuitek.com/
[运行时间：0.187500s] [吞吐率：5.33req/s] [内存消耗：1,563.51kb] [文件加载：106]
[ info ] [ BEHAVIOR ] Run Closure @app_init [ RunTime:0.000000s ]
[ info ] [ CACHE ] INIT File
[ info ] [ BEHAVIOR ] Run Closure @app_init [ RunTime:0.015625s ]
[ info ] [ LANG ] C:\wwwroot\lanxi.yz360.com.cn\thinkphp\lang\zh-cn.php
[ info ] [ ROUTE ] array (
  'type' => 'module',
  'module' => 
  array (
    0 => '',
    1 => NULL,
    2 => NULL,
  ),
)
[ info ] [ HEADER ] array (
  'content-type' => '',
  'content-length' => '0',
  'user-agent' => 'Mozilla/5.0 (compatible; bingbot/2.0; +http://www.bing.com/bingbot.htm)',
  'host' => 'www.kairuitek.com',
  'from' => 'bingbot(at)microsoft.com',
  'accept-encoding' => 'gzip, deflate',
  'accept' => '*/*',
  'pragma' => 'no-cache',
  'connection' => 'Keep-Alive',
  'cache-control' => 'no-cache',
)
[ info ] [ PARAM ] array (
)
[ info ] [ LOG ] INIT File
---------------------------------------------------------------
[ 2019-11-30T23:33:32+08:00 ] 52.41.211.72 HEAD musicexmination.com/
[运行时间：0.062500s] [吞吐率：16.00req/s] [内存消耗：1,561.43kb] [文件加载：106]
[ info ] [ BEHAVIOR ] Run Closure @app_init [ RunTime:0.000000s ]
[ info ] [ CACHE ] INIT File
[ info ] [ BEHAVIOR ] Run Closure @app_init [ RunTime:0.000000s ]
[ info ] [ LANG ] C:\wwwroot\lanxi.yz360.com.cn\thinkphp\lang\zh-cn.php
[ info ] [ ROUTE ] array (
  'type' => 'module',
  'module' => 
  array (
    0 => '',
    1 => NULL,
    2 => NULL,
  ),
)
[ info ] [ HEADER ] array (
  'content-type' => '',
  'content-length' => '0',
  'user-agent' => 'Go-http-client/1.1',
  'host' => 'musicexmination.com',
)
[ info ] [ PARAM ] array (
)
[ info ] [ LOG ] INIT File
---------------------------------------------------------------
[ 2019-11-30T23:55:19+08:00 ] 1.194.128.29 POST lanxi.yz360.com.cn/index.php/api/index/lunbo
[运行时间：0.140625s] [吞吐率：7.11req/s] [内存消耗：2,752.49kb] [文件加载：123]
[ info ] [ BEHAVIOR ] Run Closure @app_init [ RunTime:0.000000s ]
[ info ] [ CACHE ] INIT File
[ info ] [ BEHAVIOR ] Run Closure @app_init [ RunTime:0.000000s ]
[ info ] [ LANG ] C:\wwwroot\lanxi.yz360.com.cn\thinkphp\lang\zh-cn.php
[ info ] [ ROUTE ] array (
  'type' => 'module',
  'module' => 
  array (
    0 => 'api',
    1 => 'index',
    2 => 'lunbo',
  ),
)
[ info ] [ HEADER ] array (
  'content-type' => 'application/x-www-form-urlencoded',
  'content-length' => '6',
  'charset' => 'utf-8',
  'user-agent' => 'Mozilla/5.0 (Linux; Android 9; SEA-AL00 Build/HUAWEISEA-AL00; wv) AppleWebKit/537.36 (KHTML, like Gecko) Version/4.0 Chrome/70.0.3538.64 Mobile Safari/537.36 MicroMessenger/7.0.8.1540(0x27000834) Process/appbrand3 NetType/WIFI Language/zh_CN ABI/arm64',
  'referer' => 'https://servicewechat.com/wxff51a687db71d678/6/page-frame.html',
  'host' => 'lanxi.yz360.com.cn',
  'accept-encoding' => 'gzip',
  'accept' => 'application/json',
  'connection' => 'Keep-Alive',
)
[ info ] [ PARAM ] array (
  'type' => '2',
)
[ info ] [ LANG ] C:\wwwroot\lanxi.yz360.com.cn\public/../application/api\lang\zh-cn.php
[ info ] [ BEHAVIOR ] Run app\common\behavior\Common @module_init [ RunTime:0.000000s ]
[ info ] [ RUN ] app\api\controller\Index->lunbo[ C:\wwwroot\lanxi.yz360.com.cn\application\api\controller\Index.php ]
[ info ] [ DB ] INIT mysql
[ info ] [ LOG ] INIT File
[ sql ] [ DB ] CONNECT:[ UseTime:0.015625s ] mysql:host=149.129.73.191;port=3306;dbname=lanxi_yz360;charset=utf8
[ sql ] [ SQL ] SHOW COLUMNS FROM `la_lunbo` [ RunTime:0.000000s ]
[ sql ] [ SQL ] SELECT * FROM `la_lunbo` WHERE  `status` = 1  AND `is_del` = 0  AND `type` = 2 ORDER BY `id` DESC [ RunTime:0.000000s ]
---------------------------------------------------------------
[ 2019-11-30T23:55:20+08:00 ] 1.194.128.29 POST lanxi.yz360.com.cn/index.php/api/index/product
[运行时间：0.093750s] [吞吐率：10.67req/s] [内存消耗：2,750.68kb] [文件加载：123]
[ info ] [ BEHAVIOR ] Run Closure @app_init [ RunTime:0.000000s ]
[ info ] [ CACHE ] INIT File
[ info ] [ BEHAVIOR ] Run Closure @app_init [ RunTime:0.015625s ]
[ info ] [ LANG ] C:\wwwroot\lanxi.yz360.com.cn\thinkphp\lang\zh-cn.php
[ info ] [ ROUTE ] array (
  'type' => 'module',
  'module' => 
  array (
    0 => 'api',
    1 => 'index',
    2 => 'product',
  ),
)
[ info ] [ HEADER ] array (
  'content-type' => 'application/x-www-form-urlencoded',
  'content-length' => '0',
  'charset' => 'utf-8',
  'user-agent' => 'Mozilla/5.0 (Linux; Android 9; SEA-AL00 Build/HUAWEISEA-AL00; wv) AppleWebKit/537.36 (KHTML, like Gecko) Version/4.0 Chrome/70.0.3538.64 Mobile Safari/537.36 MicroMessenger/7.0.8.1540(0x27000834) Process/appbrand3 NetType/WIFI Language/zh_CN ABI/arm64',
  'referer' => 'https://servicewechat.com/wxff51a687db71d678/6/page-frame.html',
  'host' => 'lanxi.yz360.com.cn',
  'accept-encoding' => 'gzip',
  'accept' => 'application/json',
  'connection' => 'Keep-Alive',
)
[ info ] [ PARAM ] array (
)
[ info ] [ LANG ] C:\wwwroot\lanxi.yz360.com.cn\public/../application/api\lang\zh-cn.php
[ info ] [ BEHAVIOR ] Run app\common\behavior\Common @module_init [ RunTime:0.000000s ]
[ info ] [ RUN ] app\api\controller\Index->product[ C:\wwwroot\lanxi.yz360.com.cn\application\api\controller\Index.php ]
[ info ] [ DB ] INIT mysql
[ info ] [ LOG ] INIT File
[ sql ] [ DB ] CONNECT:[ UseTime:0.015625s ] mysql:host=149.129.73.191;port=3306;dbname=lanxi_yz360;charset=utf8
[ sql ] [ SQL ] SHOW COLUMNS FROM `la_product` [ RunTime:0.000000s ]
[ sql ] [ SQL ] SELECT `id`,`name`,`img`,`introduce` FROM `la_product` WHERE  `status` = 1  AND `is_del` = 0  AND `is_index` = 1 ORDER BY `id` DESC LIMIT 4 [ RunTime:0.000000s ]
---------------------------------------------------------------
[ 2019-11-30T23:55:20+08:00 ] 1.194.128.29 POST lanxi.yz360.com.cn/index.php/api/index/news
[运行时间：0.078125s] [吞吐率：12.80req/s] [内存消耗：2,749.59kb] [文件加载：123]
[ info ] [ BEHAVIOR ] Run Closure @app_init [ RunTime:0.000000s ]
[ info ] [ CACHE ] INIT File
[ info ] [ BEHAVIOR ] Run Closure @app_init [ RunTime:0.000000s ]
[ info ] [ LANG ] C:\wwwroot\lanxi.yz360.com.cn\thinkphp\lang\zh-cn.php
[ info ] [ ROUTE ] array (
  'type' => 'module',
  'module' => 
  array (
    0 => 'api',
    1 => 'index',
    2 => 'news',
  ),
)
[ info ] [ HEADER ] array (
  'content-type' => 'application/x-www-form-urlencoded',
  'content-length' => '0',
  'charset' => 'utf-8',
  'user-agent' => 'Mozilla/5.0 (Linux; Android 9; SEA-AL00 Build/HUAWEISEA-AL00; wv) AppleWebKit/537.36 (KHTML, like Gecko) Version/4.0 Chrome/70.0.3538.64 Mobile Safari/537.36 MicroMessenger/7.0.8.1540(0x27000834) Process/appbrand3 NetType/WIFI Language/zh_CN ABI/arm64',
  'referer' => 'https://servicewechat.com/wxff51a687db71d678/6/page-frame.html',
  'host' => 'lanxi.yz360.com.cn',
  'accept-encoding' => 'gzip',
  'accept' => 'application/json',
  'connection' => 'Keep-Alive',
)
[ info ] [ PARAM ] array (
)
[ info ] [ LANG ] C:\wwwroot\lanxi.yz360.com.cn\public/../application/api\lang\zh-cn.php
[ info ] [ BEHAVIOR ] Run app\common\behavior\Common @module_init [ RunTime:0.015625s ]
[ info ] [ RUN ] app\api\controller\Index->news[ C:\wwwroot\lanxi.yz360.com.cn\application\api\controller\Index.php ]
[ info ] [ DB ] INIT mysql
[ info ] [ LOG ] INIT File
[ sql ] [ DB ] CONNECT:[ UseTime:0.015625s ] mysql:host=149.129.73.191;port=3306;dbname=lanxi_yz360;charset=utf8
[ sql ] [ SQL ] SHOW COLUMNS FROM `la_msg` [ RunTime:0.000000s ]
[ sql ] [ SQL ] SELECT `id`,`title`,`img`,`ctime`,`des` FROM `la_msg` WHERE  `status` = 1  AND `is_del` = 0 ORDER BY `id` DESC LIMIT 3 [ RunTime:0.000000s ]
---------------------------------------------------------------
[ 2019-11-30T23:55:20+08:00 ] 1.194.128.29 POST lanxi.yz360.com.cn/index.php/api/index/detail
[运行时间：0.062500s] [吞吐率：16.00req/s] [内存消耗：2,106.25kb] [文件加载：116]
[ info ] [ BEHAVIOR ] Run Closure @app_init [ RunTime:0.000000s ]
[ info ] [ CACHE ] INIT File
[ info ] [ BEHAVIOR ] Run Closure @app_init [ RunTime:0.000000s ]
[ info ] [ LANG ] C:\wwwroot\lanxi.yz360.com.cn\thinkphp\lang\zh-cn.php
[ info ] [ ROUTE ] array (
  'type' => 'module',
  'module' => 
  array (
    0 => 'api',
    1 => 'index',
    2 => 'detail',
  ),
)
[ info ] [ HEADER ] array (
  'content-type' => 'application/x-www-form-urlencoded',
  'content-length' => '0',
  'charset' => 'utf-8',
  'user-agent' => 'Mozilla/5.0 (Linux; Android 9; SEA-AL00 Build/HUAWEISEA-AL00; wv) AppleWebKit/537.36 (KHTML, like Gecko) Version/4.0 Chrome/70.0.3538.64 Mobile Safari/537.36 MicroMessenger/7.0.8.1540(0x27000834) Process/appbrand3 NetType/WIFI Language/zh_CN ABI/arm64',
  'referer' => 'https://servicewechat.com/wxff51a687db71d678/6/page-frame.html',
  'host' => 'lanxi.yz360.com.cn',
  'accept-encoding' => 'gzip',
  'accept' => 'application/json',
  'connection' => 'Keep-Alive',
)
[ info ] [ PARAM ] array (
)
[ info ] [ LANG ] C:\wwwroot\lanxi.yz360.com.cn\public/../application/api\lang\zh-cn.php
[ info ] [ BEHAVIOR ] Run app\common\behavior\Common @module_init [ RunTime:0.000000s ]
[ info ] [ RUN ] app\api\controller\Index->detail[ C:\wwwroot\lanxi.yz360.com.cn\application\api\controller\Index.php ]
[ info ] [ LOG ] INIT File
---------------------------------------------------------------
[ 2019-11-30T23:55:21+08:00 ] 1.194.128.29 POST lanxi.yz360.com.cn/index.php/api/index/servicecat
[运行时间：0.093750s] [吞吐率：10.67req/s] [内存消耗：2,748.30kb] [文件加载：123]
[ info ] [ BEHAVIOR ] Run Closure @app_init [ RunTime:0.000000s ]
[ info ] [ CACHE ] INIT File
[ info ] [ BEHAVIOR ] Run Closure @app_init [ RunTime:0.000000s ]
[ info ] [ LANG ] C:\wwwroot\lanxi.yz360.com.cn\thinkphp\lang\zh-cn.php
[ info ] [ ROUTE ] array (
  'type' => 'module',
  'module' => 
  array (
    0 => 'api',
    1 => 'index',
    2 => 'servicecat',
  ),
)
[ info ] [ HEADER ] array (
  'content-type' => 'application/x-www-form-urlencoded',
  'content-length' => '0',
  'charset' => 'utf-8',
  'user-agent' => 'Mozilla/5.0 (Linux; Android 9; SEA-AL00 Build/HUAWEISEA-AL00; wv) AppleWebKit/537.36 (KHTML, like Gecko) Version/4.0 Chrome/70.0.3538.64 Mobile Safari/537.36 MicroMessenger/7.0.8.1540(0x27000834) Process/appbrand3 NetType/WIFI Language/zh_CN ABI/arm64',
  'referer' => 'https://servicewechat.com/wxff51a687db71d678/6/page-frame.html',
  'host' => 'lanxi.yz360.com.cn',
  'accept-encoding' => 'gzip',
  'accept' => 'application/json',
  'connection' => 'Keep-Alive',
)
[ info ] [ PARAM ] array (
)
[ info ] [ LANG ] C:\wwwroot\lanxi.yz360.com.cn\public/../application/api\lang\zh-cn.php
[ info ] [ BEHAVIOR ] Run app\common\behavior\Common @module_init [ RunTime:0.000000s ]
[ info ] [ RUN ] app\api\controller\Index->servicecat[ C:\wwwroot\lanxi.yz360.com.cn\application\api\controller\Index.php ]
[ info ] [ DB ] INIT mysql
[ info ] [ LOG ] INIT File
[ sql ] [ DB ] CONNECT:[ UseTime:0.015625s ] mysql:host=149.129.73.191;port=3306;dbname=lanxi_yz360;charset=utf8
[ sql ] [ SQL ] SHOW COLUMNS FROM `la_service_cat` [ RunTime:0.015625s ]
[ sql ] [ SQL ] SELECT `id`,`name`,`img` FROM `la_service_cat` WHERE  `status` = 1  AND `is_del` = 0 ORDER BY `id` DESC [ RunTime:0.000000s ]
---------------------------------------------------------------
[ 2019-11-30T23:55:21+08:00 ] 1.194.128.29 POST lanxi.yz360.com.cn/index.php/api/index/technician
[运行时间：0.093750s] [吞吐率：10.67req/s] [内存消耗：2,748.54kb] [文件加载：123]
[ info ] [ BEHAVIOR ] Run Closure @app_init [ RunTime:0.000000s ]
[ info ] [ CACHE ] INIT File
[ info ] [ BEHAVIOR ] Run Closure @app_init [ RunTime:0.000000s ]
[ info ] [ LANG ] C:\wwwroot\lanxi.yz360.com.cn\thinkphp\lang\zh-cn.php
[ info ] [ ROUTE ] array (
  'type' => 'module',
  'module' => 
  array (
    0 => 'api',
    1 => 'index',
    2 => 'technician',
  ),
)
[ info ] [ HEADER ] array (
  'content-type' => 'application/x-www-form-urlencoded',
  'content-length' => '0',
  'charset' => 'utf-8',
  'user-agent' => 'Mozilla/5.0 (Linux; Android 9; SEA-AL00 Build/HUAWEISEA-AL00; wv) AppleWebKit/537.36 (KHTML, like Gecko) Version/4.0 Chrome/70.0.3538.64 Mobile Safari/537.36 MicroMessenger/7.0.8.1540(0x27000834) Process/appbrand3 NetType/WIFI Language/zh_CN ABI/arm64',
  'referer' => 'https://servicewechat.com/wxff51a687db71d678/6/page-frame.html',
  'host' => 'lanxi.yz360.com.cn',
  'accept-encoding' => 'gzip',
  'accept' => 'application/json',
  'connection' => 'Keep-Alive',
)
[ info ] [ PARAM ] array (
)
[ info ] [ LANG ] C:\wwwroot\lanxi.yz360.com.cn\public/../application/api\lang\zh-cn.php
[ info ] [ BEHAVIOR ] Run app\common\behavior\Common @module_init [ RunTime:0.015625s ]
[ info ] [ RUN ] app\api\controller\Index->technician[ C:\wwwroot\lanxi.yz360.com.cn\application\api\controller\Index.php ]
[ info ] [ DB ] INIT mysql
[ info ] [ LOG ] INIT File
[ sql ] [ DB ] CONNECT:[ UseTime:0.015625s ] mysql:host=149.129.73.191;port=3306;dbname=lanxi_yz360;charset=utf8
[ sql ] [ SQL ] SHOW COLUMNS FROM `la_technician` [ RunTime:0.000000s ]
[ sql ] [ SQL ] SELECT `id`,`name`,`img` FROM `la_technician` WHERE  `status` = 1  AND `is_del` = 0 ORDER BY `onclicks` DESC LIMIT 4 [ RunTime:0.000000s ]
---------------------------------------------------------------
[ 2019-11-30T23:55:22+08:00 ] 1.194.128.29 POST lanxi.yz360.com.cn/index.php/api/index/lunbo
[运行时间：0.078125s] [吞吐率：12.80req/s] [内存消耗：2,751.98kb] [文件加载：123]
[ info ] [ BEHAVIOR ] Run Closure @app_init [ RunTime:0.000000s ]
[ info ] [ CACHE ] INIT File
[ info ] [ BEHAVIOR ] Run Closure @app_init [ RunTime:0.000000s ]
[ info ] [ LANG ] C:\wwwroot\lanxi.yz360.com.cn\thinkphp\lang\zh-cn.php
[ info ] [ ROUTE ] array (
  'type' => 'module',
  'module' => 
  array (
    0 => 'api',
    1 => 'index',
    2 => 'lunbo',
  ),
)
[ info ] [ HEADER ] array (
  'content-type' => 'application/x-www-form-urlencoded',
  'content-length' => '6',
  'charset' => 'utf-8',
  'user-agent' => 'Mozilla/5.0 (Linux; Android 9; SEA-AL00 Build/HUAWEISEA-AL00; wv) AppleWebKit/537.36 (KHTML, like Gecko) Version/4.0 Chrome/70.0.3538.64 Mobile Safari/537.36 MicroMessenger/7.0.8.1540(0x27000834) Process/appbrand3 NetType/WIFI Language/zh_CN ABI/arm64',
  'referer' => 'https://servicewechat.com/wxff51a687db71d678/6/page-frame.html',
  'host' => 'lanxi.yz360.com.cn',
  'accept-encoding' => 'gzip',
  'accept' => 'application/json',
  'connection' => 'Keep-Alive',
)
[ info ] [ PARAM ] array (
  'type' => '1',
)
[ info ] [ LANG ] C:\wwwroot\lanxi.yz360.com.cn\public/../application/api\lang\zh-cn.php
[ info ] [ BEHAVIOR ] Run app\common\behavior\Common @module_init [ RunTime:0.000000s ]
[ info ] [ RUN ] app\api\controller\Index->lunbo[ C:\wwwroot\lanxi.yz360.com.cn\application\api\controller\Index.php ]
[ info ] [ DB ] INIT mysql
[ info ] [ LOG ] INIT File
[ sql ] [ DB ] CONNECT:[ UseTime:0.015625s ] mysql:host=149.129.73.191;port=3306;dbname=lanxi_yz360;charset=utf8
[ sql ] [ SQL ] SHOW COLUMNS FROM `la_lunbo` [ RunTime:0.000000s ]
[ sql ] [ SQL ] SELECT * FROM `la_lunbo` WHERE  `status` = 1  AND `is_del` = 0  AND `type` = 1 ORDER BY `id` DESC [ RunTime:0.000000s ]
---------------------------------------------------------------
[ 2019-11-30T23:55:36+08:00 ] 1.194.128.29 POST lanxi.yz360.com.cn/index.php/api/service/cardCat
[运行时间：0.093750s] [吞吐率：10.67req/s] [内存消耗：2,748.09kb] [文件加载：123]
[ info ] [ BEHAVIOR ] Run Closure @app_init [ RunTime:0.000000s ]
[ info ] [ CACHE ] INIT File
[ info ] [ BEHAVIOR ] Run Closure @app_init [ RunTime:0.000000s ]
[ info ] [ LANG ] C:\wwwroot\lanxi.yz360.com.cn\thinkphp\lang\zh-cn.php
[ info ] [ ROUTE ] array (
  'type' => 'module',
  'module' => 
  array (
    0 => 'api',
    1 => 'service',
    2 => 'cardCat',
  ),
)
[ info ] [ HEADER ] array (
  'content-type' => 'application/x-www-form-urlencoded',
  'content-length' => '0',
  'charset' => 'utf-8',
  'user-agent' => 'Mozilla/5.0 (Linux; Android 9; SEA-AL00 Build/HUAWEISEA-AL00; wv) AppleWebKit/537.36 (KHTML, like Gecko) Version/4.0 Chrome/70.0.3538.64 Mobile Safari/537.36 MicroMessenger/7.0.8.1540(0x27000834) Process/appbrand3 NetType/WIFI Language/zh_CN ABI/arm64',
  'referer' => 'https://servicewechat.com/wxff51a687db71d678/6/page-frame.html',
  'host' => 'lanxi.yz360.com.cn',
  'accept-encoding' => 'gzip',
  'accept' => 'application/json',
  'connection' => 'Keep-Alive',
)
[ info ] [ PARAM ] array (
)
[ info ] [ LANG ] C:\wwwroot\lanxi.yz360.com.cn\public/../application/api\lang\zh-cn.php
[ info ] [ BEHAVIOR ] Run app\common\behavior\Common @module_init [ RunTime:0.000000s ]
[ info ] [ RUN ] app\api\controller\Service->cardCat[ C:\wwwroot\lanxi.yz360.com.cn\application\api\controller\Service.php ]
[ info ] [ DB ] INIT mysql
[ info ] [ LOG ] INIT File
[ sql ] [ DB ] CONNECT:[ UseTime:0.000000s ] mysql:host=149.129.73.191;port=3306;dbname=lanxi_yz360;charset=utf8
[ sql ] [ SQL ] SHOW COLUMNS FROM `la_card_cat` [ RunTime:0.000000s ]
[ sql ] [ SQL ] SELECT `id`,`name` FROM `la_card_cat` WHERE  `status` = 1  AND `is_del` = 0 ORDER BY `id` DESC [ RunTime:0.000000s ]
---------------------------------------------------------------
[ 2019-11-30T23:55:36+08:00 ] 1.194.128.29 POST lanxi.yz360.com.cn/index.php/api/service/serviceDetail
[运行时间：0.078125s] [吞吐率：12.80req/s] [内存消耗：2,753.15kb] [文件加载：123]
[ info ] [ BEHAVIOR ] Run Closure @app_init [ RunTime:0.000000s ]
[ info ] [ CACHE ] INIT File
[ info ] [ BEHAVIOR ] Run Closure @app_init [ RunTime:0.000000s ]
[ info ] [ LANG ] C:\wwwroot\lanxi.yz360.com.cn\thinkphp\lang\zh-cn.php
[ info ] [ ROUTE ] array (
  'type' => 'module',
  'module' => 
  array (
    0 => 'api',
    1 => 'service',
    2 => 'serviceDetail',
  ),
)
[ info ] [ HEADER ] array (
  'content-type' => 'application/x-www-form-urlencoded',
  'content-length' => '4',
  'charset' => 'utf-8',
  'user-agent' => 'Mozilla/5.0 (Linux; Android 9; SEA-AL00 Build/HUAWEISEA-AL00; wv) AppleWebKit/537.36 (KHTML, like Gecko) Version/4.0 Chrome/70.0.3538.64 Mobile Safari/537.36 MicroMessenger/7.0.8.1540(0x27000834) Process/appbrand3 NetType/WIFI Language/zh_CN ABI/arm64',
  'referer' => 'https://servicewechat.com/wxff51a687db71d678/6/page-frame.html',
  'host' => 'lanxi.yz360.com.cn',
  'accept-encoding' => 'gzip',
  'accept' => 'application/json',
  'connection' => 'Keep-Alive',
)
[ info ] [ PARAM ] array (
  'id' => '1',
)
[ info ] [ LANG ] C:\wwwroot\lanxi.yz360.com.cn\public/../application/api\lang\zh-cn.php
[ info ] [ BEHAVIOR ] Run app\common\behavior\Common @module_init [ RunTime:0.000000s ]
[ info ] [ RUN ] app\api\controller\Service->serviceDetail[ C:\wwwroot\lanxi.yz360.com.cn\application\api\controller\Service.php ]
[ info ] [ DB ] INIT mysql
[ info ] [ LOG ] INIT File
[ sql ] [ DB ] CONNECT:[ UseTime:0.015625s ] mysql:host=149.129.73.191;port=3306;dbname=lanxi_yz360;charset=utf8
[ sql ] [ SQL ] SHOW COLUMNS FROM `la_service` [ RunTime:0.000000s ]
[ sql ] [ SQL ] SELECT `id`,`name`,`img`,`times`,`price` FROM `la_service` WHERE  `status` = 1  AND `is_del` = 0  AND `cat_id` = 1 ORDER BY `id` DESC [ RunTime:0.000000s ]
---------------------------------------------------------------
[ 2019-11-30T23:55:37+08:00 ] 1.194.128.29 POST lanxi.yz360.com.cn/index.php/api/service/productList
[运行时间：0.078125s] [吞吐率：12.80req/s] [内存消耗：2,753.09kb] [文件加载：123]
[ info ] [ BEHAVIOR ] Run Closure @app_init [ RunTime:0.000000s ]
[ info ] [ CACHE ] INIT File
[ info ] [ BEHAVIOR ] Run Closure @app_init [ RunTime:0.000000s ]
[ info ] [ LANG ] C:\wwwroot\lanxi.yz360.com.cn\thinkphp\lang\zh-cn.php
[ info ] [ ROUTE ] array (
  'type' => 'module',
  'module' => 
  array (
    0 => 'api',
    1 => 'service',
    2 => 'productList',
  ),
)
[ info ] [ HEADER ] array (
  'content-type' => 'application/x-www-form-urlencoded',
  'content-length' => '11',
  'charset' => 'utf-8',
  'user-agent' => 'Mozilla/5.0 (Linux; Android 9; SEA-AL00 Build/HUAWEISEA-AL00; wv) AppleWebKit/537.36 (KHTML, like Gecko) Version/4.0 Chrome/70.0.3538.64 Mobile Safari/537.36 MicroMessenger/7.0.8.1540(0x27000834) Process/appbrand3 NetType/WIFI Language/zh_CN ABI/arm64',
  'referer' => 'https://servicewechat.com/wxff51a687db71d678/6/page-frame.html',
  'host' => 'lanxi.yz360.com.cn',
  'accept-encoding' => 'gzip',
  'accept' => 'application/json',
  'connection' => 'Keep-Alive',
)
[ info ] [ PARAM ] array (
  'id' => '0',
  'page' => '1',
)
[ info ] [ LANG ] C:\wwwroot\lanxi.yz360.com.cn\public/../application/api\lang\zh-cn.php
[ info ] [ BEHAVIOR ] Run app\common\behavior\Common @module_init [ RunTime:0.015625s ]
[ info ] [ RUN ] app\api\controller\Service->productList[ C:\wwwroot\lanxi.yz360.com.cn\application\api\controller\Service.php ]
[ info ] [ DB ] INIT mysql
[ info ] [ LOG ] INIT File
[ sql ] [ DB ] CONNECT:[ UseTime:0.000000s ] mysql:host=149.129.73.191;port=3306;dbname=lanxi_yz360;charset=utf8
[ sql ] [ SQL ] SHOW COLUMNS FROM `la_product` [ RunTime:0.000000s ]
[ sql ] [ SQL ] SELECT `id`,`name`,`img`,`price` FROM `la_product` WHERE  `status` = 1  AND `is_del` = 0 ORDER BY `id` DESC LIMIT 0,10 [ RunTime:0.000000s ]
---------------------------------------------------------------
[ 2019-11-30T23:55:37+08:00 ] 1.194.128.29 POST lanxi.yz360.com.cn/index.php/api/service/productCat
[运行时间：0.078125s] [吞吐率：12.80req/s] [内存消耗：2,748.23kb] [文件加载：123]
[ info ] [ BEHAVIOR ] Run Closure @app_init [ RunTime:0.000000s ]
[ info ] [ CACHE ] INIT File
[ info ] [ BEHAVIOR ] Run Closure @app_init [ RunTime:0.000000s ]
[ info ] [ LANG ] C:\wwwroot\lanxi.yz360.com.cn\thinkphp\lang\zh-cn.php
[ info ] [ ROUTE ] array (
  'type' => 'module',
  'module' => 
  array (
    0 => 'api',
    1 => 'service',
    2 => 'productCat',
  ),
)
[ info ] [ HEADER ] array (
  'content-type' => 'application/x-www-form-urlencoded',
  'content-length' => '0',
  'charset' => 'utf-8',
  'user-agent' => 'Mozilla/5.0 (Linux; Android 9; SEA-AL00 Build/HUAWEISEA-AL00; wv) AppleWebKit/537.36 (KHTML, like Gecko) Version/4.0 Chrome/70.0.3538.64 Mobile Safari/537.36 MicroMessenger/7.0.8.1540(0x27000834) Process/appbrand3 NetType/WIFI Language/zh_CN ABI/arm64',
  'referer' => 'https://servicewechat.com/wxff51a687db71d678/6/page-frame.html',
  'host' => 'lanxi.yz360.com.cn',
  'accept-encoding' => 'gzip',
  'accept' => 'application/json',
  'connection' => 'Keep-Alive',
)
[ info ] [ PARAM ] array (
)
[ info ] [ LANG ] C:\wwwroot\lanxi.yz360.com.cn\public/../application/api\lang\zh-cn.php
[ info ] [ BEHAVIOR ] Run app\common\behavior\Common @module_init [ RunTime:0.015625s ]
[ info ] [ RUN ] app\api\controller\Service->productCat[ C:\wwwroot\lanxi.yz360.com.cn\application\api\controller\Service.php ]
[ info ] [ DB ] INIT mysql
[ info ] [ LOG ] INIT File
[ sql ] [ DB ] CONNECT:[ UseTime:0.015625s ] mysql:host=149.129.73.191;port=3306;dbname=lanxi_yz360;charset=utf8
[ sql ] [ SQL ] SHOW COLUMNS FROM `la_product_cat` [ RunTime:0.000000s ]
[ sql ] [ SQL ] SELECT `id`,`name` FROM `la_product_cat` WHERE  `status` = 1  AND `is_del` = 0 ORDER BY `id` DESC [ RunTime:0.000000s ]
---------------------------------------------------------------
[ 2019-11-30T23:55:39+08:00 ] 1.194.128.29 POST lanxi.yz360.com.cn/index.php/api/service/cardList
[运行时间：0.078125s] [吞吐率：12.80req/s] [内存消耗：2,751.33kb] [文件加载：123]
[ info ] [ BEHAVIOR ] Run Closure @app_init [ RunTime:0.000000s ]
[ info ] [ CACHE ] INIT File
[ info ] [ BEHAVIOR ] Run Closure @app_init [ RunTime:0.015625s ]
[ info ] [ LANG ] C:\wwwroot\lanxi.yz360.com.cn\thinkphp\lang\zh-cn.php
[ info ] [ ROUTE ] array (
  'type' => 'module',
  'module' => 
  array (
    0 => 'api',
    1 => 'service',
    2 => 'cardList',
  ),
)
[ info ] [ HEADER ] array (
  'content-type' => 'application/x-www-form-urlencoded',
  'content-length' => '4',
  'charset' => 'utf-8',
  'user-agent' => 'Mozilla/5.0 (Linux; Android 9; SEA-AL00 Build/HUAWEISEA-AL00; wv) AppleWebKit/537.36 (KHTML, like Gecko) Version/4.0 Chrome/70.0.3538.64 Mobile Safari/537.36 MicroMessenger/7.0.8.1540(0x27000834) Process/appbrand3 NetType/WIFI Language/zh_CN ABI/arm64',
  'referer' => 'https://servicewechat.com/wxff51a687db71d678/6/page-frame.html',
  'host' => 'lanxi.yz360.com.cn',
  'accept-encoding' => 'gzip',
  'accept' => 'application/json',
  'connection' => 'Keep-Alive',
)
[ info ] [ PARAM ] array (
  'id' => '0',
)
[ info ] [ LANG ] C:\wwwroot\lanxi.yz360.com.cn\public/../application/api\lang\zh-cn.php
[ info ] [ BEHAVIOR ] Run app\common\behavior\Common @module_init [ RunTime:0.000000s ]
[ info ] [ RUN ] app\api\controller\Service->cardList[ C:\wwwroot\lanxi.yz360.com.cn\application\api\controller\Service.php ]
[ info ] [ DB ] INIT mysql
[ info ] [ LOG ] INIT File
[ sql ] [ DB ] CONNECT:[ UseTime:0.000000s ] mysql:host=149.129.73.191;port=3306;dbname=lanxi_yz360;charset=utf8
[ sql ] [ SQL ] SHOW COLUMNS FROM `la_card` [ RunTime:0.015625s ]
[ sql ] [ SQL ] SELECT `id`,`name`,`img`,`price` FROM `la_card` WHERE  `status` = 1  AND `is_del` = 0 ORDER BY `price` ASC [ RunTime:0.000000s ]
---------------------------------------------------------------
[ 2019-11-30T23:55:40+08:00 ] 1.194.128.29 POST lanxi.yz360.com.cn/index.php/api/service/cat
[运行时间：0.078125s] [吞吐率：12.80req/s] [内存消耗：2,748.34kb] [文件加载：123]
[ info ] [ BEHAVIOR ] Run Closure @app_init [ RunTime:0.000000s ]
[ info ] [ CACHE ] INIT File
[ info ] [ BEHAVIOR ] Run Closure @app_init [ RunTime:0.000000s ]
[ info ] [ LANG ] C:\wwwroot\lanxi.yz360.com.cn\thinkphp\lang\zh-cn.php
[ info ] [ ROUTE ] array (
  'type' => 'module',
  'module' => 
  array (
    0 => 'api',
    1 => 'service',
    2 => 'cat',
  ),
)
[ info ] [ HEADER ] array (
  'content-type' => 'application/x-www-form-urlencoded',
  'content-length' => '0',
  'charset' => 'utf-8',
  'user-agent' => 'Mozilla/5.0 (Linux; Android 9; SEA-AL00 Build/HUAWEISEA-AL00; wv) AppleWebKit/537.36 (KHTML, like Gecko) Version/4.0 Chrome/70.0.3538.64 Mobile Safari/537.36 MicroMessenger/7.0.8.1540(0x27000834) Process/appbrand3 NetType/WIFI Language/zh_CN ABI/arm64',
  'referer' => 'https://servicewechat.com/wxff51a687db71d678/6/page-frame.html',
  'host' => 'lanxi.yz360.com.cn',
  'accept-encoding' => 'gzip',
  'accept' => 'application/json',
  'connection' => 'Keep-Alive',
)
[ info ] [ PARAM ] array (
)
[ info ] [ LANG ] C:\wwwroot\lanxi.yz360.com.cn\public/../application/api\lang\zh-cn.php
[ info ] [ BEHAVIOR ] Run app\common\behavior\Common @module_init [ RunTime:0.000000s ]
[ info ] [ RUN ] app\api\controller\Service->cat[ C:\wwwroot\lanxi.yz360.com.cn\application\api\controller\Service.php ]
[ info ] [ DB ] INIT mysql
[ info ] [ LOG ] INIT File
[ sql ] [ DB ] CONNECT:[ UseTime:0.015625s ] mysql:host=149.129.73.191;port=3306;dbname=lanxi_yz360;charset=utf8
[ sql ] [ SQL ] SHOW COLUMNS FROM `la_service_cat` [ RunTime:0.000000s ]
[ sql ] [ SQL ] SELECT `id`,`name` FROM `la_service_cat` WHERE  `status` = 1  AND `is_del` = 0 [ RunTime:0.000000s ]
---------------------------------------------------------------
[ 2019-11-30T23:55:56+08:00 ] 1.194.128.29 POST lanxi.yz360.com.cn/index.php/api/order/technician
[运行时间：0.125000s] [吞吐率：8.00req/s] [内存消耗：2,833.31kb] [文件加载：127]
[ info ] [ BEHAVIOR ] Run Closure @app_init [ RunTime:0.000000s ]
[ info ] [ CACHE ] INIT File
[ info ] [ BEHAVIOR ] Run Closure @app_init [ RunTime:0.015625s ]
[ info ] [ LANG ] C:\wwwroot\lanxi.yz360.com.cn\thinkphp\lang\zh-cn.php
[ info ] [ ROUTE ] array (
  'type' => 'module',
  'module' => 
  array (
    0 => 'api',
    1 => 'order',
    2 => 'technician',
  ),
)
[ info ] [ HEADER ] array (
  'content-type' => 'application/x-www-form-urlencoded',
  'content-length' => '42',
  'charset' => 'utf-8',
  'user-agent' => 'Mozilla/5.0 (Linux; Android 9; SEA-AL00 Build/HUAWEISEA-AL00; wv) AppleWebKit/537.36 (KHTML, like Gecko) Version/4.0 Chrome/70.0.3538.64 Mobile Safari/537.36 MicroMessenger/7.0.8.1540(0x27000834) Process/appbrand3 NetType/WIFI Language/zh_CN ABI/arm64',
  'referer' => 'https://servicewechat.com/wxff51a687db71d678/6/page-frame.html',
  'host' => 'lanxi.yz360.com.cn',
  'accept-encoding' => 'gzip',
  'accept' => 'application/json',
  'connection' => 'Keep-Alive',
)
[ info ] [ PARAM ] array (
  'token' => '6d90cf09-efdf-45fb-a706-729ce46351aa',
)
[ info ] [ LANG ] C:\wwwroot\lanxi.yz360.com.cn\public/../application/api\lang\zh-cn.php
[ info ] [ BEHAVIOR ] Run app\common\behavior\Common @module_init [ RunTime:0.000000s ]
[ info ] [ TOKEN ] INIT Mysql
[ info ] [ DB ] INIT mysql
[ info ] [ RUN ] app\api\controller\Order->technician[ C:\wwwroot\lanxi.yz360.com.cn\application\api\controller\Order.php ]
[ info ] [ LOG ] INIT File
[ sql ] [ DB ] CONNECT:[ UseTime:0.015625s ] mysql:host=149.129.73.191;port=3306;dbname=lanxi_yz360;charset=utf8
[ sql ] [ SQL ] SHOW COLUMNS FROM `la_user_token` [ RunTime:0.000000s ]
[ sql ] [ SQL ] SELECT * FROM `la_user_token` WHERE  `token` = '6511009d3839b206ace7aca9819e3011747030cc' LIMIT 1 [ RunTime:0.000000s ]
[ sql ] [ SQL ] SHOW COLUMNS FROM `la_user` [ RunTime:0.000000s ]
[ sql ] [ SQL ] SELECT * FROM `la_user` WHERE  `id` = 36 LIMIT 1 [ RunTime:0.015625s ]
[ sql ] [ SQL ] SHOW COLUMNS FROM `la_technician` [ RunTime:0.000000s ]
[ sql ] [ SQL ] SELECT `id`,`name`,`img` FROM `la_technician` WHERE  `status` = 1  AND `is_del` = 0 [ RunTime:0.000000s ]
---------------------------------------------------------------
[ 2019-11-30T23:55:57+08:00 ] 1.194.128.29 POST lanxi.yz360.com.cn/index.php/api/user/islogin
[运行时间：0.093750s] [吞吐率：10.67req/s] [内存消耗：2,836.30kb] [文件加载：127]
[ info ] [ BEHAVIOR ] Run Closure @app_init [ RunTime:0.000000s ]
[ info ] [ CACHE ] INIT File
[ info ] [ BEHAVIOR ] Run Closure @app_init [ RunTime:0.000000s ]
[ info ] [ LANG ] C:\wwwroot\lanxi.yz360.com.cn\thinkphp\lang\zh-cn.php
[ info ] [ ROUTE ] array (
  'type' => 'module',
  'module' => 
  array (
    0 => 'api',
    1 => 'user',
    2 => 'islogin',
  ),
)
[ info ] [ HEADER ] array (
  'content-type' => 'application/x-www-form-urlencoded',
  'content-length' => '42',
  'charset' => 'utf-8',
  'user-agent' => 'Mozilla/5.0 (Linux; Android 9; SEA-AL00 Build/HUAWEISEA-AL00; wv) AppleWebKit/537.36 (KHTML, like Gecko) Version/4.0 Chrome/70.0.3538.64 Mobile Safari/537.36 MicroMessenger/7.0.8.1540(0x27000834) Process/appbrand3 NetType/WIFI Language/zh_CN ABI/arm64',
  'referer' => 'https://servicewechat.com/wxff51a687db71d678/6/page-frame.html',
  'host' => 'lanxi.yz360.com.cn',
  'accept-encoding' => 'gzip',
  'accept' => 'application/json',
  'connection' => 'Keep-Alive',
)
[ info ] [ PARAM ] array (
  'token' => '6d90cf09-efdf-45fb-a706-729ce46351aa',
)
[ info ] [ LANG ] C:\wwwroot\lanxi.yz360.com.cn\public/../application/api\lang\zh-cn.php
[ info ] [ BEHAVIOR ] Run app\common\behavior\Common @module_init [ RunTime:0.000000s ]
[ info ] [ TOKEN ] INIT Mysql
[ info ] [ DB ] INIT mysql
[ info ] [ LANG ] C:\wwwroot\lanxi.yz360.com.cn\public/../application/api/lang/zh-cn/user.php
[ info ] [ RUN ] app\api\controller\User->islogin[ C:\wwwroot\lanxi.yz360.com.cn\application\api\controller\User.php ]
[ info ] [ LOG ] INIT File
[ sql ] [ DB ] CONNECT:[ UseTime:0.015625s ] mysql:host=149.129.73.191;port=3306;dbname=lanxi_yz360;charset=utf8
[ sql ] [ SQL ] SHOW COLUMNS FROM `la_user_token` [ RunTime:0.000000s ]
[ sql ] [ SQL ] SELECT * FROM `la_user_token` WHERE  `token` = '6511009d3839b206ace7aca9819e3011747030cc' LIMIT 1 [ RunTime:0.000000s ]
[ sql ] [ SQL ] SHOW COLUMNS FROM `la_user` [ RunTime:0.015625s ]
[ sql ] [ SQL ] SELECT * FROM `la_user` WHERE  `id` = 36 LIMIT 1 [ RunTime:0.000000s ]
[ sql ] [ SQL ] SELECT * FROM `la_user_token` WHERE  `token` = '6511009d3839b206ace7aca9819e3011747030cc' LIMIT 1 [ RunTime:0.000000s ]
---------------------------------------------------------------
[ 2019-11-30T23:55:57+08:00 ] 1.194.128.29 POST lanxi.yz360.com.cn/index.php/api/order/service
[运行时间：0.093750s] [吞吐率：10.67req/s] [内存消耗：2,833.55kb] [文件加载：127]
[ info ] [ BEHAVIOR ] Run Closure @app_init [ RunTime:0.000000s ]
[ info ] [ CACHE ] INIT File
[ info ] [ BEHAVIOR ] Run Closure @app_init [ RunTime:0.000000s ]
[ info ] [ LANG ] C:\wwwroot\lanxi.yz360.com.cn\thinkphp\lang\zh-cn.php
[ info ] [ ROUTE ] array (
  'type' => 'module',
  'module' => 
  array (
    0 => 'api',
    1 => 'order',
    2 => 'service',
  ),
)
[ info ] [ HEADER ] array (
  'content-type' => 'application/x-www-form-urlencoded',
  'content-length' => '42',
  'charset' => 'utf-8',
  'user-agent' => 'Mozilla/5.0 (Linux; Android 9; SEA-AL00 Build/HUAWEISEA-AL00; wv) AppleWebKit/537.36 (KHTML, like Gecko) Version/4.0 Chrome/70.0.3538.64 Mobile Safari/537.36 MicroMessenger/7.0.8.1540(0x27000834) Process/appbrand3 NetType/WIFI Language/zh_CN ABI/arm64',
  'referer' => 'https://servicewechat.com/wxff51a687db71d678/6/page-frame.html',
  'host' => 'lanxi.yz360.com.cn',
  'accept-encoding' => 'gzip',
  'accept' => 'application/json',
  'connection' => 'Keep-Alive',
)
[ info ] [ PARAM ] array (
  'token' => '6d90cf09-efdf-45fb-a706-729ce46351aa',
)
[ info ] [ LANG ] C:\wwwroot\lanxi.yz360.com.cn\public/../application/api\lang\zh-cn.php
[ info ] [ BEHAVIOR ] Run app\common\behavior\Common @module_init [ RunTime:0.000000s ]
[ info ] [ TOKEN ] INIT Mysql
[ info ] [ DB ] INIT mysql
[ info ] [ RUN ] app\api\controller\Order->service[ C:\wwwroot\lanxi.yz360.com.cn\application\api\controller\Order.php ]
[ info ] [ LOG ] INIT File
[ sql ] [ DB ] CONNECT:[ UseTime:0.000000s ] mysql:host=149.129.73.191;port=3306;dbname=lanxi_yz360;charset=utf8
[ sql ] [ SQL ] SHOW COLUMNS FROM `la_user_token` [ RunTime:0.000000s ]
[ sql ] [ SQL ] SELECT * FROM `la_user_token` WHERE  `token` = '6511009d3839b206ace7aca9819e3011747030cc' LIMIT 1 [ RunTime:0.000000s ]
[ sql ] [ SQL ] SHOW COLUMNS FROM `la_user` [ RunTime:0.015625s ]
[ sql ] [ SQL ] SELECT * FROM `la_user` WHERE  `id` = 36 LIMIT 1 [ RunTime:0.000000s ]
[ sql ] [ SQL ] SHOW COLUMNS FROM `la_service` [ RunTime:0.000000s ]
[ sql ] [ SQL ] SELECT `id`,`name` FROM `la_service` WHERE  `status` = 1  AND `is_del` = 0 ORDER BY `id` DESC [ RunTime:0.015625s ]
---------------------------------------------------------------
[ 2019-11-30T23:55:58+08:00 ] 1.194.128.29 POST lanxi.yz360.com.cn/index.php/api/user/myOrder
[运行时间：0.109375s] [吞吐率：9.14req/s] [内存消耗：2,872.41kb] [文件加载：129]
[ info ] [ BEHAVIOR ] Run Closure @app_init [ RunTime:0.000000s ]
[ info ] [ CACHE ] INIT File
[ info ] [ BEHAVIOR ] Run Closure @app_init [ RunTime:0.015625s ]
[ info ] [ LANG ] C:\wwwroot\lanxi.yz360.com.cn\thinkphp\lang\zh-cn.php
[ info ] [ ROUTE ] array (
  'type' => 'module',
  'module' => 
  array (
    0 => 'api',
    1 => 'user',
    2 => 'myOrder',
  ),
)
[ info ] [ HEADER ] array (
  'content-type' => 'application/x-www-form-urlencoded',
  'content-length' => '49',
  'charset' => 'utf-8',
  'user-agent' => 'Mozilla/5.0 (Linux; Android 9; SEA-AL00 Build/HUAWEISEA-AL00; wv) AppleWebKit/537.36 (KHTML, like Gecko) Version/4.0 Chrome/70.0.3538.64 Mobile Safari/537.36 MicroMessenger/7.0.8.1540(0x27000834) Process/appbrand3 NetType/WIFI Language/zh_CN ABI/arm64',
  'referer' => 'https://servicewechat.com/wxff51a687db71d678/6/page-frame.html',
  'host' => 'lanxi.yz360.com.cn',
  'accept-encoding' => 'gzip',
  'accept' => 'application/json',
  'connection' => 'Keep-Alive',
)
[ info ] [ PARAM ] array (
  'token' => '6d90cf09-efdf-45fb-a706-729ce46351aa',
  'page' => '1',
)
[ info ] [ LANG ] C:\wwwroot\lanxi.yz360.com.cn\public/../application/api\lang\zh-cn.php
[ info ] [ BEHAVIOR ] Run app\common\behavior\Common @module_init [ RunTime:0.000000s ]
[ info ] [ TOKEN ] INIT Mysql
[ info ] [ DB ] INIT mysql
[ info ] [ LANG ] C:\wwwroot\lanxi.yz360.com.cn\public/../application/api/lang/zh-cn/user.php
[ info ] [ RUN ] app\api\controller\User->myOrder[ C:\wwwroot\lanxi.yz360.com.cn\application\api\controller\User.php ]
[ info ] [ LOG ] INIT File
[ sql ] [ DB ] CONNECT:[ UseTime:0.015625s ] mysql:host=149.129.73.191;port=3306;dbname=lanxi_yz360;charset=utf8
[ sql ] [ SQL ] SHOW COLUMNS FROM `la_user_token` [ RunTime:0.000000s ]
[ sql ] [ SQL ] SELECT * FROM `la_user_token` WHERE  `token` = '6511009d3839b206ace7aca9819e3011747030cc' LIMIT 1 [ RunTime:0.000000s ]
[ sql ] [ SQL ] SHOW COLUMNS FROM `la_user` [ RunTime:0.015625s ]
[ sql ] [ SQL ] SELECT * FROM `la_user` WHERE  `id` = 36 LIMIT 1 [ RunTime:0.000000s ]
[ sql ] [ SQL ] SELECT * FROM `la_user_token` WHERE  `token` = '6511009d3839b206ace7aca9819e3011747030cc' LIMIT 1 [ RunTime:0.000000s ]
[ sql ] [ SQL ] SHOW COLUMNS FROM `la_order` [ RunTime:0.015625s ]
[ sql ] [ SQL ] SELECT * FROM `la_order` WHERE  `uid` = 36 ORDER BY `id` DESC LIMIT 0,10 [ RunTime:0.000000s ]
[ sql ] [ SQL ] SELECT COUNT(*) AS tp_count FROM `la_order` WHERE  `uid` = 36 LIMIT 1 [ RunTime:0.000000s ]
---------------------------------------------------------------
[ 2019-11-30T23:56:01+08:00 ] 1.194.128.29 POST lanxi.yz360.com.cn/index.php/api/user/allyList
[运行时间：0.093750s] [吞吐率：10.67req/s] [内存消耗：2,840.34kb] [文件加载：128]
[ info ] [ BEHAVIOR ] Run Closure @app_init [ RunTime:0.000000s ]
[ info ] [ CACHE ] INIT File
[ info ] [ BEHAVIOR ] Run Closure @app_init [ RunTime:0.000000s ]
[ info ] [ LANG ] C:\wwwroot\lanxi.yz360.com.cn\thinkphp\lang\zh-cn.php
[ info ] [ ROUTE ] array (
  'type' => 'module',
  'module' => 
  array (
    0 => 'api',
    1 => 'user',
    2 => 'allyList',
  ),
)
[ info ] [ HEADER ] array (
  'content-type' => 'application/x-www-form-urlencoded',
  'content-length' => '49',
  'charset' => 'utf-8',
  'user-agent' => 'Mozilla/5.0 (Linux; Android 9; SEA-AL00 Build/HUAWEISEA-AL00; wv) AppleWebKit/537.36 (KHTML, like Gecko) Version/4.0 Chrome/70.0.3538.64 Mobile Safari/537.36 MicroMessenger/7.0.8.1540(0x27000834) Process/appbrand3 NetType/WIFI Language/zh_CN ABI/arm64',
  'referer' => 'https://servicewechat.com/wxff51a687db71d678/6/page-frame.html',
  'host' => 'lanxi.yz360.com.cn',
  'accept-encoding' => 'gzip',
  'accept' => 'application/json',
  'connection' => 'Keep-Alive',
)
[ info ] [ PARAM ] array (
  'token' => '6d90cf09-efdf-45fb-a706-729ce46351aa',
  'type' => '1',
)
[ info ] [ LANG ] C:\wwwroot\lanxi.yz360.com.cn\public/../application/api\lang\zh-cn.php
[ info ] [ BEHAVIOR ] Run app\common\behavior\Common @module_init [ RunTime:0.000000s ]
[ info ] [ TOKEN ] INIT Mysql
[ info ] [ DB ] INIT mysql
[ info ] [ LANG ] C:\wwwroot\lanxi.yz360.com.cn\public/../application/api/lang/zh-cn/user.php
[ info ] [ RUN ] app\api\controller\User->allyList[ C:\wwwroot\lanxi.yz360.com.cn\application\api\controller\User.php ]
[ info ] [ LOG ] INIT File
[ sql ] [ DB ] CONNECT:[ UseTime:0.015625s ] mysql:host=149.129.73.191;port=3306;dbname=lanxi_yz360;charset=utf8
[ sql ] [ SQL ] SHOW COLUMNS FROM `la_user_token` [ RunTime:0.000000s ]
[ sql ] [ SQL ] SELECT * FROM `la_user_token` WHERE  `token` = '6511009d3839b206ace7aca9819e3011747030cc' LIMIT 1 [ RunTime:0.000000s ]
[ sql ] [ SQL ] SHOW COLUMNS FROM `la_user` [ RunTime:0.000000s ]
[ sql ] [ SQL ] SELECT * FROM `la_user` WHERE  `id` = 36 LIMIT 1 [ RunTime:0.000000s ]
[ sql ] [ SQL ] SELECT * FROM `la_user_token` WHERE  `token` = '6511009d3839b206ace7aca9819e3011747030cc' LIMIT 1 [ RunTime:0.000000s ]
[ sql ] [ SQL ] SELECT COUNT(*) AS tp_count FROM `la_user` WHERE  `first_leader` = 36 LIMIT 1 [ RunTime:0.000000s ]
[ sql ] [ SQL ] SELECT `id`,`username`,`avatar` FROM `la_user` WHERE  `first_leader` = 36 [ RunTime:0.000000s ]
---------------------------------------------------------------
[ 2019-11-30T23:56:05+08:00 ] 1.194.128.29 POST lanxi.yz360.com.cn/index.php/api/user/allyNum
[运行时间：0.093750s] [吞吐率：10.67req/s] [内存消耗：2,840.29kb] [文件加载：128]
[ info ] [ BEHAVIOR ] Run Closure @app_init [ RunTime:0.000000s ]
[ info ] [ CACHE ] INIT File
[ info ] [ BEHAVIOR ] Run Closure @app_init [ RunTime:0.000000s ]
[ info ] [ LANG ] C:\wwwroot\lanxi.yz360.com.cn\thinkphp\lang\zh-cn.php
[ info ] [ ROUTE ] array (
  'type' => 'module',
  'module' => 
  array (
    0 => 'api',
    1 => 'user',
    2 => 'allyNum',
  ),
)
[ info ] [ HEADER ] array (
  'content-type' => 'application/x-www-form-urlencoded',
  'content-length' => '42',
  'charset' => 'utf-8',
  'user-agent' => 'Mozilla/5.0 (Linux; Android 9; SEA-AL00 Build/HUAWEISEA-AL00; wv) AppleWebKit/537.36 (KHTML, like Gecko) Version/4.0 Chrome/70.0.3538.64 Mobile Safari/537.36 MicroMessenger/7.0.8.1540(0x27000834) Process/appbrand3 NetType/WIFI Language/zh_CN ABI/arm64',
  'referer' => 'https://servicewechat.com/wxff51a687db71d678/6/page-frame.html',
  'host' => 'lanxi.yz360.com.cn',
  'accept-encoding' => 'gzip',
  'accept' => 'application/json',
  'connection' => 'Keep-Alive',
)
[ info ] [ PARAM ] array (
  'token' => '6d90cf09-efdf-45fb-a706-729ce46351aa',
)
[ info ] [ LANG ] C:\wwwroot\lanxi.yz360.com.cn\public/../application/api\lang\zh-cn.php
[ info ] [ BEHAVIOR ] Run app\common\behavior\Common @module_init [ RunTime:0.000000s ]
[ info ] [ TOKEN ] INIT Mysql
[ info ] [ DB ] INIT mysql
[ info ] [ LANG ] C:\wwwroot\lanxi.yz360.com.cn\public/../application/api/lang/zh-cn/user.php
[ info ] [ RUN ] app\api\controller\User->allyNum[ C:\wwwroot\lanxi.yz360.com.cn\application\api\controller\User.php ]
[ info ] [ LOG ] INIT File
[ sql ] [ DB ] CONNECT:[ UseTime:0.000000s ] mysql:host=149.129.73.191;port=3306;dbname=lanxi_yz360;charset=utf8
[ sql ] [ SQL ] SHOW COLUMNS FROM `la_user_token` [ RunTime:0.000000s ]
[ sql ] [ SQL ] SELECT * FROM `la_user_token` WHERE  `token` = '6511009d3839b206ace7aca9819e3011747030cc' LIMIT 1 [ RunTime:0.000000s ]
[ sql ] [ SQL ] SHOW COLUMNS FROM `la_user` [ RunTime:0.000000s ]
[ sql ] [ SQL ] SELECT * FROM `la_user` WHERE  `id` = 36 LIMIT 1 [ RunTime:0.000000s ]
[ sql ] [ SQL ] SELECT * FROM `la_user_token` WHERE  `token` = '6511009d3839b206ace7aca9819e3011747030cc' LIMIT 1 [ RunTime:0.000000s ]
[ sql ] [ SQL ] SELECT COUNT(*) AS tp_count FROM `la_user` WHERE  `first_leader` = 36 OR `second_leader` = 36  OR `third_leader` = 36 LIMIT 1 [ RunTime:0.000000s ]
[ sql ] [ SQL ] SELECT COUNT(*) AS tp_count FROM `la_user` WHERE  `first_leader` = 36 LIMIT 1 [ RunTime:0.015625s ]
[ sql ] [ SQL ] SELECT COUNT(*) AS tp_count FROM `la_user` WHERE  `second_leader` = 36 LIMIT 1 [ RunTime:0.000000s ]
[ sql ] [ SQL ] SELECT COUNT(*) AS tp_count FROM `la_user` WHERE  `third_leader` = 36 LIMIT 1 [ RunTime:0.000000s ]
---------------------------------------------------------------
[ 2019-11-30T23:56:06+08:00 ] 1.194.128.29 POST lanxi.yz360.com.cn/index.php/api/user/islogin
[运行时间：0.093750s] [吞吐率：10.67req/s] [内存消耗：2,836.30kb] [文件加载：127]
[ info ] [ BEHAVIOR ] Run Closure @app_init [ RunTime:0.000000s ]
[ info ] [ CACHE ] INIT File
[ info ] [ BEHAVIOR ] Run Closure @app_init [ RunTime:0.000000s ]
[ info ] [ LANG ] C:\wwwroot\lanxi.yz360.com.cn\thinkphp\lang\zh-cn.php
[ info ] [ ROUTE ] array (
  'type' => 'module',
  'module' => 
  array (
    0 => 'api',
    1 => 'user',
    2 => 'islogin',
  ),
)
[ info ] [ HEADER ] array (
  'content-type' => 'application/x-www-form-urlencoded',
  'content-length' => '42',
  'charset' => 'utf-8',
  'user-agent' => 'Mozilla/5.0 (Linux; Android 9; SEA-AL00 Build/HUAWEISEA-AL00; wv) AppleWebKit/537.36 (KHTML, like Gecko) Version/4.0 Chrome/70.0.3538.64 Mobile Safari/537.36 MicroMessenger/7.0.8.1540(0x27000834) Process/appbrand3 NetType/WIFI Language/zh_CN ABI/arm64',
  'referer' => 'https://servicewechat.com/wxff51a687db71d678/6/page-frame.html',
  'host' => 'lanxi.yz360.com.cn',
  'accept-encoding' => 'gzip',
  'accept' => 'application/json',
  'connection' => 'Keep-Alive',
)
[ info ] [ PARAM ] array (
  'token' => '6d90cf09-efdf-45fb-a706-729ce46351aa',
)
[ info ] [ LANG ] C:\wwwroot\lanxi.yz360.com.cn\public/../application/api\lang\zh-cn.php
[ info ] [ BEHAVIOR ] Run app\common\behavior\Common @module_init [ RunTime:0.000000s ]
[ info ] [ TOKEN ] INIT Mysql
[ info ] [ DB ] INIT mysql
[ info ] [ LANG ] C:\wwwroot\lanxi.yz360.com.cn\public/../application/api/lang/zh-cn/user.php
[ info ] [ RUN ] app\api\controller\User->islogin[ C:\wwwroot\lanxi.yz360.com.cn\application\api\controller\User.php ]
[ info ] [ LOG ] INIT File
[ sql ] [ DB ] CONNECT:[ UseTime:0.015625s ] mysql:host=149.129.73.191;port=3306;dbname=lanxi_yz360;charset=utf8
[ sql ] [ SQL ] SHOW COLUMNS FROM `la_user_token` [ RunTime:0.000000s ]
[ sql ] [ SQL ] SELECT * FROM `la_user_token` WHERE  `token` = '6511009d3839b206ace7aca9819e3011747030cc' LIMIT 1 [ RunTime:0.000000s ]
[ sql ] [ SQL ] SHOW COLUMNS FROM `la_user` [ RunTime:0.015625s ]
[ sql ] [ SQL ] SELECT * FROM `la_user` WHERE  `id` = 36 LIMIT 1 [ RunTime:0.000000s ]
[ sql ] [ SQL ] SELECT * FROM `la_user_token` WHERE  `token` = '6511009d3839b206ace7aca9819e3011747030cc' LIMIT 1 [ RunTime:0.000000s ]
