---------------------------------------------------------------
[ 2019-12-01T00:39:28+08:00 ] 159.138.148.13 GET nyytyy.com/
[运行时间：0.062500s] [吞吐率：16.00req/s] [内存消耗：1,563.52kb] [文件加载：106]
[ info ] [ BEHAVIOR ] Run Closure @app_init [ RunTime:0.000000s ]
[ info ] [ CACHE ] INIT File
[ info ] [ BEHAVIOR ] Run Closure @app_init [ RunTime:0.000000s ]
[ info ] [ LANG ] C:\wwwroot\lanxi.yz360.com.cn\thinkphp\lang\zh-cn.php
[ info ] [ ROUTE ] array (
  'type' => 'module',
  'module' => 
  array (
    0 => '',
    1 => NULL,
    2 => NULL,
  ),
)
[ info ] [ HEADER ] array (
  'content-type' => '',
  'content-length' => '0',
  'user-agent' => 'Mozilla/5.0(Linux;Android 5.1.1;OPPO A33 Build/LMY47V;wv) AppleWebKit/537.36(KHTML,link Gecko) Version/4.0 Chrome/42.0.2311.138 Mobile Safari/537.36 Mb2345Browser/9.0',
  'host' => 'nyytyy.com',
  'accept-language' => 'zh-CN,zh;q=0.9',
  'accept-encoding' => 'gzip,deflate',
  'accept' => 'text/html,application/xhtml+xml,application/xml;q=0.9,*/*;q=0.8',
  'connection' => 'Close',
)
[ info ] [ PARAM ] array (
)
[ info ] [ LOG ] INIT File
---------------------------------------------------------------
[ 2019-12-01T01:03:28+08:00 ] 60.191.38.77 GET dingshangwenhua.com/
[运行时间：0.046875s] [吞吐率：21.33req/s] [内存消耗：1,562.41kb] [文件加载：106]
[ info ] [ BEHAVIOR ] Run Closure @app_init [ RunTime:0.000000s ]
[ info ] [ CACHE ] INIT File
[ info ] [ BEHAVIOR ] Run Closure @app_init [ RunTime:0.000000s ]
[ info ] [ LANG ] C:\wwwroot\lanxi.yz360.com.cn\thinkphp\lang\zh-cn.php
[ info ] [ ROUTE ] array (
  'type' => 'module',
  'module' => 
  array (
    0 => '',
    1 => NULL,
    2 => NULL,
  ),
)
[ info ] [ HEADER ] array (
  'content-type' => '',
  'content-length' => '0',
  'user-agent' => 'Mozilla/5.0 (Macintosh; Intel Mac OS X 10.11; rv:47.0) Gecko/20100101 Firefox/47.0',
  'host' => 'dingshangwenhua.com',
  'accept' => '*/*',
  'connection' => 'keep-alive',
)
[ info ] [ PARAM ] array (
)
[ info ] [ LOG ] INIT File
---------------------------------------------------------------
[ 2019-12-01T01:10:08+08:00 ] 213.32.122.82 GET 149.129.73.191/
[运行时间：0.046875s] [吞吐率：21.33req/s] [内存消耗：1,562.23kb] [文件加载：106]
[ info ] [ BEHAVIOR ] Run Closure @app_init [ RunTime:0.000000s ]
[ info ] [ CACHE ] INIT File
[ info ] [ BEHAVIOR ] Run Closure @app_init [ RunTime:0.000000s ]
[ info ] [ LANG ] C:\wwwroot\lanxi.yz360.com.cn\thinkphp\lang\zh-cn.php
[ info ] [ ROUTE ] array (
  'type' => 'module',
  'module' => 
  array (
    0 => '',
    1 => NULL,
    2 => NULL,
  ),
)
[ info ] [ HEADER ] array (
  'content-type' => '',
  'content-length' => '0',
  'user-agent' => 'Mozilla/5.0 (Windows NT 6.1) AppleWebKit/537.36 (KHTML, like Gecko) Chrome/41.0.2228.0 Safari/537.36',
  'host' => '149.129.73.191',
  'connection' => 'close',
)
[ info ] [ PARAM ] array (
)
[ info ] [ LOG ] INIT File
---------------------------------------------------------------
[ 2019-12-01T01:34:03+08:00 ] 157.55.39.57 GET www.nyytyy.com/
[运行时间：0.187500s] [吞吐率：5.33req/s] [内存消耗：1,563.48kb] [文件加载：106]
[ info ] [ BEHAVIOR ] Run Closure @app_init [ RunTime:0.000000s ]
[ info ] [ CACHE ] INIT File
[ info ] [ BEHAVIOR ] Run Closure @app_init [ RunTime:0.015625s ]
[ info ] [ LANG ] C:\wwwroot\lanxi.yz360.com.cn\thinkphp\lang\zh-cn.php
[ info ] [ ROUTE ] array (
  'type' => 'module',
  'module' => 
  array (
    0 => '',
    1 => NULL,
    2 => NULL,
  ),
)
[ info ] [ HEADER ] array (
  'content-type' => '',
  'content-length' => '0',
  'user-agent' => 'Mozilla/5.0 (compatible; bingbot/2.0; +http://www.bing.com/bingbot.htm)',
  'host' => 'www.nyytyy.com',
  'from' => 'bingbot(at)microsoft.com',
  'accept-encoding' => 'gzip, deflate',
  'accept' => '*/*',
  'pragma' => 'no-cache',
  'connection' => 'Keep-Alive',
  'cache-control' => 'no-cache',
)
[ info ] [ PARAM ] array (
)
[ info ] [ LOG ] INIT File
---------------------------------------------------------------
[ 2019-12-01T02:33:00+08:00 ] 223.166.222.102 POST lanxi.yz360.com.cn/index.php/api/index/lunbo
[运行时间：0.203125s] [吞吐率：4.92req/s] [内存消耗：2,752.77kb] [文件加载：123]
[ info ] [ BEHAVIOR ] Run Closure @app_init [ RunTime:0.000000s ]
[ info ] [ CACHE ] INIT File
[ info ] [ BEHAVIOR ] Run Closure @app_init [ RunTime:0.015625s ]
[ info ] [ LANG ] C:\wwwroot\lanxi.yz360.com.cn\thinkphp\lang\zh-cn.php
[ info ] [ ROUTE ] array (
  'type' => 'module',
  'module' => 
  array (
    0 => 'api',
    1 => 'index',
    2 => 'lunbo',
  ),
)
[ info ] [ HEADER ] array (
  'content-type' => 'application/x-www-form-urlencoded',
  'content-length' => '6',
  'x-wx-cascade-timeout' => '40000',
  'server-port' => '18569',
  'remote-addr' => '9.19.8.108:49324',
  'user-agent' => 'Mozilla/5.0 (iPhone; CPU iPhone OS 11_0 like Mac OS X) AppleWebKit/604.1.38 (KHTML, like Gecko) Version/11.0 Mobile/15A372 Safari/604.1 MicroMessenger/6.5 mpcrawler',
  'referer' => 'https://servicewechat.com/wxff51a687db71d678/6/page-frame.html',
  'host' => 'lanxi.yz360.com.cn',
  'accept-encoding' => 'gzip, deflate',
  'accept' => 'application/json',
  'connection' => 'keep-alive',
)
[ info ] [ PARAM ] array (
  'type' => '2',
)
[ info ] [ LANG ] C:\wwwroot\lanxi.yz360.com.cn\public/../application/api\lang\zh-cn.php
[ info ] [ BEHAVIOR ] Run app\common\behavior\Common @module_init [ RunTime:0.015625s ]
[ info ] [ RUN ] app\api\controller\Index->lunbo[ C:\wwwroot\lanxi.yz360.com.cn\application\api\controller\Index.php ]
[ info ] [ DB ] INIT mysql
[ info ] [ LOG ] INIT File
[ sql ] [ DB ] CONNECT:[ UseTime:0.015625s ] mysql:host=149.129.73.191;port=3306;dbname=lanxi_yz360;charset=utf8
[ sql ] [ SQL ] SHOW COLUMNS FROM `la_lunbo` [ RunTime:0.000000s ]
[ sql ] [ SQL ] SELECT * FROM `la_lunbo` WHERE  `status` = 1  AND `is_del` = 0  AND `type` = 2 ORDER BY `id` DESC [ RunTime:0.015625s ]
---------------------------------------------------------------
[ 2019-12-01T02:33:00+08:00 ] 223.166.222.104 POST lanxi.yz360.com.cn/index.php/api/index/news
[运行时间：0.187500s] [吞吐率：5.33req/s] [内存消耗：2,749.61kb] [文件加载：123]
[ info ] [ BEHAVIOR ] Run Closure @app_init [ RunTime:0.000000s ]
[ info ] [ CACHE ] INIT File
[ info ] [ BEHAVIOR ] Run Closure @app_init [ RunTime:0.000000s ]
[ info ] [ LANG ] C:\wwwroot\lanxi.yz360.com.cn\thinkphp\lang\zh-cn.php
[ info ] [ ROUTE ] array (
  'type' => 'module',
  'module' => 
  array (
    0 => 'api',
    1 => 'index',
    2 => 'news',
  ),
)
[ info ] [ HEADER ] array (
  'content-type' => 'application/x-www-form-urlencoded',
  'content-length' => '0',
  'x-wx-cascade-timeout' => '40000',
  'server-port' => '18569',
  'remote-addr' => '9.19.8.108:49303',
  'user-agent' => 'Mozilla/5.0 (iPhone; CPU iPhone OS 11_0 like Mac OS X) AppleWebKit/604.1.38 (KHTML, like Gecko) Version/11.0 Mobile/15A372 Safari/604.1 MicroMessenger/6.5 mpcrawler',
  'referer' => 'https://servicewechat.com/wxff51a687db71d678/6/page-frame.html',
  'host' => 'lanxi.yz360.com.cn',
  'accept-encoding' => 'gzip, deflate',
  'accept' => 'application/json',
  'connection' => 'keep-alive',
)
[ info ] [ PARAM ] array (
)
[ info ] [ LANG ] C:\wwwroot\lanxi.yz360.com.cn\public/../application/api\lang\zh-cn.php
[ info ] [ BEHAVIOR ] Run app\common\behavior\Common @module_init [ RunTime:0.015625s ]
[ info ] [ RUN ] app\api\controller\Index->news[ C:\wwwroot\lanxi.yz360.com.cn\application\api\controller\Index.php ]
[ info ] [ DB ] INIT mysql
[ info ] [ LOG ] INIT File
[ sql ] [ DB ] CONNECT:[ UseTime:0.000000s ] mysql:host=149.129.73.191;port=3306;dbname=lanxi_yz360;charset=utf8
[ sql ] [ SQL ] SHOW COLUMNS FROM `la_msg` [ RunTime:0.015625s ]
[ sql ] [ SQL ] SELECT `id`,`title`,`img`,`ctime`,`des` FROM `la_msg` WHERE  `status` = 1  AND `is_del` = 0 ORDER BY `id` DESC LIMIT 3 [ RunTime:0.015625s ]
---------------------------------------------------------------
[ 2019-12-01T02:33:00+08:00 ] 101.91.60.73 POST lanxi.yz360.com.cn/index.php/api/index/product
[运行时间：0.125000s] [吞吐率：8.00req/s] [内存消耗：2,750.61kb] [文件加载：123]
[ info ] [ BEHAVIOR ] Run Closure @app_init [ RunTime:0.000000s ]
[ info ] [ CACHE ] INIT File
[ info ] [ BEHAVIOR ] Run Closure @app_init [ RunTime:0.000000s ]
[ info ] [ LANG ] C:\wwwroot\lanxi.yz360.com.cn\thinkphp\lang\zh-cn.php
[ info ] [ ROUTE ] array (
  'type' => 'module',
  'module' => 
  array (
    0 => 'api',
    1 => 'index',
    2 => 'product',
  ),
)
[ info ] [ HEADER ] array (
  'content-type' => 'application/x-www-form-urlencoded',
  'content-length' => '0',
  'x-wx-cascade-timeout' => '40000',
  'server-port' => '18569',
  'remote-addr' => '9.19.8.108:49323',
  'user-agent' => 'Mozilla/5.0 (iPhone; CPU iPhone OS 11_0 like Mac OS X) AppleWebKit/604.1.38 (KHTML, like Gecko) Version/11.0 Mobile/15A372 Safari/604.1 MicroMessenger/6.5 mpcrawler',
  'referer' => 'https://servicewechat.com/wxff51a687db71d678/6/page-frame.html',
  'host' => 'lanxi.yz360.com.cn',
  'accept-encoding' => 'gzip, deflate',
  'accept' => 'application/json',
  'connection' => 'keep-alive',
)
[ info ] [ PARAM ] array (
)
[ info ] [ LANG ] C:\wwwroot\lanxi.yz360.com.cn\public/../application/api\lang\zh-cn.php
[ info ] [ BEHAVIOR ] Run app\common\behavior\Common @module_init [ RunTime:0.000000s ]
[ info ] [ RUN ] app\api\controller\Index->product[ C:\wwwroot\lanxi.yz360.com.cn\application\api\controller\Index.php ]
[ info ] [ DB ] INIT mysql
[ info ] [ LOG ] INIT File
[ sql ] [ DB ] CONNECT:[ UseTime:0.015625s ] mysql:host=149.129.73.191;port=3306;dbname=lanxi_yz360;charset=utf8
[ sql ] [ SQL ] SHOW COLUMNS FROM `la_product` [ RunTime:0.000000s ]
[ sql ] [ SQL ] SELECT `id`,`name`,`img`,`introduce` FROM `la_product` WHERE  `status` = 1  AND `is_del` = 0  AND `is_index` = 1 ORDER BY `id` DESC LIMIT 4 [ RunTime:0.000000s ]
---------------------------------------------------------------
[ 2019-12-01T02:33:00+08:00 ] 101.91.60.24 POST lanxi.yz360.com.cn/index.php/api/index/lunbo
[运行时间：0.078125s] [吞吐率：12.80req/s] [内存消耗：2,752.20kb] [文件加载：123]
[ info ] [ BEHAVIOR ] Run Closure @app_init [ RunTime:0.000000s ]
[ info ] [ CACHE ] INIT File
[ info ] [ BEHAVIOR ] Run Closure @app_init [ RunTime:0.000000s ]
[ info ] [ LANG ] C:\wwwroot\lanxi.yz360.com.cn\thinkphp\lang\zh-cn.php
[ info ] [ ROUTE ] array (
  'type' => 'module',
  'module' => 
  array (
    0 => 'api',
    1 => 'index',
    2 => 'lunbo',
  ),
)
[ info ] [ HEADER ] array (
  'content-type' => 'application/x-www-form-urlencoded',
  'content-length' => '6',
  'x-wx-cascade-timeout' => '40000',
  'server-port' => '18569',
  'remote-addr' => '9.19.8.108:49325',
  'user-agent' => 'Mozilla/5.0 (iPhone; CPU iPhone OS 11_0 like Mac OS X) AppleWebKit/604.1.38 (KHTML, like Gecko) Version/11.0 Mobile/15A372 Safari/604.1 MicroMessenger/6.5 mpcrawler',
  'referer' => 'https://servicewechat.com/wxff51a687db71d678/6/page-frame.html',
  'host' => 'lanxi.yz360.com.cn',
  'accept-encoding' => 'gzip, deflate',
  'accept' => 'application/json',
  'connection' => 'keep-alive',
)
[ info ] [ PARAM ] array (
  'type' => '1',
)
[ info ] [ LANG ] C:\wwwroot\lanxi.yz360.com.cn\public/../application/api\lang\zh-cn.php
[ info ] [ BEHAVIOR ] Run app\common\behavior\Common @module_init [ RunTime:0.000000s ]
[ info ] [ RUN ] app\api\controller\Index->lunbo[ C:\wwwroot\lanxi.yz360.com.cn\application\api\controller\Index.php ]
[ info ] [ DB ] INIT mysql
[ info ] [ LOG ] INIT File
[ sql ] [ DB ] CONNECT:[ UseTime:0.015625s ] mysql:host=149.129.73.191;port=3306;dbname=lanxi_yz360;charset=utf8
[ sql ] [ SQL ] SHOW COLUMNS FROM `la_lunbo` [ RunTime:0.000000s ]
[ sql ] [ SQL ] SELECT * FROM `la_lunbo` WHERE  `status` = 1  AND `is_del` = 0  AND `type` = 1 ORDER BY `id` DESC [ RunTime:0.000000s ]
---------------------------------------------------------------
[ 2019-12-01T02:33:00+08:00 ] 223.166.222.102 POST lanxi.yz360.com.cn/index.php/api/index/servicecat
[运行时间：0.078125s] [吞吐率：12.80req/s] [内存消耗：2,748.31kb] [文件加载：123]
[ info ] [ BEHAVIOR ] Run Closure @app_init [ RunTime:0.000000s ]
[ info ] [ CACHE ] INIT File
[ info ] [ BEHAVIOR ] Run Closure @app_init [ RunTime:0.000000s ]
[ info ] [ LANG ] C:\wwwroot\lanxi.yz360.com.cn\thinkphp\lang\zh-cn.php
[ info ] [ ROUTE ] array (
  'type' => 'module',
  'module' => 
  array (
    0 => 'api',
    1 => 'index',
    2 => 'servicecat',
  ),
)
[ info ] [ HEADER ] array (
  'content-type' => 'application/x-www-form-urlencoded',
  'content-length' => '0',
  'x-wx-cascade-timeout' => '40000',
  'server-port' => '18569',
  'remote-addr' => '9.19.8.108:49325',
  'user-agent' => 'Mozilla/5.0 (iPhone; CPU iPhone OS 11_0 like Mac OS X) AppleWebKit/604.1.38 (KHTML, like Gecko) Version/11.0 Mobile/15A372 Safari/604.1 MicroMessenger/6.5 mpcrawler',
  'referer' => 'https://servicewechat.com/wxff51a687db71d678/6/page-frame.html',
  'host' => 'lanxi.yz360.com.cn',
  'accept-encoding' => 'gzip, deflate',
  'accept' => 'application/json',
  'connection' => 'keep-alive',
)
[ info ] [ PARAM ] array (
)
[ info ] [ LANG ] C:\wwwroot\lanxi.yz360.com.cn\public/../application/api\lang\zh-cn.php
[ info ] [ BEHAVIOR ] Run app\common\behavior\Common @module_init [ RunTime:0.000000s ]
[ info ] [ RUN ] app\api\controller\Index->servicecat[ C:\wwwroot\lanxi.yz360.com.cn\application\api\controller\Index.php ]
[ info ] [ DB ] INIT mysql
[ info ] [ LOG ] INIT File
[ sql ] [ DB ] CONNECT:[ UseTime:0.000000s ] mysql:host=149.129.73.191;port=3306;dbname=lanxi_yz360;charset=utf8
[ sql ] [ SQL ] SHOW COLUMNS FROM `la_service_cat` [ RunTime:0.000000s ]
[ sql ] [ SQL ] SELECT `id`,`name`,`img` FROM `la_service_cat` WHERE  `status` = 1  AND `is_del` = 0 ORDER BY `id` DESC [ RunTime:0.000000s ]
---------------------------------------------------------------
[ 2019-12-01T02:33:00+08:00 ] 101.91.60.73 POST lanxi.yz360.com.cn/index.php/api/index/detail
[运行时间：0.062500s] [吞吐率：16.00req/s] [内存消耗：2,106.52kb] [文件加载：116]
[ info ] [ BEHAVIOR ] Run Closure @app_init [ RunTime:0.000000s ]
[ info ] [ CACHE ] INIT File
[ info ] [ BEHAVIOR ] Run Closure @app_init [ RunTime:0.000000s ]
[ info ] [ LANG ] C:\wwwroot\lanxi.yz360.com.cn\thinkphp\lang\zh-cn.php
[ info ] [ ROUTE ] array (
  'type' => 'module',
  'module' => 
  array (
    0 => 'api',
    1 => 'index',
    2 => 'detail',
  ),
)
[ info ] [ HEADER ] array (
  'content-type' => 'application/x-www-form-urlencoded',
  'content-length' => '0',
  'x-wx-cascade-timeout' => '40000',
  'server-port' => '18569',
  'remote-addr' => '9.19.8.108:49323',
  'user-agent' => 'Mozilla/5.0 (iPhone; CPU iPhone OS 11_0 like Mac OS X) AppleWebKit/604.1.38 (KHTML, like Gecko) Version/11.0 Mobile/15A372 Safari/604.1 MicroMessenger/6.5 mpcrawler',
  'referer' => 'https://servicewechat.com/wxff51a687db71d678/6/page-frame.html',
  'host' => 'lanxi.yz360.com.cn',
  'accept-encoding' => 'gzip, deflate',
  'accept' => 'application/json',
  'connection' => 'keep-alive',
)
[ info ] [ PARAM ] array (
)
[ info ] [ LANG ] C:\wwwroot\lanxi.yz360.com.cn\public/../application/api\lang\zh-cn.php
[ info ] [ BEHAVIOR ] Run app\common\behavior\Common @module_init [ RunTime:0.000000s ]
[ info ] [ RUN ] app\api\controller\Index->detail[ C:\wwwroot\lanxi.yz360.com.cn\application\api\controller\Index.php ]
[ info ] [ LOG ] INIT File
---------------------------------------------------------------
[ 2019-12-01T02:33:00+08:00 ] 101.91.60.73 POST lanxi.yz360.com.cn/index.php/api/index/technician
[运行时间：0.093750s] [吞吐率：10.67req/s] [内存消耗：2,748.58kb] [文件加载：123]
[ info ] [ BEHAVIOR ] Run Closure @app_init [ RunTime:0.000000s ]
[ info ] [ CACHE ] INIT File
[ info ] [ BEHAVIOR ] Run Closure @app_init [ RunTime:0.000000s ]
[ info ] [ LANG ] C:\wwwroot\lanxi.yz360.com.cn\thinkphp\lang\zh-cn.php
[ info ] [ ROUTE ] array (
  'type' => 'module',
  'module' => 
  array (
    0 => 'api',
    1 => 'index',
    2 => 'technician',
  ),
)
[ info ] [ HEADER ] array (
  'content-type' => 'application/x-www-form-urlencoded',
  'content-length' => '0',
  'x-wx-cascade-timeout' => '40000',
  'server-port' => '18569',
  'remote-addr' => '9.19.8.108:49303',
  'user-agent' => 'Mozilla/5.0 (iPhone; CPU iPhone OS 11_0 like Mac OS X) AppleWebKit/604.1.38 (KHTML, like Gecko) Version/11.0 Mobile/15A372 Safari/604.1 MicroMessenger/6.5 mpcrawler',
  'referer' => 'https://servicewechat.com/wxff51a687db71d678/6/page-frame.html',
  'host' => 'lanxi.yz360.com.cn',
  'accept-encoding' => 'gzip, deflate',
  'accept' => 'application/json',
  'connection' => 'keep-alive',
)
[ info ] [ PARAM ] array (
)
[ info ] [ LANG ] C:\wwwroot\lanxi.yz360.com.cn\public/../application/api\lang\zh-cn.php
[ info ] [ BEHAVIOR ] Run app\common\behavior\Common @module_init [ RunTime:0.015625s ]
[ info ] [ RUN ] app\api\controller\Index->technician[ C:\wwwroot\lanxi.yz360.com.cn\application\api\controller\Index.php ]
[ info ] [ DB ] INIT mysql
[ info ] [ LOG ] INIT File
[ sql ] [ DB ] CONNECT:[ UseTime:0.015625s ] mysql:host=149.129.73.191;port=3306;dbname=lanxi_yz360;charset=utf8
[ sql ] [ SQL ] SHOW COLUMNS FROM `la_technician` [ RunTime:0.000000s ]
[ sql ] [ SQL ] SELECT `id`,`name`,`img` FROM `la_technician` WHERE  `status` = 1  AND `is_del` = 0 ORDER BY `onclicks` DESC LIMIT 4 [ RunTime:0.000000s ]
---------------------------------------------------------------
[ 2019-12-01T02:33:01+08:00 ] 223.166.222.104 POST lanxi.yz360.com.cn/index.php/api/index/lunbo
[运行时间：0.078125s] [吞吐率：12.80req/s] [内存消耗：2,752.62kb] [文件加载：123]
[ info ] [ BEHAVIOR ] Run Closure @app_init [ RunTime:0.000000s ]
[ info ] [ CACHE ] INIT File
[ info ] [ BEHAVIOR ] Run Closure @app_init [ RunTime:0.000000s ]
[ info ] [ LANG ] C:\wwwroot\lanxi.yz360.com.cn\thinkphp\lang\zh-cn.php
[ info ] [ ROUTE ] array (
  'type' => 'module',
  'module' => 
  array (
    0 => 'api',
    1 => 'index',
    2 => 'lunbo',
  ),
)
[ info ] [ HEADER ] array (
  'content-type' => 'application/x-www-form-urlencoded',
  'content-length' => '6',
  'x-wx-cascade-timeout' => '40000',
  'server-port' => '18569',
  'remote-addr' => '9.19.8.108:49323',
  'user-agent' => 'Mozilla/5.0 (iPhone; CPU iPhone OS 11_0 like Mac OS X) AppleWebKit/604.1.38 (KHTML, like Gecko) Version/11.0 Mobile/15A372 Safari/604.1 MicroMessenger/6.5 mpcrawler',
  'referer' => 'https://servicewechat.com/wxff51a687db71d678/6/page-frame.html',
  'host' => 'lanxi.yz360.com.cn',
  'accept-encoding' => 'gzip, deflate',
  'accept' => 'application/json',
  'connection' => 'keep-alive',
)
[ info ] [ PARAM ] array (
  'type' => '2',
)
[ info ] [ LANG ] C:\wwwroot\lanxi.yz360.com.cn\public/../application/api\lang\zh-cn.php
[ info ] [ BEHAVIOR ] Run app\common\behavior\Common @module_init [ RunTime:0.015625s ]
[ info ] [ RUN ] app\api\controller\Index->lunbo[ C:\wwwroot\lanxi.yz360.com.cn\application\api\controller\Index.php ]
[ info ] [ DB ] INIT mysql
[ info ] [ LOG ] INIT File
[ sql ] [ DB ] CONNECT:[ UseTime:0.000000s ] mysql:host=149.129.73.191;port=3306;dbname=lanxi_yz360;charset=utf8
[ sql ] [ SQL ] SHOW COLUMNS FROM `la_lunbo` [ RunTime:0.000000s ]
[ sql ] [ SQL ] SELECT * FROM `la_lunbo` WHERE  `status` = 1  AND `is_del` = 0  AND `type` = 2 ORDER BY `id` DESC [ RunTime:0.000000s ]
---------------------------------------------------------------
[ 2019-12-01T02:33:01+08:00 ] 223.166.222.105 POST lanxi.yz360.com.cn/index.php/api/index/product
[运行时间：0.078125s] [吞吐率：12.80req/s] [内存消耗：2,750.58kb] [文件加载：123]
[ info ] [ BEHAVIOR ] Run Closure @app_init [ RunTime:0.000000s ]
[ info ] [ CACHE ] INIT File
[ info ] [ BEHAVIOR ] Run Closure @app_init [ RunTime:0.015625s ]
[ info ] [ LANG ] C:\wwwroot\lanxi.yz360.com.cn\thinkphp\lang\zh-cn.php
[ info ] [ ROUTE ] array (
  'type' => 'module',
  'module' => 
  array (
    0 => 'api',
    1 => 'index',
    2 => 'product',
  ),
)
[ info ] [ HEADER ] array (
  'content-type' => 'application/x-www-form-urlencoded',
  'content-length' => '0',
  'x-wx-cascade-timeout' => '40000',
  'server-port' => '18569',
  'remote-addr' => '9.19.8.108:49325',
  'user-agent' => 'Mozilla/5.0 (iPhone; CPU iPhone OS 11_0 like Mac OS X) AppleWebKit/604.1.38 (KHTML, like Gecko) Version/11.0 Mobile/15A372 Safari/604.1 MicroMessenger/6.5 mpcrawler',
  'referer' => 'https://servicewechat.com/wxff51a687db71d678/6/page-frame.html',
  'host' => 'lanxi.yz360.com.cn',
  'accept-encoding' => 'gzip, deflate',
  'accept' => 'application/json',
  'connection' => 'keep-alive',
)
[ info ] [ PARAM ] array (
)
[ info ] [ LANG ] C:\wwwroot\lanxi.yz360.com.cn\public/../application/api\lang\zh-cn.php
[ info ] [ BEHAVIOR ] Run app\common\behavior\Common @module_init [ RunTime:0.000000s ]
[ info ] [ RUN ] app\api\controller\Index->product[ C:\wwwroot\lanxi.yz360.com.cn\application\api\controller\Index.php ]
[ info ] [ DB ] INIT mysql
[ info ] [ LOG ] INIT File
[ sql ] [ DB ] CONNECT:[ UseTime:0.015625s ] mysql:host=149.129.73.191;port=3306;dbname=lanxi_yz360;charset=utf8
[ sql ] [ SQL ] SHOW COLUMNS FROM `la_product` [ RunTime:0.000000s ]
[ sql ] [ SQL ] SELECT `id`,`name`,`img`,`introduce` FROM `la_product` WHERE  `status` = 1  AND `is_del` = 0  AND `is_index` = 1 ORDER BY `id` DESC LIMIT 4 [ RunTime:0.000000s ]
---------------------------------------------------------------
[ 2019-12-01T02:33:01+08:00 ] 223.166.222.102 POST lanxi.yz360.com.cn/index.php/api/index/news
[运行时间：0.078125s] [吞吐率：12.80req/s] [内存消耗：2,749.62kb] [文件加载：123]
[ info ] [ BEHAVIOR ] Run Closure @app_init [ RunTime:0.000000s ]
[ info ] [ CACHE ] INIT File
[ info ] [ BEHAVIOR ] Run Closure @app_init [ RunTime:0.015625s ]
[ info ] [ LANG ] C:\wwwroot\lanxi.yz360.com.cn\thinkphp\lang\zh-cn.php
[ info ] [ ROUTE ] array (
  'type' => 'module',
  'module' => 
  array (
    0 => 'api',
    1 => 'index',
    2 => 'news',
  ),
)
[ info ] [ HEADER ] array (
  'content-type' => 'application/x-www-form-urlencoded',
  'content-length' => '0',
  'x-wx-cascade-timeout' => '40000',
  'server-port' => '18569',
  'remote-addr' => '9.19.8.108:49324',
  'user-agent' => 'Mozilla/5.0 (iPhone; CPU iPhone OS 11_0 like Mac OS X) AppleWebKit/604.1.38 (KHTML, like Gecko) Version/11.0 Mobile/15A372 Safari/604.1 MicroMessenger/6.5 mpcrawler',
  'referer' => 'https://servicewechat.com/wxff51a687db71d678/6/page-frame.html',
  'host' => 'lanxi.yz360.com.cn',
  'accept-encoding' => 'gzip, deflate',
  'accept' => 'application/json',
  'connection' => 'keep-alive',
)
[ info ] [ PARAM ] array (
)
[ info ] [ LANG ] C:\wwwroot\lanxi.yz360.com.cn\public/../application/api\lang\zh-cn.php
[ info ] [ BEHAVIOR ] Run app\common\behavior\Common @module_init [ RunTime:0.000000s ]
[ info ] [ RUN ] app\api\controller\Index->news[ C:\wwwroot\lanxi.yz360.com.cn\application\api\controller\Index.php ]
[ info ] [ DB ] INIT mysql
[ info ] [ LOG ] INIT File
[ sql ] [ DB ] CONNECT:[ UseTime:0.000000s ] mysql:host=149.129.73.191;port=3306;dbname=lanxi_yz360;charset=utf8
[ sql ] [ SQL ] SHOW COLUMNS FROM `la_msg` [ RunTime:0.000000s ]
[ sql ] [ SQL ] SELECT `id`,`title`,`img`,`ctime`,`des` FROM `la_msg` WHERE  `status` = 1  AND `is_del` = 0 ORDER BY `id` DESC LIMIT 3 [ RunTime:0.000000s ]
---------------------------------------------------------------
[ 2019-12-01T02:33:01+08:00 ] 101.91.60.74 POST lanxi.yz360.com.cn/index.php/api/index/lunbo
[运行时间：0.078125s] [吞吐率：12.80req/s] [内存消耗：2,752.06kb] [文件加载：123]
[ info ] [ BEHAVIOR ] Run Closure @app_init [ RunTime:0.015625s ]
[ info ] [ CACHE ] INIT File
[ info ] [ BEHAVIOR ] Run Closure @app_init [ RunTime:0.000000s ]
[ info ] [ LANG ] C:\wwwroot\lanxi.yz360.com.cn\thinkphp\lang\zh-cn.php
[ info ] [ ROUTE ] array (
  'type' => 'module',
  'module' => 
  array (
    0 => 'api',
    1 => 'index',
    2 => 'lunbo',
  ),
)
[ info ] [ HEADER ] array (
  'content-type' => 'application/x-www-form-urlencoded',
  'content-length' => '6',
  'x-wx-cascade-timeout' => '40000',
  'server-port' => '18569',
  'remote-addr' => '9.19.8.108:49303',
  'user-agent' => 'Mozilla/5.0 (iPhone; CPU iPhone OS 11_0 like Mac OS X) AppleWebKit/604.1.38 (KHTML, like Gecko) Version/11.0 Mobile/15A372 Safari/604.1 MicroMessenger/6.5 mpcrawler',
  'referer' => 'https://servicewechat.com/wxff51a687db71d678/6/page-frame.html',
  'host' => 'lanxi.yz360.com.cn',
  'accept-encoding' => 'gzip, deflate',
  'accept' => 'application/json',
  'connection' => 'keep-alive',
)
[ info ] [ PARAM ] array (
  'type' => '1',
)
[ info ] [ LANG ] C:\wwwroot\lanxi.yz360.com.cn\public/../application/api\lang\zh-cn.php
[ info ] [ BEHAVIOR ] Run app\common\behavior\Common @module_init [ RunTime:0.000000s ]
[ info ] [ RUN ] app\api\controller\Index->lunbo[ C:\wwwroot\lanxi.yz360.com.cn\application\api\controller\Index.php ]
[ info ] [ DB ] INIT mysql
[ info ] [ LOG ] INIT File
[ sql ] [ DB ] CONNECT:[ UseTime:0.015625s ] mysql:host=149.129.73.191;port=3306;dbname=lanxi_yz360;charset=utf8
[ sql ] [ SQL ] SHOW COLUMNS FROM `la_lunbo` [ RunTime:0.000000s ]
[ sql ] [ SQL ] SELECT * FROM `la_lunbo` WHERE  `status` = 1  AND `is_del` = 0  AND `type` = 1 ORDER BY `id` DESC [ RunTime:0.000000s ]
---------------------------------------------------------------
[ 2019-12-01T02:33:02+08:00 ] 101.91.60.24 POST lanxi.yz360.com.cn/index.php/api/index/detail
[运行时间：0.062500s] [吞吐率：16.00req/s] [内存消耗：2,106.52kb] [文件加载：116]
[ info ] [ BEHAVIOR ] Run Closure @app_init [ RunTime:0.000000s ]
[ info ] [ CACHE ] INIT File
[ info ] [ BEHAVIOR ] Run Closure @app_init [ RunTime:0.000000s ]
[ info ] [ LANG ] C:\wwwroot\lanxi.yz360.com.cn\thinkphp\lang\zh-cn.php
[ info ] [ ROUTE ] array (
  'type' => 'module',
  'module' => 
  array (
    0 => 'api',
    1 => 'index',
    2 => 'detail',
  ),
)
[ info ] [ HEADER ] array (
  'content-type' => 'application/x-www-form-urlencoded',
  'content-length' => '0',
  'x-wx-cascade-timeout' => '40000',
  'server-port' => '18569',
  'remote-addr' => '9.19.8.108:49323',
  'user-agent' => 'Mozilla/5.0 (iPhone; CPU iPhone OS 11_0 like Mac OS X) AppleWebKit/604.1.38 (KHTML, like Gecko) Version/11.0 Mobile/15A372 Safari/604.1 MicroMessenger/6.5 mpcrawler',
  'referer' => 'https://servicewechat.com/wxff51a687db71d678/6/page-frame.html',
  'host' => 'lanxi.yz360.com.cn',
  'accept-encoding' => 'gzip, deflate',
  'accept' => 'application/json',
  'connection' => 'keep-alive',
)
[ info ] [ PARAM ] array (
)
[ info ] [ LANG ] C:\wwwroot\lanxi.yz360.com.cn\public/../application/api\lang\zh-cn.php
[ info ] [ BEHAVIOR ] Run app\common\behavior\Common @module_init [ RunTime:0.000000s ]
[ info ] [ RUN ] app\api\controller\Index->detail[ C:\wwwroot\lanxi.yz360.com.cn\application\api\controller\Index.php ]
[ info ] [ LOG ] INIT File
---------------------------------------------------------------
[ 2019-12-01T02:33:02+08:00 ] 223.166.222.102 POST lanxi.yz360.com.cn/index.php/api/index/technician
[运行时间：0.093750s] [吞吐率：10.67req/s] [内存消耗：2,748.58kb] [文件加载：123]
[ info ] [ BEHAVIOR ] Run Closure @app_init [ RunTime:0.000000s ]
[ info ] [ CACHE ] INIT File
[ info ] [ BEHAVIOR ] Run Closure @app_init [ RunTime:0.015625s ]
[ info ] [ LANG ] C:\wwwroot\lanxi.yz360.com.cn\thinkphp\lang\zh-cn.php
[ info ] [ ROUTE ] array (
  'type' => 'module',
  'module' => 
  array (
    0 => 'api',
    1 => 'index',
    2 => 'technician',
  ),
)
[ info ] [ HEADER ] array (
  'content-type' => 'application/x-www-form-urlencoded',
  'content-length' => '0',
  'x-wx-cascade-timeout' => '40000',
  'server-port' => '18569',
  'remote-addr' => '9.19.8.108:49324',
  'user-agent' => 'Mozilla/5.0 (iPhone; CPU iPhone OS 11_0 like Mac OS X) AppleWebKit/604.1.38 (KHTML, like Gecko) Version/11.0 Mobile/15A372 Safari/604.1 MicroMessenger/6.5 mpcrawler',
  'referer' => 'https://servicewechat.com/wxff51a687db71d678/6/page-frame.html',
  'host' => 'lanxi.yz360.com.cn',
  'accept-encoding' => 'gzip, deflate',
  'accept' => 'application/json',
  'connection' => 'keep-alive',
)
[ info ] [ PARAM ] array (
)
[ info ] [ LANG ] C:\wwwroot\lanxi.yz360.com.cn\public/../application/api\lang\zh-cn.php
[ info ] [ BEHAVIOR ] Run app\common\behavior\Common @module_init [ RunTime:0.000000s ]
[ info ] [ RUN ] app\api\controller\Index->technician[ C:\wwwroot\lanxi.yz360.com.cn\application\api\controller\Index.php ]
[ info ] [ DB ] INIT mysql
[ info ] [ LOG ] INIT File
[ sql ] [ DB ] CONNECT:[ UseTime:0.000000s ] mysql:host=149.129.73.191;port=3306;dbname=lanxi_yz360;charset=utf8
[ sql ] [ SQL ] SHOW COLUMNS FROM `la_technician` [ RunTime:0.000000s ]
[ sql ] [ SQL ] SELECT `id`,`name`,`img` FROM `la_technician` WHERE  `status` = 1  AND `is_del` = 0 ORDER BY `onclicks` DESC LIMIT 4 [ RunTime:0.000000s ]
---------------------------------------------------------------
[ 2019-12-01T02:33:02+08:00 ] 223.166.222.105 POST lanxi.yz360.com.cn/index.php/api/index/servicecat
[运行时间：0.109375s] [吞吐率：9.14req/s] [内存消耗：2,748.31kb] [文件加载：123]
[ info ] [ BEHAVIOR ] Run Closure @app_init [ RunTime:0.000000s ]
[ info ] [ CACHE ] INIT File
[ info ] [ BEHAVIOR ] Run Closure @app_init [ RunTime:0.015625s ]
[ info ] [ LANG ] C:\wwwroot\lanxi.yz360.com.cn\thinkphp\lang\zh-cn.php
[ info ] [ ROUTE ] array (
  'type' => 'module',
  'module' => 
  array (
    0 => 'api',
    1 => 'index',
    2 => 'servicecat',
  ),
)
[ info ] [ HEADER ] array (
  'content-type' => 'application/x-www-form-urlencoded',
  'content-length' => '0',
  'x-wx-cascade-timeout' => '40000',
  'server-port' => '18569',
  'remote-addr' => '9.19.8.108:49303',
  'user-agent' => 'Mozilla/5.0 (iPhone; CPU iPhone OS 11_0 like Mac OS X) AppleWebKit/604.1.38 (KHTML, like Gecko) Version/11.0 Mobile/15A372 Safari/604.1 MicroMessenger/6.5 mpcrawler',
  'referer' => 'https://servicewechat.com/wxff51a687db71d678/6/page-frame.html',
  'host' => 'lanxi.yz360.com.cn',
  'accept-encoding' => 'gzip, deflate',
  'accept' => 'application/json',
  'connection' => 'keep-alive',
)
[ info ] [ PARAM ] array (
)
[ info ] [ LANG ] C:\wwwroot\lanxi.yz360.com.cn\public/../application/api\lang\zh-cn.php
[ info ] [ BEHAVIOR ] Run app\common\behavior\Common @module_init [ RunTime:0.000000s ]
[ info ] [ RUN ] app\api\controller\Index->servicecat[ C:\wwwroot\lanxi.yz360.com.cn\application\api\controller\Index.php ]
[ info ] [ DB ] INIT mysql
[ info ] [ LOG ] INIT File
[ sql ] [ DB ] CONNECT:[ UseTime:0.000000s ] mysql:host=149.129.73.191;port=3306;dbname=lanxi_yz360;charset=utf8
[ sql ] [ SQL ] SHOW COLUMNS FROM `la_service_cat` [ RunTime:0.000000s ]
[ sql ] [ SQL ] SELECT `id`,`name`,`img` FROM `la_service_cat` WHERE  `status` = 1  AND `is_del` = 0 ORDER BY `id` DESC [ RunTime:0.000000s ]
---------------------------------------------------------------
[ 2019-12-01T03:07:58+08:00 ] 101.132.169.125 GET 149.129.73.191/
[运行时间：0.046875s] [吞吐率：21.33req/s] [内存消耗：1,562.39kb] [文件加载：106]
[ info ] [ BEHAVIOR ] Run Closure @app_init [ RunTime:0.000000s ]
[ info ] [ CACHE ] INIT File
[ info ] [ BEHAVIOR ] Run Closure @app_init [ RunTime:0.000000s ]
[ info ] [ LANG ] C:\wwwroot\lanxi.yz360.com.cn\thinkphp\lang\zh-cn.php
[ info ] [ ROUTE ] array (
  'type' => 'module',
  'module' => 
  array (
    0 => '',
    1 => NULL,
    2 => NULL,
  ),
)
[ info ] [ HEADER ] array (
  'content-type' => '',
  'content-length' => '0',
  'user-agent' => 'Mozilla/5.0 (X11; Ubuntu; Linux x86_64; rv:36.0) Gecko/20100101 Firefox/36.0',
  'host' => '149.129.73.191',
  'accept-encoding' => 'gzip',
  'connection' => 'Keep-Alive',
)
[ info ] [ PARAM ] array (
)
[ info ] [ LOG ] INIT File
---------------------------------------------------------------
[ 2019-12-01T03:20:20+08:00 ] 169.197.108.6 GET 149.129.73.191/
[运行时间：0.062500s] [吞吐率：16.00req/s] [内存消耗：1,562.45kb] [文件加载：106]
[ info ] [ BEHAVIOR ] Run Closure @app_init [ RunTime:0.000000s ]
[ info ] [ CACHE ] INIT File
[ info ] [ BEHAVIOR ] Run Closure @app_init [ RunTime:0.000000s ]
[ info ] [ LANG ] C:\wwwroot\lanxi.yz360.com.cn\thinkphp\lang\zh-cn.php
[ info ] [ ROUTE ] array (
  'type' => 'module',
  'module' => 
  array (
    0 => '',
    1 => NULL,
    2 => NULL,
  ),
)
[ info ] [ HEADER ] array (
  'content-type' => '',
  'content-length' => '0',
  'user-agent' => 'Mozilla/5.0 (Windows NT 10.0; Win64; x64) AppleWebKit/537.36 (KHTML, like Gecko) Chrome/60.0.3112.113 Safari/537.36',
  'host' => '149.129.73.191',
  'accept-encoding' => 'gzip',
  'accept' => '*/*',
)
[ info ] [ PARAM ] array (
)
[ info ] [ LOG ] INIT File
---------------------------------------------------------------
[ 2019-12-01T03:46:31+08:00 ] 47.100.230.64 GET pa.yz360.cc/
[运行时间：0.062500s] [吞吐率：16.00req/s] [内存消耗：1,562.40kb] [文件加载：106]
[ info ] [ BEHAVIOR ] Run Closure @app_init [ RunTime:0.000000s ]
[ info ] [ CACHE ] INIT File
[ info ] [ BEHAVIOR ] Run Closure @app_init [ RunTime:0.000000s ]
[ info ] [ LANG ] C:\wwwroot\lanxi.yz360.com.cn\thinkphp\lang\zh-cn.php
[ info ] [ ROUTE ] array (
  'type' => 'module',
  'module' => 
  array (
    0 => '',
    1 => NULL,
    2 => NULL,
  ),
)
[ info ] [ HEADER ] array (
  'content-type' => '',
  'content-length' => '0',
  'user-agent' => 'Mozilla/5.0 (X11; Ubuntu; Linux x86_64; rv:36.0) Gecko/20100101 Firefox/36.0',
  'host' => 'pa.yz360.cc',
  'accept-encoding' => 'gzip',
  'connection' => 'Keep-Alive',
)
[ info ] [ PARAM ] array (
)
[ info ] [ LOG ] INIT File
---------------------------------------------------------------
[ 2019-12-01T04:28:55+08:00 ] 47.100.207.141 GET www.yjzp1.com/
[运行时间：0.062500s] [吞吐率：16.00req/s] [内存消耗：1,562.24kb] [文件加载：106]
[ info ] [ BEHAVIOR ] Run Closure @app_init [ RunTime:0.000000s ]
[ info ] [ CACHE ] INIT File
[ info ] [ BEHAVIOR ] Run Closure @app_init [ RunTime:0.000000s ]
[ info ] [ LANG ] C:\wwwroot\lanxi.yz360.com.cn\thinkphp\lang\zh-cn.php
[ info ] [ ROUTE ] array (
  'type' => 'module',
  'module' => 
  array (
    0 => '',
    1 => NULL,
    2 => NULL,
  ),
)
[ info ] [ HEADER ] array (
  'content-type' => '',
  'content-length' => '0',
  'user-agent' => 'Mozilla/5.0 (Linux; Android 4.1.1; Nexus 7 Build/JRO03D)',
  'host' => 'www.yjzp1.com',
  'accept-encoding' => 'gzip',
  'connection' => 'Keep-Alive',
)
[ info ] [ PARAM ] array (
)
[ info ] [ LOG ] INIT File
---------------------------------------------------------------
[ 2019-12-01T04:35:40+08:00 ] 159.203.100.175 GET 149.129.73.191/
[运行时间：0.031250s] [吞吐率：32.00req/s] [内存消耗：1,562.18kb] [文件加载：106]
[ info ] [ BEHAVIOR ] Run Closure @app_init [ RunTime:0.000000s ]
[ info ] [ CACHE ] INIT File
[ info ] [ BEHAVIOR ] Run Closure @app_init [ RunTime:0.000000s ]
[ info ] [ LANG ] C:\wwwroot\lanxi.yz360.com.cn\thinkphp\lang\zh-cn.php
[ info ] [ ROUTE ] array (
  'type' => 'module',
  'module' => 
  array (
    0 => '',
    1 => NULL,
    2 => NULL,
  ),
)
[ info ] [ HEADER ] array (
  'content-type' => '',
  'content-length' => '0',
  'user-agent' => 'Mozilla/5.0 zgrab/0.x',
  'host' => '149.129.73.191',
  'accept-encoding' => 'gzip',
  'accept' => '*/*',
)
[ info ] [ PARAM ] array (
)
[ info ] [ LOG ] INIT File
---------------------------------------------------------------
[ 2019-12-01T04:53:40+08:00 ] 47.101.198.215 GET addaojia.com/
[运行时间：0.062500s] [吞吐率：16.00req/s] [内存消耗：1,562.24kb] [文件加载：106]
[ info ] [ BEHAVIOR ] Run Closure @app_init [ RunTime:0.000000s ]
[ info ] [ CACHE ] INIT File
[ info ] [ BEHAVIOR ] Run Closure @app_init [ RunTime:0.000000s ]
[ info ] [ LANG ] C:\wwwroot\lanxi.yz360.com.cn\thinkphp\lang\zh-cn.php
[ info ] [ ROUTE ] array (
  'type' => 'module',
  'module' => 
  array (
    0 => '',
    1 => NULL,
    2 => NULL,
  ),
)
[ info ] [ HEADER ] array (
  'content-type' => '',
  'content-length' => '0',
  'user-agent' => 'Mozilla/5.0 (Linux; Android 4.1.1; Nexus 7 Build/JRO03D)',
  'host' => 'addaojia.com',
  'accept-encoding' => 'gzip',
  'connection' => 'Keep-Alive',
)
[ info ] [ PARAM ] array (
)
[ info ] [ LOG ] INIT File
---------------------------------------------------------------
[ 2019-12-01T04:55:09+08:00 ] 47.101.201.212 GET www.musicexmination.com/
[运行时间：0.046875s] [吞吐率：21.33req/s] [内存消耗：1,562.34kb] [文件加载：106]
[ info ] [ BEHAVIOR ] Run Closure @app_init [ RunTime:0.000000s ]
[ info ] [ CACHE ] INIT File
[ info ] [ BEHAVIOR ] Run Closure @app_init [ RunTime:0.000000s ]
[ info ] [ LANG ] C:\wwwroot\lanxi.yz360.com.cn\thinkphp\lang\zh-cn.php
[ info ] [ ROUTE ] array (
  'type' => 'module',
  'module' => 
  array (
    0 => '',
    1 => NULL,
    2 => NULL,
  ),
)
[ info ] [ HEADER ] array (
  'content-type' => '',
  'content-length' => '0',
  'user-agent' => 'Mozilla/5.0 (Linux; Android 4.1.1; Nexus 7 Build/JRO03D)',
  'host' => 'www.musicexmination.com',
  'accept-encoding' => 'gzip',
  'connection' => 'Keep-Alive',
)
[ info ] [ PARAM ] array (
)
[ info ] [ LOG ] INIT File
---------------------------------------------------------------
[ 2019-12-01T04:56:28+08:00 ] 207.46.13.8 GET www.kairuitek.com/
[运行时间：0.046875s] [吞吐率：21.33req/s] [内存消耗：1,563.57kb] [文件加载：106]
[ info ] [ BEHAVIOR ] Run Closure @app_init [ RunTime:0.000000s ]
[ info ] [ CACHE ] INIT File
[ info ] [ BEHAVIOR ] Run Closure @app_init [ RunTime:0.015625s ]
[ info ] [ LANG ] C:\wwwroot\lanxi.yz360.com.cn\thinkphp\lang\zh-cn.php
[ info ] [ ROUTE ] array (
  'type' => 'module',
  'module' => 
  array (
    0 => '',
    1 => NULL,
    2 => NULL,
  ),
)
[ info ] [ HEADER ] array (
  'content-type' => '',
  'content-length' => '0',
  'user-agent' => 'Mozilla/5.0 (compatible; bingbot/2.0; +http://www.bing.com/bingbot.htm)',
  'host' => 'www.kairuitek.com',
  'from' => 'bingbot(at)microsoft.com',
  'accept-encoding' => 'gzip, deflate',
  'accept' => '*/*',
  'pragma' => 'no-cache',
  'connection' => 'Keep-Alive',
  'cache-control' => 'no-cache',
)
[ info ] [ PARAM ] array (
)
[ info ] [ LOG ] INIT File
---------------------------------------------------------------
[ 2019-12-01T04:57:49+08:00 ] 47.101.56.197 GET www.nyytyy.com/
[运行时间：0.031250s] [吞吐率：32.00req/s] [内存消耗：1,562.38kb] [文件加载：106]
[ info ] [ BEHAVIOR ] Run Closure @app_init [ RunTime:0.000000s ]
[ info ] [ CACHE ] INIT File
[ info ] [ BEHAVIOR ] Run Closure @app_init [ RunTime:0.000000s ]
[ info ] [ LANG ] C:\wwwroot\lanxi.yz360.com.cn\thinkphp\lang\zh-cn.php
[ info ] [ ROUTE ] array (
  'type' => 'module',
  'module' => 
  array (
    0 => '',
    1 => NULL,
    2 => NULL,
  ),
)
[ info ] [ HEADER ] array (
  'content-type' => '',
  'content-length' => '0',
  'user-agent' => 'Mozilla/5.0 (Linux; Android 4.1.1; Nexus 7 Build/JRO03D)',
  'host' => 'www.nyytyy.com',
  'accept-encoding' => 'gzip',
  'connection' => 'Keep-Alive',
)
[ info ] [ PARAM ] array (
)
[ info ] [ LOG ] INIT File
---------------------------------------------------------------
[ 2019-12-01T05:05:03+08:00 ] 47.100.54.165 GET www.nyzxjy.com/
[运行时间：0.062500s] [吞吐率：16.00req/s] [内存消耗：1,562.23kb] [文件加载：106]
[ info ] [ BEHAVIOR ] Run Closure @app_init [ RunTime:0.000000s ]
[ info ] [ CACHE ] INIT File
[ info ] [ BEHAVIOR ] Run Closure @app_init [ RunTime:0.000000s ]
[ info ] [ LANG ] C:\wwwroot\lanxi.yz360.com.cn\thinkphp\lang\zh-cn.php
[ info ] [ ROUTE ] array (
  'type' => 'module',
  'module' => 
  array (
    0 => '',
    1 => NULL,
    2 => NULL,
  ),
)
[ info ] [ HEADER ] array (
  'content-type' => '',
  'content-length' => '0',
  'user-agent' => 'Mozilla/5.0 (Linux; Android 4.1.1; Nexus 7 Build/JRO03D)',
  'host' => 'www.nyzxjy.com',
  'accept-encoding' => 'gzip',
  'connection' => 'Keep-Alive',
)
[ info ] [ PARAM ] array (
)
[ info ] [ LOG ] INIT File
---------------------------------------------------------------
[ 2019-12-01T05:07:44+08:00 ] 47.100.239.179 GET kairuitek.com/
[运行时间：0.046875s] [吞吐率：21.33req/s] [内存消耗：1,562.38kb] [文件加载：106]
[ info ] [ BEHAVIOR ] Run Closure @app_init [ RunTime:0.000000s ]
[ info ] [ CACHE ] INIT File
[ info ] [ BEHAVIOR ] Run Closure @app_init [ RunTime:0.000000s ]
[ info ] [ LANG ] C:\wwwroot\lanxi.yz360.com.cn\thinkphp\lang\zh-cn.php
[ info ] [ ROUTE ] array (
  'type' => 'module',
  'module' => 
  array (
    0 => '',
    1 => NULL,
    2 => NULL,
  ),
)
[ info ] [ HEADER ] array (
  'content-type' => '',
  'content-length' => '0',
  'user-agent' => 'Mozilla/5.0 (Linux; Android 4.1.1; Nexus 7 Build/JRO03D)',
  'host' => 'kairuitek.com',
  'accept-encoding' => 'gzip',
  'connection' => 'Keep-Alive',
)
[ info ] [ PARAM ] array (
)
[ info ] [ LOG ] INIT File
---------------------------------------------------------------
[ 2019-12-01T05:12:12+08:00 ] 47.101.199.6 GET nyzxjy.com/
[运行时间：0.046875s] [吞吐率：21.33req/s] [内存消耗：1,562.35kb] [文件加载：106]
[ info ] [ BEHAVIOR ] Run Closure @app_init [ RunTime:0.000000s ]
[ info ] [ CACHE ] INIT File
[ info ] [ BEHAVIOR ] Run Closure @app_init [ RunTime:0.000000s ]
[ info ] [ LANG ] C:\wwwroot\lanxi.yz360.com.cn\thinkphp\lang\zh-cn.php
[ info ] [ ROUTE ] array (
  'type' => 'module',
  'module' => 
  array (
    0 => '',
    1 => NULL,
    2 => NULL,
  ),
)
[ info ] [ HEADER ] array (
  'content-type' => '',
  'content-length' => '0',
  'user-agent' => 'Mozilla/5.0 (Linux; Android 4.1.1; Nexus 7 Build/JRO03D)',
  'host' => 'nyzxjy.com',
  'accept-encoding' => 'gzip',
  'connection' => 'Keep-Alive',
)
[ info ] [ PARAM ] array (
)
[ info ] [ LOG ] INIT File
---------------------------------------------------------------
[ 2019-12-01T05:14:11+08:00 ] 106.15.201.70 GET nynep.com/
[运行时间：0.046875s] [吞吐率：21.33req/s] [内存消耗：1,562.36kb] [文件加载：106]
[ info ] [ BEHAVIOR ] Run Closure @app_init [ RunTime:0.000000s ]
[ info ] [ CACHE ] INIT File
[ info ] [ BEHAVIOR ] Run Closure @app_init [ RunTime:0.000000s ]
[ info ] [ LANG ] C:\wwwroot\lanxi.yz360.com.cn\thinkphp\lang\zh-cn.php
[ info ] [ ROUTE ] array (
  'type' => 'module',
  'module' => 
  array (
    0 => '',
    1 => NULL,
    2 => NULL,
  ),
)
[ info ] [ HEADER ] array (
  'content-type' => '',
  'content-length' => '0',
  'user-agent' => 'Mozilla/5.0 (Linux; Android 4.1.1; Nexus 7 Build/JRO03D)',
  'host' => 'nynep.com',
  'accept-encoding' => 'gzip',
  'connection' => 'Keep-Alive',
)
[ info ] [ PARAM ] array (
)
[ info ] [ LOG ] INIT File
---------------------------------------------------------------
[ 2019-12-01T05:15:36+08:00 ] 47.101.190.233 GET dingshangwenhua.com/
[运行时间：0.046875s] [吞吐率：21.33req/s] [内存消耗：1,562.34kb] [文件加载：106]
[ info ] [ BEHAVIOR ] Run Closure @app_init [ RunTime:0.000000s ]
[ info ] [ CACHE ] INIT File
[ info ] [ BEHAVIOR ] Run Closure @app_init [ RunTime:0.000000s ]
[ info ] [ LANG ] C:\wwwroot\lanxi.yz360.com.cn\thinkphp\lang\zh-cn.php
[ info ] [ ROUTE ] array (
  'type' => 'module',
  'module' => 
  array (
    0 => '',
    1 => NULL,
    2 => NULL,
  ),
)
[ info ] [ HEADER ] array (
  'content-type' => '',
  'content-length' => '0',
  'user-agent' => 'Mozilla/5.0 (Linux; Android 4.1.1; Nexus 7 Build/JRO03D)',
  'host' => 'dingshangwenhua.com',
  'accept-encoding' => 'gzip',
  'connection' => 'Keep-Alive',
)
[ info ] [ PARAM ] array (
)
[ info ] [ LOG ] INIT File
---------------------------------------------------------------
[ 2019-12-01T05:15:59+08:00 ] 47.101.193.191 GET 149.129.73.191/
[运行时间：0.046875s] [吞吐率：21.33req/s] [内存消耗：1,562.38kb] [文件加载：106]
[ info ] [ BEHAVIOR ] Run Closure @app_init [ RunTime:0.000000s ]
[ info ] [ CACHE ] INIT File
[ info ] [ BEHAVIOR ] Run Closure @app_init [ RunTime:0.015625s ]
[ info ] [ LANG ] C:\wwwroot\lanxi.yz360.com.cn\thinkphp\lang\zh-cn.php
[ info ] [ ROUTE ] array (
  'type' => 'module',
  'module' => 
  array (
    0 => '',
    1 => NULL,
    2 => NULL,
  ),
)
[ info ] [ HEADER ] array (
  'content-type' => '',
  'content-length' => '0',
  'user-agent' => 'Mozilla/5.0 (Linux; Android 4.1.1; Nexus 7 Build/JRO03D)',
  'host' => '149.129.73.191',
  'accept-encoding' => 'gzip',
  'connection' => 'Keep-Alive',
)
[ info ] [ PARAM ] array (
)
[ info ] [ LOG ] INIT File
---------------------------------------------------------------
[ 2019-12-01T05:18:37+08:00 ] 47.101.201.183 GET www.nytyqc.com/
[运行时间：0.046875s] [吞吐率：21.33req/s] [内存消耗：1,562.38kb] [文件加载：106]
[ info ] [ BEHAVIOR ] Run Closure @app_init [ RunTime:0.000000s ]
[ info ] [ CACHE ] INIT File
[ info ] [ BEHAVIOR ] Run Closure @app_init [ RunTime:0.015625s ]
[ info ] [ LANG ] C:\wwwroot\lanxi.yz360.com.cn\thinkphp\lang\zh-cn.php
[ info ] [ ROUTE ] array (
  'type' => 'module',
  'module' => 
  array (
    0 => '',
    1 => NULL,
    2 => NULL,
  ),
)
[ info ] [ HEADER ] array (
  'content-type' => '',
  'content-length' => '0',
  'user-agent' => 'Mozilla/5.0 (Linux; Android 4.1.1; Nexus 7 Build/JRO03D)',
  'host' => 'www.nytyqc.com',
  'accept-encoding' => 'gzip',
  'connection' => 'Keep-Alive',
)
[ info ] [ PARAM ] array (
)
[ info ] [ LOG ] INIT File
---------------------------------------------------------------
[ 2019-12-01T05:23:48+08:00 ] 101.132.106.171 GET nyxmbexy.com/
[运行时间：0.062500s] [吞吐率：16.00req/s] [内存消耗：1,562.24kb] [文件加载：106]
[ info ] [ BEHAVIOR ] Run Closure @app_init [ RunTime:0.000000s ]
[ info ] [ CACHE ] INIT File
[ info ] [ BEHAVIOR ] Run Closure @app_init [ RunTime:0.000000s ]
[ info ] [ LANG ] C:\wwwroot\lanxi.yz360.com.cn\thinkphp\lang\zh-cn.php
[ info ] [ ROUTE ] array (
  'type' => 'module',
  'module' => 
  array (
    0 => '',
    1 => NULL,
    2 => NULL,
  ),
)
[ info ] [ HEADER ] array (
  'content-type' => '',
  'content-length' => '0',
  'user-agent' => 'Mozilla/5.0 (Linux; Android 4.1.1; Nexus 7 Build/JRO03D)',
  'host' => 'nyxmbexy.com',
  'accept-encoding' => 'gzip',
  'connection' => 'Keep-Alive',
)
[ info ] [ PARAM ] array (
)
[ info ] [ LOG ] INIT File
---------------------------------------------------------------
[ 2019-12-01T05:27:09+08:00 ] 106.14.145.253 GET www.furuijiayigui.com/
[运行时间：0.046875s] [吞吐率：21.33req/s] [内存消耗：1,562.38kb] [文件加载：106]
[ info ] [ BEHAVIOR ] Run Closure @app_init [ RunTime:0.000000s ]
[ info ] [ CACHE ] INIT File
[ info ] [ BEHAVIOR ] Run Closure @app_init [ RunTime:0.000000s ]
[ info ] [ LANG ] C:\wwwroot\lanxi.yz360.com.cn\thinkphp\lang\zh-cn.php
[ info ] [ ROUTE ] array (
  'type' => 'module',
  'module' => 
  array (
    0 => '',
    1 => NULL,
    2 => NULL,
  ),
)
[ info ] [ HEADER ] array (
  'content-type' => '',
  'content-length' => '0',
  'user-agent' => 'Mozilla/5.0 (Linux; Android 4.1.1; Nexus 7 Build/JRO03D)',
  'host' => 'www.furuijiayigui.com',
  'accept-encoding' => 'gzip',
  'connection' => 'Keep-Alive',
)
[ info ] [ PARAM ] array (
)
[ info ] [ LOG ] INIT File
---------------------------------------------------------------
[ 2019-12-01T05:35:30+08:00 ] 47.100.216.244 GET pa.yz360.cc/
[运行时间：0.046875s] [吞吐率：21.33req/s] [内存消耗：1,562.23kb] [文件加载：106]
[ info ] [ BEHAVIOR ] Run Closure @app_init [ RunTime:0.000000s ]
[ info ] [ CACHE ] INIT File
[ info ] [ BEHAVIOR ] Run Closure @app_init [ RunTime:0.000000s ]
[ info ] [ LANG ] C:\wwwroot\lanxi.yz360.com.cn\thinkphp\lang\zh-cn.php
[ info ] [ ROUTE ] array (
  'type' => 'module',
  'module' => 
  array (
    0 => '',
    1 => NULL,
    2 => NULL,
  ),
)
[ info ] [ HEADER ] array (
  'content-type' => '',
  'content-length' => '0',
  'user-agent' => 'Mozilla/5.0 (Linux; Android 4.1.1; Nexus 7 Build/JRO03D)',
  'host' => 'pa.yz360.cc',
  'accept-encoding' => 'gzip',
  'connection' => 'Keep-Alive',
)
[ info ] [ PARAM ] array (
)
[ info ] [ LOG ] INIT File
---------------------------------------------------------------
[ 2019-12-01T05:44:01+08:00 ] 47.101.198.215 GET duandajun.net/
[运行时间：0.046875s] [吞吐率：21.33req/s] [内存消耗：1,562.24kb] [文件加载：106]
[ info ] [ BEHAVIOR ] Run Closure @app_init [ RunTime:0.015625s ]
[ info ] [ CACHE ] INIT File
[ info ] [ BEHAVIOR ] Run Closure @app_init [ RunTime:0.000000s ]
[ info ] [ LANG ] C:\wwwroot\lanxi.yz360.com.cn\thinkphp\lang\zh-cn.php
[ info ] [ ROUTE ] array (
  'type' => 'module',
  'module' => 
  array (
    0 => '',
    1 => NULL,
    2 => NULL,
  ),
)
[ info ] [ HEADER ] array (
  'content-type' => '',
  'content-length' => '0',
  'user-agent' => 'Mozilla/5.0 (Linux; Android 4.1.1; Nexus 7 Build/JRO03D)',
  'host' => 'duandajun.net',
  'accept-encoding' => 'gzip',
  'connection' => 'Keep-Alive',
)
[ info ] [ PARAM ] array (
)
[ info ] [ LOG ] INIT File
---------------------------------------------------------------
[ 2019-12-01T05:44:56+08:00 ] 47.92.130.247 GET www.yjzp1.com/
[运行时间：0.046875s] [吞吐率：21.33req/s] [内存消耗：1,562.29kb] [文件加载：106]
[ info ] [ BEHAVIOR ] Run Closure @app_init [ RunTime:0.000000s ]
[ info ] [ CACHE ] INIT File
[ info ] [ BEHAVIOR ] Run Closure @app_init [ RunTime:0.000000s ]
[ info ] [ LANG ] C:\wwwroot\lanxi.yz360.com.cn\thinkphp\lang\zh-cn.php
[ info ] [ ROUTE ] array (
  'type' => 'module',
  'module' => 
  array (
    0 => '',
    1 => NULL,
    2 => NULL,
  ),
)
[ info ] [ HEADER ] array (
  'content-type' => '',
  'content-length' => '0',
  'user-agent' => 'Mozilla/5.0 (X11; Ubuntu; Linux x86_64; rv:36.0) Gecko/20100101 Firefox/36.0',
  'host' => 'www.yjzp1.com',
  'accept-encoding' => 'gzip',
  'connection' => 'Keep-Alive',
)
[ info ] [ PARAM ] array (
)
[ info ] [ LOG ] INIT File
---------------------------------------------------------------
[ 2019-12-01T05:49:52+08:00 ] 47.101.200.175 GET www.nyyiren.com/
[运行时间：0.031250s] [吞吐率：32.00req/s] [内存消耗：1,562.36kb] [文件加载：106]
[ info ] [ BEHAVIOR ] Run Closure @app_init [ RunTime:0.000000s ]
[ info ] [ CACHE ] INIT File
[ info ] [ BEHAVIOR ] Run Closure @app_init [ RunTime:0.000000s ]
[ info ] [ LANG ] C:\wwwroot\lanxi.yz360.com.cn\thinkphp\lang\zh-cn.php
[ info ] [ ROUTE ] array (
  'type' => 'module',
  'module' => 
  array (
    0 => '',
    1 => NULL,
    2 => NULL,
  ),
)
[ info ] [ HEADER ] array (
  'content-type' => '',
  'content-length' => '0',
  'user-agent' => 'Mozilla/5.0 (Linux; Android 4.1.1; Nexus 7 Build/JRO03D)',
  'host' => 'www.nyyiren.com',
  'accept-encoding' => 'gzip',
  'connection' => 'Keep-Alive',
)
[ info ] [ PARAM ] array (
)
[ info ] [ LOG ] INIT File
---------------------------------------------------------------
[ 2019-12-01T05:50:55+08:00 ] 47.103.7.61 GET www.kairuitek.com/
[运行时间：0.031250s] [吞吐率：32.00req/s] [内存消耗：1,562.34kb] [文件加载：106]
[ info ] [ BEHAVIOR ] Run Closure @app_init [ RunTime:0.000000s ]
[ info ] [ CACHE ] INIT File
[ info ] [ BEHAVIOR ] Run Closure @app_init [ RunTime:0.000000s ]
[ info ] [ LANG ] C:\wwwroot\lanxi.yz360.com.cn\thinkphp\lang\zh-cn.php
[ info ] [ ROUTE ] array (
  'type' => 'module',
  'module' => 
  array (
    0 => '',
    1 => NULL,
    2 => NULL,
  ),
)
[ info ] [ HEADER ] array (
  'content-type' => '',
  'content-length' => '0',
  'user-agent' => 'Mozilla/5.0 (Linux; Android 4.1.1; Nexus 7 Build/JRO03D)',
  'host' => 'www.kairuitek.com',
  'accept-encoding' => 'gzip',
  'connection' => 'Keep-Alive',
)
[ info ] [ PARAM ] array (
)
[ info ] [ LOG ] INIT File
---------------------------------------------------------------
[ 2019-12-01T05:53:06+08:00 ] 47.101.200.206 GET www.dingshangwenhua.com/
[运行时间：0.046875s] [吞吐率：21.33req/s] [内存消耗：1,562.34kb] [文件加载：106]
[ info ] [ BEHAVIOR ] Run Closure @app_init [ RunTime:0.000000s ]
[ info ] [ CACHE ] INIT File
[ info ] [ BEHAVIOR ] Run Closure @app_init [ RunTime:0.015625s ]
[ info ] [ LANG ] C:\wwwroot\lanxi.yz360.com.cn\thinkphp\lang\zh-cn.php
[ info ] [ ROUTE ] array (
  'type' => 'module',
  'module' => 
  array (
    0 => '',
    1 => NULL,
    2 => NULL,
  ),
)
[ info ] [ HEADER ] array (
  'content-type' => '',
  'content-length' => '0',
  'user-agent' => 'Mozilla/5.0 (Linux; Android 4.1.1; Nexus 7 Build/JRO03D)',
  'host' => 'www.dingshangwenhua.com',
  'accept-encoding' => 'gzip',
  'connection' => 'Keep-Alive',
)
[ info ] [ PARAM ] array (
)
[ info ] [ LOG ] INIT File
---------------------------------------------------------------
[ 2019-12-01T05:54:34+08:00 ] 157.55.39.57 GET www.nyytyy.com/
[运行时间：0.046875s] [吞吐率：21.33req/s] [内存消耗：1,563.55kb] [文件加载：106]
[ info ] [ BEHAVIOR ] Run Closure @app_init [ RunTime:0.000000s ]
[ info ] [ CACHE ] INIT File
[ info ] [ BEHAVIOR ] Run Closure @app_init [ RunTime:0.000000s ]
[ info ] [ LANG ] C:\wwwroot\lanxi.yz360.com.cn\thinkphp\lang\zh-cn.php
[ info ] [ ROUTE ] array (
  'type' => 'module',
  'module' => 
  array (
    0 => '',
    1 => NULL,
    2 => NULL,
  ),
)
[ info ] [ HEADER ] array (
  'content-type' => '',
  'content-length' => '0',
  'user-agent' => 'Mozilla/5.0 (compatible; bingbot/2.0; +http://www.bing.com/bingbot.htm)',
  'host' => 'www.nyytyy.com',
  'from' => 'bingbot(at)microsoft.com',
  'accept-encoding' => 'gzip, deflate',
  'accept' => '*/*',
  'pragma' => 'no-cache',
  'connection' => 'Keep-Alive',
  'cache-control' => 'no-cache',
)
[ info ] [ PARAM ] array (
)
[ info ] [ LOG ] INIT File
---------------------------------------------------------------
[ 2019-12-01T06:01:29+08:00 ] 47.101.203.216 GET www.nynep.com/
[运行时间：0.062500s] [吞吐率：16.00req/s] [内存消耗：1,562.24kb] [文件加载：106]
[ info ] [ BEHAVIOR ] Run Closure @app_init [ RunTime:0.000000s ]
[ info ] [ CACHE ] INIT File
[ info ] [ BEHAVIOR ] Run Closure @app_init [ RunTime:0.000000s ]
[ info ] [ LANG ] C:\wwwroot\lanxi.yz360.com.cn\thinkphp\lang\zh-cn.php
[ info ] [ ROUTE ] array (
  'type' => 'module',
  'module' => 
  array (
    0 => '',
    1 => NULL,
    2 => NULL,
  ),
)
[ info ] [ HEADER ] array (
  'content-type' => '',
  'content-length' => '0',
  'user-agent' => 'Mozilla/5.0 (Linux; Android 4.1.1; Nexus 7 Build/JRO03D)',
  'host' => 'www.nynep.com',
  'accept-encoding' => 'gzip',
  'connection' => 'Keep-Alive',
)
[ info ] [ PARAM ] array (
)
[ info ] [ LOG ] INIT File
---------------------------------------------------------------
[ 2019-12-01T06:11:34+08:00 ] 47.101.198.24 GET www.nyxmbexy.com/
[运行时间：0.046875s] [吞吐率：21.33req/s] [内存消耗：1,562.34kb] [文件加载：106]
[ info ] [ BEHAVIOR ] Run Closure @app_init [ RunTime:0.000000s ]
[ info ] [ CACHE ] INIT File
[ info ] [ BEHAVIOR ] Run Closure @app_init [ RunTime:0.000000s ]
[ info ] [ LANG ] C:\wwwroot\lanxi.yz360.com.cn\thinkphp\lang\zh-cn.php
[ info ] [ ROUTE ] array (
  'type' => 'module',
  'module' => 
  array (
    0 => '',
    1 => NULL,
    2 => NULL,
  ),
)
[ info ] [ HEADER ] array (
  'content-type' => '',
  'content-length' => '0',
  'user-agent' => 'Mozilla/5.0 (Linux; Android 4.1.1; Nexus 7 Build/JRO03D)',
  'host' => 'www.nyxmbexy.com',
  'accept-encoding' => 'gzip',
  'connection' => 'Keep-Alive',
)
[ info ] [ PARAM ] array (
)
[ info ] [ LOG ] INIT File
---------------------------------------------------------------
[ 2019-12-01T06:12:31+08:00 ] 47.101.192.251 GET yjzp1.com/
[运行时间：0.046875s] [吞吐率：21.33req/s] [内存消耗：1,562.36kb] [文件加载：106]
[ info ] [ BEHAVIOR ] Run Closure @app_init [ RunTime:0.000000s ]
[ info ] [ CACHE ] INIT File
[ info ] [ BEHAVIOR ] Run Closure @app_init [ RunTime:0.000000s ]
[ info ] [ LANG ] C:\wwwroot\lanxi.yz360.com.cn\thinkphp\lang\zh-cn.php
[ info ] [ ROUTE ] array (
  'type' => 'module',
  'module' => 
  array (
    0 => '',
    1 => NULL,
    2 => NULL,
  ),
)
[ info ] [ HEADER ] array (
  'content-type' => '',
  'content-length' => '0',
  'user-agent' => 'Mozilla/5.0 (Linux; Android 4.1.1; Nexus 7 Build/JRO03D)',
  'host' => 'yjzp1.com',
  'accept-encoding' => 'gzip',
  'connection' => 'Keep-Alive',
)
[ info ] [ PARAM ] array (
)
[ info ] [ LOG ] INIT File
---------------------------------------------------------------
[ 2019-12-01T06:17:37+08:00 ] 47.101.195.72 GET www.518xueche.com/
[运行时间：0.046875s] [吞吐率：21.33req/s] [内存消耗：1,562.35kb] [文件加载：106]
[ info ] [ BEHAVIOR ] Run Closure @app_init [ RunTime:0.000000s ]
[ info ] [ CACHE ] INIT File
[ info ] [ BEHAVIOR ] Run Closure @app_init [ RunTime:0.015625s ]
[ info ] [ LANG ] C:\wwwroot\lanxi.yz360.com.cn\thinkphp\lang\zh-cn.php
[ info ] [ ROUTE ] array (
  'type' => 'module',
  'module' => 
  array (
    0 => '',
    1 => NULL,
    2 => NULL,
  ),
)
[ info ] [ HEADER ] array (
  'content-type' => '',
  'content-length' => '0',
  'user-agent' => 'Mozilla/5.0 (Linux; Android 4.1.1; Nexus 7 Build/JRO03D)',
  'host' => 'www.518xueche.com',
  'accept-encoding' => 'gzip',
  'connection' => 'Keep-Alive',
)
[ info ] [ PARAM ] array (
)
[ info ] [ LOG ] INIT File
---------------------------------------------------------------
[ 2019-12-01T06:24:25+08:00 ] 47.101.193.213 GET nyytyy.com/
[运行时间：0.046875s] [吞吐率：21.33req/s] [内存消耗：1,562.23kb] [文件加载：106]
[ info ] [ BEHAVIOR ] Run Closure @app_init [ RunTime:0.015625s ]
[ info ] [ CACHE ] INIT File
[ info ] [ BEHAVIOR ] Run Closure @app_init [ RunTime:0.000000s ]
[ info ] [ LANG ] C:\wwwroot\lanxi.yz360.com.cn\thinkphp\lang\zh-cn.php
[ info ] [ ROUTE ] array (
  'type' => 'module',
  'module' => 
  array (
    0 => '',
    1 => NULL,
    2 => NULL,
  ),
)
[ info ] [ HEADER ] array (
  'content-type' => '',
  'content-length' => '0',
  'user-agent' => 'Mozilla/5.0 (Linux; Android 4.1.1; Nexus 7 Build/JRO03D)',
  'host' => 'nyytyy.com',
  'accept-encoding' => 'gzip',
  'connection' => 'Keep-Alive',
)
[ info ] [ PARAM ] array (
)
[ info ] [ LOG ] INIT File
---------------------------------------------------------------
[ 2019-12-01T06:34:21+08:00 ] 101.132.101.201 GET 518xueche.com/
[运行时间：0.046875s] [吞吐率：21.33req/s] [内存消耗：1,562.24kb] [文件加载：106]
[ info ] [ BEHAVIOR ] Run Closure @app_init [ RunTime:0.000000s ]
[ info ] [ CACHE ] INIT File
[ info ] [ BEHAVIOR ] Run Closure @app_init [ RunTime:0.015625s ]
[ info ] [ LANG ] C:\wwwroot\lanxi.yz360.com.cn\thinkphp\lang\zh-cn.php
[ info ] [ ROUTE ] array (
  'type' => 'module',
  'module' => 
  array (
    0 => '',
    1 => NULL,
    2 => NULL,
  ),
)
[ info ] [ HEADER ] array (
  'content-type' => '',
  'content-length' => '0',
  'user-agent' => 'Mozilla/5.0 (Linux; Android 4.1.1; Nexus 7 Build/JRO03D)',
  'host' => '518xueche.com',
  'accept-encoding' => 'gzip',
  'connection' => 'Keep-Alive',
)
[ info ] [ PARAM ] array (
)
[ info ] [ LOG ] INIT File
---------------------------------------------------------------
[ 2019-12-01T06:43:03+08:00 ] 47.103.23.22 GET nyyiren.com/
[运行时间：0.062500s] [吞吐率：16.00req/s] [内存消耗：1,562.23kb] [文件加载：106]
[ info ] [ BEHAVIOR ] Run Closure @app_init [ RunTime:0.000000s ]
[ info ] [ CACHE ] INIT File
[ info ] [ BEHAVIOR ] Run Closure @app_init [ RunTime:0.000000s ]
[ info ] [ LANG ] C:\wwwroot\lanxi.yz360.com.cn\thinkphp\lang\zh-cn.php
[ info ] [ ROUTE ] array (
  'type' => 'module',
  'module' => 
  array (
    0 => '',
    1 => NULL,
    2 => NULL,
  ),
)
[ info ] [ HEADER ] array (
  'content-type' => '',
  'content-length' => '0',
  'user-agent' => 'Mozilla/5.0 (Linux; Android 4.1.1; Nexus 7 Build/JRO03D)',
  'host' => 'nyyiren.com',
  'accept-encoding' => 'gzip',
  'connection' => 'Keep-Alive',
)
[ info ] [ PARAM ] array (
)
[ info ] [ LOG ] INIT File
---------------------------------------------------------------
[ 2019-12-01T06:43:54+08:00 ] 101.132.121.35 GET lanxi.yz360.com.cn/
[运行时间：0.046875s] [吞吐率：21.33req/s] [内存消耗：1,562.34kb] [文件加载：106]
[ info ] [ BEHAVIOR ] Run Closure @app_init [ RunTime:0.000000s ]
[ info ] [ CACHE ] INIT File
[ info ] [ BEHAVIOR ] Run Closure @app_init [ RunTime:0.000000s ]
[ info ] [ LANG ] C:\wwwroot\lanxi.yz360.com.cn\thinkphp\lang\zh-cn.php
[ info ] [ ROUTE ] array (
  'type' => 'module',
  'module' => 
  array (
    0 => '',
    1 => NULL,
    2 => NULL,
  ),
)
[ info ] [ HEADER ] array (
  'content-type' => '',
  'content-length' => '0',
  'user-agent' => 'Mozilla/5.0 (Linux; Android 4.1.1; Nexus 7 Build/JRO03D)',
  'host' => 'lanxi.yz360.com.cn',
  'accept-encoding' => 'gzip',
  'connection' => 'Keep-Alive',
)
[ info ] [ PARAM ] array (
)
[ info ] [ LOG ] INIT File
---------------------------------------------------------------
[ 2019-12-01T06:48:58+08:00 ] 47.101.194.68 GET zzxjc.cn/
[运行时间：0.046875s] [吞吐率：21.33req/s] [内存消耗：1,562.35kb] [文件加载：106]
[ info ] [ BEHAVIOR ] Run Closure @app_init [ RunTime:0.000000s ]
[ info ] [ CACHE ] INIT File
[ info ] [ BEHAVIOR ] Run Closure @app_init [ RunTime:0.015625s ]
[ info ] [ LANG ] C:\wwwroot\lanxi.yz360.com.cn\thinkphp\lang\zh-cn.php
[ info ] [ ROUTE ] array (
  'type' => 'module',
  'module' => 
  array (
    0 => '',
    1 => NULL,
    2 => NULL,
  ),
)
[ info ] [ HEADER ] array (
  'content-type' => '',
  'content-length' => '0',
  'user-agent' => 'Mozilla/5.0 (Linux; Android 4.1.1; Nexus 7 Build/JRO03D)',
  'host' => 'zzxjc.cn',
  'accept-encoding' => 'gzip',
  'connection' => 'Keep-Alive',
)
[ info ] [ PARAM ] array (
)
[ info ] [ LOG ] INIT File
---------------------------------------------------------------
[ 2019-12-01T07:02:53+08:00 ] 47.101.202.182 GET musicexmination.com/
[运行时间：0.046875s] [吞吐率：21.33req/s] [内存消耗：1,562.34kb] [文件加载：106]
[ info ] [ BEHAVIOR ] Run Closure @app_init [ RunTime:0.000000s ]
[ info ] [ CACHE ] INIT File
[ info ] [ BEHAVIOR ] Run Closure @app_init [ RunTime:0.000000s ]
[ info ] [ LANG ] C:\wwwroot\lanxi.yz360.com.cn\thinkphp\lang\zh-cn.php
[ info ] [ ROUTE ] array (
  'type' => 'module',
  'module' => 
  array (
    0 => '',
    1 => NULL,
    2 => NULL,
  ),
)
[ info ] [ HEADER ] array (
  'content-type' => '',
  'content-length' => '0',
  'user-agent' => 'Mozilla/5.0 (Linux; Android 4.1.1; Nexus 7 Build/JRO03D)',
  'host' => 'musicexmination.com',
  'accept-encoding' => 'gzip',
  'connection' => 'Keep-Alive',
)
[ info ] [ PARAM ] array (
)
[ info ] [ LOG ] INIT File
---------------------------------------------------------------
[ 2019-12-01T07:06:02+08:00 ] 47.103.21.203 GET hnhzlhhr.com/
[运行时间：0.046875s] [吞吐率：21.33req/s] [内存消耗：1,562.38kb] [文件加载：106]
[ info ] [ BEHAVIOR ] Run Closure @app_init [ RunTime:0.000000s ]
[ info ] [ CACHE ] INIT File
[ info ] [ BEHAVIOR ] Run Closure @app_init [ RunTime:0.000000s ]
[ info ] [ LANG ] C:\wwwroot\lanxi.yz360.com.cn\thinkphp\lang\zh-cn.php
[ info ] [ ROUTE ] array (
  'type' => 'module',
  'module' => 
  array (
    0 => '',
    1 => NULL,
    2 => NULL,
  ),
)
[ info ] [ HEADER ] array (
  'content-type' => '',
  'content-length' => '0',
  'user-agent' => 'Mozilla/5.0 (Linux; Android 4.1.1; Nexus 7 Build/JRO03D)',
  'host' => 'hnhzlhhr.com',
  'accept-encoding' => 'gzip',
  'connection' => 'Keep-Alive',
)
[ info ] [ PARAM ] array (
)
[ info ] [ LOG ] INIT File
---------------------------------------------------------------
[ 2019-12-01T08:03:11+08:00 ] 101.91.60.24 POST lanxi.yz360.com.cn/index.php/api/index/product
[运行时间：0.140625s] [吞吐率：7.11req/s] [内存消耗：2,750.55kb] [文件加载：123]
[ info ] [ BEHAVIOR ] Run Closure @app_init [ RunTime:0.000000s ]
[ info ] [ CACHE ] INIT File
[ info ] [ BEHAVIOR ] Run Closure @app_init [ RunTime:0.015625s ]
[ info ] [ LANG ] C:\wwwroot\lanxi.yz360.com.cn\thinkphp\lang\zh-cn.php
[ info ] [ ROUTE ] array (
  'type' => 'module',
  'module' => 
  array (
    0 => 'api',
    1 => 'index',
    2 => 'product',
  ),
)
[ info ] [ HEADER ] array (
  'content-type' => 'application/x-www-form-urlencoded',
  'content-length' => '0',
  'x-wx-cascade-timeout' => '40000',
  'server-port' => '18569',
  'remote-addr' => '100.112.160.33:36897',
  'user-agent' => 'Mozilla/5.0 (iPhone; CPU iPhone OS 11_0 like Mac OS X) AppleWebKit/604.1.38 (KHTML, like Gecko) Version/11.0 Mobile/15A372 Safari/604.1 MicroMessenger/6.5 mpcrawler',
  'referer' => 'https://servicewechat.com/wxff51a687db71d678/6/page-frame.html',
  'host' => 'lanxi.yz360.com.cn',
  'accept-encoding' => 'gzip, deflate',
  'accept' => 'application/json',
  'connection' => 'keep-alive',
)
[ info ] [ PARAM ] array (
)
[ info ] [ LANG ] C:\wwwroot\lanxi.yz360.com.cn\public/../application/api\lang\zh-cn.php
[ info ] [ BEHAVIOR ] Run app\common\behavior\Common @module_init [ RunTime:0.015625s ]
[ info ] [ RUN ] app\api\controller\Index->product[ C:\wwwroot\lanxi.yz360.com.cn\application\api\controller\Index.php ]
[ info ] [ DB ] INIT mysql
[ info ] [ LOG ] INIT File
[ sql ] [ DB ] CONNECT:[ UseTime:0.015625s ] mysql:host=149.129.73.191;port=3306;dbname=lanxi_yz360;charset=utf8
[ sql ] [ SQL ] SHOW COLUMNS FROM `la_product` [ RunTime:0.000000s ]
[ sql ] [ SQL ] SELECT `id`,`name`,`img`,`introduce` FROM `la_product` WHERE  `status` = 1  AND `is_del` = 0  AND `is_index` = 1 ORDER BY `id` DESC LIMIT 4 [ RunTime:0.000000s ]
---------------------------------------------------------------
[ 2019-12-01T08:03:11+08:00 ] 223.166.222.102 POST lanxi.yz360.com.cn/index.php/api/index/lunbo
[运行时间：0.171875s] [吞吐率：5.82req/s] [内存消耗：2,752.11kb] [文件加载：123]
[ info ] [ BEHAVIOR ] Run Closure @app_init [ RunTime:0.000000s ]
[ info ] [ CACHE ] INIT File
[ info ] [ BEHAVIOR ] Run Closure @app_init [ RunTime:0.015625s ]
[ info ] [ LANG ] C:\wwwroot\lanxi.yz360.com.cn\thinkphp\lang\zh-cn.php
[ info ] [ ROUTE ] array (
  'type' => 'module',
  'module' => 
  array (
    0 => 'api',
    1 => 'index',
    2 => 'lunbo',
  ),
)
[ info ] [ HEADER ] array (
  'content-type' => 'application/x-www-form-urlencoded',
  'content-length' => '6',
  'x-wx-cascade-timeout' => '40000',
  'server-port' => '18569',
  'remote-addr' => '100.112.160.33:36943',
  'user-agent' => 'Mozilla/5.0 (iPhone; CPU iPhone OS 11_0 like Mac OS X) AppleWebKit/604.1.38 (KHTML, like Gecko) Version/11.0 Mobile/15A372 Safari/604.1 MicroMessenger/6.5 mpcrawler',
  'referer' => 'https://servicewechat.com/wxff51a687db71d678/6/page-frame.html',
  'host' => 'lanxi.yz360.com.cn',
  'accept-encoding' => 'gzip, deflate',
  'accept' => 'application/json',
  'connection' => 'keep-alive',
)
[ info ] [ PARAM ] array (
  'type' => '1',
)
[ info ] [ LANG ] C:\wwwroot\lanxi.yz360.com.cn\public/../application/api\lang\zh-cn.php
[ info ] [ BEHAVIOR ] Run app\common\behavior\Common @module_init [ RunTime:0.000000s ]
[ info ] [ RUN ] app\api\controller\Index->lunbo[ C:\wwwroot\lanxi.yz360.com.cn\application\api\controller\Index.php ]
[ info ] [ DB ] INIT mysql
[ info ] [ LOG ] INIT File
[ sql ] [ DB ] CONNECT:[ UseTime:0.000000s ] mysql:host=149.129.73.191;port=3306;dbname=lanxi_yz360;charset=utf8
[ sql ] [ SQL ] SHOW COLUMNS FROM `la_lunbo` [ RunTime:0.015625s ]
[ sql ] [ SQL ] SELECT * FROM `la_lunbo` WHERE  `status` = 1  AND `is_del` = 0  AND `type` = 1 ORDER BY `id` DESC [ RunTime:0.000000s ]
---------------------------------------------------------------
[ 2019-12-01T08:03:11+08:00 ] 223.166.222.108 POST lanxi.yz360.com.cn/index.php/api/index/lunbo
[运行时间：0.109375s] [吞吐率：9.14req/s] [内存消耗：2,752.71kb] [文件加载：123]
[ info ] [ BEHAVIOR ] Run Closure @app_init [ RunTime:0.000000s ]
[ info ] [ CACHE ] INIT File
[ info ] [ BEHAVIOR ] Run Closure @app_init [ RunTime:0.000000s ]
[ info ] [ LANG ] C:\wwwroot\lanxi.yz360.com.cn\thinkphp\lang\zh-cn.php
[ info ] [ ROUTE ] array (
  'type' => 'module',
  'module' => 
  array (
    0 => 'api',
    1 => 'index',
    2 => 'lunbo',
  ),
)
[ info ] [ HEADER ] array (
  'content-type' => 'application/x-www-form-urlencoded',
  'content-length' => '6',
  'x-wx-cascade-timeout' => '40000',
  'server-port' => '18569',
  'remote-addr' => '100.112.160.33:36945',
  'user-agent' => 'Mozilla/5.0 (iPhone; CPU iPhone OS 11_0 like Mac OS X) AppleWebKit/604.1.38 (KHTML, like Gecko) Version/11.0 Mobile/15A372 Safari/604.1 MicroMessenger/6.5 mpcrawler',
  'referer' => 'https://servicewechat.com/wxff51a687db71d678/6/page-frame.html',
  'host' => 'lanxi.yz360.com.cn',
  'accept-encoding' => 'gzip, deflate',
  'accept' => 'application/json',
  'connection' => 'keep-alive',
)
[ info ] [ PARAM ] array (
  'type' => '2',
)
[ info ] [ LANG ] C:\wwwroot\lanxi.yz360.com.cn\public/../application/api\lang\zh-cn.php
[ info ] [ BEHAVIOR ] Run app\common\behavior\Common @module_init [ RunTime:0.000000s ]
[ info ] [ RUN ] app\api\controller\Index->lunbo[ C:\wwwroot\lanxi.yz360.com.cn\application\api\controller\Index.php ]
[ info ] [ DB ] INIT mysql
[ info ] [ LOG ] INIT File
[ sql ] [ DB ] CONNECT:[ UseTime:0.000000s ] mysql:host=149.129.73.191;port=3306;dbname=lanxi_yz360;charset=utf8
[ sql ] [ SQL ] SHOW COLUMNS FROM `la_lunbo` [ RunTime:0.015625s ]
[ sql ] [ SQL ] SELECT * FROM `la_lunbo` WHERE  `status` = 1  AND `is_del` = 0  AND `type` = 2 ORDER BY `id` DESC [ RunTime:0.000000s ]
---------------------------------------------------------------
[ 2019-12-01T08:03:11+08:00 ] 223.166.222.108 POST lanxi.yz360.com.cn/index.php/api/index/news
[运行时间：0.171875s] [吞吐率：5.82req/s] [内存消耗：2,749.65kb] [文件加载：123]
[ info ] [ BEHAVIOR ] Run Closure @app_init [ RunTime:0.000000s ]
[ info ] [ CACHE ] INIT File
[ info ] [ BEHAVIOR ] Run Closure @app_init [ RunTime:0.015625s ]
[ info ] [ LANG ] C:\wwwroot\lanxi.yz360.com.cn\thinkphp\lang\zh-cn.php
[ info ] [ ROUTE ] array (
  'type' => 'module',
  'module' => 
  array (
    0 => 'api',
    1 => 'index',
    2 => 'news',
  ),
)
[ info ] [ HEADER ] array (
  'content-type' => 'application/x-www-form-urlencoded',
  'content-length' => '0',
  'x-wx-cascade-timeout' => '40000',
  'server-port' => '18569',
  'remote-addr' => '100.112.160.33:36942',
  'user-agent' => 'Mozilla/5.0 (iPhone; CPU iPhone OS 11_0 like Mac OS X) AppleWebKit/604.1.38 (KHTML, like Gecko) Version/11.0 Mobile/15A372 Safari/604.1 MicroMessenger/6.5 mpcrawler',
  'referer' => 'https://servicewechat.com/wxff51a687db71d678/6/page-frame.html',
  'host' => 'lanxi.yz360.com.cn',
  'accept-encoding' => 'gzip, deflate',
  'accept' => 'application/json',
  'connection' => 'keep-alive',
)
[ info ] [ PARAM ] array (
)
[ info ] [ LANG ] C:\wwwroot\lanxi.yz360.com.cn\public/../application/api\lang\zh-cn.php
[ info ] [ BEHAVIOR ] Run app\common\behavior\Common @module_init [ RunTime:0.000000s ]
[ info ] [ RUN ] app\api\controller\Index->news[ C:\wwwroot\lanxi.yz360.com.cn\application\api\controller\Index.php ]
[ info ] [ DB ] INIT mysql
[ info ] [ LOG ] INIT File
[ sql ] [ DB ] CONNECT:[ UseTime:0.000000s ] mysql:host=149.129.73.191;port=3306;dbname=lanxi_yz360;charset=utf8
[ sql ] [ SQL ] SHOW COLUMNS FROM `la_msg` [ RunTime:0.000000s ]
[ sql ] [ SQL ] SELECT `id`,`title`,`img`,`ctime`,`des` FROM `la_msg` WHERE  `status` = 1  AND `is_del` = 0 ORDER BY `id` DESC LIMIT 3 [ RunTime:0.015625s ]
---------------------------------------------------------------
[ 2019-12-01T08:03:11+08:00 ] 223.166.222.108 POST lanxi.yz360.com.cn/index.php/api/index/detail
[运行时间：0.046875s] [吞吐率：21.33req/s] [内存消耗：2,106.48kb] [文件加载：116]
[ info ] [ BEHAVIOR ] Run Closure @app_init [ RunTime:0.000000s ]
[ info ] [ CACHE ] INIT File
[ info ] [ BEHAVIOR ] Run Closure @app_init [ RunTime:0.000000s ]
[ info ] [ LANG ] C:\wwwroot\lanxi.yz360.com.cn\thinkphp\lang\zh-cn.php
[ info ] [ ROUTE ] array (
  'type' => 'module',
  'module' => 
  array (
    0 => 'api',
    1 => 'index',
    2 => 'detail',
  ),
)
[ info ] [ HEADER ] array (
  'content-type' => 'application/x-www-form-urlencoded',
  'content-length' => '0',
  'x-wx-cascade-timeout' => '40000',
  'server-port' => '18569',
  'remote-addr' => '100.112.160.33:36943',
  'user-agent' => 'Mozilla/5.0 (iPhone; CPU iPhone OS 11_0 like Mac OS X) AppleWebKit/604.1.38 (KHTML, like Gecko) Version/11.0 Mobile/15A372 Safari/604.1 MicroMessenger/6.5 mpcrawler',
  'referer' => 'https://servicewechat.com/wxff51a687db71d678/6/page-frame.html',
  'host' => 'lanxi.yz360.com.cn',
  'accept-encoding' => 'gzip, deflate',
  'accept' => 'application/json',
  'connection' => 'keep-alive',
)
[ info ] [ PARAM ] array (
)
[ info ] [ LANG ] C:\wwwroot\lanxi.yz360.com.cn\public/../application/api\lang\zh-cn.php
[ info ] [ BEHAVIOR ] Run app\common\behavior\Common @module_init [ RunTime:0.000000s ]
[ info ] [ RUN ] app\api\controller\Index->detail[ C:\wwwroot\lanxi.yz360.com.cn\application\api\controller\Index.php ]
[ info ] [ LOG ] INIT File
---------------------------------------------------------------
[ 2019-12-01T08:03:11+08:00 ] 223.166.222.108 POST lanxi.yz360.com.cn/index.php/api/index/technician
[运行时间：0.093750s] [吞吐率：10.67req/s] [内存消耗：2,748.64kb] [文件加载：123]
[ info ] [ BEHAVIOR ] Run Closure @app_init [ RunTime:0.000000s ]
[ info ] [ CACHE ] INIT File
[ info ] [ BEHAVIOR ] Run Closure @app_init [ RunTime:0.000000s ]
[ info ] [ LANG ] C:\wwwroot\lanxi.yz360.com.cn\thinkphp\lang\zh-cn.php
[ info ] [ ROUTE ] array (
  'type' => 'module',
  'module' => 
  array (
    0 => 'api',
    1 => 'index',
    2 => 'technician',
  ),
)
[ info ] [ HEADER ] array (
  'content-type' => 'application/x-www-form-urlencoded',
  'content-length' => '0',
  'x-wx-cascade-timeout' => '40000',
  'server-port' => '18569',
  'remote-addr' => '100.112.160.33:36942',
  'user-agent' => 'Mozilla/5.0 (iPhone; CPU iPhone OS 11_0 like Mac OS X) AppleWebKit/604.1.38 (KHTML, like Gecko) Version/11.0 Mobile/15A372 Safari/604.1 MicroMessenger/6.5 mpcrawler',
  'referer' => 'https://servicewechat.com/wxff51a687db71d678/6/page-frame.html',
  'host' => 'lanxi.yz360.com.cn',
  'accept-encoding' => 'gzip, deflate',
  'accept' => 'application/json',
  'connection' => 'keep-alive',
)
[ info ] [ PARAM ] array (
)
[ info ] [ LANG ] C:\wwwroot\lanxi.yz360.com.cn\public/../application/api\lang\zh-cn.php
[ info ] [ BEHAVIOR ] Run app\common\behavior\Common @module_init [ RunTime:0.015625s ]
[ info ] [ RUN ] app\api\controller\Index->technician[ C:\wwwroot\lanxi.yz360.com.cn\application\api\controller\Index.php ]
[ info ] [ DB ] INIT mysql
[ info ] [ LOG ] INIT File
[ sql ] [ DB ] CONNECT:[ UseTime:0.015625s ] mysql:host=149.129.73.191;port=3306;dbname=lanxi_yz360;charset=utf8
[ sql ] [ SQL ] SHOW COLUMNS FROM `la_technician` [ RunTime:0.000000s ]
[ sql ] [ SQL ] SELECT `id`,`name`,`img` FROM `la_technician` WHERE  `status` = 1  AND `is_del` = 0 ORDER BY `onclicks` DESC LIMIT 4 [ RunTime:0.000000s ]
---------------------------------------------------------------
[ 2019-12-01T08:03:11+08:00 ] 101.91.60.73 POST lanxi.yz360.com.cn/index.php/api/index/servicecat
[运行时间：0.078125s] [吞吐率：12.80req/s] [内存消耗：2,748.34kb] [文件加载：123]
[ info ] [ BEHAVIOR ] Run Closure @app_init [ RunTime:0.000000s ]
[ info ] [ CACHE ] INIT File
[ info ] [ BEHAVIOR ] Run Closure @app_init [ RunTime:0.000000s ]
[ info ] [ LANG ] C:\wwwroot\lanxi.yz360.com.cn\thinkphp\lang\zh-cn.php
[ info ] [ ROUTE ] array (
  'type' => 'module',
  'module' => 
  array (
    0 => 'api',
    1 => 'index',
    2 => 'servicecat',
  ),
)
[ info ] [ HEADER ] array (
  'content-type' => 'application/x-www-form-urlencoded',
  'content-length' => '0',
  'x-wx-cascade-timeout' => '40000',
  'server-port' => '18569',
  'remote-addr' => '100.112.160.33:36945',
  'user-agent' => 'Mozilla/5.0 (iPhone; CPU iPhone OS 11_0 like Mac OS X) AppleWebKit/604.1.38 (KHTML, like Gecko) Version/11.0 Mobile/15A372 Safari/604.1 MicroMessenger/6.5 mpcrawler',
  'referer' => 'https://servicewechat.com/wxff51a687db71d678/6/page-frame.html',
  'host' => 'lanxi.yz360.com.cn',
  'accept-encoding' => 'gzip, deflate',
  'accept' => 'application/json',
  'connection' => 'keep-alive',
)
[ info ] [ PARAM ] array (
)
[ info ] [ LANG ] C:\wwwroot\lanxi.yz360.com.cn\public/../application/api\lang\zh-cn.php
[ info ] [ BEHAVIOR ] Run app\common\behavior\Common @module_init [ RunTime:0.015625s ]
[ info ] [ RUN ] app\api\controller\Index->servicecat[ C:\wwwroot\lanxi.yz360.com.cn\application\api\controller\Index.php ]
[ info ] [ DB ] INIT mysql
[ info ] [ LOG ] INIT File
[ sql ] [ DB ] CONNECT:[ UseTime:0.015625s ] mysql:host=149.129.73.191;port=3306;dbname=lanxi_yz360;charset=utf8
[ sql ] [ SQL ] SHOW COLUMNS FROM `la_service_cat` [ RunTime:0.000000s ]
[ sql ] [ SQL ] SELECT `id`,`name`,`img` FROM `la_service_cat` WHERE  `status` = 1  AND `is_del` = 0 ORDER BY `id` DESC [ RunTime:0.000000s ]
---------------------------------------------------------------
[ 2019-12-01T08:53:42+08:00 ] 137.226.113.28 GET www.shihuirensheng.com/
[运行时间：0.046875s] [吞吐率：21.33req/s] [内存消耗：1,562.49kb] [文件加载：106]
[ info ] [ BEHAVIOR ] Run Closure @app_init [ RunTime:0.000000s ]
[ info ] [ CACHE ] INIT File
[ info ] [ BEHAVIOR ] Run Closure @app_init [ RunTime:0.015625s ]
[ info ] [ LANG ] C:\wwwroot\lanxi.yz360.com.cn\thinkphp\lang\zh-cn.php
[ info ] [ ROUTE ] array (
  'type' => 'module',
  'module' => 
  array (
    0 => '',
    1 => NULL,
    2 => NULL,
  ),
)
[ info ] [ HEADER ] array (
  'content-type' => '',
  'content-length' => '0',
  'user-agent' => 'Mozilla/5.0 zgrab/0.x (compatible; Researchscan/t12ca; +http://researchscan.comsys.rwth-aachen.de)',
  'host' => 'www.shihuirensheng.com',
  'accept-encoding' => 'gzip',
  'accept' => '*/*',
)
[ info ] [ PARAM ] array (
)
[ info ] [ LOG ] INIT File
---------------------------------------------------------------
[ 2019-12-01T09:44:06+08:00 ] 47.92.31.65 GET www.shihuirensheng.com/
[运行时间：0.062500s] [吞吐率：16.00req/s] [内存消耗：1,562.42kb] [文件加载：106]
[ info ] [ BEHAVIOR ] Run Closure @app_init [ RunTime:0.000000s ]
[ info ] [ CACHE ] INIT File
[ info ] [ BEHAVIOR ] Run Closure @app_init [ RunTime:0.000000s ]
[ info ] [ LANG ] C:\wwwroot\lanxi.yz360.com.cn\thinkphp\lang\zh-cn.php
[ info ] [ ROUTE ] array (
  'type' => 'module',
  'module' => 
  array (
    0 => '',
    1 => NULL,
    2 => NULL,
  ),
)
[ info ] [ HEADER ] array (
  'content-type' => '',
  'content-length' => '0',
  'user-agent' => 'Mozilla/5.0 (X11; Ubuntu; Linux x86_64; rv:36.0) Gecko/20100101 Firefox/36.0',
  'host' => 'www.shihuirensheng.com',
  'accept-encoding' => 'gzip',
  'connection' => 'Keep-Alive',
)
[ info ] [ PARAM ] array (
)
[ info ] [ LOG ] INIT File
---------------------------------------------------------------
[ 2019-12-01T10:14:10+08:00 ] 34.219.202.20 GET sx13ehr.com/
[运行时间：0.062500s] [吞吐率：16.00req/s] [内存消耗：1,561.77kb] [文件加载：106]
[ info ] [ BEHAVIOR ] Run Closure @app_init [ RunTime:0.000000s ]
[ info ] [ CACHE ] INIT File
[ info ] [ BEHAVIOR ] Run Closure @app_init [ RunTime:0.000000s ]
[ info ] [ LANG ] C:\wwwroot\lanxi.yz360.com.cn\thinkphp\lang\zh-cn.php
[ info ] [ ROUTE ] array (
  'type' => 'module',
  'module' => 
  array (
    0 => '',
    1 => NULL,
    2 => NULL,
  ),
)
[ info ] [ HEADER ] array (
  'content-type' => '',
  'content-length' => '0',
  'user-agent' => 'Go-http-client/1.1',
  'host' => 'sx13ehr.com',
  'accept-encoding' => 'gzip',
)
[ info ] [ PARAM ] array (
)
[ info ] [ LOG ] INIT File
---------------------------------------------------------------
[ 2019-12-01T12:10:44+08:00 ] 46.105.127.149 GET 149.129.73.191/
[运行时间：0.187500s] [吞吐率：5.33req/s] [内存消耗：1,563.48kb] [文件加载：106]
[ info ] [ BEHAVIOR ] Run Closure @app_init [ RunTime:0.000000s ]
[ info ] [ CACHE ] INIT File
[ info ] [ BEHAVIOR ] Run Closure @app_init [ RunTime:0.000000s ]
[ info ] [ LANG ] C:\wwwroot\lanxi.yz360.com.cn\thinkphp\lang\zh-cn.php
[ info ] [ ROUTE ] array (
  'type' => 'module',
  'module' => 
  array (
    0 => '',
    1 => NULL,
    2 => NULL,
  ),
)
[ info ] [ HEADER ] array (
  'content-type' => '',
  'content-length' => '0',
  'x-datadog-sampling-priority' => '0',
  'x-datadog-parent-id' => '9693398667298482852',
  'x-datadog-trace-id' => '1454248459450710902',
  'user-agent' => 'python-requests/2.22.0',
  'host' => '149.129.73.191',
  'accept-encoding' => 'gzip, deflate',
  'accept' => '*/*',
  'connection' => 'keep-alive',
)
[ info ] [ PARAM ] array (
)
[ info ] [ LOG ] INIT File
---------------------------------------------------------------
[ 2019-12-01T12:37:47+08:00 ] 137.226.113.27 GET www.shihuirensheng.com/
[运行时间：0.062500s] [吞吐率：16.00req/s] [内存消耗：1,562.49kb] [文件加载：106]
[ info ] [ BEHAVIOR ] Run Closure @app_init [ RunTime:0.000000s ]
[ info ] [ CACHE ] INIT File
[ info ] [ BEHAVIOR ] Run Closure @app_init [ RunTime:0.000000s ]
[ info ] [ LANG ] C:\wwwroot\lanxi.yz360.com.cn\thinkphp\lang\zh-cn.php
[ info ] [ ROUTE ] array (
  'type' => 'module',
  'module' => 
  array (
    0 => '',
    1 => NULL,
    2 => NULL,
  ),
)
[ info ] [ HEADER ] array (
  'content-type' => '',
  'content-length' => '0',
  'user-agent' => 'Mozilla/5.0 zgrab/0.x (compatible; Researchscan/t12sns; +http://researchscan.comsys.rwth-aachen.de)',
  'host' => 'www.shihuirensheng.com',
  'accept-encoding' => 'gzip',
  'accept' => '*/*',
)
[ info ] [ PARAM ] array (
)
[ info ] [ LOG ] INIT File
---------------------------------------------------------------
[ 2019-12-01T16:12:31+08:00 ] 137.226.113.26 GET www.furuijiayigui.com/
[运行时间：0.187500s] [吞吐率：5.33req/s] [内存消耗：1,562.49kb] [文件加载：106]
[ info ] [ BEHAVIOR ] Run Closure @app_init [ RunTime:0.000000s ]
[ info ] [ CACHE ] INIT File
[ info ] [ BEHAVIOR ] Run Closure @app_init [ RunTime:0.000000s ]
[ info ] [ LANG ] C:\wwwroot\lanxi.yz360.com.cn\thinkphp\lang\zh-cn.php
[ info ] [ ROUTE ] array (
  'type' => 'module',
  'module' => 
  array (
    0 => '',
    1 => NULL,
    2 => NULL,
  ),
)
[ info ] [ HEADER ] array (
  'content-type' => '',
  'content-length' => '0',
  'user-agent' => 'Mozilla/5.0 zgrab/0.x (compatible; Researchscan/t12ca; +http://researchscan.comsys.rwth-aachen.de)',
  'host' => 'www.furuijiayigui.com',
  'accept-encoding' => 'gzip',
  'accept' => '*/*',
)
[ info ] [ PARAM ] array (
)
[ info ] [ LOG ] INIT File
---------------------------------------------------------------
[ 2019-12-01T16:35:01+08:00 ] 137.226.113.27 GET www.nyyiren.com/
[运行时间：0.046875s] [吞吐率：21.33req/s] [内存消耗：1,562.57kb] [文件加载：106]
[ info ] [ BEHAVIOR ] Run Closure @app_init [ RunTime:0.000000s ]
[ info ] [ CACHE ] INIT File
[ info ] [ BEHAVIOR ] Run Closure @app_init [ RunTime:0.000000s ]
[ info ] [ LANG ] C:\wwwroot\lanxi.yz360.com.cn\thinkphp\lang\zh-cn.php
[ info ] [ ROUTE ] array (
  'type' => 'module',
  'module' => 
  array (
    0 => '',
    1 => NULL,
    2 => NULL,
  ),
)
[ info ] [ HEADER ] array (
  'content-type' => '',
  'content-length' => '0',
  'user-agent' => 'Mozilla/5.0 zgrab/0.x (compatible; Researchscan/t12ca; +http://researchscan.comsys.rwth-aachen.de)',
  'host' => 'www.nyyiren.com',
  'accept-encoding' => 'gzip',
  'accept' => '*/*',
)
[ info ] [ PARAM ] array (
)
[ info ] [ LOG ] INIT File
---------------------------------------------------------------
[ 2019-12-01T16:50:38+08:00 ] 137.226.113.28 GET www.nyytyy.com/
[运行时间：0.062500s] [吞吐率：16.00req/s] [内存消耗：1,562.57kb] [文件加载：106]
[ info ] [ BEHAVIOR ] Run Closure @app_init [ RunTime:0.000000s ]
[ info ] [ CACHE ] INIT File
[ info ] [ BEHAVIOR ] Run Closure @app_init [ RunTime:0.000000s ]
[ info ] [ LANG ] C:\wwwroot\lanxi.yz360.com.cn\thinkphp\lang\zh-cn.php
[ info ] [ ROUTE ] array (
  'type' => 'module',
  'module' => 
  array (
    0 => '',
    1 => NULL,
    2 => NULL,
  ),
)
[ info ] [ HEADER ] array (
  'content-type' => '',
  'content-length' => '0',
  'user-agent' => 'Mozilla/5.0 zgrab/0.x (compatible; Researchscan/t12ca; +http://researchscan.comsys.rwth-aachen.de)',
  'host' => 'www.nyytyy.com',
  'accept-encoding' => 'gzip',
  'accept' => '*/*',
)
[ info ] [ PARAM ] array (
)
[ info ] [ LOG ] INIT File
---------------------------------------------------------------
[ 2019-12-01T17:06:13+08:00 ] 207.46.13.8 GET www.kairuitek.com/
[运行时间：0.062500s] [吞吐率：16.00req/s] [内存消耗：1,563.51kb] [文件加载：106]
[ info ] [ BEHAVIOR ] Run Closure @app_init [ RunTime:0.000000s ]
[ info ] [ CACHE ] INIT File
[ info ] [ BEHAVIOR ] Run Closure @app_init [ RunTime:0.000000s ]
[ info ] [ LANG ] C:\wwwroot\lanxi.yz360.com.cn\thinkphp\lang\zh-cn.php
[ info ] [ ROUTE ] array (
  'type' => 'module',
  'module' => 
  array (
    0 => '',
    1 => NULL,
    2 => NULL,
  ),
)
[ info ] [ HEADER ] array (
  'content-type' => '',
  'content-length' => '0',
  'user-agent' => 'Mozilla/5.0 (compatible; bingbot/2.0; +http://www.bing.com/bingbot.htm)',
  'host' => 'www.kairuitek.com',
  'from' => 'bingbot(at)microsoft.com',
  'accept-encoding' => 'gzip, deflate',
  'accept' => '*/*',
  'pragma' => 'no-cache',
  'connection' => 'Keep-Alive',
  'cache-control' => 'no-cache',
)
[ info ] [ PARAM ] array (
)
[ info ] [ LOG ] INIT File
---------------------------------------------------------------
[ 2019-12-01T18:52:33+08:00 ] 106.14.201.243 GET hnhzlhhr.com/
[运行时间：0.203125s] [吞吐率：4.92req/s] [内存消耗：1,562.41kb] [文件加载：106]
[ info ] [ BEHAVIOR ] Run Closure @app_init [ RunTime:0.000000s ]
[ info ] [ CACHE ] INIT File
[ info ] [ BEHAVIOR ] Run Closure @app_init [ RunTime:0.015625s ]
[ info ] [ LANG ] C:\wwwroot\lanxi.yz360.com.cn\thinkphp\lang\zh-cn.php
[ info ] [ ROUTE ] array (
  'type' => 'module',
  'module' => 
  array (
    0 => '',
    1 => NULL,
    2 => NULL,
  ),
)
[ info ] [ HEADER ] array (
  'content-type' => '',
  'content-length' => '0',
  'user-agent' => 'Mozilla/5.0 (X11; Ubuntu; Linux x86_64; rv:36.0) Gecko/20100101 Firefox/36.0',
  'host' => 'hnhzlhhr.com',
  'accept-encoding' => 'gzip',
  'connection' => 'Keep-Alive',
)
[ info ] [ PARAM ] array (
)
[ info ] [ LOG ] INIT File
---------------------------------------------------------------
[ 2019-12-01T20:10:38+08:00 ] 137.226.113.26 GET www.yjzp1.com/
[运行时间：0.062500s] [吞吐率：16.00req/s] [内存消耗：1,562.57kb] [文件加载：106]
[ info ] [ BEHAVIOR ] Run Closure @app_init [ RunTime:0.000000s ]
[ info ] [ CACHE ] INIT File
[ info ] [ BEHAVIOR ] Run Closure @app_init [ RunTime:0.000000s ]
[ info ] [ LANG ] C:\wwwroot\lanxi.yz360.com.cn\thinkphp\lang\zh-cn.php
[ info ] [ ROUTE ] array (
  'type' => 'module',
  'module' => 
  array (
    0 => '',
    1 => NULL,
    2 => NULL,
  ),
)
[ info ] [ HEADER ] array (
  'content-type' => '',
  'content-length' => '0',
  'user-agent' => 'Mozilla/5.0 zgrab/0.x (compatible; Researchscan/t12ca; +http://researchscan.comsys.rwth-aachen.de)',
  'host' => 'www.yjzp1.com',
  'accept-encoding' => 'gzip',
  'accept' => '*/*',
)
[ info ] [ PARAM ] array (
)
[ info ] [ LOG ] INIT File
---------------------------------------------------------------
[ 2019-12-01T21:28:56+08:00 ] 137.226.113.26 GET www.furuijiayigui.com/
[运行时间：0.203125s] [吞吐率：4.92req/s] [内存消耗：1,562.49kb] [文件加载：106]
[ info ] [ BEHAVIOR ] Run Closure @app_init [ RunTime:0.000000s ]
[ info ] [ CACHE ] INIT File
[ info ] [ BEHAVIOR ] Run Closure @app_init [ RunTime:0.015625s ]
[ info ] [ LANG ] C:\wwwroot\lanxi.yz360.com.cn\thinkphp\lang\zh-cn.php
[ info ] [ ROUTE ] array (
  'type' => 'module',
  'module' => 
  array (
    0 => '',
    1 => NULL,
    2 => NULL,
  ),
)
[ info ] [ HEADER ] array (
  'content-type' => '',
  'content-length' => '0',
  'user-agent' => 'Mozilla/5.0 zgrab/0.x (compatible; Researchscan/t12sns; +http://researchscan.comsys.rwth-aachen.de)',
  'host' => 'www.furuijiayigui.com',
  'accept-encoding' => 'gzip',
  'accept' => '*/*',
)
[ info ] [ PARAM ] array (
)
[ info ] [ LOG ] INIT File
---------------------------------------------------------------
[ 2019-12-01T21:56:35+08:00 ] 137.226.113.26 GET www.nyyiren.com/
[运行时间：0.046875s] [吞吐率：21.33req/s] [内存消耗：1,562.57kb] [文件加载：106]
[ info ] [ BEHAVIOR ] Run Closure @app_init [ RunTime:0.000000s ]
[ info ] [ CACHE ] INIT File
[ info ] [ BEHAVIOR ] Run Closure @app_init [ RunTime:0.000000s ]
[ info ] [ LANG ] C:\wwwroot\lanxi.yz360.com.cn\thinkphp\lang\zh-cn.php
[ info ] [ ROUTE ] array (
  'type' => 'module',
  'module' => 
  array (
    0 => '',
    1 => NULL,
    2 => NULL,
  ),
)
[ info ] [ HEADER ] array (
  'content-type' => '',
  'content-length' => '0',
  'user-agent' => 'Mozilla/5.0 zgrab/0.x (compatible; Researchscan/t12sns; +http://researchscan.comsys.rwth-aachen.de)',
  'host' => 'www.nyyiren.com',
  'accept-encoding' => 'gzip',
  'accept' => '*/*',
)
[ info ] [ PARAM ] array (
)
[ info ] [ LOG ] INIT File
---------------------------------------------------------------
[ 2019-12-01T22:14:39+08:00 ] 137.226.113.28 GET www.nyytyy.com/
[运行时间：0.046875s] [吞吐率：21.33req/s] [内存消耗：1,562.57kb] [文件加载：106]
[ info ] [ BEHAVIOR ] Run Closure @app_init [ RunTime:0.000000s ]
[ info ] [ CACHE ] INIT File
[ info ] [ BEHAVIOR ] Run Closure @app_init [ RunTime:0.000000s ]
[ info ] [ LANG ] C:\wwwroot\lanxi.yz360.com.cn\thinkphp\lang\zh-cn.php
[ info ] [ ROUTE ] array (
  'type' => 'module',
  'module' => 
  array (
    0 => '',
    1 => NULL,
    2 => NULL,
  ),
)
[ info ] [ HEADER ] array (
  'content-type' => '',
  'content-length' => '0',
  'user-agent' => 'Mozilla/5.0 zgrab/0.x (compatible; Researchscan/t12sns; +http://researchscan.comsys.rwth-aachen.de)',
  'host' => 'www.nyytyy.com',
  'accept-encoding' => 'gzip',
  'accept' => '*/*',
)
[ info ] [ PARAM ] array (
)
[ info ] [ LOG ] INIT File
