---------------------------------------------------------------
[ 2019-12-07T02:25:45+08:00 ] 209.17.96.242 GET nynep.com/
[运行时间：0.203125s] [吞吐率：4.92req/s] [内存消耗：1,561.83kb] [文件加载：106]
[ info ] [ BEHAVIOR ] Run Closure @app_init [ RunTime:0.015625s ]
[ info ] [ CACHE ] INIT File
[ info ] [ BEHAVIOR ] Run Closure @app_init [ RunTime:0.000000s ]
[ info ] [ LANG ] C:\wwwroot\lanxi.yz360.com.cn\thinkphp\lang\zh-cn.php
[ info ] [ ROUTE ] array (
  'type' => 'module',
  'module' => 
  array (
    0 => '',
    1 => NULL,
    2 => NULL,
  ),
)
[ info ] [ HEADER ] array (
  'content-type' => '',
  'content-length' => '0',
  'user-agent' => 'Mozilla/5.0 (compatible; Nimbostratus-Bot/v1.3.2; http://cloudsystemnetworks.com)',
  'host' => 'nynep.com',
)
[ info ] [ PARAM ] array (
)
[ info ] [ LOG ] INIT File
---------------------------------------------------------------
[ 2019-12-07T03:29:28+08:00 ] 40.77.167.13 GET www.nyytyy.com/
[运行时间：0.062500s] [吞吐率：16.00req/s] [内存消耗：1,563.48kb] [文件加载：106]
[ info ] [ BEHAVIOR ] Run Closure @app_init [ RunTime:0.000000s ]
[ info ] [ CACHE ] INIT File
[ info ] [ BEHAVIOR ] Run Closure @app_init [ RunTime:0.000000s ]
[ info ] [ LANG ] C:\wwwroot\lanxi.yz360.com.cn\thinkphp\lang\zh-cn.php
[ info ] [ ROUTE ] array (
  'type' => 'module',
  'module' => 
  array (
    0 => '',
    1 => NULL,
    2 => NULL,
  ),
)
[ info ] [ HEADER ] array (
  'content-type' => '',
  'content-length' => '0',
  'user-agent' => 'Mozilla/5.0 (compatible; bingbot/2.0; +http://www.bing.com/bingbot.htm)',
  'host' => 'www.nyytyy.com',
  'from' => 'bingbot(at)microsoft.com',
  'accept-encoding' => 'gzip, deflate',
  'accept' => '*/*',
  'pragma' => 'no-cache',
  'connection' => 'Keep-Alive',
  'cache-control' => 'no-cache',
)
[ info ] [ PARAM ] array (
)
[ info ] [ LOG ] INIT File
---------------------------------------------------------------
[ 2019-12-07T04:06:46+08:00 ] 185.173.35.1 GET 149.129.73.191:443/
[运行时间：0.046875s] [吞吐率：21.33req/s] [内存消耗：1,562.05kb] [文件加载：106]
[ info ] [ BEHAVIOR ] Run Closure @app_init [ RunTime:0.000000s ]
[ info ] [ CACHE ] INIT File
[ info ] [ BEHAVIOR ] Run Closure @app_init [ RunTime:0.015625s ]
[ info ] [ LANG ] C:\wwwroot\lanxi.yz360.com.cn\thinkphp\lang\zh-cn.php
[ info ] [ ROUTE ] array (
  'type' => 'module',
  'module' => 
  array (
    0 => '',
    1 => NULL,
    2 => NULL,
  ),
)
[ info ] [ HEADER ] array (
  'content-type' => '',
  'content-length' => '0',
  'user-agent' => 'NetSystemsResearch studies the availability of various services across the internet. Our website is netsystemsresearch.com',
  'host' => '149.129.73.191:443',
)
[ info ] [ PARAM ] array (
)
[ info ] [ LOG ] INIT File
---------------------------------------------------------------
[ 2019-12-07T04:32:43+08:00 ] 209.17.96.162 GET www.dingshangwenhua.com/
[运行时间：0.046875s] [吞吐率：21.33req/s] [内存消耗：1,561.83kb] [文件加载：106]
[ info ] [ BEHAVIOR ] Run Closure @app_init [ RunTime:0.000000s ]
[ info ] [ CACHE ] INIT File
[ info ] [ BEHAVIOR ] Run Closure @app_init [ RunTime:0.000000s ]
[ info ] [ LANG ] C:\wwwroot\lanxi.yz360.com.cn\thinkphp\lang\zh-cn.php
[ info ] [ ROUTE ] array (
  'type' => 'module',
  'module' => 
  array (
    0 => '',
    1 => NULL,
    2 => NULL,
  ),
)
[ info ] [ HEADER ] array (
  'content-type' => '',
  'content-length' => '0',
  'user-agent' => 'Mozilla/5.0 (compatible; Nimbostratus-Bot/v1.3.2; http://cloudsystemnetworks.com)',
  'host' => 'www.dingshangwenhua.com',
)
[ info ] [ PARAM ] array (
)
[ info ] [ LOG ] INIT File
---------------------------------------------------------------
[ 2019-12-07T05:08:16+08:00 ] 128.14.133.58 GET 149.129.73.191/
[运行时间：0.046875s] [吞吐率：21.33req/s] [内存消耗：1,562.45kb] [文件加载：106]
[ info ] [ BEHAVIOR ] Run Closure @app_init [ RunTime:0.000000s ]
[ info ] [ CACHE ] INIT File
[ info ] [ BEHAVIOR ] Run Closure @app_init [ RunTime:0.015625s ]
[ info ] [ LANG ] C:\wwwroot\lanxi.yz360.com.cn\thinkphp\lang\zh-cn.php
[ info ] [ ROUTE ] array (
  'type' => 'module',
  'module' => 
  array (
    0 => '',
    1 => NULL,
    2 => NULL,
  ),
)
[ info ] [ HEADER ] array (
  'content-type' => '',
  'content-length' => '0',
  'user-agent' => 'Mozilla/5.0 (Windows NT 10.0; Win64; x64) AppleWebKit/537.36 (KHTML, like Gecko) Chrome/60.0.3112.113 Safari/537.36',
  'host' => '149.129.73.191',
  'accept-encoding' => 'gzip',
  'accept' => '*/*',
)
[ info ] [ PARAM ] array (
)
[ info ] [ LOG ] INIT File
---------------------------------------------------------------
[ 2019-12-07T05:09:27+08:00 ] 47.101.203.216 GET pa.yz360.cc/
[运行时间：0.031250s] [吞吐率：32.00req/s] [内存消耗：1,562.33kb] [文件加载：106]
[ info ] [ BEHAVIOR ] Run Closure @app_init [ RunTime:0.000000s ]
[ info ] [ CACHE ] INIT File
[ info ] [ BEHAVIOR ] Run Closure @app_init [ RunTime:0.000000s ]
[ info ] [ LANG ] C:\wwwroot\lanxi.yz360.com.cn\thinkphp\lang\zh-cn.php
[ info ] [ ROUTE ] array (
  'type' => 'module',
  'module' => 
  array (
    0 => '',
    1 => NULL,
    2 => NULL,
  ),
)
[ info ] [ HEADER ] array (
  'content-type' => '',
  'content-length' => '0',
  'user-agent' => 'Mozilla/5.0 (X11; Ubuntu; Linux x86_64; rv:36.0) Gecko/20100101 Firefox/36.0',
  'host' => 'pa.yz360.cc',
  'accept-encoding' => 'gzip',
  'connection' => 'Keep-Alive',
)
[ info ] [ PARAM ] array (
)
[ info ] [ LOG ] INIT File
---------------------------------------------------------------
[ 2019-12-07T06:01:39+08:00 ] 137.226.113.26 GET www.nyytyy.com/
[运行时间：0.171876s] [吞吐率：5.82req/s] [内存消耗：1,562.57kb] [文件加载：106]
[ info ] [ BEHAVIOR ] Run Closure @app_init [ RunTime:0.000000s ]
[ info ] [ CACHE ] INIT File
[ info ] [ BEHAVIOR ] Run Closure @app_init [ RunTime:0.000000s ]
[ info ] [ LANG ] C:\wwwroot\lanxi.yz360.com.cn\thinkphp\lang\zh-cn.php
[ info ] [ ROUTE ] array (
  'type' => 'module',
  'module' => 
  array (
    0 => '',
    1 => NULL,
    2 => NULL,
  ),
)
[ info ] [ HEADER ] array (
  'content-type' => '',
  'content-length' => '0',
  'user-agent' => 'Mozilla/5.0 zgrab/0.x (compatible; Researchscan/t12sns; +http://researchscan.comsys.rwth-aachen.de)',
  'host' => 'www.nyytyy.com',
  'accept-encoding' => 'gzip',
  'accept' => '*/*',
)
[ info ] [ PARAM ] array (
)
[ info ] [ LOG ] INIT File
---------------------------------------------------------------
[ 2019-12-07T06:04:49+08:00 ] 137.226.113.26 GET www.nyytyy.com/
[运行时间：0.046876s] [吞吐率：21.33req/s] [内存消耗：1,562.34kb] [文件加载：106]
[ info ] [ BEHAVIOR ] Run Closure @app_init [ RunTime:0.000000s ]
[ info ] [ CACHE ] INIT File
[ info ] [ BEHAVIOR ] Run Closure @app_init [ RunTime:0.000000s ]
[ info ] [ LANG ] C:\wwwroot\lanxi.yz360.com.cn\thinkphp\lang\zh-cn.php
[ info ] [ ROUTE ] array (
  'type' => 'module',
  'module' => 
  array (
    0 => '',
    1 => NULL,
    2 => NULL,
  ),
)
[ info ] [ HEADER ] array (
  'content-type' => '',
  'content-length' => '0',
  'user-agent' => 'Mozilla/5.0 zgrab/0.x (compatible; Researchscan/t12ca; +http://researchscan.comsys.rwth-aachen.de)',
  'host' => 'www.nyytyy.com',
  'accept-encoding' => 'gzip',
  'accept' => '*/*',
)
[ info ] [ PARAM ] array (
)
[ info ] [ LOG ] INIT File
---------------------------------------------------------------
[ 2019-12-07T06:09:34+08:00 ] 137.226.113.28 GET www.nyxmbexy.com/
[运行时间：0.046876s] [吞吐率：21.33req/s] [内存消耗：1,562.50kb] [文件加载：106]
[ info ] [ BEHAVIOR ] Run Closure @app_init [ RunTime:0.000000s ]
[ info ] [ CACHE ] INIT File
[ info ] [ BEHAVIOR ] Run Closure @app_init [ RunTime:0.000000s ]
[ info ] [ LANG ] C:\wwwroot\lanxi.yz360.com.cn\thinkphp\lang\zh-cn.php
[ info ] [ ROUTE ] array (
  'type' => 'module',
  'module' => 
  array (
    0 => '',
    1 => NULL,
    2 => NULL,
  ),
)
[ info ] [ HEADER ] array (
  'content-type' => '',
  'content-length' => '0',
  'user-agent' => 'Mozilla/5.0 zgrab/0.x (compatible; Researchscan/t12sns; +http://researchscan.comsys.rwth-aachen.de)',
  'host' => 'www.nyxmbexy.com',
  'accept-encoding' => 'gzip',
  'accept' => '*/*',
)
[ info ] [ PARAM ] array (
)
[ info ] [ LOG ] INIT File
---------------------------------------------------------------
[ 2019-12-07T06:15:35+08:00 ] 137.226.113.28 GET www.nyxmbexy.com/
[运行时间：0.062500s] [吞吐率：16.00req/s] [内存消耗：1,562.50kb] [文件加载：106]
[ info ] [ BEHAVIOR ] Run Closure @app_init [ RunTime:0.000000s ]
[ info ] [ CACHE ] INIT File
[ info ] [ BEHAVIOR ] Run Closure @app_init [ RunTime:0.000000s ]
[ info ] [ LANG ] C:\wwwroot\lanxi.yz360.com.cn\thinkphp\lang\zh-cn.php
[ info ] [ ROUTE ] array (
  'type' => 'module',
  'module' => 
  array (
    0 => '',
    1 => NULL,
    2 => NULL,
  ),
)
[ info ] [ HEADER ] array (
  'content-type' => '',
  'content-length' => '0',
  'user-agent' => 'Mozilla/5.0 zgrab/0.x (compatible; Researchscan/t12ca; +http://researchscan.comsys.rwth-aachen.de)',
  'host' => 'www.nyxmbexy.com',
  'accept-encoding' => 'gzip',
  'accept' => '*/*',
)
[ info ] [ PARAM ] array (
)
[ info ] [ LOG ] INIT File
---------------------------------------------------------------
[ 2019-12-07T06:18:24+08:00 ] 137.226.113.27 GET www.nzwdzz.com/
[运行时间：0.046875s] [吞吐率：21.33req/s] [内存消耗：1,562.34kb] [文件加载：106]
[ info ] [ BEHAVIOR ] Run Closure @app_init [ RunTime:0.000000s ]
[ info ] [ CACHE ] INIT File
[ info ] [ BEHAVIOR ] Run Closure @app_init [ RunTime:0.015625s ]
[ info ] [ LANG ] C:\wwwroot\lanxi.yz360.com.cn\thinkphp\lang\zh-cn.php
[ info ] [ ROUTE ] array (
  'type' => 'module',
  'module' => 
  array (
    0 => '',
    1 => NULL,
    2 => NULL,
  ),
)
[ info ] [ HEADER ] array (
  'content-type' => '',
  'content-length' => '0',
  'user-agent' => 'Mozilla/5.0 zgrab/0.x (compatible; Researchscan/t12sns; +http://researchscan.comsys.rwth-aachen.de)',
  'host' => 'www.nzwdzz.com',
  'accept-encoding' => 'gzip',
  'accept' => '*/*',
)
[ info ] [ PARAM ] array (
)
[ info ] [ LOG ] INIT File
---------------------------------------------------------------
[ 2019-12-07T06:27:12+08:00 ] 137.226.113.27 GET www.nzwdzz.com/
[运行时间：0.062500s] [吞吐率：16.00req/s] [内存消耗：1,562.57kb] [文件加载：106]
[ info ] [ BEHAVIOR ] Run Closure @app_init [ RunTime:0.000000s ]
[ info ] [ CACHE ] INIT File
[ info ] [ BEHAVIOR ] Run Closure @app_init [ RunTime:0.000000s ]
[ info ] [ LANG ] C:\wwwroot\lanxi.yz360.com.cn\thinkphp\lang\zh-cn.php
[ info ] [ ROUTE ] array (
  'type' => 'module',
  'module' => 
  array (
    0 => '',
    1 => NULL,
    2 => NULL,
  ),
)
[ info ] [ HEADER ] array (
  'content-type' => '',
  'content-length' => '0',
  'user-agent' => 'Mozilla/5.0 zgrab/0.x (compatible; Researchscan/t12ca; +http://researchscan.comsys.rwth-aachen.de)',
  'host' => 'www.nzwdzz.com',
  'accept-encoding' => 'gzip',
  'accept' => '*/*',
)
[ info ] [ PARAM ] array (
)
[ info ] [ LOG ] INIT File
---------------------------------------------------------------
[ 2019-12-07T08:58:15+08:00 ] 209.17.96.106 GET furuijiayigui.com/
[运行时间：0.171875s] [吞吐率：5.82req/s] [内存消耗：1,561.83kb] [文件加载：106]
[ info ] [ BEHAVIOR ] Run Closure @app_init [ RunTime:0.000000s ]
[ info ] [ CACHE ] INIT File
[ info ] [ BEHAVIOR ] Run Closure @app_init [ RunTime:0.000000s ]
[ info ] [ LANG ] C:\wwwroot\lanxi.yz360.com.cn\thinkphp\lang\zh-cn.php
[ info ] [ ROUTE ] array (
  'type' => 'module',
  'module' => 
  array (
    0 => '',
    1 => NULL,
    2 => NULL,
  ),
)
[ info ] [ HEADER ] array (
  'content-type' => '',
  'content-length' => '0',
  'user-agent' => 'Mozilla/5.0 (compatible; Nimbostratus-Bot/v1.3.2; http://cloudsystemnetworks.com)',
  'host' => 'furuijiayigui.com',
)
[ info ] [ PARAM ] array (
)
[ info ] [ LOG ] INIT File
---------------------------------------------------------------
[ 2019-12-07T09:46:46+08:00 ] 137.226.113.28 GET www.nytyqc.com/
[运行时间：0.156250s] [吞吐率：6.40req/s] [内存消耗：1,562.57kb] [文件加载：106]
[ info ] [ BEHAVIOR ] Run Closure @app_init [ RunTime:0.000000s ]
[ info ] [ CACHE ] INIT File
[ info ] [ BEHAVIOR ] Run Closure @app_init [ RunTime:0.015625s ]
[ info ] [ LANG ] C:\wwwroot\lanxi.yz360.com.cn\thinkphp\lang\zh-cn.php
[ info ] [ ROUTE ] array (
  'type' => 'module',
  'module' => 
  array (
    0 => '',
    1 => NULL,
    2 => NULL,
  ),
)
[ info ] [ HEADER ] array (
  'content-type' => '',
  'content-length' => '0',
  'user-agent' => 'Mozilla/5.0 zgrab/0.x (compatible; Researchscan/t12ca; +http://researchscan.comsys.rwth-aachen.de)',
  'host' => 'www.nytyqc.com',
  'accept-encoding' => 'gzip',
  'accept' => '*/*',
)
[ info ] [ PARAM ] array (
)
[ info ] [ LOG ] INIT File
---------------------------------------------------------------
[ 2019-12-07T09:51:45+08:00 ] 137.226.113.27 GET www.nytyqc.com/
[运行时间：0.062500s] [吞吐率：16.00req/s] [内存消耗：1,562.34kb] [文件加载：106]
[ info ] [ BEHAVIOR ] Run Closure @app_init [ RunTime:0.000000s ]
[ info ] [ CACHE ] INIT File
[ info ] [ BEHAVIOR ] Run Closure @app_init [ RunTime:0.000000s ]
[ info ] [ LANG ] C:\wwwroot\lanxi.yz360.com.cn\thinkphp\lang\zh-cn.php
[ info ] [ ROUTE ] array (
  'type' => 'module',
  'module' => 
  array (
    0 => '',
    1 => NULL,
    2 => NULL,
  ),
)
[ info ] [ HEADER ] array (
  'content-type' => '',
  'content-length' => '0',
  'user-agent' => 'Mozilla/5.0 zgrab/0.x (compatible; Researchscan/t12sns; +http://researchscan.comsys.rwth-aachen.de)',
  'host' => 'www.nytyqc.com',
  'accept-encoding' => 'gzip',
  'accept' => '*/*',
)
[ info ] [ PARAM ] array (
)
[ info ] [ LOG ] INIT File
---------------------------------------------------------------
[ 2019-12-07T09:57:38+08:00 ] 82.102.27.55 GET kairuitek.com/
[运行时间：0.046875s] [吞吐率：21.33req/s] [内存消耗：1,562.63kb] [文件加载：106]
[ info ] [ BEHAVIOR ] Run Closure @app_init [ RunTime:0.000000s ]
[ info ] [ CACHE ] INIT File
[ info ] [ BEHAVIOR ] Run Closure @app_init [ RunTime:0.000000s ]
[ info ] [ LANG ] C:\wwwroot\lanxi.yz360.com.cn\thinkphp\lang\zh-cn.php
[ info ] [ ROUTE ] array (
  'type' => 'module',
  'module' => 
  array (
    0 => '',
    1 => NULL,
    2 => NULL,
  ),
)
[ info ] [ HEADER ] array (
  'content-type' => '',
  'content-length' => '0',
  'user-agent' => 'Mozilla/5.0 (X11; Ubuntu; Linux x86_64; rv:62.0) Gecko/20100101 Firefox/62.0',
  'te' => 'deflate,gzip;q=0.3',
  'host' => 'kairuitek.com',
  'keep-alive' => '300',
  'connection' => 'Keep-Alive, TE',
)
[ info ] [ PARAM ] array (
)
[ info ] [ LOG ] INIT File
---------------------------------------------------------------
[ 2019-12-07T10:55:53+08:00 ] 209.17.96.234 GET duandajun.cn/
[运行时间：0.171875s] [吞吐率：5.82req/s] [内存消耗：1,561.82kb] [文件加载：106]
[ info ] [ BEHAVIOR ] Run Closure @app_init [ RunTime:0.000000s ]
[ info ] [ CACHE ] INIT File
[ info ] [ BEHAVIOR ] Run Closure @app_init [ RunTime:0.015625s ]
[ info ] [ LANG ] C:\wwwroot\lanxi.yz360.com.cn\thinkphp\lang\zh-cn.php
[ info ] [ ROUTE ] array (
  'type' => 'module',
  'module' => 
  array (
    0 => '',
    1 => NULL,
    2 => NULL,
  ),
)
[ info ] [ HEADER ] array (
  'content-type' => '',
  'content-length' => '0',
  'user-agent' => 'Mozilla/5.0 (compatible; Nimbostratus-Bot/v1.3.2; http://cloudsystemnetworks.com)',
  'host' => 'duandajun.cn',
)
[ info ] [ PARAM ] array (
)
[ info ] [ LOG ] INIT File
---------------------------------------------------------------
[ 2019-12-07T11:15:31+08:00 ] 221.15.192.202 POST lanxi.yz360.com.cn/index.php/api/index/news
[运行时间：0.187500s] [吞吐率：5.33req/s] [内存消耗：2,749.59kb] [文件加载：123]
[ info ] [ BEHAVIOR ] Run Closure @app_init [ RunTime:0.000000s ]
[ info ] [ CACHE ] INIT File
[ info ] [ BEHAVIOR ] Run Closure @app_init [ RunTime:0.000000s ]
[ info ] [ LANG ] C:\wwwroot\lanxi.yz360.com.cn\thinkphp\lang\zh-cn.php
[ info ] [ ROUTE ] array (
  'type' => 'module',
  'module' => 
  array (
    0 => 'api',
    1 => 'index',
    2 => 'news',
  ),
)
[ info ] [ HEADER ] array (
  'content-type' => 'application/x-www-form-urlencoded',
  'content-length' => '0',
  'charset' => 'utf-8',
  'user-agent' => 'Mozilla/5.0 (Linux; Android 9; MIX 3 Build/PKQ1.180729.001; wv) AppleWebKit/537.36 (KHTML, like Gecko) Version/4.0 Chrome/72.0.3626.121 Mobile Safari/537.36 MicroMessenger/7.0.9.1560(0x27000934) Process/appbrand2 NetType/WIFI Language/zh_CN ABI/arm64',
  'referer' => 'https://servicewechat.com/wxff51a687db71d678/6/page-frame.html',
  'host' => 'lanxi.yz360.com.cn',
  'accept-encoding' => 'gzip',
  'accept' => 'application/json',
  'connection' => 'Keep-Alive',
)
[ info ] [ PARAM ] array (
)
[ info ] [ LANG ] C:\wwwroot\lanxi.yz360.com.cn\public/../application/api\lang\zh-cn.php
[ info ] [ BEHAVIOR ] Run app\common\behavior\Common @module_init [ RunTime:0.015625s ]
[ info ] [ RUN ] app\api\controller\Index->news[ C:\wwwroot\lanxi.yz360.com.cn\application\api\controller\Index.php ]
[ info ] [ DB ] INIT mysql
[ info ] [ LOG ] INIT File
[ sql ] [ DB ] CONNECT:[ UseTime:0.015625s ] mysql:host=149.129.73.191;port=3306;dbname=lanxi_yz360;charset=utf8
[ sql ] [ SQL ] SHOW COLUMNS FROM `la_msg` [ RunTime:0.031250s ]
[ sql ] [ SQL ] SELECT `id`,`title`,`img`,`ctime`,`des` FROM `la_msg` WHERE  `status` = 1  AND `is_del` = 0 ORDER BY `id` DESC LIMIT 3 [ RunTime:0.000000s ]
---------------------------------------------------------------
[ 2019-12-07T11:15:31+08:00 ] 221.15.192.202 POST lanxi.yz360.com.cn/index.php/api/index/product
[运行时间：0.234375s] [吞吐率：4.27req/s] [内存消耗：2,750.45kb] [文件加载：123]
[ info ] [ BEHAVIOR ] Run Closure @app_init [ RunTime:0.000000s ]
[ info ] [ CACHE ] INIT File
[ info ] [ BEHAVIOR ] Run Closure @app_init [ RunTime:0.000000s ]
[ info ] [ LANG ] C:\wwwroot\lanxi.yz360.com.cn\thinkphp\lang\zh-cn.php
[ info ] [ ROUTE ] array (
  'type' => 'module',
  'module' => 
  array (
    0 => 'api',
    1 => 'index',
    2 => 'product',
  ),
)
[ info ] [ HEADER ] array (
  'content-type' => 'application/x-www-form-urlencoded',
  'content-length' => '0',
  'charset' => 'utf-8',
  'user-agent' => 'Mozilla/5.0 (Linux; Android 9; MIX 3 Build/PKQ1.180729.001; wv) AppleWebKit/537.36 (KHTML, like Gecko) Version/4.0 Chrome/72.0.3626.121 Mobile Safari/537.36 MicroMessenger/7.0.9.1560(0x27000934) Process/appbrand2 NetType/WIFI Language/zh_CN ABI/arm64',
  'referer' => 'https://servicewechat.com/wxff51a687db71d678/6/page-frame.html',
  'host' => 'lanxi.yz360.com.cn',
  'accept-encoding' => 'gzip',
  'accept' => 'application/json',
  'connection' => 'Keep-Alive',
)
[ info ] [ PARAM ] array (
)
[ info ] [ LANG ] C:\wwwroot\lanxi.yz360.com.cn\public/../application/api\lang\zh-cn.php
[ info ] [ BEHAVIOR ] Run app\common\behavior\Common @module_init [ RunTime:0.015625s ]
[ info ] [ RUN ] app\api\controller\Index->product[ C:\wwwroot\lanxi.yz360.com.cn\application\api\controller\Index.php ]
[ info ] [ DB ] INIT mysql
[ info ] [ LOG ] INIT File
[ sql ] [ DB ] CONNECT:[ UseTime:0.000000s ] mysql:host=149.129.73.191;port=3306;dbname=lanxi_yz360;charset=utf8
[ sql ] [ SQL ] SHOW COLUMNS FROM `la_product` [ RunTime:0.031250s ]
[ sql ] [ SQL ] SELECT `id`,`name`,`img`,`introduce` FROM `la_product` WHERE  `status` = 1  AND `is_del` = 0  AND `is_index` = 1 ORDER BY `id` DESC LIMIT 4 [ RunTime:0.015625s ]
---------------------------------------------------------------
[ 2019-12-07T11:15:31+08:00 ] 221.15.192.202 POST lanxi.yz360.com.cn/index.php/api/index/lunbo
[运行时间：0.203125s] [吞吐率：4.92req/s] [内存消耗：2,751.93kb] [文件加载：123]
[ info ] [ BEHAVIOR ] Run Closure @app_init [ RunTime:0.000000s ]
[ info ] [ CACHE ] INIT File
[ info ] [ BEHAVIOR ] Run Closure @app_init [ RunTime:0.000000s ]
[ info ] [ LANG ] C:\wwwroot\lanxi.yz360.com.cn\thinkphp\lang\zh-cn.php
[ info ] [ ROUTE ] array (
  'type' => 'module',
  'module' => 
  array (
    0 => 'api',
    1 => 'index',
    2 => 'lunbo',
  ),
)
[ info ] [ HEADER ] array (
  'content-type' => 'application/x-www-form-urlencoded',
  'content-length' => '6',
  'charset' => 'utf-8',
  'user-agent' => 'Mozilla/5.0 (Linux; Android 9; MIX 3 Build/PKQ1.180729.001; wv) AppleWebKit/537.36 (KHTML, like Gecko) Version/4.0 Chrome/72.0.3626.121 Mobile Safari/537.36 MicroMessenger/7.0.9.1560(0x27000934) Process/appbrand2 NetType/WIFI Language/zh_CN ABI/arm64',
  'referer' => 'https://servicewechat.com/wxff51a687db71d678/6/page-frame.html',
  'host' => 'lanxi.yz360.com.cn',
  'accept-encoding' => 'gzip',
  'accept' => 'application/json',
  'connection' => 'Keep-Alive',
)
[ info ] [ PARAM ] array (
  'type' => '1',
)
[ info ] [ LANG ] C:\wwwroot\lanxi.yz360.com.cn\public/../application/api\lang\zh-cn.php
[ info ] [ BEHAVIOR ] Run app\common\behavior\Common @module_init [ RunTime:0.015625s ]
[ info ] [ RUN ] app\api\controller\Index->lunbo[ C:\wwwroot\lanxi.yz360.com.cn\application\api\controller\Index.php ]
[ info ] [ DB ] INIT mysql
[ info ] [ LOG ] INIT File
[ sql ] [ DB ] CONNECT:[ UseTime:0.015625s ] mysql:host=149.129.73.191;port=3306;dbname=lanxi_yz360;charset=utf8
[ sql ] [ SQL ] SHOW COLUMNS FROM `la_lunbo` [ RunTime:0.031250s ]
[ sql ] [ SQL ] SELECT * FROM `la_lunbo` WHERE  `status` = 1  AND `is_del` = 0  AND `type` = 1 ORDER BY `id` DESC [ RunTime:0.015625s ]
---------------------------------------------------------------
[ 2019-12-07T11:15:31+08:00 ] 221.15.192.202 POST lanxi.yz360.com.cn/index.php/api/index/lunbo
[运行时间：0.140625s] [吞吐率：7.11req/s] [内存消耗：2,752.49kb] [文件加载：123]
[ info ] [ BEHAVIOR ] Run Closure @app_init [ RunTime:0.000000s ]
[ info ] [ CACHE ] INIT File
[ info ] [ BEHAVIOR ] Run Closure @app_init [ RunTime:0.015625s ]
[ info ] [ LANG ] C:\wwwroot\lanxi.yz360.com.cn\thinkphp\lang\zh-cn.php
[ info ] [ ROUTE ] array (
  'type' => 'module',
  'module' => 
  array (
    0 => 'api',
    1 => 'index',
    2 => 'lunbo',
  ),
)
[ info ] [ HEADER ] array (
  'content-type' => 'application/x-www-form-urlencoded',
  'content-length' => '6',
  'charset' => 'utf-8',
  'user-agent' => 'Mozilla/5.0 (Linux; Android 9; MIX 3 Build/PKQ1.180729.001; wv) AppleWebKit/537.36 (KHTML, like Gecko) Version/4.0 Chrome/72.0.3626.121 Mobile Safari/537.36 MicroMessenger/7.0.9.1560(0x27000934) Process/appbrand2 NetType/WIFI Language/zh_CN ABI/arm64',
  'referer' => 'https://servicewechat.com/wxff51a687db71d678/6/page-frame.html',
  'host' => 'lanxi.yz360.com.cn',
  'accept-encoding' => 'gzip',
  'accept' => 'application/json',
  'connection' => 'Keep-Alive',
)
[ info ] [ PARAM ] array (
  'type' => '2',
)
[ info ] [ LANG ] C:\wwwroot\lanxi.yz360.com.cn\public/../application/api\lang\zh-cn.php
[ info ] [ BEHAVIOR ] Run app\common\behavior\Common @module_init [ RunTime:0.015625s ]
[ info ] [ RUN ] app\api\controller\Index->lunbo[ C:\wwwroot\lanxi.yz360.com.cn\application\api\controller\Index.php ]
[ info ] [ DB ] INIT mysql
[ info ] [ LOG ] INIT File
[ sql ] [ DB ] CONNECT:[ UseTime:0.015625s ] mysql:host=149.129.73.191;port=3306;dbname=lanxi_yz360;charset=utf8
[ sql ] [ SQL ] SHOW COLUMNS FROM `la_lunbo` [ RunTime:0.015625s ]
[ sql ] [ SQL ] SELECT * FROM `la_lunbo` WHERE  `status` = 1  AND `is_del` = 0  AND `type` = 2 ORDER BY `id` DESC [ RunTime:0.000000s ]
---------------------------------------------------------------
[ 2019-12-07T11:15:31+08:00 ] 221.15.192.202 POST lanxi.yz360.com.cn/index.php/api/index/detail
[运行时间：0.062500s] [吞吐率：16.00req/s] [内存消耗：2,106.24kb] [文件加载：116]
[ info ] [ BEHAVIOR ] Run Closure @app_init [ RunTime:0.000000s ]
[ info ] [ CACHE ] INIT File
[ info ] [ BEHAVIOR ] Run Closure @app_init [ RunTime:0.000000s ]
[ info ] [ LANG ] C:\wwwroot\lanxi.yz360.com.cn\thinkphp\lang\zh-cn.php
[ info ] [ ROUTE ] array (
  'type' => 'module',
  'module' => 
  array (
    0 => 'api',
    1 => 'index',
    2 => 'detail',
  ),
)
[ info ] [ HEADER ] array (
  'content-type' => 'application/x-www-form-urlencoded',
  'content-length' => '0',
  'charset' => 'utf-8',
  'user-agent' => 'Mozilla/5.0 (Linux; Android 9; MIX 3 Build/PKQ1.180729.001; wv) AppleWebKit/537.36 (KHTML, like Gecko) Version/4.0 Chrome/72.0.3626.121 Mobile Safari/537.36 MicroMessenger/7.0.9.1560(0x27000934) Process/appbrand2 NetType/WIFI Language/zh_CN ABI/arm64',
  'referer' => 'https://servicewechat.com/wxff51a687db71d678/6/page-frame.html',
  'host' => 'lanxi.yz360.com.cn',
  'accept-encoding' => 'gzip',
  'accept' => 'application/json',
  'connection' => 'Keep-Alive',
)
[ info ] [ PARAM ] array (
)
[ info ] [ LANG ] C:\wwwroot\lanxi.yz360.com.cn\public/../application/api\lang\zh-cn.php
[ info ] [ BEHAVIOR ] Run app\common\behavior\Common @module_init [ RunTime:0.000000s ]
[ info ] [ RUN ] app\api\controller\Index->detail[ C:\wwwroot\lanxi.yz360.com.cn\application\api\controller\Index.php ]
[ info ] [ LOG ] INIT File
---------------------------------------------------------------
[ 2019-12-07T11:15:32+08:00 ] 221.15.192.202 POST lanxi.yz360.com.cn/index.php/api/index/servicecat
[运行时间：0.109375s] [吞吐率：9.14req/s] [内存消耗：2,748.30kb] [文件加载：123]
[ info ] [ BEHAVIOR ] Run Closure @app_init [ RunTime:0.000000s ]
[ info ] [ CACHE ] INIT File
[ info ] [ BEHAVIOR ] Run Closure @app_init [ RunTime:0.031250s ]
[ info ] [ LANG ] C:\wwwroot\lanxi.yz360.com.cn\thinkphp\lang\zh-cn.php
[ info ] [ ROUTE ] array (
  'type' => 'module',
  'module' => 
  array (
    0 => 'api',
    1 => 'index',
    2 => 'servicecat',
  ),
)
[ info ] [ HEADER ] array (
  'content-type' => 'application/x-www-form-urlencoded',
  'content-length' => '0',
  'charset' => 'utf-8',
  'user-agent' => 'Mozilla/5.0 (Linux; Android 9; MIX 3 Build/PKQ1.180729.001; wv) AppleWebKit/537.36 (KHTML, like Gecko) Version/4.0 Chrome/72.0.3626.121 Mobile Safari/537.36 MicroMessenger/7.0.9.1560(0x27000934) Process/appbrand2 NetType/WIFI Language/zh_CN ABI/arm64',
  'referer' => 'https://servicewechat.com/wxff51a687db71d678/6/page-frame.html',
  'host' => 'lanxi.yz360.com.cn',
  'accept-encoding' => 'gzip',
  'accept' => 'application/json',
  'connection' => 'Keep-Alive',
)
[ info ] [ PARAM ] array (
)
[ info ] [ LANG ] C:\wwwroot\lanxi.yz360.com.cn\public/../application/api\lang\zh-cn.php
[ info ] [ BEHAVIOR ] Run app\common\behavior\Common @module_init [ RunTime:0.015625s ]
[ info ] [ RUN ] app\api\controller\Index->servicecat[ C:\wwwroot\lanxi.yz360.com.cn\application\api\controller\Index.php ]
[ info ] [ DB ] INIT mysql
[ info ] [ LOG ] INIT File
[ sql ] [ DB ] CONNECT:[ UseTime:0.000000s ] mysql:host=149.129.73.191;port=3306;dbname=lanxi_yz360;charset=utf8
[ sql ] [ SQL ] SHOW COLUMNS FROM `la_service_cat` [ RunTime:0.015625s ]
[ sql ] [ SQL ] SELECT `id`,`name`,`img` FROM `la_service_cat` WHERE  `status` = 1  AND `is_del` = 0 ORDER BY `id` DESC [ RunTime:0.000000s ]
---------------------------------------------------------------
[ 2019-12-07T11:15:32+08:00 ] 221.15.192.202 POST lanxi.yz360.com.cn/index.php/api/index/technician
[运行时间：0.093750s] [吞吐率：10.67req/s] [内存消耗：2,748.53kb] [文件加载：123]
[ info ] [ BEHAVIOR ] Run Closure @app_init [ RunTime:0.000000s ]
[ info ] [ CACHE ] INIT File
[ info ] [ BEHAVIOR ] Run Closure @app_init [ RunTime:0.000000s ]
[ info ] [ LANG ] C:\wwwroot\lanxi.yz360.com.cn\thinkphp\lang\zh-cn.php
[ info ] [ ROUTE ] array (
  'type' => 'module',
  'module' => 
  array (
    0 => 'api',
    1 => 'index',
    2 => 'technician',
  ),
)
[ info ] [ HEADER ] array (
  'content-type' => 'application/x-www-form-urlencoded',
  'content-length' => '0',
  'charset' => 'utf-8',
  'user-agent' => 'Mozilla/5.0 (Linux; Android 9; MIX 3 Build/PKQ1.180729.001; wv) AppleWebKit/537.36 (KHTML, like Gecko) Version/4.0 Chrome/72.0.3626.121 Mobile Safari/537.36 MicroMessenger/7.0.9.1560(0x27000934) Process/appbrand2 NetType/WIFI Language/zh_CN ABI/arm64',
  'referer' => 'https://servicewechat.com/wxff51a687db71d678/6/page-frame.html',
  'host' => 'lanxi.yz360.com.cn',
  'accept-encoding' => 'gzip',
  'accept' => 'application/json',
  'connection' => 'Keep-Alive',
)
[ info ] [ PARAM ] array (
)
[ info ] [ LANG ] C:\wwwroot\lanxi.yz360.com.cn\public/../application/api\lang\zh-cn.php
[ info ] [ BEHAVIOR ] Run app\common\behavior\Common @module_init [ RunTime:0.000000s ]
[ info ] [ RUN ] app\api\controller\Index->technician[ C:\wwwroot\lanxi.yz360.com.cn\application\api\controller\Index.php ]
[ info ] [ DB ] INIT mysql
[ info ] [ LOG ] INIT File
[ sql ] [ DB ] CONNECT:[ UseTime:0.015625s ] mysql:host=149.129.73.191;port=3306;dbname=lanxi_yz360;charset=utf8
[ sql ] [ SQL ] SHOW COLUMNS FROM `la_technician` [ RunTime:0.000000s ]
[ sql ] [ SQL ] SELECT `id`,`name`,`img` FROM `la_technician` WHERE  `status` = 1  AND `is_del` = 0 ORDER BY `onclicks` DESC LIMIT 4 [ RunTime:0.000000s ]
---------------------------------------------------------------
[ 2019-12-07T11:15:33+08:00 ] 221.15.192.202 POST lanxi.yz360.com.cn/index.php/api/service/serviceDetail
[运行时间：0.093750s] [吞吐率：10.67req/s] [内存消耗：2,753.15kb] [文件加载：123]
[ info ] [ BEHAVIOR ] Run Closure @app_init [ RunTime:0.000000s ]
[ info ] [ CACHE ] INIT File
[ info ] [ BEHAVIOR ] Run Closure @app_init [ RunTime:0.000000s ]
[ info ] [ LANG ] C:\wwwroot\lanxi.yz360.com.cn\thinkphp\lang\zh-cn.php
[ info ] [ ROUTE ] array (
  'type' => 'module',
  'module' => 
  array (
    0 => 'api',
    1 => 'service',
    2 => 'serviceDetail',
  ),
)
[ info ] [ HEADER ] array (
  'content-type' => 'application/x-www-form-urlencoded',
  'content-length' => '4',
  'charset' => 'utf-8',
  'user-agent' => 'Mozilla/5.0 (Linux; Android 9; MIX 3 Build/PKQ1.180729.001; wv) AppleWebKit/537.36 (KHTML, like Gecko) Version/4.0 Chrome/72.0.3626.121 Mobile Safari/537.36 MicroMessenger/7.0.9.1560(0x27000934) Process/appbrand2 NetType/WIFI Language/zh_CN ABI/arm64',
  'referer' => 'https://servicewechat.com/wxff51a687db71d678/6/page-frame.html',
  'host' => 'lanxi.yz360.com.cn',
  'accept-encoding' => 'gzip',
  'accept' => 'application/json',
  'connection' => 'Keep-Alive',
)
[ info ] [ PARAM ] array (
  'id' => '1',
)
[ info ] [ LANG ] C:\wwwroot\lanxi.yz360.com.cn\public/../application/api\lang\zh-cn.php
[ info ] [ BEHAVIOR ] Run app\common\behavior\Common @module_init [ RunTime:0.000000s ]
[ info ] [ RUN ] app\api\controller\Service->serviceDetail[ C:\wwwroot\lanxi.yz360.com.cn\application\api\controller\Service.php ]
[ info ] [ DB ] INIT mysql
[ info ] [ LOG ] INIT File
[ sql ] [ DB ] CONNECT:[ UseTime:0.031250s ] mysql:host=149.129.73.191;port=3306;dbname=lanxi_yz360;charset=utf8
[ sql ] [ SQL ] SHOW COLUMNS FROM `la_service` [ RunTime:0.000000s ]
[ sql ] [ SQL ] SELECT `id`,`name`,`img`,`times`,`price` FROM `la_service` WHERE  `status` = 1  AND `is_del` = 0  AND `cat_id` = 1 ORDER BY `id` DESC [ RunTime:0.015625s ]
---------------------------------------------------------------
[ 2019-12-07T11:15:33+08:00 ] 221.15.192.202 POST lanxi.yz360.com.cn/index.php/api/service/cat
[运行时间：0.125000s] [吞吐率：8.00req/s] [内存消耗：2,748.34kb] [文件加载：123]
[ info ] [ BEHAVIOR ] Run Closure @app_init [ RunTime:0.000000s ]
[ info ] [ CACHE ] INIT File
[ info ] [ BEHAVIOR ] Run Closure @app_init [ RunTime:0.000000s ]
[ info ] [ LANG ] C:\wwwroot\lanxi.yz360.com.cn\thinkphp\lang\zh-cn.php
[ info ] [ ROUTE ] array (
  'type' => 'module',
  'module' => 
  array (
    0 => 'api',
    1 => 'service',
    2 => 'cat',
  ),
)
[ info ] [ HEADER ] array (
  'content-type' => 'application/x-www-form-urlencoded',
  'content-length' => '0',
  'charset' => 'utf-8',
  'user-agent' => 'Mozilla/5.0 (Linux; Android 9; MIX 3 Build/PKQ1.180729.001; wv) AppleWebKit/537.36 (KHTML, like Gecko) Version/4.0 Chrome/72.0.3626.121 Mobile Safari/537.36 MicroMessenger/7.0.9.1560(0x27000934) Process/appbrand2 NetType/WIFI Language/zh_CN ABI/arm64',
  'referer' => 'https://servicewechat.com/wxff51a687db71d678/6/page-frame.html',
  'host' => 'lanxi.yz360.com.cn',
  'accept-encoding' => 'gzip',
  'accept' => 'application/json',
  'connection' => 'Keep-Alive',
)
[ info ] [ PARAM ] array (
)
[ info ] [ LANG ] C:\wwwroot\lanxi.yz360.com.cn\public/../application/api\lang\zh-cn.php
[ info ] [ BEHAVIOR ] Run app\common\behavior\Common @module_init [ RunTime:0.000000s ]
[ info ] [ RUN ] app\api\controller\Service->cat[ C:\wwwroot\lanxi.yz360.com.cn\application\api\controller\Service.php ]
[ info ] [ DB ] INIT mysql
[ info ] [ LOG ] INIT File
[ sql ] [ DB ] CONNECT:[ UseTime:0.015625s ] mysql:host=149.129.73.191;port=3306;dbname=lanxi_yz360;charset=utf8
[ sql ] [ SQL ] SHOW COLUMNS FROM `la_service_cat` [ RunTime:0.046875s ]
[ sql ] [ SQL ] SELECT `id`,`name` FROM `la_service_cat` WHERE  `status` = 1  AND `is_del` = 0 [ RunTime:0.000000s ]
---------------------------------------------------------------
[ 2019-12-07T11:15:33+08:00 ] 221.15.192.202 POST lanxi.yz360.com.cn/index.php/api/service/cardCat
[运行时间：0.109375s] [吞吐率：9.14req/s] [内存消耗：2,748.09kb] [文件加载：123]
[ info ] [ BEHAVIOR ] Run Closure @app_init [ RunTime:0.000000s ]
[ info ] [ CACHE ] INIT File
[ info ] [ BEHAVIOR ] Run Closure @app_init [ RunTime:0.000000s ]
[ info ] [ LANG ] C:\wwwroot\lanxi.yz360.com.cn\thinkphp\lang\zh-cn.php
[ info ] [ ROUTE ] array (
  'type' => 'module',
  'module' => 
  array (
    0 => 'api',
    1 => 'service',
    2 => 'cardCat',
  ),
)
[ info ] [ HEADER ] array (
  'content-type' => 'application/x-www-form-urlencoded',
  'content-length' => '0',
  'charset' => 'utf-8',
  'user-agent' => 'Mozilla/5.0 (Linux; Android 9; MIX 3 Build/PKQ1.180729.001; wv) AppleWebKit/537.36 (KHTML, like Gecko) Version/4.0 Chrome/72.0.3626.121 Mobile Safari/537.36 MicroMessenger/7.0.9.1560(0x27000934) Process/appbrand2 NetType/WIFI Language/zh_CN ABI/arm64',
  'referer' => 'https://servicewechat.com/wxff51a687db71d678/6/page-frame.html',
  'host' => 'lanxi.yz360.com.cn',
  'accept-encoding' => 'gzip',
  'accept' => 'application/json',
  'connection' => 'Keep-Alive',
)
[ info ] [ PARAM ] array (
)
[ info ] [ LANG ] C:\wwwroot\lanxi.yz360.com.cn\public/../application/api\lang\zh-cn.php
[ info ] [ BEHAVIOR ] Run app\common\behavior\Common @module_init [ RunTime:0.000000s ]
[ info ] [ RUN ] app\api\controller\Service->cardCat[ C:\wwwroot\lanxi.yz360.com.cn\application\api\controller\Service.php ]
[ info ] [ DB ] INIT mysql
[ info ] [ LOG ] INIT File
[ sql ] [ DB ] CONNECT:[ UseTime:0.015625s ] mysql:host=149.129.73.191;port=3306;dbname=lanxi_yz360;charset=utf8
[ sql ] [ SQL ] SHOW COLUMNS FROM `la_card_cat` [ RunTime:0.015625s ]
[ sql ] [ SQL ] SELECT `id`,`name` FROM `la_card_cat` WHERE  `status` = 1  AND `is_del` = 0 ORDER BY `id` DESC [ RunTime:0.000000s ]
---------------------------------------------------------------
[ 2019-12-07T11:15:33+08:00 ] 221.15.192.202 POST lanxi.yz360.com.cn/index.php/api/service/cardList
[运行时间：0.109375s] [吞吐率：9.14req/s] [内存消耗：2,751.33kb] [文件加载：123]
[ info ] [ BEHAVIOR ] Run Closure @app_init [ RunTime:0.000000s ]
[ info ] [ CACHE ] INIT File
[ info ] [ BEHAVIOR ] Run Closure @app_init [ RunTime:0.000000s ]
[ info ] [ LANG ] C:\wwwroot\lanxi.yz360.com.cn\thinkphp\lang\zh-cn.php
[ info ] [ ROUTE ] array (
  'type' => 'module',
  'module' => 
  array (
    0 => 'api',
    1 => 'service',
    2 => 'cardList',
  ),
)
[ info ] [ HEADER ] array (
  'content-type' => 'application/x-www-form-urlencoded',
  'content-length' => '4',
  'charset' => 'utf-8',
  'user-agent' => 'Mozilla/5.0 (Linux; Android 9; MIX 3 Build/PKQ1.180729.001; wv) AppleWebKit/537.36 (KHTML, like Gecko) Version/4.0 Chrome/72.0.3626.121 Mobile Safari/537.36 MicroMessenger/7.0.9.1560(0x27000934) Process/appbrand2 NetType/WIFI Language/zh_CN ABI/arm64',
  'referer' => 'https://servicewechat.com/wxff51a687db71d678/6/page-frame.html',
  'host' => 'lanxi.yz360.com.cn',
  'accept-encoding' => 'gzip',
  'accept' => 'application/json',
  'connection' => 'Keep-Alive',
)
[ info ] [ PARAM ] array (
  'id' => '0',
)
[ info ] [ LANG ] C:\wwwroot\lanxi.yz360.com.cn\public/../application/api\lang\zh-cn.php
[ info ] [ BEHAVIOR ] Run app\common\behavior\Common @module_init [ RunTime:0.000000s ]
[ info ] [ RUN ] app\api\controller\Service->cardList[ C:\wwwroot\lanxi.yz360.com.cn\application\api\controller\Service.php ]
[ info ] [ DB ] INIT mysql
[ info ] [ LOG ] INIT File
[ sql ] [ DB ] CONNECT:[ UseTime:0.015625s ] mysql:host=149.129.73.191;port=3306;dbname=lanxi_yz360;charset=utf8
[ sql ] [ SQL ] SHOW COLUMNS FROM `la_card` [ RunTime:0.015625s ]
[ sql ] [ SQL ] SELECT `id`,`name`,`img`,`price` FROM `la_card` WHERE  `status` = 1  AND `is_del` = 0 ORDER BY `price` ASC [ RunTime:0.000000s ]
---------------------------------------------------------------
[ 2019-12-07T11:15:34+08:00 ] 221.15.192.202 POST lanxi.yz360.com.cn/index.php/api/service/productCat
[运行时间：0.078125s] [吞吐率：12.80req/s] [内存消耗：2,748.23kb] [文件加载：123]
[ info ] [ BEHAVIOR ] Run Closure @app_init [ RunTime:0.000000s ]
[ info ] [ CACHE ] INIT File
[ info ] [ BEHAVIOR ] Run Closure @app_init [ RunTime:0.000000s ]
[ info ] [ LANG ] C:\wwwroot\lanxi.yz360.com.cn\thinkphp\lang\zh-cn.php
[ info ] [ ROUTE ] array (
  'type' => 'module',
  'module' => 
  array (
    0 => 'api',
    1 => 'service',
    2 => 'productCat',
  ),
)
[ info ] [ HEADER ] array (
  'content-type' => 'application/x-www-form-urlencoded',
  'content-length' => '0',
  'charset' => 'utf-8',
  'user-agent' => 'Mozilla/5.0 (Linux; Android 9; MIX 3 Build/PKQ1.180729.001; wv) AppleWebKit/537.36 (KHTML, like Gecko) Version/4.0 Chrome/72.0.3626.121 Mobile Safari/537.36 MicroMessenger/7.0.9.1560(0x27000934) Process/appbrand2 NetType/WIFI Language/zh_CN ABI/arm64',
  'referer' => 'https://servicewechat.com/wxff51a687db71d678/6/page-frame.html',
  'host' => 'lanxi.yz360.com.cn',
  'accept-encoding' => 'gzip',
  'accept' => 'application/json',
  'connection' => 'Keep-Alive',
)
[ info ] [ PARAM ] array (
)
[ info ] [ LANG ] C:\wwwroot\lanxi.yz360.com.cn\public/../application/api\lang\zh-cn.php
[ info ] [ BEHAVIOR ] Run app\common\behavior\Common @module_init [ RunTime:0.015625s ]
[ info ] [ RUN ] app\api\controller\Service->productCat[ C:\wwwroot\lanxi.yz360.com.cn\application\api\controller\Service.php ]
[ info ] [ DB ] INIT mysql
[ info ] [ LOG ] INIT File
[ sql ] [ DB ] CONNECT:[ UseTime:0.015625s ] mysql:host=149.129.73.191;port=3306;dbname=lanxi_yz360;charset=utf8
[ sql ] [ SQL ] SHOW COLUMNS FROM `la_product_cat` [ RunTime:0.000000s ]
[ sql ] [ SQL ] SELECT `id`,`name` FROM `la_product_cat` WHERE  `status` = 1  AND `is_del` = 0 ORDER BY `id` DESC [ RunTime:0.000000s ]
---------------------------------------------------------------
[ 2019-12-07T11:15:34+08:00 ] 221.15.192.202 POST lanxi.yz360.com.cn/index.php/api/service/productList
[运行时间：0.062500s] [吞吐率：16.00req/s] [内存消耗：2,753.09kb] [文件加载：123]
[ info ] [ BEHAVIOR ] Run Closure @app_init [ RunTime:0.000000s ]
[ info ] [ CACHE ] INIT File
[ info ] [ BEHAVIOR ] Run Closure @app_init [ RunTime:0.000000s ]
[ info ] [ LANG ] C:\wwwroot\lanxi.yz360.com.cn\thinkphp\lang\zh-cn.php
[ info ] [ ROUTE ] array (
  'type' => 'module',
  'module' => 
  array (
    0 => 'api',
    1 => 'service',
    2 => 'productList',
  ),
)
[ info ] [ HEADER ] array (
  'content-type' => 'application/x-www-form-urlencoded',
  'content-length' => '11',
  'charset' => 'utf-8',
  'user-agent' => 'Mozilla/5.0 (Linux; Android 9; MIX 3 Build/PKQ1.180729.001; wv) AppleWebKit/537.36 (KHTML, like Gecko) Version/4.0 Chrome/72.0.3626.121 Mobile Safari/537.36 MicroMessenger/7.0.9.1560(0x27000934) Process/appbrand2 NetType/WIFI Language/zh_CN ABI/arm64',
  'referer' => 'https://servicewechat.com/wxff51a687db71d678/6/page-frame.html',
  'host' => 'lanxi.yz360.com.cn',
  'accept-encoding' => 'gzip',
  'accept' => 'application/json',
  'connection' => 'Keep-Alive',
)
[ info ] [ PARAM ] array (
  'id' => '0',
  'page' => '1',
)
[ info ] [ LANG ] C:\wwwroot\lanxi.yz360.com.cn\public/../application/api\lang\zh-cn.php
[ info ] [ BEHAVIOR ] Run app\common\behavior\Common @module_init [ RunTime:0.000000s ]
[ info ] [ RUN ] app\api\controller\Service->productList[ C:\wwwroot\lanxi.yz360.com.cn\application\api\controller\Service.php ]
[ info ] [ DB ] INIT mysql
[ info ] [ LOG ] INIT File
[ sql ] [ DB ] CONNECT:[ UseTime:0.015625s ] mysql:host=149.129.73.191;port=3306;dbname=lanxi_yz360;charset=utf8
[ sql ] [ SQL ] SHOW COLUMNS FROM `la_product` [ RunTime:0.000000s ]
[ sql ] [ SQL ] SELECT `id`,`name`,`img`,`price` FROM `la_product` WHERE  `status` = 1  AND `is_del` = 0 ORDER BY `id` DESC LIMIT 0,10 [ RunTime:0.000000s ]
---------------------------------------------------------------
[ 2019-12-07T11:15:35+08:00 ] 221.15.192.202 POST lanxi.yz360.com.cn/index.php/api/user/islogin
[运行时间：0.171875s] [吞吐率：5.82req/s] [内存消耗：2,836.31kb] [文件加载：127]
[ info ] [ BEHAVIOR ] Run Closure @app_init [ RunTime:0.000000s ]
[ info ] [ CACHE ] INIT File
[ info ] [ BEHAVIOR ] Run Closure @app_init [ RunTime:0.000000s ]
[ info ] [ LANG ] C:\wwwroot\lanxi.yz360.com.cn\thinkphp\lang\zh-cn.php
[ info ] [ ROUTE ] array (
  'type' => 'module',
  'module' => 
  array (
    0 => 'api',
    1 => 'user',
    2 => 'islogin',
  ),
)
[ info ] [ HEADER ] array (
  'content-type' => 'application/x-www-form-urlencoded',
  'content-length' => '42',
  'charset' => 'utf-8',
  'user-agent' => 'Mozilla/5.0 (Linux; Android 9; MIX 3 Build/PKQ1.180729.001; wv) AppleWebKit/537.36 (KHTML, like Gecko) Version/4.0 Chrome/72.0.3626.121 Mobile Safari/537.36 MicroMessenger/7.0.9.1560(0x27000934) Process/appbrand2 NetType/WIFI Language/zh_CN ABI/arm64',
  'referer' => 'https://servicewechat.com/wxff51a687db71d678/6/page-frame.html',
  'host' => 'lanxi.yz360.com.cn',
  'accept-encoding' => 'gzip',
  'accept' => 'application/json',
  'connection' => 'Keep-Alive',
)
[ info ] [ PARAM ] array (
  'token' => '7304eaf3-40ba-4a6e-8e4e-5f440be20118',
)
[ info ] [ LANG ] C:\wwwroot\lanxi.yz360.com.cn\public/../application/api\lang\zh-cn.php
[ info ] [ BEHAVIOR ] Run app\common\behavior\Common @module_init [ RunTime:0.000000s ]
[ info ] [ TOKEN ] INIT Mysql
[ info ] [ DB ] INIT mysql
[ info ] [ LANG ] C:\wwwroot\lanxi.yz360.com.cn\public/../application/api/lang/zh-cn/user.php
[ info ] [ RUN ] app\api\controller\User->islogin[ C:\wwwroot\lanxi.yz360.com.cn\application\api\controller\User.php ]
[ info ] [ LOG ] INIT File
[ sql ] [ DB ] CONNECT:[ UseTime:0.015625s ] mysql:host=149.129.73.191;port=3306;dbname=lanxi_yz360;charset=utf8
[ sql ] [ SQL ] SHOW COLUMNS FROM `la_user_token` [ RunTime:0.000000s ]
[ sql ] [ SQL ] SELECT * FROM `la_user_token` WHERE  `token` = '5010580a56280f5aaaec70a56869d68be4a46ee9' LIMIT 1 [ RunTime:0.015625s ]
[ sql ] [ SQL ] SHOW COLUMNS FROM `la_user` [ RunTime:0.015625s ]
[ sql ] [ SQL ] SELECT * FROM `la_user` WHERE  `id` = 13 LIMIT 1 [ RunTime:0.000000s ]
[ sql ] [ SQL ] SELECT * FROM `la_user_token` WHERE  `token` = '5010580a56280f5aaaec70a56869d68be4a46ee9' LIMIT 1 [ RunTime:0.015625s ]
---------------------------------------------------------------
[ 2019-12-07T11:15:35+08:00 ] 221.15.192.202 POST lanxi.yz360.com.cn/index.php/api/order/service
[运行时间：0.171875s] [吞吐率：5.82req/s] [内存消耗：2,833.55kb] [文件加载：127]
[ info ] [ BEHAVIOR ] Run Closure @app_init [ RunTime:0.000000s ]
[ info ] [ CACHE ] INIT File
[ info ] [ BEHAVIOR ] Run Closure @app_init [ RunTime:0.000000s ]
[ info ] [ LANG ] C:\wwwroot\lanxi.yz360.com.cn\thinkphp\lang\zh-cn.php
[ info ] [ ROUTE ] array (
  'type' => 'module',
  'module' => 
  array (
    0 => 'api',
    1 => 'order',
    2 => 'service',
  ),
)
[ info ] [ HEADER ] array (
  'content-type' => 'application/x-www-form-urlencoded',
  'content-length' => '42',
  'charset' => 'utf-8',
  'user-agent' => 'Mozilla/5.0 (Linux; Android 9; MIX 3 Build/PKQ1.180729.001; wv) AppleWebKit/537.36 (KHTML, like Gecko) Version/4.0 Chrome/72.0.3626.121 Mobile Safari/537.36 MicroMessenger/7.0.9.1560(0x27000934) Process/appbrand2 NetType/WIFI Language/zh_CN ABI/arm64',
  'referer' => 'https://servicewechat.com/wxff51a687db71d678/6/page-frame.html',
  'host' => 'lanxi.yz360.com.cn',
  'accept-encoding' => 'gzip',
  'accept' => 'application/json',
  'connection' => 'Keep-Alive',
)
[ info ] [ PARAM ] array (
  'token' => '7304eaf3-40ba-4a6e-8e4e-5f440be20118',
)
[ info ] [ LANG ] C:\wwwroot\lanxi.yz360.com.cn\public/../application/api\lang\zh-cn.php
[ info ] [ BEHAVIOR ] Run app\common\behavior\Common @module_init [ RunTime:0.000000s ]
[ info ] [ TOKEN ] INIT Mysql
[ info ] [ DB ] INIT mysql
[ info ] [ RUN ] app\api\controller\Order->service[ C:\wwwroot\lanxi.yz360.com.cn\application\api\controller\Order.php ]
[ info ] [ LOG ] INIT File
[ sql ] [ DB ] CONNECT:[ UseTime:0.015625s ] mysql:host=149.129.73.191;port=3306;dbname=lanxi_yz360;charset=utf8
[ sql ] [ SQL ] SHOW COLUMNS FROM `la_user_token` [ RunTime:0.000000s ]
[ sql ] [ SQL ] SELECT * FROM `la_user_token` WHERE  `token` = '5010580a56280f5aaaec70a56869d68be4a46ee9' LIMIT 1 [ RunTime:0.015625s ]
[ sql ] [ SQL ] SHOW COLUMNS FROM `la_user` [ RunTime:0.000000s ]
[ sql ] [ SQL ] SELECT * FROM `la_user` WHERE  `id` = 13 LIMIT 1 [ RunTime:0.015625s ]
[ sql ] [ SQL ] SHOW COLUMNS FROM `la_service` [ RunTime:0.015625s ]
[ sql ] [ SQL ] SELECT `id`,`name` FROM `la_service` WHERE  `status` = 1  AND `is_del` = 0 ORDER BY `id` DESC [ RunTime:0.000000s ]
---------------------------------------------------------------
[ 2019-12-07T11:15:35+08:00 ] 221.15.192.202 POST lanxi.yz360.com.cn/index.php/api/order/technician
[运行时间：0.171875s] [吞吐率：5.82req/s] [内存消耗：2,833.31kb] [文件加载：127]
[ info ] [ BEHAVIOR ] Run Closure @app_init [ RunTime:0.000000s ]
[ info ] [ CACHE ] INIT File
[ info ] [ BEHAVIOR ] Run Closure @app_init [ RunTime:0.015625s ]
[ info ] [ LANG ] C:\wwwroot\lanxi.yz360.com.cn\thinkphp\lang\zh-cn.php
[ info ] [ ROUTE ] array (
  'type' => 'module',
  'module' => 
  array (
    0 => 'api',
    1 => 'order',
    2 => 'technician',
  ),
)
[ info ] [ HEADER ] array (
  'content-type' => 'application/x-www-form-urlencoded',
  'content-length' => '42',
  'charset' => 'utf-8',
  'user-agent' => 'Mozilla/5.0 (Linux; Android 9; MIX 3 Build/PKQ1.180729.001; wv) AppleWebKit/537.36 (KHTML, like Gecko) Version/4.0 Chrome/72.0.3626.121 Mobile Safari/537.36 MicroMessenger/7.0.9.1560(0x27000934) Process/appbrand2 NetType/WIFI Language/zh_CN ABI/arm64',
  'referer' => 'https://servicewechat.com/wxff51a687db71d678/6/page-frame.html',
  'host' => 'lanxi.yz360.com.cn',
  'accept-encoding' => 'gzip',
  'accept' => 'application/json',
  'connection' => 'Keep-Alive',
)
[ info ] [ PARAM ] array (
  'token' => '7304eaf3-40ba-4a6e-8e4e-5f440be20118',
)
[ info ] [ LANG ] C:\wwwroot\lanxi.yz360.com.cn\public/../application/api\lang\zh-cn.php
[ info ] [ BEHAVIOR ] Run app\common\behavior\Common @module_init [ RunTime:0.000000s ]
[ info ] [ TOKEN ] INIT Mysql
[ info ] [ DB ] INIT mysql
[ info ] [ RUN ] app\api\controller\Order->technician[ C:\wwwroot\lanxi.yz360.com.cn\application\api\controller\Order.php ]
[ info ] [ LOG ] INIT File
[ sql ] [ DB ] CONNECT:[ UseTime:0.015625s ] mysql:host=149.129.73.191;port=3306;dbname=lanxi_yz360;charset=utf8
[ sql ] [ SQL ] SHOW COLUMNS FROM `la_user_token` [ RunTime:0.000000s ]
[ sql ] [ SQL ] SELECT * FROM `la_user_token` WHERE  `token` = '5010580a56280f5aaaec70a56869d68be4a46ee9' LIMIT 1 [ RunTime:0.015625s ]
[ sql ] [ SQL ] SHOW COLUMNS FROM `la_user` [ RunTime:0.015625s ]
[ sql ] [ SQL ] SELECT * FROM `la_user` WHERE  `id` = 13 LIMIT 1 [ RunTime:0.000000s ]
[ sql ] [ SQL ] SHOW COLUMNS FROM `la_technician` [ RunTime:0.015625s ]
[ sql ] [ SQL ] SELECT `id`,`name`,`img` FROM `la_technician` WHERE  `status` = 1  AND `is_del` = 0 [ RunTime:0.000000s ]
---------------------------------------------------------------
[ 2019-12-07T11:20:25+08:00 ] 157.245.173.69 GET www.dingshangwenhua.com/
[运行时间：0.046875s] [吞吐率：21.33req/s] [内存消耗：1,562.38kb] [文件加载：106]
[ info ] [ BEHAVIOR ] Run Closure @app_init [ RunTime:0.000000s ]
[ info ] [ CACHE ] INIT File
[ info ] [ BEHAVIOR ] Run Closure @app_init [ RunTime:0.000000s ]
[ info ] [ LANG ] C:\wwwroot\lanxi.yz360.com.cn\thinkphp\lang\zh-cn.php
[ info ] [ ROUTE ] array (
  'type' => 'module',
  'module' => 
  array (
    0 => '',
    1 => NULL,
    2 => NULL,
  ),
)
[ info ] [ HEADER ] array (
  'content-type' => '',
  'content-length' => '0',
  'user-agent' => 'Mozilla/5.0 (Windows NT 6.1; WOW64; Trident/7.0; rv:11.0) like Gecko',
  'host' => 'www.dingshangwenhua.com',
  'accept-encoding' => 'gzip',
  'connection' => 'close',
)
[ info ] [ PARAM ] array (
)
[ info ] [ LOG ] INIT File
---------------------------------------------------------------
[ 2019-12-07T11:20:25+08:00 ] 157.245.173.69 GET dingshangwenhua.com/
[运行时间：0.046875s] [吞吐率：21.33req/s] [内存消耗：1,562.42kb] [文件加载：106]
[ info ] [ BEHAVIOR ] Run Closure @app_init [ RunTime:0.000000s ]
[ info ] [ CACHE ] INIT File
[ info ] [ BEHAVIOR ] Run Closure @app_init [ RunTime:0.000000s ]
[ info ] [ LANG ] C:\wwwroot\lanxi.yz360.com.cn\thinkphp\lang\zh-cn.php
[ info ] [ ROUTE ] array (
  'type' => 'module',
  'module' => 
  array (
    0 => '',
    1 => NULL,
    2 => NULL,
  ),
)
[ info ] [ HEADER ] array (
  'content-type' => '',
  'content-length' => '0',
  'user-agent' => 'Mozilla/5.0 (Windows NT 10.0; Win64; x64) AppleWebKit/537.36 (KHTML, like Gecko) Chrome/55.0.2883.87 Safari/537.36',
  'host' => 'dingshangwenhua.com',
  'accept-encoding' => 'gzip',
  'connection' => 'close',
)
[ info ] [ PARAM ] array (
)
[ info ] [ LOG ] INIT File
---------------------------------------------------------------
[ 2019-12-07T11:29:17+08:00 ] 159.138.154.83 GET www.nyyiren.com/
[运行时间：0.046875s] [吞吐率：21.33req/s] [内存消耗：1,563.50kb] [文件加载：106]
[ info ] [ BEHAVIOR ] Run Closure @app_init [ RunTime:0.000000s ]
[ info ] [ CACHE ] INIT File
[ info ] [ BEHAVIOR ] Run Closure @app_init [ RunTime:0.000000s ]
[ info ] [ LANG ] C:\wwwroot\lanxi.yz360.com.cn\thinkphp\lang\zh-cn.php
[ info ] [ ROUTE ] array (
  'type' => 'module',
  'module' => 
  array (
    0 => '',
    1 => NULL,
    2 => NULL,
  ),
)
[ info ] [ HEADER ] array (
  'content-type' => '',
  'content-length' => '0',
  'user-agent' => 'Mozilla/5.0(Linux;Android 5.1.1;OPPO A33 Build/LMY47V;wv) AppleWebKit/537.36(KHTML,link Gecko) Version/4.0 Chrome/42.0.2311.138 Mobile Safari/537.36 Mb2345Browser/9.0',
  'host' => 'www.nyyiren.com',
  'accept-language' => 'zh-CN,zh;q=0.9',
  'accept-encoding' => 'gzip,deflate',
  'accept' => 'text/html,application/xhtml+xml,application/xml;q=0.9,*/*;q=0.8',
  'connection' => 'Close',
)
[ info ] [ PARAM ] array (
)
[ info ] [ LOG ] INIT File
---------------------------------------------------------------
[ 2019-12-07T11:35:04+08:00 ] 159.138.128.98 GET nyxmbexy.com/
[运行时间：0.062500s] [吞吐率：16.00req/s] [内存消耗：1,563.90kb] [文件加载：106]
[ info ] [ BEHAVIOR ] Run Closure @app_init [ RunTime:0.000000s ]
[ info ] [ CACHE ] INIT File
[ info ] [ BEHAVIOR ] Run Closure @app_init [ RunTime:0.000000s ]
[ info ] [ LANG ] C:\wwwroot\lanxi.yz360.com.cn\thinkphp\lang\zh-cn.php
[ info ] [ ROUTE ] array (
  'type' => 'module',
  'module' => 
  array (
    0 => '',
    1 => NULL,
    2 => NULL,
  ),
)
[ info ] [ HEADER ] array (
  'content-type' => '',
  'content-length' => '0',
  'user-agent' => 'Mozilla/5.0 (Linux; Android 7.0; FRD-AL00 Build/HUAWEIFRD-AL00; wv) AppleWebKit/537.36 (KHTML, like Gecko) Version/4.0 Chrome/53.0.2785.49 Mobile MQQBrowser/6.2 TBS/043602 Safari/537.36 MicroMessenger/6.5.16.1120 NetType/WIFI Language/zh_CN',
  'host' => 'nyxmbexy.com',
  'accept-language' => 'zh-CN,zh;q=0.9',
  'accept-encoding' => 'gzip,deflate',
  'accept' => 'text/html,application/xhtml+xml,application/xml;q=0.9,*/*;q=0.8',
  'connection' => 'Close',
)
[ info ] [ PARAM ] array (
)
[ info ] [ LOG ] INIT File
---------------------------------------------------------------
[ 2019-12-07T11:41:52+08:00 ] 159.138.158.208 GET www.nyytyy.com/
[运行时间：0.046875s] [吞吐率：21.33req/s] [内存消耗：1,563.61kb] [文件加载：106]
[ info ] [ BEHAVIOR ] Run Closure @app_init [ RunTime:0.000000s ]
[ info ] [ CACHE ] INIT File
[ info ] [ BEHAVIOR ] Run Closure @app_init [ RunTime:0.000000s ]
[ info ] [ LANG ] C:\wwwroot\lanxi.yz360.com.cn\thinkphp\lang\zh-cn.php
[ info ] [ ROUTE ] array (
  'type' => 'module',
  'module' => 
  array (
    0 => '',
    1 => NULL,
    2 => NULL,
  ),
)
[ info ] [ HEADER ] array (
  'content-type' => '',
  'content-length' => '0',
  'user-agent' => 'Mozilla/5.0(Linux;U;Android 5.1.1;zh-CN;OPPO A33 Build/LMY47V) AppleWebKit/537.36(KHTML,like Gecko) Version/4.0 Chrome/40.0.2214.89 UCBrowser/11.7.0.953 Mobile Safari/537.36',
  'host' => 'www.nyytyy.com',
  'accept-language' => 'zh-CN,zh;q=0.9',
  'accept-encoding' => 'gzip,deflate',
  'accept' => 'text/html,application/xhtml+xml,application/xml;q=0.9,*/*;q=0.8',
  'connection' => 'Close',
)
[ info ] [ PARAM ] array (
)
[ info ] [ LOG ] INIT File
---------------------------------------------------------------
[ 2019-12-07T12:12:36+08:00 ] 209.17.97.98 GET yjzp1.com/
[运行时间：0.046875s] [吞吐率：21.33req/s] [内存消耗：1,561.83kb] [文件加载：106]
[ info ] [ BEHAVIOR ] Run Closure @app_init [ RunTime:0.000000s ]
[ info ] [ CACHE ] INIT File
[ info ] [ BEHAVIOR ] Run Closure @app_init [ RunTime:0.000000s ]
[ info ] [ LANG ] C:\wwwroot\lanxi.yz360.com.cn\thinkphp\lang\zh-cn.php
[ info ] [ ROUTE ] array (
  'type' => 'module',
  'module' => 
  array (
    0 => '',
    1 => NULL,
    2 => NULL,
  ),
)
[ info ] [ HEADER ] array (
  'content-type' => '',
  'content-length' => '0',
  'user-agent' => 'Mozilla/5.0 (compatible; Nimbostratus-Bot/v1.3.2; http://cloudsystemnetworks.com)',
  'host' => 'yjzp1.com',
)
[ info ] [ PARAM ] array (
)
[ info ] [ LOG ] INIT File
---------------------------------------------------------------
[ 2019-12-07T12:43:47+08:00 ] 157.55.39.217 GET www.nyytyy.com/
[运行时间：0.062500s] [吞吐率：16.00req/s] [内存消耗：1,563.48kb] [文件加载：106]
[ info ] [ BEHAVIOR ] Run Closure @app_init [ RunTime:0.000000s ]
[ info ] [ CACHE ] INIT File
[ info ] [ BEHAVIOR ] Run Closure @app_init [ RunTime:0.000000s ]
[ info ] [ LANG ] C:\wwwroot\lanxi.yz360.com.cn\thinkphp\lang\zh-cn.php
[ info ] [ ROUTE ] array (
  'type' => 'module',
  'module' => 
  array (
    0 => '',
    1 => NULL,
    2 => NULL,
  ),
)
[ info ] [ HEADER ] array (
  'content-type' => '',
  'content-length' => '0',
  'user-agent' => 'Mozilla/5.0 (compatible; bingbot/2.0; +http://www.bing.com/bingbot.htm)',
  'host' => 'www.nyytyy.com',
  'from' => 'bingbot(at)microsoft.com',
  'accept-encoding' => 'gzip, deflate',
  'accept' => '*/*',
  'pragma' => 'no-cache',
  'connection' => 'Keep-Alive',
  'cache-control' => 'no-cache',
)
[ info ] [ PARAM ] array (
)
[ info ] [ LOG ] INIT File
---------------------------------------------------------------
[ 2019-12-07T12:55:48+08:00 ] 159.203.201.149 GET 149.129.73.191/
[运行时间：0.046875s] [吞吐率：21.33req/s] [内存消耗：1,562.18kb] [文件加载：106]
[ info ] [ BEHAVIOR ] Run Closure @app_init [ RunTime:0.000000s ]
[ info ] [ CACHE ] INIT File
[ info ] [ BEHAVIOR ] Run Closure @app_init [ RunTime:0.000000s ]
[ info ] [ LANG ] C:\wwwroot\lanxi.yz360.com.cn\thinkphp\lang\zh-cn.php
[ info ] [ ROUTE ] array (
  'type' => 'module',
  'module' => 
  array (
    0 => '',
    1 => NULL,
    2 => NULL,
  ),
)
[ info ] [ HEADER ] array (
  'content-type' => '',
  'content-length' => '0',
  'user-agent' => 'Mozilla/5.0 zgrab/0.x',
  'host' => '149.129.73.191',
  'accept-encoding' => 'gzip',
  'accept' => '*/*',
)
[ info ] [ PARAM ] array (
)
[ info ] [ LOG ] INIT File
---------------------------------------------------------------
[ 2019-12-07T12:59:36+08:00 ] 184.105.247.252 GET 149.129.73.191/
[运行时间：0.046875s] [吞吐率：21.33req/s] [内存消耗：1,561.21kb] [文件加载：106]
[ info ] [ BEHAVIOR ] Run Closure @app_init [ RunTime:0.000000s ]
[ info ] [ CACHE ] INIT File
[ info ] [ BEHAVIOR ] Run Closure @app_init [ RunTime:0.000000s ]
[ info ] [ LANG ] C:\wwwroot\lanxi.yz360.com.cn\thinkphp\lang\zh-cn.php
[ info ] [ ROUTE ] array (
  'type' => 'module',
  'module' => 
  array (
    0 => '',
    1 => NULL,
    2 => NULL,
  ),
)
[ info ] [ HEADER ] array (
  'content-type' => '',
  'content-length' => '0',
  'host' => '149.129.73.191',
)
[ info ] [ PARAM ] array (
)
[ info ] [ LOG ] INIT File
---------------------------------------------------------------
[ 2019-12-07T13:15:27+08:00 ] 209.17.96.202 GET nyytyy.com/
[运行时间：0.046875s] [吞吐率：21.33req/s] [内存消耗：1,561.84kb] [文件加载：106]
[ info ] [ BEHAVIOR ] Run Closure @app_init [ RunTime:0.000000s ]
[ info ] [ CACHE ] INIT File
[ info ] [ BEHAVIOR ] Run Closure @app_init [ RunTime:0.000000s ]
[ info ] [ LANG ] C:\wwwroot\lanxi.yz360.com.cn\thinkphp\lang\zh-cn.php
[ info ] [ ROUTE ] array (
  'type' => 'module',
  'module' => 
  array (
    0 => '',
    1 => NULL,
    2 => NULL,
  ),
)
[ info ] [ HEADER ] array (
  'content-type' => '',
  'content-length' => '0',
  'user-agent' => 'Mozilla/5.0 (compatible; Nimbostratus-Bot/v1.3.2; http://cloudsystemnetworks.com)',
  'host' => 'nyytyy.com',
)
[ info ] [ PARAM ] array (
)
[ info ] [ LOG ] INIT File
---------------------------------------------------------------
[ 2019-12-07T13:46:14+08:00 ] 47.98.104.140 GET yjzp1.com/
[运行时间：0.062500s] [吞吐率：16.00req/s] [内存消耗：1,562.39kb] [文件加载：106]
[ info ] [ BEHAVIOR ] Run Closure @app_init [ RunTime:0.000000s ]
[ info ] [ CACHE ] INIT File
[ info ] [ BEHAVIOR ] Run Closure @app_init [ RunTime:0.000000s ]
[ info ] [ LANG ] C:\wwwroot\lanxi.yz360.com.cn\thinkphp\lang\zh-cn.php
[ info ] [ ROUTE ] array (
  'type' => 'module',
  'module' => 
  array (
    0 => '',
    1 => NULL,
    2 => NULL,
  ),
)
[ info ] [ HEADER ] array (
  'content-type' => '',
  'content-length' => '0',
  'user-agent' => 'Mozilla/5.0 (X11; Ubuntu; Linux x86_64; rv:36.0) Gecko/20100101 Firefox/36.0',
  'host' => 'yjzp1.com',
  'accept-encoding' => 'gzip',
  'connection' => 'Keep-Alive',
)
[ info ] [ PARAM ] array (
)
[ info ] [ LOG ] INIT File
---------------------------------------------------------------
[ 2019-12-07T14:13:59+08:00 ] 35.3.20.175 GET www.nyytyy.com/
[运行时间：0.046875s] [吞吐率：21.33req/s] [内存消耗：1,562.45kb] [文件加载：106]
[ info ] [ BEHAVIOR ] Run Closure @app_init [ RunTime:0.000000s ]
[ info ] [ CACHE ] INIT File
[ info ] [ BEHAVIOR ] Run Closure @app_init [ RunTime:0.000000s ]
[ info ] [ LANG ] C:\wwwroot\lanxi.yz360.com.cn\thinkphp\lang\zh-cn.php
[ info ] [ ROUTE ] array (
  'type' => 'module',
  'module' => 
  array (
    0 => '',
    1 => NULL,
    2 => NULL,
  ),
)
[ info ] [ HEADER ] array (
  'content-type' => '',
  'content-length' => '0',
  'user-agent' => 'EECS398 Search Engine danielwu@umich.edu (Linux)',
  'host' => 'www.nyytyy.com',
  'accept-encoding' => 'identity',
  'accept' => '*/*',
  'connection' => 'close',
)
[ info ] [ PARAM ] array (
)
[ info ] [ LOG ] INIT File
---------------------------------------------------------------
[ 2019-12-07T14:20:11+08:00 ] 137.226.113.28 GET www.nynep.com/
[运行时间：0.046875s] [吞吐率：21.33req/s] [内存消耗：1,562.57kb] [文件加载：106]
[ info ] [ BEHAVIOR ] Run Closure @app_init [ RunTime:0.000000s ]
[ info ] [ CACHE ] INIT File
[ info ] [ BEHAVIOR ] Run Closure @app_init [ RunTime:0.015625s ]
[ info ] [ LANG ] C:\wwwroot\lanxi.yz360.com.cn\thinkphp\lang\zh-cn.php
[ info ] [ ROUTE ] array (
  'type' => 'module',
  'module' => 
  array (
    0 => '',
    1 => NULL,
    2 => NULL,
  ),
)
[ info ] [ HEADER ] array (
  'content-type' => '',
  'content-length' => '0',
  'user-agent' => 'Mozilla/5.0 zgrab/0.x (compatible; Researchscan/t12ca; +http://researchscan.comsys.rwth-aachen.de)',
  'host' => 'www.nynep.com',
  'accept-encoding' => 'gzip',
  'accept' => '*/*',
)
[ info ] [ PARAM ] array (
)
[ info ] [ LOG ] INIT File
---------------------------------------------------------------
[ 2019-12-07T14:53:47+08:00 ] 137.226.113.27 GET www.nynep.com/
[运行时间：0.234375s] [吞吐率：4.27req/s] [内存消耗：1,562.57kb] [文件加载：106]
[ info ] [ BEHAVIOR ] Run Closure @app_init [ RunTime:0.000000s ]
[ info ] [ CACHE ] INIT File
[ info ] [ BEHAVIOR ] Run Closure @app_init [ RunTime:0.015625s ]
[ info ] [ LANG ] C:\wwwroot\lanxi.yz360.com.cn\thinkphp\lang\zh-cn.php
[ info ] [ ROUTE ] array (
  'type' => 'module',
  'module' => 
  array (
    0 => '',
    1 => NULL,
    2 => NULL,
  ),
)
[ info ] [ HEADER ] array (
  'content-type' => '',
  'content-length' => '0',
  'user-agent' => 'Mozilla/5.0 zgrab/0.x (compatible; Researchscan/t12sns; +http://researchscan.comsys.rwth-aachen.de)',
  'host' => 'www.nynep.com',
  'accept-encoding' => 'gzip',
  'accept' => '*/*',
)
[ info ] [ PARAM ] array (
)
[ info ] [ LOG ] INIT File
---------------------------------------------------------------
[ 2019-12-07T15:39:29+08:00 ] 209.17.96.58 GET zzxjc.cn/
[运行时间：0.187500s] [吞吐率：5.33req/s] [内存消耗：1,561.82kb] [文件加载：106]
[ info ] [ BEHAVIOR ] Run Closure @app_init [ RunTime:0.000000s ]
[ info ] [ CACHE ] INIT File
[ info ] [ BEHAVIOR ] Run Closure @app_init [ RunTime:0.015625s ]
[ info ] [ LANG ] C:\wwwroot\lanxi.yz360.com.cn\thinkphp\lang\zh-cn.php
[ info ] [ ROUTE ] array (
  'type' => 'module',
  'module' => 
  array (
    0 => '',
    1 => NULL,
    2 => NULL,
  ),
)
[ info ] [ HEADER ] array (
  'content-type' => '',
  'content-length' => '0',
  'user-agent' => 'Mozilla/5.0 (compatible; Nimbostratus-Bot/v1.3.2; http://cloudsystemnetworks.com)',
  'host' => 'zzxjc.cn',
)
[ info ] [ PARAM ] array (
)
[ info ] [ LOG ] INIT File
---------------------------------------------------------------
[ 2019-12-07T16:45:20+08:00 ] 180.101.214.148 GET kairuitek.com/
[运行时间：0.046875s] [吞吐率：21.33req/s] [内存消耗：1,562.47kb] [文件加载：106]
[ info ] [ BEHAVIOR ] Run Closure @app_init [ RunTime:0.000000s ]
[ info ] [ CACHE ] INIT File
[ info ] [ BEHAVIOR ] Run Closure @app_init [ RunTime:0.000000s ]
[ info ] [ LANG ] C:\wwwroot\lanxi.yz360.com.cn\thinkphp\lang\zh-cn.php
[ info ] [ ROUTE ] array (
  'type' => 'module',
  'module' => 
  array (
    0 => '',
    1 => NULL,
    2 => NULL,
  ),
)
[ info ] [ HEADER ] array (
  'content-type' => '',
  'content-length' => '0',
  'user-agent' => 'Mozilla/5.0 (Windows NT 6.1; WOW64) AppleWebKit/537.36 (KHTML, like Gecko) Chrome/52.0.2743.116 Safari/537.36 SSLyze/0.14.2',
  'host' => 'kairuitek.com',
  'accept' => '*/*',
  'connection' => 'close',
)
[ info ] [ PARAM ] array (
)
[ info ] [ LOG ] INIT File
---------------------------------------------------------------
[ 2019-12-07T16:55:27+08:00 ] 209.17.97.42 GET nyxmbexy.com/
[运行时间：0.062500s] [吞吐率：16.00req/s] [内存消耗：1,561.82kb] [文件加载：106]
[ info ] [ BEHAVIOR ] Run Closure @app_init [ RunTime:0.000000s ]
[ info ] [ CACHE ] INIT File
[ info ] [ BEHAVIOR ] Run Closure @app_init [ RunTime:0.000000s ]
[ info ] [ LANG ] C:\wwwroot\lanxi.yz360.com.cn\thinkphp\lang\zh-cn.php
[ info ] [ ROUTE ] array (
  'type' => 'module',
  'module' => 
  array (
    0 => '',
    1 => NULL,
    2 => NULL,
  ),
)
[ info ] [ HEADER ] array (
  'content-type' => '',
  'content-length' => '0',
  'user-agent' => 'Mozilla/5.0 (compatible; Nimbostratus-Bot/v1.3.2; http://cloudsystemnetworks.com)',
  'host' => 'nyxmbexy.com',
)
[ info ] [ PARAM ] array (
)
[ info ] [ LOG ] INIT File
---------------------------------------------------------------
[ 2019-12-07T17:02:53+08:00 ] 47.98.100.85 GET zzxjc.cn/
[运行时间：0.062500s] [吞吐率：16.00req/s] [内存消耗：1,562.39kb] [文件加载：106]
[ info ] [ BEHAVIOR ] Run Closure @app_init [ RunTime:0.000000s ]
[ info ] [ CACHE ] INIT File
[ info ] [ BEHAVIOR ] Run Closure @app_init [ RunTime:0.000000s ]
[ info ] [ LANG ] C:\wwwroot\lanxi.yz360.com.cn\thinkphp\lang\zh-cn.php
[ info ] [ ROUTE ] array (
  'type' => 'module',
  'module' => 
  array (
    0 => '',
    1 => NULL,
    2 => NULL,
  ),
)
[ info ] [ HEADER ] array (
  'content-type' => '',
  'content-length' => '0',
  'user-agent' => 'Mozilla/5.0 (X11; Ubuntu; Linux x86_64; rv:36.0) Gecko/20100101 Firefox/36.0',
  'host' => 'zzxjc.cn',
  'accept-encoding' => 'gzip',
  'connection' => 'Keep-Alive',
)
[ info ] [ PARAM ] array (
)
[ info ] [ LOG ] INIT File
---------------------------------------------------------------
[ 2019-12-07T21:15:35+08:00 ] 51.158.98.255 GET 149.129.73.191/
[运行时间：0.187500s] [吞吐率：5.33req/s] [内存消耗：1,561.61kb] [文件加载：106]
[ info ] [ BEHAVIOR ] Run Closure @app_init [ RunTime:0.000000s ]
[ info ] [ CACHE ] INIT File
[ info ] [ BEHAVIOR ] Run Closure @app_init [ RunTime:0.015625s ]
[ info ] [ LANG ] C:\wwwroot\lanxi.yz360.com.cn\thinkphp\lang\zh-cn.php
[ info ] [ ROUTE ] array (
  'type' => 'module',
  'module' => 
  array (
    0 => '',
    1 => NULL,
    2 => NULL,
  ),
)
[ info ] [ HEADER ] array (
  'content-type' => '',
  'content-length' => '0',
  'host' => '149.129.73.191',
  'accept-encoding' => 'gzip,chunked',
)
[ info ] [ PARAM ] array (
)
[ info ] [ LOG ] INIT File
---------------------------------------------------------------
[ 2019-12-07T22:15:32+08:00 ] 71.6.146.186 GET 149.129.73.191/
[运行时间：0.046875s] [吞吐率：21.33req/s] [内存消耗：1,562.68kb] [文件加载：106]
[ info ] [ BEHAVIOR ] Run Closure @app_init [ RunTime:0.000000s ]
[ info ] [ CACHE ] INIT File
[ info ] [ BEHAVIOR ] Run Closure @app_init [ RunTime:0.000000s ]
[ info ] [ LANG ] C:\wwwroot\lanxi.yz360.com.cn\thinkphp\lang\zh-cn.php
[ info ] [ ROUTE ] array (
  'type' => 'module',
  'module' => 
  array (
    0 => '',
    1 => NULL,
    2 => NULL,
  ),
)
[ info ] [ HEADER ] array (
  'content-type' => '',
  'content-length' => '0',
  'user-agent' => 'Mozilla/5.0 (X11; Linux x86_64) AppleWebKit/537.36 (KHTML, like Gecko) Chrome/34.0.1847.137 Safari/537.36',
  'host' => '149.129.73.191',
  'accept-encoding' => 'identity',
  'accept' => 'text/html,application/xhtml+xml,application/xml;q=0.9,*/*;q=0.8',
)
[ info ] [ PARAM ] array (
)
[ info ] [ LOG ] INIT File
---------------------------------------------------------------
[ 2019-12-07T23:20:20+08:00 ] 116.66.160.38 GET 149.129.73.191/
[运行时间：0.062500s] [吞吐率：16.00req/s] [内存消耗：1,562.18kb] [文件加载：106]
[ info ] [ BEHAVIOR ] Run Closure @app_init [ RunTime:0.000000s ]
[ info ] [ CACHE ] INIT File
[ info ] [ BEHAVIOR ] Run Closure @app_init [ RunTime:0.000000s ]
[ info ] [ LANG ] C:\wwwroot\lanxi.yz360.com.cn\thinkphp\lang\zh-cn.php
[ info ] [ ROUTE ] array (
  'type' => 'module',
  'module' => 
  array (
    0 => '',
    1 => NULL,
    2 => NULL,
  ),
)
[ info ] [ HEADER ] array (
  'content-type' => '',
  'content-length' => '0',
  'user-agent' => 'Mozilla/5.0 zgrab/0.x',
  'host' => '149.129.73.191',
  'accept-encoding' => 'gzip',
  'accept' => '*/*',
)
[ info ] [ PARAM ] array (
)
[ info ] [ LOG ] INIT File
